#
# There is insufficient memory for the Java Runtime Environment to continue.
# Native memory allocation (malloc) failed to allocate 1653936 bytes for Chunk::new
# Possible reasons:
#   The system is out of physical RAM or swap space
#   The process is running with CompressedOops enabled, and the Java Heap may be blocking the growth of the native heap
# Possible solutions:
#   Reduce memory load on the system
#   Increase physical memory or swap space
#   Check if swap backing store is full
#   Decrease Java heap size (-Xmx/-Xms)
#   Decrease number of Java threads
#   Decrease Java thread stack sizes (-Xss)
#   Set larger code cache with -XX:ReservedCodeCacheSize=
#   JVM is running with Unscaled Compressed Oops mode in which the Java heap is
#     placed in the first 4GB address space. The Java Heap base address is the
#     maximum limit for the native heap growth. Please use -XX:HeapBaseMinAddress
#     to set the Java Heap base and to place the Java Heap above 4GB virtual address.
# This output file may be truncated or incomplete.
#
#  Out of Memory Error (./src/hotspot/share/memory/arena.cpp:197), pid=20224, tid=29556
#
# JRE version: OpenJDK Runtime Environment (11.0.8+10) (build 11.0.8+10-b944.6842174)
# Java VM: OpenJDK 64-Bit Server VM (11.0.8+10-b944.6842174, mixed mode, tiered, compressed oops, g1 gc, windows-amd64)
# No core dump will be written. Minidumps are not enabled by default on client versions of Windows
#

---------------  S U M M A R Y ------------

Command Line: --add-opens=java.base/java.util=ALL-UNNAMED --add-opens=java.base/java.lang=ALL-UNNAMED --add-opens=java.base/java.lang.invoke=ALL-UNNAMED --add-opens=java.prefs/java.util.prefs=ALL-UNNAMED -Xmx2048m -Dfile.encoding=UTF-8 -Duser.country=US -Duser.language=en -Duser.variant org.gradle.launcher.daemon.bootstrap.GradleDaemon 6.7.1

Host: Intel(R) Core(TM) i5-6200U CPU @ 2.30GHz, 4 cores, 7G,  Windows 10 , 64 bit Build 19041 (10.0.19041.1023)
Time: Tue Jul 27 04:50:00 2021 Pacific Daylight Time elapsed time: 24 seconds (0d 0h 0m 24s)

---------------  T H R E A D  ---------------

Current thread (0x0000017451259000):  JavaThread "C2 CompilerThread0" daemon [_thread_in_native, id=29556, stack(0x00000009dba00000,0x00000009dbb00000)]


Current CompileTask:
C2:  24108 5157 % !   4       java.util.jar.Attributes::read @ 185 (388 bytes)

Stack: [0x00000009dba00000,0x00000009dbb00000]
Native frames: (J=compiled Java code, j=interpreted, Vv=VM code, C=native code)
V  [jvm.dll+0x5de50a]
V  [jvm.dll+0x7122f5]
V  [jvm.dll+0x71384d]
V  [jvm.dll+0x713f03]
V  [jvm.dll+0x23e728]
V  [jvm.dll+0xb899c]
V  [jvm.dll+0xb8e9c]
V  [jvm.dll+0x35024d]
V  [jvm.dll+0x193ebc]
V  [jvm.dll+0x1f780e]
V  [jvm.dll+0x1f68d4]
V  [jvm.dll+0x17f32c]
V  [jvm.dll+0x205047]
V  [jvm.dll+0x203891]
V  [jvm.dll+0x6dad3f]
V  [jvm.dll+0x6d3895]
V  [jvm.dll+0x5dd4a6]
C  [ucrtbase.dll+0x21bb2]
C  [KERNEL32.DLL+0x17034]
C  [ntdll.dll+0x52651]


---------------  P R O C E S S  ---------------

Threads class SMR info:
_java_thread_list=0x0000017457613070, length=133, elements={
0x00000174377cb000, 0x000001745123f000, 0x0000017451240800, 0x0000017451255000,
0x0000017451256000, 0x0000017451259000, 0x000001745125f000, 0x000001745126d000,
0x0000017451d0b000, 0x0000017451d21000, 0x0000017454105800, 0x0000017453d4f800,
0x0000017453320800, 0x0000017452f3f800, 0x0000017452f40000, 0x0000017452f02000,
0x0000017453973000, 0x0000017451d1e800, 0x0000017451d1f800, 0x00000174531a3800,
0x0000017451f70800, 0x0000017451f72000, 0x0000017451f71800, 0x0000017451f70000,
0x0000017451f73000, 0x0000017451f74000, 0x0000017451f6e000, 0x0000017451f74800,
0x0000017451f6f000, 0x00000174563a8000, 0x00000174563aa000, 0x00000174563aa800,
0x00000174563a5800, 0x00000174563a6800, 0x00000174563ae000, 0x00000174563b0800,
0x00000174563b1000, 0x00000174563ae800, 0x00000174563af800, 0x00000174563ab800,
0x00000174563b2000, 0x00000174563ac000, 0x00000174563b2800, 0x00000174563ad000,
0x00000174563b3800, 0x00000174542d8000, 0x00000174542d5800, 0x00000174542dc000,
0x00000174542d6800, 0x00000174542dd000, 0x00000174542db800, 0x00000174542d9000,
0x00000174542d7800, 0x00000174542de800, 0x00000174542de000, 0x00000174542df800,
0x00000174542da800, 0x00000174542d9800, 0x00000174542e2000, 0x00000174542e3800,
0x00000174542e4800, 0x00000174542e0800, 0x00000174542e1000, 0x00000174542e2800,
0x0000017452075800, 0x0000017452071800, 0x0000017452073000, 0x0000017452074000,
0x0000017452076800, 0x0000017452074800, 0x0000017452072000, 0x0000017452070800,
0x000001745207a800, 0x000001745207b000, 0x000001745207d000, 0x0000017452077000,
0x000001745207c000, 0x000001745207d800, 0x0000017452079800, 0x0000017452078000,
0x000001745207e800, 0x0000017452078800, 0x000001745207f800, 0x000001745377d000,
0x0000017453779000, 0x0000017453778000, 0x000001745377b800, 0x000001745377a800,
0x000001745377c000, 0x000001745377f800, 0x000001745377e000, 0x0000017453779800,
0x0000017453780000, 0x0000017453782800, 0x0000017453781000, 0x000001745377e800,
0x0000017453783800, 0x0000017453784800, 0x0000017453785000, 0x0000017453786800,
0x0000017453786000, 0x0000017453782000, 0x000001745610e000, 0x0000017456109000,
0x000001745610a800, 0x000001745610a000, 0x0000017456108000, 0x000001745610e800,
0x000001745610f800, 0x0000017456110800, 0x000001745610d000, 0x000001745610b800,
0x000001745610c800, 0x0000017456113800, 0x0000017456114800, 0x0000017456113000,
0x0000017456117000, 0x0000017456116000, 0x0000017456115000, 0x0000017456111000,
0x0000017456112000, 0x000001745420d800, 0x000001745420d000, 0x000001745420e800,
0x0000017454210000, 0x000001745420f800, 0x0000017454211000, 0x0000017454212000,
0x000001745420c000, 0x0000017454216800, 0x0000017454218800, 0x0000017454214000,
0x0000017455fab000
}

Java Threads: ( => current thread )
  0x00000174377cb000 JavaThread "main" [_thread_blocked, id=6952, stack(0x00000009daf00000,0x00000009db000000)]
  0x000001745123f000 JavaThread "Reference Handler" daemon [_thread_blocked, id=6348, stack(0x00000009db600000,0x00000009db700000)]
  0x0000017451240800 JavaThread "Finalizer" daemon [_thread_blocked, id=1496, stack(0x00000009db700000,0x00000009db800000)]
  0x0000017451255000 JavaThread "Signal Dispatcher" daemon [_thread_blocked, id=8324, stack(0x00000009db800000,0x00000009db900000)]
  0x0000017451256000 JavaThread "Attach Listener" daemon [_thread_blocked, id=28764, stack(0x00000009db900000,0x00000009dba00000)]
=>0x0000017451259000 JavaThread "C2 CompilerThread0" daemon [_thread_in_native, id=29556, stack(0x00000009dba00000,0x00000009dbb00000)]
  0x000001745125f000 JavaThread "C1 CompilerThread0" daemon [_thread_blocked, id=33740, stack(0x00000009dbb00000,0x00000009dbc00000)]
  0x000001745126d000 JavaThread "Sweeper thread" daemon [_thread_blocked, id=26120, stack(0x00000009dbc00000,0x00000009dbd00000)]
  0x0000017451d0b000 JavaThread "Common-Cleaner" daemon [_thread_blocked, id=24624, stack(0x00000009dbd00000,0x00000009dbe00000)]
  0x0000017451d21000 JavaThread "Service Thread" daemon [_thread_blocked, id=36480, stack(0x00000009dbe00000,0x00000009dbf00000)]
  0x0000017454105800 JavaThread "Daemon health stats" [_thread_blocked, id=20064, stack(0x00000009dc300000,0x00000009dc400000)]
  0x0000017453d4f800 JavaThread "Incoming local TCP Connector on port 62046" [_thread_in_native, id=30764, stack(0x00000009dc500000,0x00000009dc600000)]
  0x0000017453320800 JavaThread "Daemon periodic checks" [_thread_blocked, id=15456, stack(0x00000009dc600000,0x00000009dc700000)]
  0x0000017452f3f800 JavaThread "Daemon" [_thread_blocked, id=17296, stack(0x00000009dc700000,0x00000009dc800000)]
  0x0000017452f40000 JavaThread "Handler for socket connection from /127.0.0.1:62046 to /127.0.0.1:62047" [_thread_in_native, id=32568, stack(0x00000009dc800000,0x00000009dc900000)]
  0x0000017452f02000 JavaThread "Cancel handler" [_thread_blocked, id=35196, stack(0x00000009dc900000,0x00000009dca00000)]
  0x0000017453973000 JavaThread "Daemon worker" [_thread_in_vm, id=28312, stack(0x00000009dca00000,0x00000009dcb00000)]
  0x0000017451d1e800 JavaThread "Asynchronous log dispatcher for DefaultDaemonConnection: socket connection from /127.0.0.1:62046 to /127.0.0.1:62047" [_thread_blocked, id=19720, stack(0x00000009dcb00000,0x00000009dcc00000)]
  0x0000017451d1f800 JavaThread "Stdin handler" [_thread_blocked, id=31412, stack(0x00000009dcc00000,0x00000009dcd00000)]
  0x00000174531a3800 JavaThread "Thread-8" [_thread_blocked, id=13840, stack(0x00000009dcd00000,0x00000009dce00000)]
  0x0000017451f70800 JavaThread "Cache worker for file hash cache (C:\Users\hope\.gradle\caches\6.7.1\fileHashes)" [_thread_blocked, id=19376, stack(0x00000009dcf00000,0x00000009dd000000)]
  0x0000017451f72000 JavaThread "File lock request listener" [_thread_in_native, id=32440, stack(0x00000009dd000000,0x00000009dd100000)]
  0x0000017451f71800 JavaThread "Cache worker for journal cache (C:\Users\hope\.gradle\caches\journal-1)" [_thread_blocked, id=3952, stack(0x00000009dd100000,0x00000009dd200000)]
  0x0000017451f70000 JavaThread "Cache worker for file hash cache (C:\Users\hope\AndroidStudioProjects\TicTacToe\.gradle\6.7.1\fileHashes)" [_thread_blocked, id=34200, stack(0x00000009dd200000,0x00000009dd300000)]
  0x0000017451f73000 JavaThread "Cache worker for checksums cache (C:\Users\hope\AndroidStudioProjects\TicTacToe\.gradle\checksums)" [_thread_blocked, id=20196, stack(0x00000009dd400000,0x00000009dd500000)]
  0x0000017451f74000 JavaThread "Cache worker for cache directory md-supplier (C:\Users\hope\.gradle\caches\6.7.1\md-supplier)" [_thread_blocked, id=28264, stack(0x00000009dd500000,0x00000009dd600000)]
  0x0000017451f6e000 JavaThread "Cache worker for cache directory md-rule (C:\Users\hope\.gradle\caches\6.7.1\md-rule)" [_thread_blocked, id=36368, stack(0x00000009dd600000,0x00000009dd700000)]
  0x0000017451f74800 JavaThread "Cache worker for execution history cache (C:\Users\hope\.gradle\caches\6.7.1\executionHistory)" [_thread_blocked, id=29132, stack(0x00000009dd700000,0x00000009dd800000)]
  0x0000017451f6f000 JavaThread "jar transforms" [_thread_blocked, id=30468, stack(0x00000009dd800000,0x00000009dd900000)]
  0x00000174563a8000 JavaThread "Cache worker for file content cache (C:\Users\hope\.gradle\caches\6.7.1\fileContent)" [_thread_blocked, id=13520, stack(0x00000009dd900000,0x00000009dda00000)]
  0x00000174563aa000 JavaThread "Cache worker for Build Output Cleanup Cache (C:\Users\hope\AndroidStudioProjects\TicTacToe\.gradle\buildOutputCleanup)" [_thread_blocked, id=20652, stack(0x00000009dd300000,0x00000009dd400000)]
  0x00000174563aa800 JavaThread "Build operations" [_thread_blocked, id=32032, stack(0x00000009ddb00000,0x00000009ddc00000)]
  0x00000174563a5800 JavaThread "Build operations Thread 2" [_thread_blocked, id=35220, stack(0x00000009ddc00000,0x00000009ddd00000)]
  0x00000174563a6800 JavaThread "Build operations Thread 3" [_thread_blocked, id=28632, stack(0x00000009ddd00000,0x00000009dde00000)]
  0x00000174563ae000 JavaThread "Build operations Thread 4" [_thread_blocked, id=7428, stack(0x00000009dde00000,0x00000009ddf00000)]
  0x00000174563b0800 JavaThread "jar transforms Thread 2" [_thread_blocked, id=31280, stack(0x00000009dda00000,0x00000009ddb00000)]
  0x00000174563b1000 JavaThread "jar transforms Thread 3" [_thread_blocked, id=32916, stack(0x00000009ddf00000,0x00000009de000000)]
  0x00000174563ae800 JavaThread "jar transforms Thread 4" [_thread_blocked, id=9720, stack(0x00000009de000000,0x00000009de100000)]
  0x00000174563af800 JavaThread "jar transforms Thread 5" [_thread_blocked, id=28956, stack(0x00000009de100000,0x00000009de200000)]
  0x00000174563ab800 JavaThread "jar transforms Thread 6" [_thread_blocked, id=15012, stack(0x00000009de200000,0x00000009de300000)]
  0x00000174563b2000 JavaThread "jar transforms Thread 7" [_thread_blocked, id=21436, stack(0x00000009de300000,0x00000009de400000)]
  0x00000174563ac000 JavaThread "jar transforms Thread 8" [_thread_blocked, id=26608, stack(0x00000009de400000,0x00000009de500000)]
  0x00000174563b2800 JavaThread "jar transforms Thread 9" [_thread_blocked, id=23924, stack(0x00000009de500000,0x00000009de600000)]
  0x00000174563ad000 JavaThread "jar transforms Thread 10" [_thread_blocked, id=33920, stack(0x00000009de600000,0x00000009de700000)]
  0x00000174563b3800 JavaThread "jar transforms Thread 11" [_thread_blocked, id=16592, stack(0x00000009de700000,0x00000009de800000)]
  0x00000174542d8000 JavaThread "jar transforms Thread 12" [_thread_blocked, id=9896, stack(0x00000009de800000,0x00000009de900000)]
  0x00000174542d5800 JavaThread "jar transforms Thread 13" [_thread_blocked, id=5080, stack(0x00000009dea00000,0x00000009deb00000)]
  0x00000174542dc000 JavaThread "jar transforms Thread 14" [_thread_blocked, id=36624, stack(0x00000009deb00000,0x00000009dec00000)]
  0x00000174542d6800 JavaThread "jar transforms Thread 15" [_thread_blocked, id=24376, stack(0x00000009dec00000,0x00000009ded00000)]
  0x00000174542dd000 JavaThread "jar transforms Thread 16" [_thread_blocked, id=23588, stack(0x00000009ded00000,0x00000009dee00000)]
  0x00000174542db800 JavaThread "jar transforms Thread 17" [_thread_blocked, id=12372, stack(0x00000009dee00000,0x00000009def00000)]
  0x00000174542d9000 JavaThread "jar transforms Thread 18" [_thread_blocked, id=35408, stack(0x00000009def00000,0x00000009df000000)]
  0x00000174542d7800 JavaThread "jar transforms Thread 19" [_thread_blocked, id=22572, stack(0x00000009df000000,0x00000009df100000)]
  0x00000174542de800 JavaThread "jar transforms Thread 20" [_thread_blocked, id=27960, stack(0x00000009df100000,0x00000009df200000)]
  0x00000174542de000 JavaThread "jar transforms Thread 21" [_thread_blocked, id=31456, stack(0x00000009df200000,0x00000009df300000)]
  0x00000174542df800 JavaThread "jar transforms Thread 22" [_thread_blocked, id=1980, stack(0x00000009df300000,0x00000009df400000)]
  0x00000174542da800 JavaThread "jar transforms Thread 23" [_thread_blocked, id=33180, stack(0x00000009df400000,0x00000009df500000)]
  0x00000174542d9800 JavaThread "jar transforms Thread 24" [_thread_blocked, id=35796, stack(0x00000009df500000,0x00000009df600000)]
  0x00000174542e2000 JavaThread "jar transforms Thread 25" [_thread_blocked, id=21204, stack(0x00000009df600000,0x00000009df700000)]
  0x00000174542e3800 JavaThread "jar transforms Thread 26" [_thread_blocked, id=29028, stack(0x00000009df700000,0x00000009df800000)]
  0x00000174542e4800 JavaThread "jar transforms Thread 27" [_thread_blocked, id=16176, stack(0x00000009df800000,0x00000009df900000)]
  0x00000174542e0800 JavaThread "jar transforms Thread 28" [_thread_blocked, id=25648, stack(0x00000009df900000,0x00000009dfa00000)]
  0x00000174542e1000 JavaThread "jar transforms Thread 29" [_thread_blocked, id=7068, stack(0x00000009dfa00000,0x00000009dfb00000)]
  0x00000174542e2800 JavaThread "jar transforms Thread 30" [_thread_blocked, id=23456, stack(0x00000009dfb00000,0x00000009dfc00000)]
  0x0000017452075800 JavaThread "jar transforms Thread 31" [_thread_blocked, id=15952, stack(0x00000009dfc00000,0x00000009dfd00000)]
  0x0000017452071800 JavaThread "jar transforms Thread 32" [_thread_blocked, id=25128, stack(0x00000009dfd00000,0x00000009dfe00000)]
  0x0000017452073000 JavaThread "jar transforms Thread 33" [_thread_blocked, id=29008, stack(0x00000009dfe00000,0x00000009dff00000)]
  0x0000017452074000 JavaThread "jar transforms Thread 34" [_thread_blocked, id=1788, stack(0x00000009dff00000,0x00000009e0000000)]
  0x0000017452076800 JavaThread "jar transforms Thread 35" [_thread_blocked, id=11236, stack(0x00000009e0000000,0x00000009e0100000)]
  0x0000017452074800 JavaThread "jar transforms Thread 36" [_thread_blocked, id=24824, stack(0x00000009e0100000,0x00000009e0200000)]
  0x0000017452072000 JavaThread "jar transforms Thread 37" [_thread_blocked, id=11296, stack(0x00000009e0200000,0x00000009e0300000)]
  0x0000017452070800 JavaThread "jar transforms Thread 38" [_thread_blocked, id=27616, stack(0x00000009e0300000,0x00000009e0400000)]
  0x000001745207a800 JavaThread "jar transforms Thread 39" [_thread_blocked, id=13064, stack(0x00000009e0400000,0x00000009e0500000)]
  0x000001745207b000 JavaThread "jar transforms Thread 40" [_thread_blocked, id=3068, stack(0x00000009e0500000,0x00000009e0600000)]
  0x000001745207d000 JavaThread "jar transforms Thread 41" [_thread_blocked, id=26056, stack(0x00000009e0600000,0x00000009e0700000)]
  0x0000017452077000 JavaThread "jar transforms Thread 42" [_thread_blocked, id=19416, stack(0x00000009e0700000,0x00000009e0800000)]
  0x000001745207c000 JavaThread "jar transforms Thread 43" [_thread_blocked, id=34552, stack(0x00000009e0800000,0x00000009e0900000)]
  0x000001745207d800 JavaThread "jar transforms Thread 44" [_thread_blocked, id=30612, stack(0x00000009e0900000,0x00000009e0a00000)]
  0x0000017452079800 JavaThread "jar transforms Thread 45" [_thread_blocked, id=21452, stack(0x00000009e0a00000,0x00000009e0b00000)]
  0x0000017452078000 JavaThread "jar transforms Thread 46" [_thread_blocked, id=35112, stack(0x00000009e0b00000,0x00000009e0c00000)]
  0x000001745207e800 JavaThread "jar transforms Thread 47" [_thread_blocked, id=33948, stack(0x00000009e0c00000,0x00000009e0d00000)]
  0x0000017452078800 JavaThread "jar transforms Thread 48" [_thread_blocked, id=35204, stack(0x00000009e0d00000,0x00000009e0e00000)]
  0x000001745207f800 JavaThread "jar transforms Thread 49" [_thread_blocked, id=31692, stack(0x00000009e0e00000,0x00000009e0f00000)]
  0x000001745377d000 JavaThread "jar transforms Thread 50" [_thread_blocked, id=1468, stack(0x00000009e0f00000,0x00000009e1000000)]
  0x0000017453779000 JavaThread "jar transforms Thread 51" [_thread_blocked, id=13728, stack(0x00000009e1000000,0x00000009e1100000)]
  0x0000017453778000 JavaThread "jar transforms Thread 52" [_thread_blocked, id=34320, stack(0x00000009e1100000,0x00000009e1200000)]
  0x000001745377b800 JavaThread "jar transforms Thread 53" [_thread_blocked, id=32088, stack(0x00000009e1200000,0x00000009e1300000)]
  0x000001745377a800 JavaThread "jar transforms Thread 54" [_thread_blocked, id=32732, stack(0x00000009e1300000,0x00000009e1400000)]
  0x000001745377c000 JavaThread "jar transforms Thread 55" [_thread_blocked, id=23392, stack(0x00000009e1400000,0x00000009e1500000)]
  0x000001745377f800 JavaThread "jar transforms Thread 56" [_thread_blocked, id=1328, stack(0x00000009e1500000,0x00000009e1600000)]
  0x000001745377e000 JavaThread "jar transforms Thread 57" [_thread_blocked, id=36792, stack(0x00000009e1600000,0x00000009e1700000)]
  0x0000017453779800 JavaThread "jar transforms Thread 58" [_thread_blocked, id=28332, stack(0x00000009e1700000,0x00000009e1800000)]
  0x0000017453780000 JavaThread "jar transforms Thread 59" [_thread_blocked, id=9036, stack(0x00000009e1800000,0x00000009e1900000)]
  0x0000017453782800 JavaThread "jar transforms Thread 60" [_thread_blocked, id=14436, stack(0x00000009e1900000,0x00000009e1a00000)]
  0x0000017453781000 JavaThread "jar transforms Thread 61" [_thread_blocked, id=2940, stack(0x00000009e1a00000,0x00000009e1b00000)]
  0x000001745377e800 JavaThread "jar transforms Thread 62" [_thread_blocked, id=1680, stack(0x00000009e1b00000,0x00000009e1c00000)]
  0x0000017453783800 JavaThread "jar transforms Thread 63" [_thread_blocked, id=36272, stack(0x00000009e1c00000,0x00000009e1d00000)]
  0x0000017453784800 JavaThread "jar transforms Thread 64" [_thread_blocked, id=34300, stack(0x00000009e1d00000,0x00000009e1e00000)]
  0x0000017453785000 JavaThread "jar transforms Thread 65" [_thread_blocked, id=15988, stack(0x00000009e1e00000,0x00000009e1f00000)]
  0x0000017453786800 JavaThread "jar transforms Thread 66" [_thread_blocked, id=10076, stack(0x00000009e1f00000,0x00000009e2000000)]
  0x0000017453786000 JavaThread "jar transforms Thread 67" [_thread_blocked, id=6944, stack(0x00000009e2000000,0x00000009e2100000)]
  0x0000017453782000 JavaThread "jar transforms Thread 68" [_thread_blocked, id=33636, stack(0x00000009e2100000,0x00000009e2200000)]
  0x000001745610e000 JavaThread "jar transforms Thread 69" [_thread_blocked, id=25160, stack(0x00000009e2200000,0x00000009e2300000)]
  0x0000017456109000 JavaThread "jar transforms Thread 70" [_thread_blocked, id=13592, stack(0x00000009e2300000,0x00000009e2400000)]
  0x000001745610a800 JavaThread "jar transforms Thread 71" [_thread_blocked, id=2436, stack(0x00000009e2400000,0x00000009e2500000)]
  0x000001745610a000 JavaThread "jar transforms Thread 72" [_thread_blocked, id=24844, stack(0x00000009e2500000,0x00000009e2600000)]
  0x0000017456108000 JavaThread "jar transforms Thread 73" [_thread_blocked, id=24328, stack(0x00000009e2600000,0x00000009e2700000)]
  0x000001745610e800 JavaThread "jar transforms Thread 74" [_thread_blocked, id=12148, stack(0x00000009e2700000,0x00000009e2800000)]
  0x000001745610f800 JavaThread "jar transforms Thread 75" [_thread_blocked, id=8132, stack(0x00000009e2800000,0x00000009e2900000)]
  0x0000017456110800 JavaThread "jar transforms Thread 76" [_thread_blocked, id=31732, stack(0x00000009e2900000,0x00000009e2a00000)]
  0x000001745610d000 JavaThread "jar transforms Thread 77" [_thread_blocked, id=16956, stack(0x00000009e2a00000,0x00000009e2b00000)]
  0x000001745610b800 JavaThread "jar transforms Thread 78" [_thread_blocked, id=21288, stack(0x00000009e2b00000,0x00000009e2c00000)]
  0x000001745610c800 JavaThread "jar transforms Thread 79" [_thread_blocked, id=24700, stack(0x00000009e2c00000,0x00000009e2d00000)]
  0x0000017456113800 JavaThread "jar transforms Thread 80" [_thread_blocked, id=11404, stack(0x00000009e2d00000,0x00000009e2e00000)]
  0x0000017456114800 JavaThread "jar transforms Thread 81" [_thread_blocked, id=23528, stack(0x00000009e2e00000,0x00000009e2f00000)]
  0x0000017456113000 JavaThread "jar transforms Thread 82" [_thread_blocked, id=3336, stack(0x00000009e2f00000,0x00000009e3000000)]
  0x0000017456117000 JavaThread "jar transforms Thread 83" [_thread_blocked, id=7312, stack(0x00000009e3000000,0x00000009e3100000)]
  0x0000017456116000 JavaThread "jar transforms Thread 84" [_thread_blocked, id=32296, stack(0x00000009e3100000,0x00000009e3200000)]
  0x0000017456115000 JavaThread "jar transforms Thread 85" [_thread_blocked, id=26244, stack(0x00000009e3200000,0x00000009e3300000)]
  0x0000017456111000 JavaThread "jar transforms Thread 86" [_thread_blocked, id=35944, stack(0x00000009e3300000,0x00000009e3400000)]
  0x0000017456112000 JavaThread "jar transforms Thread 87" [_thread_blocked, id=31360, stack(0x00000009e3400000,0x00000009e3500000)]
  0x000001745420d800 JavaThread "jar transforms Thread 88" [_thread_blocked, id=10084, stack(0x00000009e3500000,0x00000009e3600000)]
  0x000001745420d000 JavaThread "jar transforms Thread 89" [_thread_blocked, id=35564, stack(0x00000009e3600000,0x00000009e3700000)]
  0x000001745420e800 JavaThread "jar transforms Thread 90" [_thread_blocked, id=23264, stack(0x00000009e3700000,0x00000009e3800000)]
  0x0000017454210000 JavaThread "jar transforms Thread 91" [_thread_blocked, id=24192, stack(0x00000009e3800000,0x00000009e3900000)]
  0x000001745420f800 JavaThread "jar transforms Thread 92" [_thread_blocked, id=34736, stack(0x00000009e3900000,0x00000009e3a00000)]
  0x0000017454211000 JavaThread "jar transforms Thread 93" [_thread_blocked, id=24780, stack(0x00000009e3a00000,0x00000009e3b00000)]
  0x0000017454212000 JavaThread "jar transforms Thread 94" [_thread_blocked, id=9540, stack(0x00000009e3b00000,0x00000009e3c00000)]
  0x000001745420c000 JavaThread "jar transforms Thread 95" [_thread_blocked, id=26620, stack(0x00000009e3c00000,0x00000009e3d00000)]
  0x0000017454216800 JavaThread "jar transforms Thread 96" [_thread_blocked, id=32388, stack(0x00000009e3d00000,0x00000009e3e00000)]
  0x0000017454218800 JavaThread "jar transforms Thread 97" [_thread_blocked, id=28164, stack(0x00000009e3e00000,0x00000009e3f00000)]
  0x0000017454214000 JavaThread "Memory manager" [_thread_blocked, id=18828, stack(0x00000009e3f00000,0x00000009e4000000)]
  0x0000017455fab000 JavaThread "C2 CompilerThread1" daemon [_thread_in_native, id=31272, stack(0x00000009de900000,0x00000009dea00000)]

Other Threads:
  0x0000017451237000 VMThread "VM Thread" [stack: 0x00000009db500000,0x00000009db600000] [id=280]
  0x0000017451d21800 WatcherThread [stack: 0x00000009dbf00000,0x00000009dc000000] [id=27268]
  0x00000174377e6000 GCTaskThread "GC Thread#0" [stack: 0x00000009db000000,0x00000009db100000] [id=27892]
  0x0000017452545000 GCTaskThread "GC Thread#1" [stack: 0x00000009dc000000,0x00000009dc100000] [id=33328]
  0x000001745266c000 GCTaskThread "GC Thread#2" [stack: 0x00000009dc100000,0x00000009dc200000] [id=23608]
  0x00000174537af800 GCTaskThread "GC Thread#3" [stack: 0x00000009dce00000,0x00000009dcf00000] [id=23920]
  0x0000017437816000 ConcurrentGCThread "G1 Main Marker" [stack: 0x00000009db100000,0x00000009db200000] [id=11620]
  0x0000017437818000 ConcurrentGCThread "G1 Conc#0" [stack: 0x00000009db200000,0x00000009db300000] [id=35420]
  0x00000174378a7000 ConcurrentGCThread "G1 Refine#0" [stack: 0x00000009db300000,0x00000009db400000] [id=31196]
  0x00000174378a8000 ConcurrentGCThread "G1 Young RemSet Sampling" [stack: 0x00000009db400000,0x00000009db500000] [id=30260]

Threads with active compile tasks:
C2 CompilerThread0  24229 5157 % !   4       java.util.jar.Attributes::read @ 185 (388 bytes)
C1 CompilerThread0  24229 5224       3       org.objectweb.asm.ClassWriter::toByteArray (1513 bytes)
C2 CompilerThread1  24229 5167  s    4       java.io.ByteArrayOutputStream::write (43 bytes)

VM state:not at safepoint (normal execution)

VM Mutex/Monitor currently owned by a thread: None

Heap address: 0x0000000080000000, size: 2048 MB, Compressed Oops mode: 32-bit
Narrow klass base: 0x0000000000000000, Narrow klass shift: 3
Compressed class space size: 1073741824 Address: 0x0000000100000000

Heap:
 garbage-first heap   total 162816K, used 54246K [0x0000000080000000, 0x0000000100000000)
  region size 1024K, 28 young (28672K), 11 survivors (11264K)
 Metaspace       used 56828K, capacity 58181K, committed 58496K, reserved 1099776K
  class space    used 7225K, capacity 7694K, committed 7808K, reserved 1048576K
Heap Regions: E=young(eden), S=young(survivor), O=old, HS=humongous(starts), HC=humongous(continues), CS=collection set, F=free, A=archive, TAMS=top-at-mark-start (previous, next)
|   0|0x0000000080000000, 0x0000000080100000, 0x0000000080100000|100%| O|  |TAMS 0x0000000080100000, 0x0000000080000000| Untracked 
|   1|0x0000000080100000, 0x0000000080200000, 0x0000000080200000|100%| O|  |TAMS 0x0000000080200000, 0x0000000080100000| Untracked 
|   2|0x0000000080200000, 0x0000000080300000, 0x0000000080300000|100%| O|  |TAMS 0x0000000080300000, 0x0000000080200000| Untracked 
|   3|0x0000000080300000, 0x0000000080400000, 0x0000000080400000|100%|HS|  |TAMS 0x0000000080400000, 0x0000000080300000| Complete 
|   4|0x0000000080400000, 0x0000000080500000, 0x0000000080500000|100%|HC|  |TAMS 0x0000000080500000, 0x0000000080400000| Complete 
|   5|0x0000000080500000, 0x0000000080600000, 0x0000000080600000|100%|HC|  |TAMS 0x0000000080600000, 0x0000000080500000| Complete 
|   6|0x0000000080600000, 0x0000000080700000, 0x0000000080700000|100%| O|  |TAMS 0x0000000080700000, 0x0000000080600000| Untracked 
|   7|0x0000000080700000, 0x0000000080800000, 0x0000000080800000|100%| O|  |TAMS 0x0000000080800000, 0x0000000080700000| Untracked 
|   8|0x0000000080800000, 0x0000000080900000, 0x0000000080900000|100%| O|  |TAMS 0x0000000080900000, 0x0000000080800000| Untracked 
|   9|0x0000000080900000, 0x0000000080a00000, 0x0000000080a00000|100%| O|  |TAMS 0x0000000080a00000, 0x0000000080900000| Untracked 
|  10|0x0000000080a00000, 0x0000000080b00000, 0x0000000080b00000|100%| O|  |TAMS 0x0000000080b00000, 0x0000000080a00000| Untracked 
|  11|0x0000000080b00000, 0x0000000080c00000, 0x0000000080c00000|100%| O|  |TAMS 0x0000000080c00000, 0x0000000080b00000| Untracked 
|  12|0x0000000080c00000, 0x0000000080d00000, 0x0000000080d00000|100%| O|  |TAMS 0x0000000080d00000, 0x0000000080c00000| Untracked 
|  13|0x0000000080d00000, 0x0000000080e00000, 0x0000000080e00000|100%| O|  |TAMS 0x0000000080e00000, 0x0000000080d00000| Untracked 
|  14|0x0000000080e00000, 0x0000000080f00000, 0x0000000080f00000|100%| O|  |TAMS 0x0000000080f00000, 0x0000000080e00000| Untracked 
|  15|0x0000000080f00000, 0x0000000081000000, 0x0000000081000000|100%| O|  |TAMS 0x0000000080f22c00, 0x0000000080f00000| Untracked 
|  16|0x0000000081000000, 0x0000000081100000, 0x0000000081100000|100%| O|  |TAMS 0x0000000081000000, 0x0000000081000000| Untracked 
|  17|0x0000000081100000, 0x0000000081200000, 0x0000000081200000|100%| O|  |TAMS 0x0000000081100000, 0x0000000081100000| Untracked 
|  18|0x0000000081200000, 0x0000000081300000, 0x0000000081300000|100%| O|  |TAMS 0x0000000081200000, 0x0000000081200000| Untracked 
|  19|0x0000000081300000, 0x0000000081400000, 0x0000000081400000|100%|HS|  |TAMS 0x0000000081300000, 0x0000000081300000| Complete 
|  20|0x0000000081400000, 0x0000000081500000, 0x0000000081500000|100%| O|  |TAMS 0x0000000081400000, 0x0000000081400000| Untracked 
|  21|0x0000000081500000, 0x0000000081600000, 0x0000000081600000|100%| O|  |TAMS 0x0000000081500000, 0x0000000081500000| Untracked 
|  22|0x0000000081600000, 0x0000000081700000, 0x0000000081700000|100%|HS|  |TAMS 0x0000000081600000, 0x0000000081600000| Complete 
|  23|0x0000000081700000, 0x0000000081800000, 0x0000000081800000|100%|HC|  |TAMS 0x0000000081700000, 0x0000000081700000| Complete 
|  24|0x0000000081800000, 0x0000000081900000, 0x0000000081900000|100%| O|  |TAMS 0x0000000081800000, 0x0000000081800000| Untracked 
|  25|0x0000000081900000, 0x0000000081a00000, 0x0000000081a00000|100%| O|  |TAMS 0x0000000081900000, 0x0000000081900000| Untracked 
|  26|0x0000000081a00000, 0x0000000081b00000, 0x0000000081b00000|100%| O|  |TAMS 0x0000000081a00000, 0x0000000081a00000| Untracked 
|  27|0x0000000081b00000, 0x0000000081b23800, 0x0000000081c00000| 13%| O|  |TAMS 0x0000000081b00000, 0x0000000081b00000| Untracked 
|  28|0x0000000081c00000, 0x0000000081c00000, 0x0000000081d00000|  0%| F|  |TAMS 0x0000000081c00000, 0x0000000081c00000| Untracked 
|  29|0x0000000081d00000, 0x0000000081d00000, 0x0000000081e00000|  0%| F|  |TAMS 0x0000000081d00000, 0x0000000081d00000| Untracked 
|  30|0x0000000081e00000, 0x0000000081e00000, 0x0000000081f00000|  0%| F|  |TAMS 0x0000000081e00000, 0x0000000081e00000| Untracked 
|  31|0x0000000081f00000, 0x0000000081f00000, 0x0000000082000000|  0%| F|  |TAMS 0x0000000081f00000, 0x0000000081f00000| Untracked 
|  32|0x0000000082000000, 0x0000000082000000, 0x0000000082100000|  0%| F|  |TAMS 0x0000000082000000, 0x0000000082000000| Untracked 
|  33|0x0000000082100000, 0x0000000082100000, 0x0000000082200000|  0%| F|  |TAMS 0x0000000082100000, 0x0000000082100000| Untracked 
|  34|0x0000000082200000, 0x0000000082200000, 0x0000000082300000|  0%| F|  |TAMS 0x0000000082200000, 0x0000000082200000| Untracked 
|  35|0x0000000082300000, 0x0000000082300000, 0x0000000082400000|  0%| F|  |TAMS 0x0000000082300000, 0x0000000082300000| Untracked 
|  36|0x0000000082400000, 0x0000000082400000, 0x0000000082500000|  0%| F|  |TAMS 0x0000000082400000, 0x0000000082400000| Untracked 
|  37|0x0000000082500000, 0x0000000082500000, 0x0000000082600000|  0%| F|  |TAMS 0x0000000082500000, 0x0000000082500000| Untracked 
|  38|0x0000000082600000, 0x0000000082600000, 0x0000000082700000|  0%| F|  |TAMS 0x0000000082600000, 0x0000000082600000| Untracked 
|  39|0x0000000082700000, 0x0000000082700000, 0x0000000082800000|  0%| F|  |TAMS 0x0000000082700000, 0x0000000082700000| Untracked 
|  40|0x0000000082800000, 0x0000000082800000, 0x0000000082900000|  0%| F|  |TAMS 0x0000000082800000, 0x0000000082800000| Untracked 
|  41|0x0000000082900000, 0x0000000082900000, 0x0000000082a00000|  0%| F|  |TAMS 0x0000000082900000, 0x0000000082900000| Untracked 
|  42|0x0000000082a00000, 0x0000000082a00000, 0x0000000082b00000|  0%| F|  |TAMS 0x0000000082a00000, 0x0000000082a00000| Untracked 
|  43|0x0000000082b00000, 0x0000000082b00000, 0x0000000082c00000|  0%| F|  |TAMS 0x0000000082b00000, 0x0000000082b00000| Untracked 
|  44|0x0000000082c00000, 0x0000000082c00000, 0x0000000082d00000|  0%| F|  |TAMS 0x0000000082c00000, 0x0000000082c00000| Untracked 
|  45|0x0000000082d00000, 0x0000000082d00000, 0x0000000082e00000|  0%| F|  |TAMS 0x0000000082d00000, 0x0000000082d00000| Untracked 
|  46|0x0000000082e00000, 0x0000000082e00000, 0x0000000082f00000|  0%| F|  |TAMS 0x0000000082e00000, 0x0000000082e00000| Untracked 
|  47|0x0000000082f00000, 0x0000000082f00000, 0x0000000083000000|  0%| F|  |TAMS 0x0000000082f00000, 0x0000000082f00000| Untracked 
|  48|0x0000000083000000, 0x0000000083000000, 0x0000000083100000|  0%| F|  |TAMS 0x0000000083000000, 0x0000000083000000| Untracked 
|  49|0x0000000083100000, 0x0000000083100000, 0x0000000083200000|  0%| F|  |TAMS 0x0000000083100000, 0x0000000083100000| Untracked 
|  50|0x0000000083200000, 0x0000000083200000, 0x0000000083300000|  0%| F|  |TAMS 0x0000000083200000, 0x0000000083200000| Untracked 
|  51|0x0000000083300000, 0x0000000083300000, 0x0000000083400000|  0%| F|  |TAMS 0x0000000083300000, 0x0000000083300000| Untracked 
|  52|0x0000000083400000, 0x0000000083400000, 0x0000000083500000|  0%| F|  |TAMS 0x0000000083400000, 0x0000000083400000| Untracked 
|  53|0x0000000083500000, 0x0000000083500000, 0x0000000083600000|  0%| F|  |TAMS 0x0000000083500000, 0x0000000083500000| Untracked 
|  54|0x0000000083600000, 0x0000000083600000, 0x0000000083700000|  0%| F|  |TAMS 0x0000000083600000, 0x0000000083600000| Untracked 
|  55|0x0000000083700000, 0x0000000083700000, 0x0000000083800000|  0%| F|  |TAMS 0x0000000083700000, 0x0000000083700000| Untracked 
|  56|0x0000000083800000, 0x0000000083800000, 0x0000000083900000|  0%| F|  |TAMS 0x0000000083800000, 0x0000000083800000| Untracked 
|  57|0x0000000083900000, 0x0000000083900000, 0x0000000083a00000|  0%| F|  |TAMS 0x0000000083900000, 0x0000000083900000| Untracked 
|  58|0x0000000083a00000, 0x0000000083a00000, 0x0000000083b00000|  0%| F|  |TAMS 0x0000000083a00000, 0x0000000083a00000| Untracked 
|  59|0x0000000083b00000, 0x0000000083b00000, 0x0000000083c00000|  0%| F|  |TAMS 0x0000000083b00000, 0x0000000083b00000| Untracked 
|  60|0x0000000083c00000, 0x0000000083c00000, 0x0000000083d00000|  0%| F|  |TAMS 0x0000000083c00000, 0x0000000083c00000| Untracked 
|  61|0x0000000083d00000, 0x0000000083d00000, 0x0000000083e00000|  0%| F|  |TAMS 0x0000000083d00000, 0x0000000083d00000| Untracked 
|  62|0x0000000083e00000, 0x0000000083e00000, 0x0000000083f00000|  0%| F|  |TAMS 0x0000000083e00000, 0x0000000083e00000| Untracked 
|  63|0x0000000083f00000, 0x0000000083f00000, 0x0000000084000000|  0%| F|  |TAMS 0x0000000083f00000, 0x0000000083f00000| Untracked 
|  64|0x0000000084000000, 0x00000000840d6128, 0x0000000084100000| 83%| S|CS|TAMS 0x0000000084000000, 0x0000000084000000| Complete 
|  65|0x0000000084100000, 0x0000000084100000, 0x0000000084200000|  0%| F|  |TAMS 0x0000000084100000, 0x0000000084100000| Untracked 
|  66|0x0000000084200000, 0x0000000084200000, 0x0000000084300000|  0%| F|  |TAMS 0x0000000084200000, 0x0000000084200000| Untracked 
|  67|0x0000000084300000, 0x0000000084400000, 0x0000000084400000|100%| S|CS|TAMS 0x0000000084300000, 0x0000000084300000| Complete 
|  68|0x0000000084400000, 0x0000000084500000, 0x0000000084500000|100%| S|CS|TAMS 0x0000000084400000, 0x0000000084400000| Complete 
|  69|0x0000000084500000, 0x0000000084600000, 0x0000000084600000|100%| S|CS|TAMS 0x0000000084500000, 0x0000000084500000| Complete 
|  70|0x0000000084600000, 0x0000000084700000, 0x0000000084700000|100%| S|CS|TAMS 0x0000000084600000, 0x0000000084600000| Complete 
|  71|0x0000000084700000, 0x0000000084800000, 0x0000000084800000|100%| S|CS|TAMS 0x0000000084700000, 0x0000000084700000| Complete 
|  72|0x0000000084800000, 0x0000000084900000, 0x0000000084900000|100%| S|CS|TAMS 0x0000000084800000, 0x0000000084800000| Complete 
|  73|0x0000000084900000, 0x0000000084a00000, 0x0000000084a00000|100%| S|CS|TAMS 0x0000000084900000, 0x0000000084900000| Complete 
|  74|0x0000000084a00000, 0x0000000084b00000, 0x0000000084b00000|100%| S|CS|TAMS 0x0000000084a00000, 0x0000000084a00000| Complete 
|  75|0x0000000084b00000, 0x0000000084c00000, 0x0000000084c00000|100%| S|CS|TAMS 0x0000000084b00000, 0x0000000084b00000| Complete 
|  76|0x0000000084c00000, 0x0000000084d00000, 0x0000000084d00000|100%| S|CS|TAMS 0x0000000084c00000, 0x0000000084c00000| Complete 
|  77|0x0000000084d00000, 0x0000000084d00000, 0x0000000084e00000|  0%| F|  |TAMS 0x0000000084d00000, 0x0000000084d00000| Untracked 
|  78|0x0000000084e00000, 0x0000000084e00000, 0x0000000084f00000|  0%| F|  |TAMS 0x0000000084e00000, 0x0000000084e00000| Untracked 
|  79|0x0000000084f00000, 0x0000000084f00000, 0x0000000085000000|  0%| F|  |TAMS 0x0000000084f00000, 0x0000000084f00000| Untracked 
|  80|0x0000000085000000, 0x0000000085000000, 0x0000000085100000|  0%| F|  |TAMS 0x0000000085000000, 0x0000000085000000| Untracked 
|  81|0x0000000085100000, 0x0000000085100000, 0x0000000085200000|  0%| F|  |TAMS 0x0000000085100000, 0x0000000085100000| Untracked 
|  82|0x0000000085200000, 0x0000000085200000, 0x0000000085300000|  0%| F|  |TAMS 0x0000000085200000, 0x0000000085200000| Untracked 
|  83|0x0000000085300000, 0x0000000085300000, 0x0000000085400000|  0%| F|  |TAMS 0x0000000085300000, 0x0000000085300000| Untracked 
|  84|0x0000000085400000, 0x0000000085400000, 0x0000000085500000|  0%| F|  |TAMS 0x0000000085400000, 0x0000000085400000| Untracked 
|  85|0x0000000085500000, 0x0000000085500000, 0x0000000085600000|  0%| F|  |TAMS 0x0000000085500000, 0x0000000085500000| Untracked 
|  86|0x0000000085600000, 0x0000000085600000, 0x0000000085700000|  0%| F|  |TAMS 0x0000000085600000, 0x0000000085600000| Untracked 
|  87|0x0000000085700000, 0x0000000085700000, 0x0000000085800000|  0%| F|  |TAMS 0x0000000085700000, 0x0000000085700000| Untracked 
|  88|0x0000000085800000, 0x0000000085800000, 0x0000000085900000|  0%| F|  |TAMS 0x0000000085800000, 0x0000000085800000| Untracked 
|  89|0x0000000085900000, 0x0000000085900000, 0x0000000085a00000|  0%| F|  |TAMS 0x0000000085900000, 0x0000000085900000| Untracked 
|  90|0x0000000085a00000, 0x0000000085a00000, 0x0000000085b00000|  0%| F|  |TAMS 0x0000000085a00000, 0x0000000085a00000| Untracked 
|  91|0x0000000085b00000, 0x0000000085b00000, 0x0000000085c00000|  0%| F|  |TAMS 0x0000000085b00000, 0x0000000085b00000| Untracked 
|  92|0x0000000085c00000, 0x0000000085c00000, 0x0000000085d00000|  0%| F|  |TAMS 0x0000000085c00000, 0x0000000085c00000| Untracked 
|  93|0x0000000085d00000, 0x0000000085d00000, 0x0000000085e00000|  0%| F|  |TAMS 0x0000000085d00000, 0x0000000085d00000| Untracked 
|  94|0x0000000085e00000, 0x0000000085e00000, 0x0000000085f00000|  0%| F|  |TAMS 0x0000000085e00000, 0x0000000085e00000| Untracked 
|  95|0x0000000085f00000, 0x0000000085f00000, 0x0000000086000000|  0%| F|  |TAMS 0x0000000085f00000, 0x0000000085f00000| Untracked 
|  96|0x0000000086000000, 0x0000000086000000, 0x0000000086100000|  0%| F|  |TAMS 0x0000000086000000, 0x0000000086000000| Untracked 
|  97|0x0000000086100000, 0x0000000086100000, 0x0000000086200000|  0%| F|  |TAMS 0x0000000086100000, 0x0000000086100000| Untracked 
|  98|0x0000000086200000, 0x0000000086200000, 0x0000000086300000|  0%| F|  |TAMS 0x0000000086200000, 0x0000000086200000| Untracked 
|  99|0x0000000086300000, 0x0000000086300000, 0x0000000086400000|  0%| F|  |TAMS 0x0000000086300000, 0x0000000086300000| Untracked 
| 100|0x0000000086400000, 0x0000000086400000, 0x0000000086500000|  0%| F|  |TAMS 0x0000000086400000, 0x0000000086400000| Untracked 
| 101|0x0000000086500000, 0x0000000086500000, 0x0000000086600000|  0%| F|  |TAMS 0x0000000086500000, 0x0000000086500000| Untracked 
| 102|0x0000000086600000, 0x0000000086600000, 0x0000000086700000|  0%| F|  |TAMS 0x0000000086600000, 0x0000000086600000| Untracked 
| 103|0x0000000086700000, 0x0000000086700000, 0x0000000086800000|  0%| F|  |TAMS 0x0000000086700000, 0x0000000086700000| Untracked 
| 104|0x0000000086800000, 0x0000000086800000, 0x0000000086900000|  0%| F|  |TAMS 0x0000000086800000, 0x0000000086800000| Untracked 
| 105|0x0000000086900000, 0x0000000086900000, 0x0000000086a00000|  0%| F|  |TAMS 0x0000000086900000, 0x0000000086900000| Untracked 
| 106|0x0000000086a00000, 0x0000000086a00000, 0x0000000086b00000|  0%| F|  |TAMS 0x0000000086a00000, 0x0000000086a00000| Untracked 
| 107|0x0000000086b00000, 0x0000000086b00000, 0x0000000086c00000|  0%| F|  |TAMS 0x0000000086b00000, 0x0000000086b00000| Untracked 
| 108|0x0000000086c00000, 0x0000000086c00000, 0x0000000086d00000|  0%| F|  |TAMS 0x0000000086c00000, 0x0000000086c00000| Untracked 
| 109|0x0000000086d00000, 0x0000000086d00000, 0x0000000086e00000|  0%| F|  |TAMS 0x0000000086d00000, 0x0000000086d00000| Untracked 
| 110|0x0000000086e00000, 0x0000000086e00000, 0x0000000086f00000|  0%| F|  |TAMS 0x0000000086e00000, 0x0000000086e00000| Untracked 
| 111|0x0000000086f00000, 0x0000000086f00000, 0x0000000087000000|  0%| F|  |TAMS 0x0000000086f00000, 0x0000000086f00000| Untracked 
| 112|0x0000000087000000, 0x0000000087000000, 0x0000000087100000|  0%| F|  |TAMS 0x0000000087000000, 0x0000000087000000| Untracked 
| 113|0x0000000087100000, 0x0000000087100000, 0x0000000087200000|  0%| F|  |TAMS 0x0000000087100000, 0x0000000087100000| Untracked 
| 114|0x0000000087200000, 0x0000000087200000, 0x0000000087300000|  0%| F|  |TAMS 0x0000000087200000, 0x0000000087200000| Untracked 
| 115|0x0000000087300000, 0x0000000087300000, 0x0000000087400000|  0%| F|  |TAMS 0x0000000087300000, 0x0000000087300000| Untracked 
| 116|0x0000000087400000, 0x0000000087400000, 0x0000000087500000|  0%| F|  |TAMS 0x0000000087400000, 0x0000000087400000| Untracked 
| 117|0x0000000087500000, 0x0000000087500000, 0x0000000087600000|  0%| F|  |TAMS 0x0000000087500000, 0x0000000087500000| Untracked 
| 118|0x0000000087600000, 0x0000000087600000, 0x0000000087700000|  0%| F|  |TAMS 0x0000000087600000, 0x0000000087600000| Untracked 
| 119|0x0000000087700000, 0x0000000087700000, 0x0000000087800000|  0%| F|  |TAMS 0x0000000087700000, 0x0000000087700000| Untracked 
| 120|0x0000000087800000, 0x0000000087800000, 0x0000000087900000|  0%| F|  |TAMS 0x0000000087800000, 0x0000000087800000| Untracked 
| 121|0x0000000087900000, 0x0000000087900000, 0x0000000087a00000|  0%| F|  |TAMS 0x0000000087900000, 0x0000000087900000| Untracked 
| 122|0x0000000087a00000, 0x0000000087a00000, 0x0000000087b00000|  0%| F|  |TAMS 0x0000000087a00000, 0x0000000087a00000| Untracked 
| 123|0x0000000087b00000, 0x0000000087b00000, 0x0000000087c00000|  0%| F|  |TAMS 0x0000000087b00000, 0x0000000087b00000| Untracked 
| 124|0x0000000087c00000, 0x0000000087c00000, 0x0000000087d00000|  0%| F|  |TAMS 0x0000000087c00000, 0x0000000087c00000| Untracked 
| 125|0x0000000087d00000, 0x0000000087d00000, 0x0000000087e00000|  0%| F|  |TAMS 0x0000000087d00000, 0x0000000087d00000| Untracked 
| 126|0x0000000087e00000, 0x0000000087e00000, 0x0000000087f00000|  0%| F|  |TAMS 0x0000000087e00000, 0x0000000087e00000| Untracked 
| 127|0x0000000087f00000, 0x0000000087f00000, 0x0000000088000000|  0%| F|  |TAMS 0x0000000087f00000, 0x0000000087f00000| Untracked 
| 128|0x0000000088000000, 0x0000000088000000, 0x0000000088100000|  0%| F|  |TAMS 0x0000000088000000, 0x0000000088000000| Untracked 
| 129|0x0000000088100000, 0x0000000088100000, 0x0000000088200000|  0%| F|  |TAMS 0x0000000088100000, 0x0000000088100000| Untracked 
| 130|0x0000000088200000, 0x0000000088200000, 0x0000000088300000|  0%| F|  |TAMS 0x0000000088200000, 0x0000000088200000| Untracked 
| 131|0x0000000088300000, 0x0000000088300000, 0x0000000088400000|  0%| F|  |TAMS 0x0000000088300000, 0x0000000088300000| Untracked 
| 132|0x0000000088400000, 0x0000000088400000, 0x0000000088500000|  0%| F|  |TAMS 0x0000000088400000, 0x0000000088400000| Untracked 
| 133|0x0000000088500000, 0x0000000088500000, 0x0000000088600000|  0%| F|  |TAMS 0x0000000088500000, 0x0000000088500000| Untracked 
| 134|0x0000000088600000, 0x0000000088600000, 0x0000000088700000|  0%| F|  |TAMS 0x0000000088600000, 0x0000000088600000| Untracked 
| 135|0x0000000088700000, 0x0000000088700000, 0x0000000088800000|  0%| F|  |TAMS 0x0000000088700000, 0x0000000088700000| Untracked 
| 136|0x0000000088800000, 0x0000000088800000, 0x0000000088900000|  0%| F|  |TAMS 0x0000000088800000, 0x0000000088800000| Untracked 
| 137|0x0000000088900000, 0x0000000088900000, 0x0000000088a00000|  0%| F|  |TAMS 0x0000000088900000, 0x0000000088900000| Untracked 
| 138|0x0000000088a00000, 0x0000000088a00000, 0x0000000088b00000|  0%| F|  |TAMS 0x0000000088a00000, 0x0000000088a00000| Untracked 
| 139|0x0000000088b00000, 0x0000000088b00000, 0x0000000088c00000|  0%| F|  |TAMS 0x0000000088b00000, 0x0000000088b00000| Untracked 
| 140|0x0000000088c00000, 0x0000000088c00000, 0x0000000088d00000|  0%| F|  |TAMS 0x0000000088c00000, 0x0000000088c00000| Untracked 
| 141|0x0000000088d00000, 0x0000000088d00000, 0x0000000088e00000|  0%| F|  |TAMS 0x0000000088d00000, 0x0000000088d00000| Untracked 
| 142|0x0000000088e00000, 0x0000000088f00000, 0x0000000088f00000|100%| E|  |TAMS 0x0000000088e00000, 0x0000000088e00000| Complete 
| 143|0x0000000088f00000, 0x0000000089000000, 0x0000000089000000|100%| E|CS|TAMS 0x0000000088f00000, 0x0000000088f00000| Complete 
| 144|0x0000000089000000, 0x0000000089100000, 0x0000000089100000|100%| E|CS|TAMS 0x0000000089000000, 0x0000000089000000| Complete 
| 145|0x0000000089100000, 0x0000000089200000, 0x0000000089200000|100%| E|CS|TAMS 0x0000000089100000, 0x0000000089100000| Complete 
| 146|0x0000000089200000, 0x0000000089300000, 0x0000000089300000|100%| E|CS|TAMS 0x0000000089200000, 0x0000000089200000| Complete 
| 147|0x0000000089300000, 0x0000000089400000, 0x0000000089400000|100%| E|CS|TAMS 0x0000000089300000, 0x0000000089300000| Complete 
| 148|0x0000000089400000, 0x0000000089500000, 0x0000000089500000|100%| E|CS|TAMS 0x0000000089400000, 0x0000000089400000| Complete 
| 149|0x0000000089500000, 0x0000000089600000, 0x0000000089600000|100%| E|CS|TAMS 0x0000000089500000, 0x0000000089500000| Complete 
| 150|0x0000000089600000, 0x0000000089700000, 0x0000000089700000|100%| E|CS|TAMS 0x0000000089600000, 0x0000000089600000| Complete 
| 151|0x0000000089700000, 0x0000000089800000, 0x0000000089800000|100%| E|CS|TAMS 0x0000000089700000, 0x0000000089700000| Complete 
| 152|0x0000000089800000, 0x0000000089900000, 0x0000000089900000|100%| E|CS|TAMS 0x0000000089800000, 0x0000000089800000| Complete 
| 153|0x0000000089900000, 0x0000000089a00000, 0x0000000089a00000|100%| E|CS|TAMS 0x0000000089900000, 0x0000000089900000| Complete 
| 154|0x0000000089a00000, 0x0000000089b00000, 0x0000000089b00000|100%| E|CS|TAMS 0x0000000089a00000, 0x0000000089a00000| Complete 
| 155|0x0000000089b00000, 0x0000000089c00000, 0x0000000089c00000|100%| E|  |TAMS 0x0000000089b00000, 0x0000000089b00000| Complete 
| 156|0x0000000089c00000, 0x0000000089d00000, 0x0000000089d00000|100%| E|CS|TAMS 0x0000000089c00000, 0x0000000089c00000| Complete 
| 157|0x0000000089d00000, 0x0000000089e00000, 0x0000000089e00000|100%| E|CS|TAMS 0x0000000089d00000, 0x0000000089d00000| Complete 
| 158|0x0000000089e00000, 0x0000000089f00000, 0x0000000089f00000|100%| E|CS|TAMS 0x0000000089e00000, 0x0000000089e00000| Complete 

Card table byte_map: [0x000001744a550000,0x000001744a950000] _byte_map_base: 0x000001744a150000

Marking Bits (Prev, Next): (CMBitMap*) 0x000001743780d0a8, (CMBitMap*) 0x000001743780d0e0
 Prev Bits: [0x000001744ad50000, 0x000001744cd50000)
 Next Bits: [0x000001744cd50000, 0x000001744ed50000)

Polling page: 0x00000174357a0000

Metaspace:

Usage:
  Non-class:     49.30 MB capacity,    48.46 MB ( 98%) used,   739.68 KB (  1%) free+waste,   128.63 KB ( <1%) overhead. 
      Class:      7.51 MB capacity,     7.06 MB ( 94%) used,   403.37 KB (  5%) free+waste,    61.00 KB ( <1%) overhead. 
       Both:     56.82 MB capacity,    55.52 MB ( 98%) used,     1.12 MB (  2%) free+waste,   189.63 KB ( <1%) overhead. 

Virtual space:
  Non-class space:       50.00 MB reserved,      49.50 MB ( 99%) committed 
      Class space:        1.00 GB reserved,       7.63 MB ( <1%) committed 
             Both:        1.05 GB reserved,      57.13 MB (  5%) committed 

Chunk freelists:
   Non-Class:  9.00 KB
       Class:  18.00 KB
        Both:  27.00 KB

MaxMetaspaceSize: 17179869184.00 GB
CompressedClassSpaceSize: 1.00 GB

CodeHeap 'non-profiled nmethods': size=120064Kb used=2677Kb max_used=2677Kb free=117386Kb
 bounds [0x0000017442c10000, 0x0000017442eb0000, 0x000001744a150000]
CodeHeap 'profiled nmethods': size=120000Kb used=10685Kb max_used=10685Kb free=109314Kb
 bounds [0x000001743b6e0000, 0x000001743c160000, 0x0000017442c10000]
CodeHeap 'non-nmethods': size=5696Kb used=2223Kb max_used=2262Kb free=3472Kb
 bounds [0x000001743b150000, 0x000001743b3c0000, 0x000001743b6e0000]
 total_blobs=5783 nmethods=4983 adapters=711
 compilation: enabled
              stopped_count=0, restarted_count=0
 full_count=0

Compilation events (20 events):
Event: 24.051 Thread 0x000001745125f000 5213       1       org.gradle.api.internal.collections.DefaultCollectionEventRegister::getAddActions (5 bytes)
Event: 24.051 Thread 0x000001745125f000 nmethod 5213 0x0000017442e9e390 code [0x0000017442e9e540, 0x0000017442e9e5f8]
Event: 24.052 Thread 0x000001745125f000 5214       1       org.gradle.configuration.internal.DefaultUserCodeApplicationContext::access$000 (5 bytes)
Event: 24.052 Thread 0x000001745125f000 nmethod 5214 0x0000017442e9e690 code [0x0000017442e9e840, 0x0000017442e9e8d8]
Event: 24.052 Thread 0x000001745125f000 5215       3       org.gradle.tooling.internal.provider.runner.BuildOperationParentTracker::findClosestExistingAncestor (39 bytes)
Event: 24.053 Thread 0x000001745125f000 nmethod 5215 0x000001743c145310 code [0x000001743c145500, 0x000001743c145968]
Event: 24.053 Thread 0x000001745125f000 5216       3       org.gradle.tooling.internal.provider.runner.BuildOperationParentTracker::findClosestMatchingAncestor (35 bytes)
Event: 24.054 Thread 0x000001745125f000 nmethod 5216 0x000001743c145b10 code [0x000001743c145d40, 0x000001743c146528]
Event: 24.055 Thread 0x000001745125f000 5217       3       org.gradle.api.internal.artifacts.configurations.DefaultConfiguration_Decorated::getName (40 bytes)
Event: 24.056 Thread 0x000001745125f000 nmethod 5217 0x000001743c146710 code [0x000001743c146940, 0x000001743c147068]
Event: 24.057 Thread 0x000001745125f000 5218       3       org.gradle.api.artifacts.Configuration$Namer::determineName (9 bytes)
Event: 24.057 Thread 0x000001745125f000 nmethod 5218 0x000001743c147290 code [0x000001743c147460, 0x000001743c147788]
Event: 24.057 Thread 0x000001745125f000 5219       3       org.gradle.api.artifacts.Configuration$Namer::determineName (7 bytes)
Event: 24.057 Thread 0x000001745125f000 nmethod 5219 0x000001743c147890 code [0x000001743c147a40, 0x000001743c147c08]
Event: 24.057 Thread 0x000001745125f000 5220       3       org.gradle.tooling.internal.provider.runner.PluginApplicationTracker$$Lambda$232/0x00000001004ea840::test (16 bytes)
Event: 24.058 Thread 0x000001745125f000 nmethod 5220 0x000001743c147d10 code [0x000001743c147f00, 0x000001743c148458]
Event: 24.058 Thread 0x000001745125f000 5221       3       org.gradle.tooling.internal.provider.runner.PluginApplicationTracker::lambda$hasRunningPluginApplication$0 (34 bytes)
Event: 24.058 Thread 0x000001745125f000 nmethod 5221 0x000001743c148610 code [0x000001743c1487e0, 0x000001743c148bd8]
Event: 24.101 Thread 0x000001745125f000 5222       3       java.util.stream.ReferencePipeline$3$1::accept (23 bytes)
Event: 24.102 Thread 0x000001745125f000 nmethod 5222 0x000001743c148d10 code [0x000001743c148ee0, 0x000001743c149178]

GC Heap History (20 events):
Event: 1.499 GC heap before
{Heap before GC invocations=0 (full 0):
 garbage-first heap   total 131072K, used 19456K [0x0000000080000000, 0x0000000100000000)
  region size 1024K, 14 young (14336K), 0 survivors (0K)
 Metaspace       used 7474K, capacity 7675K, committed 7936K, reserved 1056768K
  class space    used 686K, capacity 748K, committed 768K, reserved 1048576K
}
Event: 1.512 GC heap after
{Heap after GC invocations=1 (full 0):
 garbage-first heap   total 131072K, used 7957K [0x0000000080000000, 0x0000000100000000)
  region size 1024K, 2 young (2048K), 2 survivors (2048K)
 Metaspace       used 7474K, capacity 7675K, committed 7936K, reserved 1056768K
  class space    used 686K, capacity 748K, committed 768K, reserved 1048576K
}
Event: 2.536 GC heap before
{Heap before GC invocations=1 (full 0):
 garbage-first heap   total 131072K, used 19221K [0x0000000080000000, 0x0000000100000000)
  region size 1024K, 13 young (13312K), 2 survivors (2048K)
 Metaspace       used 10457K, capacity 10640K, committed 11008K, reserved 1058816K
  class space    used 1100K, capacity 1164K, committed 1280K, reserved 1048576K
}
Event: 2.542 GC heap after
{Heap after GC invocations=2 (full 0):
 garbage-first heap   total 131072K, used 8634K [0x0000000080000000, 0x0000000100000000)
  region size 1024K, 1 young (1024K), 1 survivors (1024K)
 Metaspace       used 10457K, capacity 10640K, committed 11008K, reserved 1058816K
  class space    used 1100K, capacity 1164K, committed 1280K, reserved 1048576K
}
Event: 3.261 GC heap before
{Heap before GC invocations=2 (full 0):
 garbage-first heap   total 131072K, used 34234K [0x0000000080000000, 0x0000000100000000)
  region size 1024K, 27 young (27648K), 1 survivors (1024K)
 Metaspace       used 10627K, capacity 10833K, committed 11008K, reserved 1058816K
  class space    used 1101K, capacity 1164K, committed 1280K, reserved 1048576K
}
Event: 3.266 GC heap after
{Heap after GC invocations=3 (full 0):
 garbage-first heap   total 131072K, used 12327K [0x0000000080000000, 0x0000000100000000)
  region size 1024K, 4 young (4096K), 4 survivors (4096K)
 Metaspace       used 10627K, capacity 10833K, committed 11008K, reserved 1058816K
  class space    used 1101K, capacity 1164K, committed 1280K, reserved 1048576K
}
Event: 6.665 GC heap before
{Heap before GC invocations=3 (full 0):
 garbage-first heap   total 131072K, used 51239K [0x0000000080000000, 0x0000000100000000)
  region size 1024K, 42 young (43008K), 4 survivors (4096K)
 Metaspace       used 18097K, capacity 18524K, committed 18688K, reserved 1064960K
  class space    used 2158K, capacity 2292K, committed 2304K, reserved 1048576K
}
Event: 6.751 GC heap after
{Heap after GC invocations=4 (full 0):
 garbage-first heap   total 131072K, used 15764K [0x0000000080000000, 0x0000000100000000)
  region size 1024K, 4 young (4096K), 4 survivors (4096K)
 Metaspace       used 18097K, capacity 18524K, committed 18688K, reserved 1064960K
  class space    used 2158K, capacity 2292K, committed 2304K, reserved 1048576K
}
Event: 7.275 GC heap before
{Heap before GC invocations=4 (full 0):
 garbage-first heap   total 131072K, used 34196K [0x0000000080000000, 0x0000000100000000)
  region size 1024K, 23 young (23552K), 4 survivors (4096K)
 Metaspace       used 20651K, capacity 21105K, committed 21248K, reserved 1067008K
  class space    used 2533K, capacity 2710K, committed 2816K, reserved 1048576K
}
Event: 7.284 GC heap after
{Heap after GC invocations=5 (full 0):
 garbage-first heap   total 131072K, used 16449K [0x0000000080000000, 0x0000000100000000)
  region size 1024K, 4 young (4096K), 4 survivors (4096K)
 Metaspace       used 20651K, capacity 21105K, committed 21248K, reserved 1067008K
  class space    used 2533K, capacity 2710K, committed 2816K, reserved 1048576K
}
Event: 9.252 GC heap before
{Heap before GC invocations=6 (full 0):
 garbage-first heap   total 131072K, used 67649K [0x0000000080000000, 0x0000000100000000)
  region size 1024K, 54 young (55296K), 4 survivors (4096K)
 Metaspace       used 26343K, capacity 26991K, committed 27008K, reserved 1073152K
  class space    used 3454K, capacity 3696K, committed 3712K, reserved 1048576K
}
Event: 9.265 GC heap after
{Heap after GC invocations=7 (full 0):
 garbage-first heap   total 131072K, used 18378K [0x0000000080000000, 0x0000000100000000)
  region size 1024K, 3 young (3072K), 3 survivors (3072K)
 Metaspace       used 26343K, capacity 26991K, committed 27008K, reserved 1073152K
  class space    used 3454K, capacity 3696K, committed 3712K, reserved 1048576K
}
Event: 11.008 GC heap before
{Heap before GC invocations=7 (full 0):
 garbage-first heap   total 131072K, used 64458K [0x0000000080000000, 0x0000000100000000)
  region size 1024K, 50 young (51200K), 3 survivors (3072K)
 Metaspace       used 35096K, capacity 35737K, committed 35840K, reserved 1081344K
  class space    used 4566K, capacity 4824K, committed 4864K, reserved 1048576K
}
Event: 11.026 GC heap after
{Heap after GC invocations=8 (full 0):
 garbage-first heap   total 131072K, used 21472K [0x0000000080000000, 0x0000000100000000)
  region size 1024K, 6 young (6144K), 6 survivors (6144K)
 Metaspace       used 35096K, capacity 35737K, committed 35840K, reserved 1081344K
  class space    used 4566K, capacity 4824K, committed 4864K, reserved 1048576K
}
Event: 13.120 GC heap before
{Heap before GC invocations=9 (full 0):
 garbage-first heap   total 131072K, used 82912K [0x0000000080000000, 0x0000000100000000)
  region size 1024K, 63 young (64512K), 6 survivors (6144K)
 Metaspace       used 40840K, capacity 41731K, committed 41984K, reserved 1085440K
  class space    used 5219K, capacity 5536K, committed 5632K, reserved 1048576K
}
Event: 13.149 GC heap after
{Heap after GC invocations=10 (full 0):
 garbage-first heap   total 131072K, used 24884K [0x0000000080000000, 0x0000000100000000)
  region size 1024K, 7 young (7168K), 7 survivors (7168K)
 Metaspace       used 40840K, capacity 41731K, committed 41984K, reserved 1085440K
  class space    used 5219K, capacity 5536K, committed 5632K, reserved 1048576K
}
Event: 16.127 GC heap before
{Heap before GC invocations=10 (full 0):
 garbage-first heap   total 131072K, used 87348K [0x0000000080000000, 0x0000000100000000)
  region size 1024K, 68 young (69632K), 7 survivors (7168K)
 Metaspace       used 44372K, capacity 45371K, committed 45568K, reserved 1089536K
  class space    used 5674K, capacity 6046K, committed 6144K, reserved 1048576K
}
Event: 16.150 GC heap after
{Heap after GC invocations=11 (full 0):
 garbage-first heap   total 162816K, used 27473K [0x0000000080000000, 0x0000000100000000)
  region size 1024K, 6 young (6144K), 6 survivors (6144K)
 Metaspace       used 44372K, capacity 45371K, committed 45568K, reserved 1089536K
  class space    used 5674K, capacity 6046K, committed 6144K, reserved 1048576K
}
Event: 23.076 GC heap before
{Heap before GC invocations=11 (full 0):
 garbage-first heap   total 162816K, used 113489K [0x0000000080000000, 0x0000000100000000)
  region size 1024K, 88 young (90112K), 6 survivors (6144K)
 Metaspace       used 55171K, capacity 56551K, committed 56704K, reserved 1097728K
  class space    used 7030K, capacity 7496K, committed 7552K, reserved 1048576K
}
Event: 23.102 GC heap after
{Heap after GC invocations=12 (full 0):
 garbage-first heap   total 162816K, used 38886K [0x0000000080000000, 0x0000000100000000)
  region size 1024K, 11 young (11264K), 11 survivors (11264K)
 Metaspace       used 55171K, capacity 56551K, committed 56704K, reserved 1097728K
  class space    used 7030K, capacity 7496K, committed 7552K, reserved 1048576K
}

Deoptimization events (20 events):
Event: 23.410 Thread 0x0000017453973000 DEOPT PACKING pc=0x000001743c10e3f2 sp=0x00000009dcaf4630
Event: 23.410 Thread 0x0000017453973000 DEOPT UNPACKING pc=0x000001743b1772ce sp=0x00000009dcaf3aa8 mode 0
Event: 23.425 Thread 0x0000017453973000 DEOPT PACKING pc=0x000001743c10e3f2 sp=0x00000009dcaf4630
Event: 23.425 Thread 0x0000017453973000 DEOPT UNPACKING pc=0x000001743b1772ce sp=0x00000009dcaf3aa8 mode 0
Event: 23.426 Thread 0x0000017453973000 DEOPT PACKING pc=0x000001743c10e3f2 sp=0x00000009dcaf4630
Event: 23.426 Thread 0x0000017453973000 DEOPT UNPACKING pc=0x000001743b1772ce sp=0x00000009dcaf3aa8 mode 0
Event: 23.426 Thread 0x0000017453973000 DEOPT PACKING pc=0x000001743c10e3f2 sp=0x00000009dcaf4630
Event: 23.426 Thread 0x0000017453973000 DEOPT UNPACKING pc=0x000001743b1772ce sp=0x00000009dcaf3aa8 mode 0
Event: 23.427 Thread 0x0000017453973000 DEOPT PACKING pc=0x000001743c10e3f2 sp=0x00000009dcaf4630
Event: 23.427 Thread 0x0000017453973000 DEOPT UNPACKING pc=0x000001743b1772ce sp=0x00000009dcaf3aa8 mode 0
Event: 23.427 Thread 0x0000017453973000 DEOPT PACKING pc=0x000001743c10e3f2 sp=0x00000009dcaf4630
Event: 23.427 Thread 0x0000017453973000 DEOPT UNPACKING pc=0x000001743b1772ce sp=0x00000009dcaf3aa8 mode 0
Event: 23.428 Thread 0x0000017453973000 DEOPT PACKING pc=0x000001743c10e3f2 sp=0x00000009dcaf4630
Event: 23.428 Thread 0x0000017453973000 DEOPT UNPACKING pc=0x000001743b1772ce sp=0x00000009dcaf3aa8 mode 0
Event: 23.428 Thread 0x0000017453973000 DEOPT PACKING pc=0x000001743c10e3f2 sp=0x00000009dcaf4630
Event: 23.428 Thread 0x0000017453973000 DEOPT UNPACKING pc=0x000001743b1772ce sp=0x00000009dcaf3aa8 mode 0
Event: 23.434 Thread 0x0000017453973000 Uncommon trap: trap_request=0xffffff4d fr.pc=0x0000017442dafd2c relative=0x000000000000026c
Event: 23.434 Thread 0x0000017453973000 Uncommon trap: reason=unstable_if action=reinterpret pc=0x0000017442dafd2c method=java.util.LinkedHashMap.get(Ljava/lang/Object;)Ljava/lang/Object; @ 20 c2
Event: 23.434 Thread 0x0000017453973000 DEOPT PACKING pc=0x0000017442dafd2c sp=0x00000009dcaf4210
Event: 23.434 Thread 0x0000017453973000 DEOPT UNPACKING pc=0x000001743b1774af sp=0x00000009dcaf41c8 mode 2

Classes redefined (0 events):
No events

Internal exceptions (20 events):
Event: 17.370 Thread 0x00000174531a3800 Exception <a 'java/lang/NoSuchMethodError'{0x00000000890c0540}: <clinit>> (0x00000000890c0540) thrown at [./src/hotspot/share/prims/jni.cpp, line 1362]
Event: 17.457 Thread 0x0000017453973000 Exception <a 'java/lang/ClassNotFoundException'{0x0000000088f19d20}: build_38yyuggy81rhja50zwvaj8y8zBeanInfo> (0x0000000088f19d20) thrown at [./src/hotspot/share/classfile/systemDictionary.cpp, line 231]
Event: 17.457 Thread 0x0000017453973000 Exception <a 'java/lang/ClassNotFoundException'{0x0000000088f22b28}: build_38yyuggy81rhja50zwvaj8y8zCustomizer> (0x0000000088f22b28) thrown at [./src/hotspot/share/classfile/systemDictionary.cpp, line 231]
Event: 17.546 Thread 0x0000017453973000 Exception <a 'java/lang/ClassNotFoundException'{0x0000000088f91c08}: org/gradle/plugin/use/internal/PluginRequestCollector$PluginDependenciesSpecImplBeanInfo> (0x0000000088f91c08) thrown at [./src/hotspot/share/classfile/systemDictionary.cpp, line 231]
Event: 17.548 Thread 0x0000017453973000 Exception <a 'java/lang/ClassNotFoundException'{0x0000000088fb7978}: org/gradle/plugin/use/internal/PluginRequestCollector$PluginDependenciesSpecImplCustomizer> (0x0000000088fb7978) thrown at [./src/hotspot/share/classfile/systemDictionary.cpp, line 231]
Event: 17.589 Thread 0x0000017453973000 Exception <a 'java/lang/NoSuchMethodError'{0x0000000088e297e8}: 'void java.lang.invoke.DirectMethodHandle$Holder.invokeInterface(java.lang.Object, java.lang.Object)'> (0x0000000088e297e8) thrown at [./src/hotspot/share/interpreter/linkResolver.cpp, line 773]
Event: 17.716 Thread 0x0000017453973000 Exception <a 'java/lang/ClassNotFoundException'{0x0000000088de6f08}: org/gradle/api/internal/plugins/DefaultObjectConfigurationActionBeanInfo> (0x0000000088de6f08) thrown at [./src/hotspot/share/classfile/systemDictionary.cpp, line 231]
Event: 17.718 Thread 0x0000017453973000 Exception <a 'java/lang/ClassNotFoundException'{0x0000000088c13248}: org/gradle/api/internal/plugins/DefaultObjectConfigurationActionCustomizer> (0x0000000088c13248) thrown at [./src/hotspot/share/classfile/systemDictionary.cpp, line 231]
Event: 18.303 Thread 0x0000017453973000 Exception <a 'java/lang/NoSuchMethodError'{0x00000000884d9738}: 'java.lang.Object java.lang.invoke.DirectMethodHandle$Holder.invokeStatic(java.lang.Object, java.lang.Object, java.lang.Object, java.lang.Object, int)'> (0x00000000884d9738) thrown at [./src/hotspot/share/interpreter/linkResolver.cpp, line 773]
Event: 18.305 Thread 0x0000017453973000 Exception <a 'java/lang/NoSuchMethodError'{0x00000000884de130}: 'java.lang.Object java.lang.invoke.DirectMethodHandle$Holder.invokeSpecial(java.lang.Object, java.lang.Object, java.lang.Object, java.lang.Object, java.lang.Object, int)'> (0x00000000884de130) thrown at [./src/hotspot/share/interpreter/linkResolver.cpp, line 773]
Event: 18.306 Thread 0x0000017453973000 Exception <a 'java/lang/NoSuchMethodError'{0x00000000884e2770}: 'java.lang.Object java.lang.invoke.Invokers$Holder.linkToTargetMethod(java.lang.Object, java.lang.Object, java.lang.Object, int, java.lang.Object)'> (0x00000000884e2770) thrown at [./src/hotspot/share/interpreter/linkResolver.cpp, line 773]
Event: 19.491 Thread 0x0000017453973000 Exception <a 'java/lang/NoSuchMethodError'{0x000000008706dea0}: 'java.lang.Object java.lang.invoke.DirectMethodHandle$Holder.invokeSpecial(java.lang.Object, java.lang.Object, int, int, java.lang.Object, java.lang.Object, java.lang.Object)'> (0x000000008706dea0) thrown at [./src/hotspot/share/interpreter/linkResolver.cpp, line 773]
Event: 19.492 Thread 0x0000017453973000 Exception <a 'java/lang/NoSuchMethodError'{0x0000000087072420}: 'java.lang.Object java.lang.invoke.DelegatingMethodHandle$Holder.reinvoke_L(java.lang.Object, int, int, java.lang.Object, java.lang.Object, java.lang.Object)'> (0x0000000087072420) thrown at [./src/hotspot/share/interpreter/linkResolver.cpp, line 773]
Event: 20.715 Thread 0x0000017453973000 Exception <a 'java/lang/NoSuchMethodError'{0x00000000864d8148}: 'int java.lang.invoke.DirectMethodHandle$Holder.invokeInterface(java.lang.Object, java.lang.Object, java.lang.Object, java.lang.Object)'> (0x00000000864d8148) thrown at [./src/hotspot/share/interpreter/linkResolver.cpp, line 773]
Event: 21.544 Thread 0x0000017453973000 Exception <a 'java/lang/NoSuchMethodError'{0x0000000085ac77f0}: 'void java.lang.invoke.DirectMethodHandle$Holder.invokeInterface(java.lang.Object, java.lang.Object, java.lang.Object, java.lang.Object)'> (0x0000000085ac77f0) thrown at [./src/hotspot/share/interpreter/linkResolver.cpp, line 773]
Event: 22.131 Thread 0x0000017453973000 Exception <a 'java/lang/IncompatibleClassChangeError'{0x000000008524d808}: Found class java.lang.Object, but interface was expected> (0x000000008524d808) thrown at [./src/hotspot/share/interpreter/linkResolver.cpp, line 839]
Event: 22.631 Thread 0x0000017453973000 Exception <a 'java/lang/NoSuchMethodError'{0x00000000852e94e0}: 'void java.lang.invoke.DirectMethodHandle$Holder.invokeStatic(java.lang.Object, java.lang.Object, java.lang.Object, java.lang.Object, java.lang.Object)'> (0x00000000852e94e0) thrown at [./src/hotspot/share/interpreter/linkResolver.cpp, line 773]
Event: 22.811 Thread 0x0000017453973000 Implicit null exception at 0x0000017442e400d4 to 0x0000017442e402b8
Event: 22.811 Thread 0x0000017453973000 Implicit null exception at 0x0000017442e43e39 to 0x0000017442e43f1c
Event: 23.175 Thread 0x0000017453973000 Implicit null exception at 0x0000017442de012b to 0x0000017442de03fc

Events (20 events):
Event: 24.081 loading class com/android/build/gradle/internal/dsl/BaseAppModuleExtension
Event: 24.081 loading class com/android/build/gradle/internal/dsl/BaseAppModuleExtension done
Event: 24.082 loading class com/android/build/gradle/internal/dsl/InternalApplicationExtension
Event: 24.082 loading class com/android/build/gradle/internal/dsl/InternalApplicationExtension done
Event: 24.083 loading class com/android/build/api/dsl/ApplicationExtension
Event: 24.083 loading class com/android/build/api/dsl/ApplicationExtension done
Event: 24.086 loading class com/android/build/api/dsl/CommonExtension
Event: 24.086 loading class com/android/build/api/dsl/CommonExtension done
Event: 24.091 loading class com/android/build/api/dsl/ApkExtension
Event: 24.091 loading class com/android/build/api/dsl/ApkExtension done
Event: 24.092 loading class com/android/build/api/dsl/TestedExtension
Event: 24.092 loading class com/android/build/api/dsl/TestedExtension done
Event: 24.093 loading class com/android/build/gradle/internal/dsl/InternalCommonExtension
Event: 24.093 loading class com/android/build/gradle/internal/dsl/InternalCommonExtension done
Event: 24.097 loading class com/android/build/gradle/AppExtension
Event: 24.097 loading class com/android/build/gradle/AppExtension done
Event: 24.099 loading class com/android/build/gradle/AbstractAppExtension
Event: 24.099 loading class com/android/build/gradle/AbstractAppExtension done
Event: 24.101 loading class com/android/build/gradle/TestedExtension
Event: 24.101 loading class com/android/build/gradle/TestedExtension done


Dynamic libraries:
0x00007ff650d70000 - 0x00007ff650d7a000 	C:\Program Files\Android\Android Studio\jre\bin\java.exe
0x00007ff8688f0000 - 0x00007ff868ae5000 	C:\WINDOWS\SYSTEM32\ntdll.dll
0x00007ff866ce0000 - 0x00007ff866d9d000 	C:\WINDOWS\System32\KERNEL32.DLL
0x00007ff8663b0000 - 0x00007ff866678000 	C:\WINDOWS\System32\KERNELBASE.dll
0x00007ff866860000 - 0x00007ff866960000 	C:\WINDOWS\System32\ucrtbase.dll
0x00007ff859690000 - 0x00007ff8596a7000 	C:\Program Files\Android\Android Studio\jre\bin\VCRUNTIME140.dll
0x00007ff859670000 - 0x00007ff859689000 	C:\Program Files\Android\Android Studio\jre\bin\jli.dll
0x00007ff868400000 - 0x00007ff8685a0000 	C:\WINDOWS\System32\USER32.dll
0x00007ff866060000 - 0x00007ff866082000 	C:\WINDOWS\System32\win32u.dll
0x00007ff8682a0000 - 0x00007ff8682ca000 	C:\WINDOWS\System32\GDI32.dll
0x00007ff848c40000 - 0x00007ff848eda000 	C:\WINDOWS\WinSxS\amd64_microsoft.windows.common-controls_6595b64144ccf1df_6.0.19041.1052_none_60b8f8fd71f5e8cb\COMCTL32.dll
0x00007ff866090000 - 0x00007ff86619b000 	C:\WINDOWS\System32\gdi32full.dll
0x00007ff866b60000 - 0x00007ff866bfe000 	C:\WINDOWS\System32\msvcrt.dll
0x00007ff8667c0000 - 0x00007ff86685d000 	C:\WINDOWS\System32\msvcp_win.dll
0x00007ff868870000 - 0x00007ff8688a0000 	C:\WINDOWS\System32\IMM32.DLL
0x00007ff839390000 - 0x00007ff83942d000 	C:\Program Files\Android\Android Studio\jre\bin\msvcp140.dll
0x00007ff829e70000 - 0x00007ff82a92c000 	C:\Program Files\Android\Android Studio\jre\bin\server\jvm.dll
0x00007ff8685a0000 - 0x00007ff86864c000 	C:\WINDOWS\System32\ADVAPI32.dll
0x00007ff868660000 - 0x00007ff8686fb000 	C:\WINDOWS\System32\sechost.dll
0x00007ff8682d0000 - 0x00007ff8683fb000 	C:\WINDOWS\System32\RPCRT4.dll
0x00007ff868650000 - 0x00007ff868658000 	C:\WINDOWS\System32\PSAPI.DLL
0x00007ff853520000 - 0x00007ff853529000 	C:\WINDOWS\SYSTEM32\WSOCK32.dll
0x00007ff856db0000 - 0x00007ff856dd7000 	C:\WINDOWS\SYSTEM32\WINMM.dll
0x00007ff867a00000 - 0x00007ff867a6b000 	C:\WINDOWS\System32\WS2_32.dll
0x00007ff856b80000 - 0x00007ff856b8a000 	C:\WINDOWS\SYSTEM32\VERSION.dll
0x00007ff863ea0000 - 0x00007ff863eb2000 	C:\WINDOWS\SYSTEM32\kernel.appcore.dll
0x00007ff859030000 - 0x00007ff859041000 	C:\Program Files\Android\Android Studio\jre\bin\verify.dll
0x00007ff84fd40000 - 0x00007ff84ff24000 	C:\WINDOWS\SYSTEM32\DBGHELP.DLL
0x00007ff84fd10000 - 0x00007ff84fd3c000 	C:\WINDOWS\SYSTEM32\dbgcore.DLL
0x00007ff866730000 - 0x00007ff8667b3000 	C:\WINDOWS\System32\bcryptPrimitives.dll
0x00007ff859000000 - 0x00007ff859029000 	C:\Program Files\Android\Android Studio\jre\bin\java.dll
0x00007ff861b80000 - 0x00007ff861b8b000 	C:\Program Files\Android\Android Studio\jre\bin\jimage.dll
0x00007ff8552c0000 - 0x00007ff8552d8000 	C:\Program Files\Android\Android Studio\jre\bin\zip.dll
0x00007ff867220000 - 0x00007ff86795f000 	C:\WINDOWS\System32\SHELL32.dll
0x00007ff864180000 - 0x00007ff864910000 	C:\WINDOWS\SYSTEM32\windows.storage.dll
0x00007ff866ec0000 - 0x00007ff867215000 	C:\WINDOWS\System32\combase.dll
0x00007ff8659d0000 - 0x00007ff8659fc000 	C:\WINDOWS\SYSTEM32\Wldp.dll
0x00007ff868700000 - 0x00007ff8687ae000 	C:\WINDOWS\System32\SHCORE.dll
0x00007ff868810000 - 0x00007ff868865000 	C:\WINDOWS\System32\shlwapi.dll
0x00007ff865f70000 - 0x00007ff865f8f000 	C:\WINDOWS\SYSTEM32\profapi.dll
0x00007ff8552a0000 - 0x00007ff8552ba000 	C:\Program Files\Android\Android Studio\jre\bin\net.dll
0x00007ff8600f0000 - 0x00007ff8601fb000 	C:\WINDOWS\SYSTEM32\WINHTTP.dll
0x00007ff865740000 - 0x00007ff8657aa000 	C:\WINDOWS\system32\mswsock.dll
0x00007ff855280000 - 0x00007ff855294000 	C:\Program Files\Android\Android Studio\jre\bin\nio.dll
0x00007ff84e240000 - 0x00007ff84e267000 	C:\Users\hope\.gradle\native\fdc75f09e3144964f2cf3f50f0aa648679c211496f362492102eb8c894070792\windows-amd64\native-platform.dll
0x00007ff830b40000 - 0x00007ff830cd6000 	C:\Users\hope\.gradle\native\12488b8bf47d2d4c9fbf2f6322a914ad602e24e48041cd04a747c6da556b65c4\windows-amd64\native-platform-file-events.dll
0x00007ff861ae0000 - 0x00007ff861aea000 	C:\Program Files\Android\Android Studio\jre\bin\management.dll
0x00007ff8603e0000 - 0x00007ff8603ec000 	C:\Program Files\Android\Android Studio\jre\bin\management_ext.dll
0x00007ff865920000 - 0x00007ff865938000 	C:\WINDOWS\SYSTEM32\CRYPTSP.dll
0x00007ff8650e0000 - 0x00007ff865114000 	C:\WINDOWS\system32\rsaenh.dll
0x00007ff866030000 - 0x00007ff866057000 	C:\WINDOWS\System32\bcrypt.dll
0x00007ff865f30000 - 0x00007ff865f5e000 	C:\WINDOWS\SYSTEM32\USERENV.dll
0x00007ff865910000 - 0x00007ff86591c000 	C:\WINDOWS\SYSTEM32\CRYPTBASE.dll
0x00007ff865430000 - 0x00007ff86546b000 	C:\WINDOWS\SYSTEM32\IPHLPAPI.DLL
0x00007ff8688a0000 - 0x00007ff8688a8000 	C:\WINDOWS\System32\NSI.dll
0x00007ff85be10000 - 0x00007ff85be27000 	C:\WINDOWS\SYSTEM32\dhcpcsvc6.DLL
0x00007ff85c190000 - 0x00007ff85c1ad000 	C:\WINDOWS\SYSTEM32\dhcpcsvc.DLL
0x00007ff865470000 - 0x00007ff86553c000 	C:\WINDOWS\SYSTEM32\DNSAPI.dll
0x00007ff85d3a0000 - 0x00007ff85d3ab000 	C:\WINDOWS\SYSTEM32\WINNSI.DLL

dbghelp: loaded successfully - version: 4.0.5 - missing functions: none
symbol engine: initialized successfully - sym options: 0x614 - pdb path: .;C:\Program Files\Android\Android Studio\jre\bin;C:\WINDOWS\SYSTEM32;C:\WINDOWS\WinSxS\amd64_microsoft.windows.common-controls_6595b64144ccf1df_6.0.19041.1052_none_60b8f8fd71f5e8cb;C:\Program Files\Android\Android Studio\jre\bin\server;C:\Users\hope\.gradle\native\fdc75f09e3144964f2cf3f50f0aa648679c211496f362492102eb8c894070792\windows-amd64;C:\Users\hope\.gradle\native\12488b8bf47d2d4c9fbf2f6322a914ad602e24e48041cd04a747c6da556b65c4\windows-amd64

VM Arguments:
jvm_args: --add-opens=java.base/java.util=ALL-UNNAMED --add-opens=java.base/java.lang=ALL-UNNAMED --add-opens=java.base/java.lang.invoke=ALL-UNNAMED --add-opens=java.prefs/java.util.prefs=ALL-UNNAMED -Xmx2048m -Dfile.encoding=UTF-8 -Duser.country=US -Duser.language=en -Duser.variant 
java_command: org.gradle.launcher.daemon.bootstrap.GradleDaemon 6.7.1
java_class_path (initial): C:\Users\hope\.gradle\wrapper\dists\gradle-6.7.1-bin\bwlcbys1h7rz3272sye1xwiv6\gradle-6.7.1\lib\gradle-launcher-6.7.1.jar
Launcher Type: SUN_STANDARD

[Global flags]
     intx CICompilerCount                          = 3                                         {product} {ergonomic}
     uint ConcGCThreads                            = 1                                         {product} {ergonomic}
     uint G1ConcRefinementThreads                  = 4                                         {product} {ergonomic}
   size_t G1HeapRegionSize                         = 1048576                                   {product} {ergonomic}
    uintx GCDrainStackTargetSize                   = 64                                        {product} {ergonomic}
   size_t InitialHeapSize                          = 134217728                                 {product} {ergonomic}
   size_t MarkStackSize                            = 4194304                                   {product} {ergonomic}
   size_t MaxHeapSize                              = 2147483648                                {product} {command line}
   size_t MaxNewSize                               = 1287651328                                {product} {ergonomic}
   size_t MinHeapDeltaBytes                        = 1048576                                   {product} {ergonomic}
    uintx NonNMethodCodeHeapSize                   = 5830732                                {pd product} {ergonomic}
    uintx NonProfiledCodeHeapSize                  = 122913754                              {pd product} {ergonomic}
    uintx ProfiledCodeHeapSize                     = 122913754                              {pd product} {ergonomic}
    uintx ReservedCodeCacheSize                    = 251658240                              {pd product} {ergonomic}
     bool SegmentedCodeCache                       = true                                      {product} {ergonomic}
     bool UseCompressedClassPointers               = true                                 {lp64_product} {ergonomic}
     bool UseCompressedOops                        = true                                 {lp64_product} {ergonomic}
     bool UseG1GC                                  = true                                      {product} {ergonomic}
     bool UseLargePagesIndividualAllocation        = false                                  {pd product} {ergonomic}

Logging:
Log output configuration:
 #0: stdout all=warning uptime,level,tags
 #1: stderr all=off uptime,level,tags

Environment Variables:
PATH=C:\Program Files (x86)\Common Files\Oracle\Java\javapath;C:\Program Files (x86)\Intel\iCLS Client\;C:\Program Files\Intel\iCLS Client\;C:\WINDOWS\system32;C:\WINDOWS;C:\WINDOWS\System32\Wbem;C:\WINDOWS\System32\WindowsPowerShell\v1.0\;C:\Program Files (x86)\Skype\Phone\;C:\Program Files (x86)\Intel\Intel(R) Management Engine Components\DAL;C:\Program Files\Intel\Intel(R) Management Engine Components\DAL;C:\Program Files (x86)\Intel\Intel(R) Management Engine Components\IPT;C:\Program Files\Intel\Intel(R) Management Engine Components\IPT;C:\WINDOWS\System32\OpenSSH\;C:\Program Files\Intel\WiFi\bin\;C:\Program Files\Common Files\Intel\WirelessCommon\;C:\Program Files (x86)\Brackets\command;C:\Program Files\Git\cmd;C:\Users\hope\AppData\Local\Microsoft\WindowsApps;
USERNAME=hope
OS=Windows_NT
PROCESSOR_IDENTIFIER=Intel64 Family 6 Model 78 Stepping 3, GenuineIntel



---------------  S Y S T E M  ---------------

OS: Windows 10 , 64 bit Build 19041 (10.0.19041.1023)
OS uptime: 21 days 20:24 hours

CPU:total 4 (initial active 4) (2 cores per cpu, 2 threads per core) family 6 model 78 stepping 3, cmov, cx8, fxsr, mmx, sse, sse2, sse3, ssse3, sse4.1, sse4.2, popcnt, avx, avx2, aes, clmul, erms, 3dnowpref, lzcnt, ht, tsc, tscinvbit, bmi1, bmi2, adx, fma

Memory: 4k page, system-wide physical 8103M (455M free)
TotalPageFile size 32679M (AvailPageFile size 8M)
current process WorkingSet (physical memory assigned to process): 314M, peak: 319M
current process commit charge ("private bytes"): 378M, peak: 381M

vm_info: OpenJDK 64-Bit Server VM (11.0.8+10-b944.6842174) for windows-amd64 JRE (11.0.8+10-b944.6842174), built on Sep 19 2020 01:11:42 by "builder" with MS VC++ 14.0 (VS2015)

END.
