#
# There is insufficient memory for the Java Runtime Environment to continue.
# Native memory allocation (malloc) failed to allocate 2142416 bytes for Chunk::new
# Possible reasons:
#   The system is out of physical RAM or swap space
#   The process is running with CompressedOops enabled, and the Java Heap may be blocking the growth of the native heap
# Possible solutions:
#   Reduce memory load on the system
#   Increase physical memory or swap space
#   Check if swap backing store is full
#   Decrease Java heap size (-Xmx/-Xms)
#   Decrease number of Java threads
#   Decrease Java thread stack sizes (-Xss)
#   Set larger code cache with -XX:ReservedCodeCacheSize=
#   JVM is running with Unscaled Compressed Oops mode in which the Java heap is
#     placed in the first 4GB address space. The Java Heap base address is the
#     maximum limit for the native heap growth. Please use -XX:HeapBaseMinAddress
#     to set the Java Heap base and to place the Java Heap above 4GB virtual address.
# This output file may be truncated or incomplete.
#
#  Out of Memory Error (./src/hotspot/share/memory/arena.cpp:197), pid=620, tid=19188
#
# JRE version: OpenJDK Runtime Environment (11.0.8+10) (build 11.0.8+10-b944.6842174)
# Java VM: OpenJDK 64-Bit Server VM (11.0.8+10-b944.6842174, mixed mode, tiered, compressed oops, g1 gc, windows-amd64)
# No core dump will be written. Minidumps are not enabled by default on client versions of Windows
#

---------------  S U M M A R Y ------------

Command Line: --add-opens=java.base/java.util=ALL-UNNAMED --add-opens=java.base/java.lang=ALL-UNNAMED --add-opens=java.base/java.lang.invoke=ALL-UNNAMED --add-opens=java.prefs/java.util.prefs=ALL-UNNAMED -Xmx2048m -Dfile.encoding=UTF-8 -Duser.country=US -Duser.language=en -Duser.variant org.gradle.launcher.daemon.bootstrap.GradleDaemon 6.7.1

Host: Intel(R) Core(TM) i5-6200U CPU @ 2.30GHz, 4 cores, 7G,  Windows 10 , 64 bit Build 19041 (10.0.19041.1023)
Time: Tue Jul 27 04:52:21 2021 Pacific Daylight Time elapsed time: 25 seconds (0d 0h 0m 25s)

---------------  T H R E A D  ---------------

Current thread (0x000001615d5c8800):  JavaThread "C2 CompilerThread1" daemon [_thread_in_native, id=19188, stack(0x0000000d95a00000,0x0000000d95b00000)]


Current CompileTask:
C2:  25891 6010       4       sun.reflect.generics.parser.SignatureParser::parsePackageNameAndSimpleClassTypeSignature (119 bytes)

Stack: [0x0000000d95a00000,0x0000000d95b00000]
Native frames: (J=compiled Java code, j=interpreted, Vv=VM code, C=native code)
V  [jvm.dll+0x5de50a]
V  [jvm.dll+0x7122f5]
V  [jvm.dll+0x71384d]
V  [jvm.dll+0x713f03]
V  [jvm.dll+0x23e728]
V  [jvm.dll+0xb899c]
V  [jvm.dll+0xb8e9c]
V  [jvm.dll+0x35020b]
V  [jvm.dll+0x31dea3]
V  [jvm.dll+0x31d39a]
V  [jvm.dll+0x1f7702]
V  [jvm.dll+0x1f68d4]
V  [jvm.dll+0x17f32c]
V  [jvm.dll+0x205047]
V  [jvm.dll+0x203891]
V  [jvm.dll+0x6dad3f]
V  [jvm.dll+0x6d3895]
V  [jvm.dll+0x5dd4a6]
C  [ucrtbase.dll+0x21bb2]
C  [KERNEL32.DLL+0x17034]
C  [ntdll.dll+0x52651]


---------------  P R O C E S S  ---------------

Threads class SMR info:
_java_thread_list=0x000001615901f2d0, length=133, elements={
0x000001613c7db800, 0x00000161581b0000, 0x00000161581b1800, 0x0000016158b42800,
0x00000161581b5800, 0x00000161581b7000, 0x00000161581d5000, 0x00000161581d8800,
0x0000016158c79800, 0x0000016158c90000, 0x000001615a37d000, 0x0000016158e7e000,
0x000001615a92d800, 0x000001615a317000, 0x000001615ade6800, 0x000001615a5d3800,
0x000001615995c800, 0x000001615a960800, 0x0000016159db5800, 0x000001615a176800,
0x0000016158d39800, 0x0000016158d3a800, 0x0000016158d3b000, 0x0000016158d38000,
0x0000016158d39000, 0x0000016158d3c000, 0x0000016158d36800, 0x0000016158d3d000,
0x0000016158d37000, 0x000001615b325800, 0x000001615b320000, 0x000001615b327000,
0x000001615b326800, 0x000001615b328000, 0x000001615b324800, 0x000001615b322000,
0x000001615b323000, 0x000001615b328800, 0x000001615b324000, 0x000001615b32e800,
0x000001615b329800, 0x000001615b32b000, 0x000001615b32d000, 0x000001615b32d800,
0x000001615b32a800, 0x000001615b32c000, 0x0000016158c98000, 0x0000016158c92800,
0x0000016158c93000, 0x0000016158c96800, 0x0000016158c99800, 0x0000016158c94000,
0x0000016158c9a800, 0x0000016158c97800, 0x0000016158c99000, 0x0000016158c95000,
0x0000016158c9b800, 0x0000016158c95800, 0x0000016158c9c000, 0x0000016158ca0800,
0x0000016158ca1000, 0x0000016158c9d000, 0x0000016158c9e000, 0x0000016158c9e800,
0x0000016158c9f800, 0x000001615e44e000, 0x000001615e44f000, 0x000001615e44c800,
0x000001615e44d800, 0x000001615e449800, 0x000001615e450000, 0x000001615e44b000,
0x000001615e44a000, 0x000001615e451800, 0x000001615e44b800, 0x000001615e454000,
0x000001615e454800, 0x000001615e450800, 0x000001615e457000, 0x000001615e455800,
0x000001615e456800, 0x000001615e453000, 0x000001615e458000, 0x000001615e452800,
0x000001615d4fb800, 0x000001615d4fc000, 0x000001615d4fe800, 0x000001615d4fd000,
0x000001615d4ff800, 0x000001615d4fa800, 0x000001615d4fd800, 0x000001615d500000,
0x000001615d503800, 0x000001615d502800, 0x000001615d506000, 0x000001615d501000,
0x000001615d506800, 0x000001615d504800, 0x000001615d507800, 0x000001615d502000,
0x000001615d508800, 0x000001615d505000, 0x000001615d509000, 0x000001615d5ff800,
0x000001615d602000, 0x000001615d5fd800, 0x000001615d5fe800, 0x000001615d600000,
0x000001615d601000, 0x000001615d602800, 0x000001615d5fd000, 0x000001615d605000,
0x000001615d609000, 0x000001615d606000, 0x000001615d606800, 0x000001615d603800,
0x000001615d60a000, 0x000001615d607800, 0x000001615d608800, 0x000001615d604000,
0x000001615d60b000, 0x000001615d60b800, 0x000001615d5c1000, 0x000001615d5c2000,
0x000001615d5c2800, 0x000001615d5bd800, 0x000001615d5c0000, 0x000001615d5be800,
0x000001615d5bf800, 0x000001615d5bd000, 0x000001615d5c7800, 0x000001615d5c9000,
0x000001615d5c8800
}

Java Threads: ( => current thread )
  0x000001613c7db800 JavaThread "main" [_thread_blocked, id=32848, stack(0x0000000d93700000,0x0000000d93800000)]
  0x00000161581b0000 JavaThread "Reference Handler" daemon [_thread_blocked, id=35532, stack(0x0000000d93e00000,0x0000000d93f00000)]
  0x00000161581b1800 JavaThread "Finalizer" daemon [_thread_blocked, id=24200, stack(0x0000000d93f00000,0x0000000d94000000)]
  0x0000016158b42800 JavaThread "Signal Dispatcher" daemon [_thread_blocked, id=18316, stack(0x0000000d94000000,0x0000000d94100000)]
  0x00000161581b5800 JavaThread "Attach Listener" daemon [_thread_blocked, id=15624, stack(0x0000000d94100000,0x0000000d94200000)]
  0x00000161581b7000 JavaThread "C2 CompilerThread0" daemon [_thread_in_native, id=26988, stack(0x0000000d94200000,0x0000000d94300000)]
  0x00000161581d5000 JavaThread "C1 CompilerThread0" daemon [_thread_blocked, id=36388, stack(0x0000000d94300000,0x0000000d94400000)]
  0x00000161581d8800 JavaThread "Sweeper thread" daemon [_thread_blocked, id=29124, stack(0x0000000d94400000,0x0000000d94500000)]
  0x0000016158c79800 JavaThread "Common-Cleaner" daemon [_thread_blocked, id=12044, stack(0x0000000d94500000,0x0000000d94600000)]
  0x0000016158c90000 JavaThread "Service Thread" daemon [_thread_blocked, id=36716, stack(0x0000000d94600000,0x0000000d94700000)]
  0x000001615a37d000 JavaThread "Daemon health stats" [_thread_blocked, id=18936, stack(0x0000000d94b00000,0x0000000d94c00000)]
  0x0000016158e7e000 JavaThread "Incoming local TCP Connector on port 56584" [_thread_in_native, id=23852, stack(0x0000000d94d00000,0x0000000d94e00000)]
  0x000001615a92d800 JavaThread "Daemon periodic checks" [_thread_blocked, id=32868, stack(0x0000000d94e00000,0x0000000d94f00000)]
  0x000001615a317000 JavaThread "Daemon" [_thread_blocked, id=22584, stack(0x0000000d94f00000,0x0000000d95000000)]
  0x000001615ade6800 JavaThread "Handler for socket connection from /127.0.0.1:56584 to /127.0.0.1:56585" [_thread_in_native, id=22416, stack(0x0000000d95000000,0x0000000d95100000)]
  0x000001615a5d3800 JavaThread "Cancel handler" [_thread_blocked, id=35092, stack(0x0000000d95100000,0x0000000d95200000)]
  0x000001615995c800 JavaThread "Daemon worker" [_thread_in_Java, id=33396, stack(0x0000000d95200000,0x0000000d95300000)]
  0x000001615a960800 JavaThread "Asynchronous log dispatcher for DefaultDaemonConnection: socket connection from /127.0.0.1:56584 to /127.0.0.1:56585" [_thread_blocked, id=33676, stack(0x0000000d95300000,0x0000000d95400000)]
  0x0000016159db5800 JavaThread "Stdin handler" [_thread_blocked, id=25720, stack(0x0000000d95400000,0x0000000d95500000)]
  0x000001615a176800 JavaThread "Thread-8" [_thread_blocked, id=34644, stack(0x0000000d95500000,0x0000000d95600000)]
  0x0000016158d39800 JavaThread "Cache worker for file hash cache (C:\Users\hope\.gradle\caches\6.7.1\fileHashes)" [_thread_blocked, id=17080, stack(0x0000000d95700000,0x0000000d95800000)]
  0x0000016158d3a800 JavaThread "File lock request listener" [_thread_in_native, id=31176, stack(0x0000000d95800000,0x0000000d95900000)]
  0x0000016158d3b000 JavaThread "Cache worker for journal cache (C:\Users\hope\.gradle\caches\journal-1)" [_thread_blocked, id=14532, stack(0x0000000d95900000,0x0000000d95a00000)]
  0x0000016158d38000 JavaThread "Cache worker for file hash cache (C:\Users\hope\AndroidStudioProjects\TicTacToe\.gradle\6.7.1\fileHashes)" [_thread_blocked, id=2156, stack(0x0000000d95b00000,0x0000000d95c00000)]
  0x0000016158d39000 JavaThread "Cache worker for checksums cache (C:\Users\hope\AndroidStudioProjects\TicTacToe\.gradle\checksums)" [_thread_blocked, id=33096, stack(0x0000000d95c00000,0x0000000d95d00000)]
  0x0000016158d3c000 JavaThread "Cache worker for cache directory md-supplier (C:\Users\hope\.gradle\caches\6.7.1\md-supplier)" [_thread_blocked, id=8968, stack(0x0000000d95d00000,0x0000000d95e00000)]
  0x0000016158d36800 JavaThread "Cache worker for cache directory md-rule (C:\Users\hope\.gradle\caches\6.7.1\md-rule)" [_thread_blocked, id=11528, stack(0x0000000d95e00000,0x0000000d95f00000)]
  0x0000016158d3d000 JavaThread "Cache worker for execution history cache (C:\Users\hope\.gradle\caches\6.7.1\executionHistory)" [_thread_blocked, id=8000, stack(0x0000000d95f00000,0x0000000d96000000)]
  0x0000016158d37000 JavaThread "jar transforms" [_thread_blocked, id=34356, stack(0x0000000d96000000,0x0000000d96100000)]
  0x000001615b325800 JavaThread "Cache worker for file content cache (C:\Users\hope\.gradle\caches\6.7.1\fileContent)" [_thread_blocked, id=12916, stack(0x0000000d96100000,0x0000000d96200000)]
  0x000001615b320000 JavaThread "Cache worker for Build Output Cleanup Cache (C:\Users\hope\AndroidStudioProjects\TicTacToe\.gradle\buildOutputCleanup)" [_thread_blocked, id=25252, stack(0x0000000d96200000,0x0000000d96300000)]
  0x000001615b327000 JavaThread "Build operations" [_thread_blocked, id=33516, stack(0x0000000d96300000,0x0000000d96400000)]
  0x000001615b326800 JavaThread "Build operations Thread 2" [_thread_blocked, id=29372, stack(0x0000000d96400000,0x0000000d96500000)]
  0x000001615b328000 JavaThread "Build operations Thread 3" [_thread_blocked, id=29240, stack(0x0000000d96500000,0x0000000d96600000)]
  0x000001615b324800 JavaThread "Build operations Thread 4" [_thread_blocked, id=31800, stack(0x0000000d96600000,0x0000000d96700000)]
  0x000001615b322000 JavaThread "jar transforms Thread 2" [_thread_blocked, id=812, stack(0x0000000d96700000,0x0000000d96800000)]
  0x000001615b323000 JavaThread "jar transforms Thread 3" [_thread_blocked, id=13568, stack(0x0000000d96800000,0x0000000d96900000)]
  0x000001615b328800 JavaThread "jar transforms Thread 4" [_thread_blocked, id=34936, stack(0x0000000d96900000,0x0000000d96a00000)]
  0x000001615b324000 JavaThread "jar transforms Thread 5" [_thread_blocked, id=22880, stack(0x0000000d96a00000,0x0000000d96b00000)]
  0x000001615b32e800 JavaThread "jar transforms Thread 6" [_thread_blocked, id=26192, stack(0x0000000d96b00000,0x0000000d96c00000)]
  0x000001615b329800 JavaThread "jar transforms Thread 7" [_thread_blocked, id=34460, stack(0x0000000d96c00000,0x0000000d96d00000)]
  0x000001615b32b000 JavaThread "jar transforms Thread 8" [_thread_blocked, id=11840, stack(0x0000000d96d00000,0x0000000d96e00000)]
  0x000001615b32d000 JavaThread "jar transforms Thread 9" [_thread_blocked, id=30344, stack(0x0000000d96e00000,0x0000000d96f00000)]
  0x000001615b32d800 JavaThread "jar transforms Thread 10" [_thread_blocked, id=26340, stack(0x0000000d96f00000,0x0000000d97000000)]
  0x000001615b32a800 JavaThread "jar transforms Thread 11" [_thread_blocked, id=30144, stack(0x0000000d97000000,0x0000000d97100000)]
  0x000001615b32c000 JavaThread "jar transforms Thread 12" [_thread_blocked, id=21776, stack(0x0000000d97100000,0x0000000d97200000)]
  0x0000016158c98000 JavaThread "jar transforms Thread 13" [_thread_blocked, id=18588, stack(0x0000000d97200000,0x0000000d97300000)]
  0x0000016158c92800 JavaThread "jar transforms Thread 14" [_thread_blocked, id=34860, stack(0x0000000d97300000,0x0000000d97400000)]
  0x0000016158c93000 JavaThread "jar transforms Thread 15" [_thread_blocked, id=17236, stack(0x0000000d97400000,0x0000000d97500000)]
  0x0000016158c96800 JavaThread "jar transforms Thread 16" [_thread_blocked, id=9944, stack(0x0000000d97500000,0x0000000d97600000)]
  0x0000016158c99800 JavaThread "jar transforms Thread 17" [_thread_blocked, id=25496, stack(0x0000000d97600000,0x0000000d97700000)]
  0x0000016158c94000 JavaThread "jar transforms Thread 18" [_thread_blocked, id=28116, stack(0x0000000d97700000,0x0000000d97800000)]
  0x0000016158c9a800 JavaThread "jar transforms Thread 19" [_thread_blocked, id=21272, stack(0x0000000d97800000,0x0000000d97900000)]
  0x0000016158c97800 JavaThread "jar transforms Thread 20" [_thread_blocked, id=6368, stack(0x0000000d97900000,0x0000000d97a00000)]
  0x0000016158c99000 JavaThread "jar transforms Thread 21" [_thread_blocked, id=28920, stack(0x0000000d97a00000,0x0000000d97b00000)]
  0x0000016158c95000 JavaThread "jar transforms Thread 22" [_thread_blocked, id=25236, stack(0x0000000d97b00000,0x0000000d97c00000)]
  0x0000016158c9b800 JavaThread "jar transforms Thread 23" [_thread_blocked, id=5328, stack(0x0000000d97c00000,0x0000000d97d00000)]
  0x0000016158c95800 JavaThread "jar transforms Thread 24" [_thread_blocked, id=9788, stack(0x0000000d97d00000,0x0000000d97e00000)]
  0x0000016158c9c000 JavaThread "jar transforms Thread 25" [_thread_blocked, id=30412, stack(0x0000000d97e00000,0x0000000d97f00000)]
  0x0000016158ca0800 JavaThread "jar transforms Thread 26" [_thread_blocked, id=18536, stack(0x0000000d97f00000,0x0000000d98000000)]
  0x0000016158ca1000 JavaThread "jar transforms Thread 27" [_thread_blocked, id=21140, stack(0x0000000d98000000,0x0000000d98100000)]
  0x0000016158c9d000 JavaThread "jar transforms Thread 28" [_thread_blocked, id=21156, stack(0x0000000d98100000,0x0000000d98200000)]
  0x0000016158c9e000 JavaThread "jar transforms Thread 29" [_thread_blocked, id=17064, stack(0x0000000d98200000,0x0000000d98300000)]
  0x0000016158c9e800 JavaThread "jar transforms Thread 30" [_thread_blocked, id=20872, stack(0x0000000d98300000,0x0000000d98400000)]
  0x0000016158c9f800 JavaThread "jar transforms Thread 31" [_thread_blocked, id=4972, stack(0x0000000d98400000,0x0000000d98500000)]
  0x000001615e44e000 JavaThread "jar transforms Thread 32" [_thread_blocked, id=8564, stack(0x0000000d98500000,0x0000000d98600000)]
  0x000001615e44f000 JavaThread "jar transforms Thread 33" [_thread_blocked, id=25184, stack(0x0000000d98600000,0x0000000d98700000)]
  0x000001615e44c800 JavaThread "jar transforms Thread 34" [_thread_blocked, id=19872, stack(0x0000000d98700000,0x0000000d98800000)]
  0x000001615e44d800 JavaThread "jar transforms Thread 35" [_thread_blocked, id=32760, stack(0x0000000d98800000,0x0000000d98900000)]
  0x000001615e449800 JavaThread "jar transforms Thread 36" [_thread_blocked, id=35132, stack(0x0000000d98900000,0x0000000d98a00000)]
  0x000001615e450000 JavaThread "jar transforms Thread 37" [_thread_blocked, id=15156, stack(0x0000000d98a00000,0x0000000d98b00000)]
  0x000001615e44b000 JavaThread "jar transforms Thread 38" [_thread_blocked, id=27844, stack(0x0000000d98b00000,0x0000000d98c00000)]
  0x000001615e44a000 JavaThread "jar transforms Thread 39" [_thread_blocked, id=29268, stack(0x0000000d98c00000,0x0000000d98d00000)]
  0x000001615e451800 JavaThread "jar transforms Thread 40" [_thread_blocked, id=23812, stack(0x0000000d98d00000,0x0000000d98e00000)]
  0x000001615e44b800 JavaThread "jar transforms Thread 41" [_thread_blocked, id=816, stack(0x0000000d98e00000,0x0000000d98f00000)]
  0x000001615e454000 JavaThread "jar transforms Thread 42" [_thread_blocked, id=3580, stack(0x0000000d98f00000,0x0000000d99000000)]
  0x000001615e454800 JavaThread "jar transforms Thread 43" [_thread_blocked, id=24048, stack(0x0000000d99000000,0x0000000d99100000)]
  0x000001615e450800 JavaThread "jar transforms Thread 44" [_thread_blocked, id=8212, stack(0x0000000d99100000,0x0000000d99200000)]
  0x000001615e457000 JavaThread "jar transforms Thread 45" [_thread_blocked, id=35540, stack(0x0000000d99200000,0x0000000d99300000)]
  0x000001615e455800 JavaThread "jar transforms Thread 46" [_thread_blocked, id=25292, stack(0x0000000d99300000,0x0000000d99400000)]
  0x000001615e456800 JavaThread "jar transforms Thread 47" [_thread_blocked, id=4420, stack(0x0000000d99400000,0x0000000d99500000)]
  0x000001615e453000 JavaThread "jar transforms Thread 48" [_thread_blocked, id=21380, stack(0x0000000d99500000,0x0000000d99600000)]
  0x000001615e458000 JavaThread "jar transforms Thread 49" [_thread_blocked, id=3856, stack(0x0000000d99600000,0x0000000d99700000)]
  0x000001615e452800 JavaThread "jar transforms Thread 50" [_thread_blocked, id=25608, stack(0x0000000d99700000,0x0000000d99800000)]
  0x000001615d4fb800 JavaThread "jar transforms Thread 51" [_thread_blocked, id=30244, stack(0x0000000d99800000,0x0000000d99900000)]
  0x000001615d4fc000 JavaThread "jar transforms Thread 52" [_thread_blocked, id=24784, stack(0x0000000d99900000,0x0000000d99a00000)]
  0x000001615d4fe800 JavaThread "jar transforms Thread 53" [_thread_blocked, id=35260, stack(0x0000000d99a00000,0x0000000d99b00000)]
  0x000001615d4fd000 JavaThread "jar transforms Thread 54" [_thread_blocked, id=34308, stack(0x0000000d99b00000,0x0000000d99c00000)]
  0x000001615d4ff800 JavaThread "jar transforms Thread 55" [_thread_blocked, id=20844, stack(0x0000000d99c00000,0x0000000d99d00000)]
  0x000001615d4fa800 JavaThread "jar transforms Thread 56" [_thread_blocked, id=34216, stack(0x0000000d99d00000,0x0000000d99e00000)]
  0x000001615d4fd800 JavaThread "jar transforms Thread 57" [_thread_blocked, id=32716, stack(0x0000000d99e00000,0x0000000d99f00000)]
  0x000001615d500000 JavaThread "jar transforms Thread 58" [_thread_blocked, id=12208, stack(0x0000000d99f00000,0x0000000d9a000000)]
  0x000001615d503800 JavaThread "jar transforms Thread 59" [_thread_blocked, id=18200, stack(0x0000000d9a000000,0x0000000d9a100000)]
  0x000001615d502800 JavaThread "jar transforms Thread 60" [_thread_blocked, id=30800, stack(0x0000000d9a100000,0x0000000d9a200000)]
  0x000001615d506000 JavaThread "jar transforms Thread 61" [_thread_blocked, id=26208, stack(0x0000000d9a200000,0x0000000d9a300000)]
  0x000001615d501000 JavaThread "jar transforms Thread 62" [_thread_blocked, id=6608, stack(0x0000000d9a300000,0x0000000d9a400000)]
  0x000001615d506800 JavaThread "jar transforms Thread 63" [_thread_blocked, id=12420, stack(0x0000000d9a400000,0x0000000d9a500000)]
  0x000001615d504800 JavaThread "jar transforms Thread 64" [_thread_blocked, id=35064, stack(0x0000000d9a500000,0x0000000d9a600000)]
  0x000001615d507800 JavaThread "jar transforms Thread 65" [_thread_blocked, id=25636, stack(0x0000000d9a600000,0x0000000d9a700000)]
  0x000001615d502000 JavaThread "jar transforms Thread 66" [_thread_blocked, id=31892, stack(0x0000000d9a700000,0x0000000d9a800000)]
  0x000001615d508800 JavaThread "jar transforms Thread 67" [_thread_blocked, id=7484, stack(0x0000000d9a800000,0x0000000d9a900000)]
  0x000001615d505000 JavaThread "jar transforms Thread 68" [_thread_blocked, id=29760, stack(0x0000000d9a900000,0x0000000d9aa00000)]
  0x000001615d509000 JavaThread "jar transforms Thread 69" [_thread_blocked, id=6456, stack(0x0000000d9aa00000,0x0000000d9ab00000)]
  0x000001615d5ff800 JavaThread "jar transforms Thread 70" [_thread_blocked, id=34760, stack(0x0000000d9ab00000,0x0000000d9ac00000)]
  0x000001615d602000 JavaThread "jar transforms Thread 71" [_thread_blocked, id=25584, stack(0x0000000d9ac00000,0x0000000d9ad00000)]
  0x000001615d5fd800 JavaThread "jar transforms Thread 72" [_thread_blocked, id=16980, stack(0x0000000d9ad00000,0x0000000d9ae00000)]
  0x000001615d5fe800 JavaThread "jar transforms Thread 73" [_thread_blocked, id=25308, stack(0x0000000d9ae00000,0x0000000d9af00000)]
  0x000001615d600000 JavaThread "jar transforms Thread 74" [_thread_blocked, id=6352, stack(0x0000000d9af00000,0x0000000d9b000000)]
  0x000001615d601000 JavaThread "jar transforms Thread 75" [_thread_blocked, id=11672, stack(0x0000000d9b000000,0x0000000d9b100000)]
  0x000001615d602800 JavaThread "jar transforms Thread 76" [_thread_blocked, id=28976, stack(0x0000000d9b100000,0x0000000d9b200000)]
  0x000001615d5fd000 JavaThread "jar transforms Thread 77" [_thread_blocked, id=31316, stack(0x0000000d9b200000,0x0000000d9b300000)]
  0x000001615d605000 JavaThread "jar transforms Thread 78" [_thread_blocked, id=18340, stack(0x0000000d9b300000,0x0000000d9b400000)]
  0x000001615d609000 JavaThread "jar transforms Thread 79" [_thread_blocked, id=21276, stack(0x0000000d9b400000,0x0000000d9b500000)]
  0x000001615d606000 JavaThread "jar transforms Thread 80" [_thread_blocked, id=24884, stack(0x0000000d9b500000,0x0000000d9b600000)]
  0x000001615d606800 JavaThread "jar transforms Thread 81" [_thread_blocked, id=224, stack(0x0000000d9b600000,0x0000000d9b700000)]
  0x000001615d603800 JavaThread "jar transforms Thread 82" [_thread_blocked, id=15604, stack(0x0000000d9b700000,0x0000000d9b800000)]
  0x000001615d60a000 JavaThread "jar transforms Thread 83" [_thread_blocked, id=30896, stack(0x0000000d9b800000,0x0000000d9b900000)]
  0x000001615d607800 JavaThread "jar transforms Thread 84" [_thread_blocked, id=30528, stack(0x0000000d9b900000,0x0000000d9ba00000)]
  0x000001615d608800 JavaThread "jar transforms Thread 85" [_thread_blocked, id=26344, stack(0x0000000d9ba00000,0x0000000d9bb00000)]
  0x000001615d604000 JavaThread "jar transforms Thread 86" [_thread_blocked, id=16828, stack(0x0000000d9bb00000,0x0000000d9bc00000)]
  0x000001615d60b000 JavaThread "jar transforms Thread 87" [_thread_blocked, id=14548, stack(0x0000000d9bc00000,0x0000000d9bd00000)]
  0x000001615d60b800 JavaThread "jar transforms Thread 88" [_thread_blocked, id=19860, stack(0x0000000d9bd00000,0x0000000d9be00000)]
  0x000001615d5c1000 JavaThread "jar transforms Thread 89" [_thread_blocked, id=9708, stack(0x0000000d9be00000,0x0000000d9bf00000)]
  0x000001615d5c2000 JavaThread "jar transforms Thread 90" [_thread_blocked, id=33564, stack(0x0000000d9bf00000,0x0000000d9c000000)]
  0x000001615d5c2800 JavaThread "jar transforms Thread 91" [_thread_blocked, id=29608, stack(0x0000000d9c000000,0x0000000d9c100000)]
  0x000001615d5bd800 JavaThread "jar transforms Thread 92" [_thread_blocked, id=31208, stack(0x0000000d9c100000,0x0000000d9c200000)]
  0x000001615d5c0000 JavaThread "jar transforms Thread 93" [_thread_blocked, id=33116, stack(0x0000000d9c200000,0x0000000d9c300000)]
  0x000001615d5be800 JavaThread "jar transforms Thread 94" [_thread_blocked, id=22184, stack(0x0000000d9c300000,0x0000000d9c400000)]
  0x000001615d5bf800 JavaThread "jar transforms Thread 95" [_thread_blocked, id=23212, stack(0x0000000d9c400000,0x0000000d9c500000)]
  0x000001615d5bd000 JavaThread "jar transforms Thread 96" [_thread_blocked, id=6400, stack(0x0000000d9c500000,0x0000000d9c600000)]
  0x000001615d5c7800 JavaThread "jar transforms Thread 97" [_thread_blocked, id=20672, stack(0x0000000d9c600000,0x0000000d9c700000)]
  0x000001615d5c9000 JavaThread "Memory manager" [_thread_blocked, id=24208, stack(0x0000000d9c700000,0x0000000d9c800000)]
=>0x000001615d5c8800 JavaThread "C2 CompilerThread1" daemon [_thread_in_native, id=19188, stack(0x0000000d95a00000,0x0000000d95b00000)]

Other Threads:
  0x00000161581a8800 VMThread "VM Thread" [stack: 0x0000000d93d00000,0x0000000d93e00000] [id=25116]
  0x0000016158c91000 WatcherThread [stack: 0x0000000d94700000,0x0000000d94800000] [id=4400]
  0x000001613c7f5800 GCTaskThread "GC Thread#0" [stack: 0x0000000d93800000,0x0000000d93900000] [id=27860]
  0x000001615914a800 GCTaskThread "GC Thread#1" [stack: 0x0000000d94800000,0x0000000d94900000] [id=23708]
  0x0000016158e26000 GCTaskThread "GC Thread#2" [stack: 0x0000000d94900000,0x0000000d94a00000] [id=25400]
  0x0000016158d40800 GCTaskThread "GC Thread#3" [stack: 0x0000000d95600000,0x0000000d95700000] [id=31304]
  0x000001613c825000 ConcurrentGCThread "G1 Main Marker" [stack: 0x0000000d93900000,0x0000000d93a00000] [id=24104]
  0x000001613c827800 ConcurrentGCThread "G1 Conc#0" [stack: 0x0000000d93a00000,0x0000000d93b00000] [id=3888]
  0x000001613c8b6800 ConcurrentGCThread "G1 Refine#0" [stack: 0x0000000d93b00000,0x0000000d93c00000] [id=12840]
  0x000001613c8b7800 ConcurrentGCThread "G1 Young RemSet Sampling" [stack: 0x0000000d93c00000,0x0000000d93d00000] [id=34808]

Threads with active compile tasks:
C2 CompilerThread0  25987 5846       4       com.sun.beans.TypeResolver::resolve (37 bytes)
C2 CompilerThread1  25987 6010       4       sun.reflect.generics.parser.SignatureParser::parsePackageNameAndSimpleClassTypeSignature (119 bytes)

VM state:not at safepoint (normal execution)

VM Mutex/Monitor currently owned by a thread: None

Heap address: 0x0000000080000000, size: 2048 MB, Compressed Oops mode: 32-bit
Narrow klass base: 0x0000000000000000, Narrow klass shift: 3
Compressed class space size: 1073741824 Address: 0x0000000100000000

Heap:
 garbage-first heap   total 160768K, used 62102K [0x0000000080000000, 0x0000000100000000)
  region size 1024K, 24 young (24576K), 9 survivors (9216K)
 Metaspace       used 65677K, capacity 67176K, committed 67328K, reserved 1107968K
  class space    used 8564K, capacity 9091K, committed 9216K, reserved 1048576K
Heap Regions: E=young(eden), S=young(survivor), O=old, HS=humongous(starts), HC=humongous(continues), CS=collection set, F=free, A=archive, TAMS=top-at-mark-start (previous, next)
|   0|0x0000000080000000, 0x0000000080100000, 0x0000000080100000|100%| O|  |TAMS 0x0000000080100000, 0x0000000080000000| Untracked 
|   1|0x0000000080100000, 0x0000000080200000, 0x0000000080200000|100%| O|  |TAMS 0x0000000080200000, 0x0000000080100000| Untracked 
|   2|0x0000000080200000, 0x0000000080300000, 0x0000000080300000|100%| O|  |TAMS 0x0000000080300000, 0x0000000080200000| Untracked 
|   3|0x0000000080300000, 0x0000000080400000, 0x0000000080400000|100%|HS|  |TAMS 0x0000000080400000, 0x0000000080300000| Complete 
|   4|0x0000000080400000, 0x0000000080500000, 0x0000000080500000|100%|HC|  |TAMS 0x0000000080500000, 0x0000000080400000| Complete 
|   5|0x0000000080500000, 0x0000000080600000, 0x0000000080600000|100%|HC|  |TAMS 0x0000000080600000, 0x0000000080500000| Complete 
|   6|0x0000000080600000, 0x0000000080700000, 0x0000000080700000|100%| O|  |TAMS 0x0000000080700000, 0x0000000080600000| Untracked 
|   7|0x0000000080700000, 0x0000000080800000, 0x0000000080800000|100%| O|  |TAMS 0x0000000080800000, 0x0000000080700000| Untracked 
|   8|0x0000000080800000, 0x0000000080900000, 0x0000000080900000|100%| O|  |TAMS 0x0000000080900000, 0x0000000080800000| Untracked 
|   9|0x0000000080900000, 0x0000000080a00000, 0x0000000080a00000|100%| O|  |TAMS 0x0000000080a00000, 0x0000000080900000| Untracked 
|  10|0x0000000080a00000, 0x0000000080b00000, 0x0000000080b00000|100%| O|  |TAMS 0x0000000080b00000, 0x0000000080a00000| Untracked 
|  11|0x0000000080b00000, 0x0000000080c00000, 0x0000000080c00000|100%| O|  |TAMS 0x0000000080c00000, 0x0000000080b00000| Untracked 
|  12|0x0000000080c00000, 0x0000000080d00000, 0x0000000080d00000|100%| O|  |TAMS 0x0000000080d00000, 0x0000000080c00000| Untracked 
|  13|0x0000000080d00000, 0x0000000080e00000, 0x0000000080e00000|100%| O|  |TAMS 0x0000000080e00000, 0x0000000080d00000| Untracked 
|  14|0x0000000080e00000, 0x0000000080f00000, 0x0000000080f00000|100%| O|  |TAMS 0x0000000080f00000, 0x0000000080e00000| Untracked 
|  15|0x0000000080f00000, 0x0000000081000000, 0x0000000081000000|100%| O|  |TAMS 0x0000000081000000, 0x0000000080f00000| Untracked 
|  16|0x0000000081000000, 0x0000000081100000, 0x0000000081100000|100%| O|  |TAMS 0x0000000081100000, 0x0000000081000000| Untracked 
|  17|0x0000000081100000, 0x0000000081200000, 0x0000000081200000|100%| O|  |TAMS 0x0000000081200000, 0x0000000081100000| Untracked 
|  18|0x0000000081200000, 0x0000000081300000, 0x0000000081300000|100%| O|  |TAMS 0x0000000081300000, 0x0000000081200000| Untracked 
|  19|0x0000000081300000, 0x0000000081400000, 0x0000000081400000|100%| O|  |TAMS 0x0000000081400000, 0x0000000081300000| Untracked 
|  20|0x0000000081400000, 0x0000000081500000, 0x0000000081500000|100%| O|  |TAMS 0x0000000081500000, 0x0000000081400000| Untracked 
|  21|0x0000000081500000, 0x0000000081600000, 0x0000000081600000|100%| O|  |TAMS 0x0000000081600000, 0x0000000081500000| Untracked 
|  22|0x0000000081600000, 0x0000000081700000, 0x0000000081700000|100%|HS|  |TAMS 0x0000000081700000, 0x0000000081600000| Complete 
|  23|0x0000000081700000, 0x0000000081800000, 0x0000000081800000|100%|HS|  |TAMS 0x0000000081800000, 0x0000000081700000| Complete 
|  24|0x0000000081800000, 0x0000000081900000, 0x0000000081900000|100%|HC|  |TAMS 0x0000000081900000, 0x0000000081800000| Complete 
|  25|0x0000000081900000, 0x0000000081a00000, 0x0000000081a00000|100%| O|  |TAMS 0x0000000081a00000, 0x0000000081900000| Untracked 
|  26|0x0000000081a00000, 0x0000000081b00000, 0x0000000081b00000|100%| O|  |TAMS 0x0000000081b00000, 0x0000000081a00000| Untracked 
|  27|0x0000000081b00000, 0x0000000081c00000, 0x0000000081c00000|100%| O|  |TAMS 0x0000000081c00000, 0x0000000081b00000| Untracked 
|  28|0x0000000081c00000, 0x0000000081c00000, 0x0000000081d00000|  0%| F|  |TAMS 0x0000000081c00000, 0x0000000081c00000| Untracked 
|  29|0x0000000081d00000, 0x0000000081e00000, 0x0000000081e00000|100%| O|  |TAMS 0x0000000081e00000, 0x0000000081d00000| Untracked 
|  30|0x0000000081e00000, 0x0000000081f00000, 0x0000000081f00000|100%| O|  |TAMS 0x0000000081f00000, 0x0000000081e00000| Untracked 
|  31|0x0000000081f00000, 0x0000000082000000, 0x0000000082000000|100%| O|  |TAMS 0x0000000082000000, 0x0000000081f00000| Untracked 
|  32|0x0000000082000000, 0x0000000082100000, 0x0000000082100000|100%| O|  |TAMS 0x0000000082100000, 0x0000000082000000| Untracked 
|  33|0x0000000082100000, 0x0000000082200000, 0x0000000082200000|100%| O|  |TAMS 0x0000000082200000, 0x0000000082100000| Untracked 
|  34|0x0000000082200000, 0x0000000082300000, 0x0000000082300000|100%| O|  |TAMS 0x0000000082300000, 0x0000000082200000| Untracked 
|  35|0x0000000082300000, 0x0000000082400000, 0x0000000082400000|100%| O|  |TAMS 0x0000000082400000, 0x0000000082300000| Untracked 
|  36|0x0000000082400000, 0x0000000082500000, 0x0000000082500000|100%| O|  |TAMS 0x0000000082500000, 0x0000000082400000| Untracked 
|  37|0x0000000082500000, 0x0000000082600000, 0x0000000082600000|100%| O|  |TAMS 0x0000000082600000, 0x0000000082500000| Untracked 
|  38|0x0000000082600000, 0x00000000826ad200, 0x0000000082700000| 67%| O|  |TAMS 0x00000000826ad200, 0x0000000082600000| Untracked 
|  39|0x0000000082700000, 0x0000000082700000, 0x0000000082800000|  0%| F|  |TAMS 0x0000000082700000, 0x0000000082700000| Untracked 
|  40|0x0000000082800000, 0x0000000082800000, 0x0000000082900000|  0%| F|  |TAMS 0x0000000082800000, 0x0000000082800000| Untracked 
|  41|0x0000000082900000, 0x0000000082900000, 0x0000000082a00000|  0%| F|  |TAMS 0x0000000082900000, 0x0000000082900000| Untracked 
|  42|0x0000000082a00000, 0x0000000082a00000, 0x0000000082b00000|  0%| F|  |TAMS 0x0000000082a00000, 0x0000000082a00000| Untracked 
|  43|0x0000000082b00000, 0x0000000082b00000, 0x0000000082c00000|  0%| F|  |TAMS 0x0000000082b00000, 0x0000000082b00000| Untracked 
|  44|0x0000000082c00000, 0x0000000082c00000, 0x0000000082d00000|  0%| F|  |TAMS 0x0000000082c00000, 0x0000000082c00000| Untracked 
|  45|0x0000000082d00000, 0x0000000082d00000, 0x0000000082e00000|  0%| F|  |TAMS 0x0000000082d00000, 0x0000000082d00000| Untracked 
|  46|0x0000000082e00000, 0x0000000082e00000, 0x0000000082f00000|  0%| F|  |TAMS 0x0000000082e00000, 0x0000000082e00000| Untracked 
|  47|0x0000000082f00000, 0x0000000082f00000, 0x0000000083000000|  0%| F|  |TAMS 0x0000000082f00000, 0x0000000082f00000| Untracked 
|  48|0x0000000083000000, 0x0000000083000000, 0x0000000083100000|  0%| F|  |TAMS 0x0000000083000000, 0x0000000083000000| Untracked 
|  49|0x0000000083100000, 0x0000000083100000, 0x0000000083200000|  0%| F|  |TAMS 0x0000000083100000, 0x0000000083100000| Untracked 
|  50|0x0000000083200000, 0x0000000083200000, 0x0000000083300000|  0%| F|  |TAMS 0x0000000083200000, 0x0000000083200000| Untracked 
|  51|0x0000000083300000, 0x0000000083300000, 0x0000000083400000|  0%| F|  |TAMS 0x0000000083300000, 0x0000000083300000| Untracked 
|  52|0x0000000083400000, 0x0000000083400000, 0x0000000083500000|  0%| F|  |TAMS 0x0000000083400000, 0x0000000083400000| Untracked 
|  53|0x0000000083500000, 0x0000000083500000, 0x0000000083600000|  0%| F|  |TAMS 0x0000000083500000, 0x0000000083500000| Untracked 
|  54|0x0000000083600000, 0x0000000083600000, 0x0000000083700000|  0%| F|  |TAMS 0x0000000083600000, 0x0000000083600000| Untracked 
|  55|0x0000000083700000, 0x0000000083700000, 0x0000000083800000|  0%| F|  |TAMS 0x0000000083700000, 0x0000000083700000| Untracked 
|  56|0x0000000083800000, 0x0000000083800000, 0x0000000083900000|  0%| F|  |TAMS 0x0000000083800000, 0x0000000083800000| Untracked 
|  57|0x0000000083900000, 0x0000000083900000, 0x0000000083a00000|  0%| F|  |TAMS 0x0000000083900000, 0x0000000083900000| Untracked 
|  58|0x0000000083a00000, 0x0000000083a00000, 0x0000000083b00000|  0%| F|  |TAMS 0x0000000083a00000, 0x0000000083a00000| Untracked 
|  59|0x0000000083b00000, 0x0000000083b00000, 0x0000000083c00000|  0%| F|  |TAMS 0x0000000083b00000, 0x0000000083b00000| Untracked 
|  60|0x0000000083c00000, 0x0000000083c00000, 0x0000000083d00000|  0%| F|  |TAMS 0x0000000083c00000, 0x0000000083c00000| Untracked 
|  61|0x0000000083d00000, 0x0000000083d00000, 0x0000000083e00000|  0%| F|  |TAMS 0x0000000083d00000, 0x0000000083d00000| Untracked 
|  62|0x0000000083e00000, 0x0000000083e00000, 0x0000000083f00000|  0%| F|  |TAMS 0x0000000083e00000, 0x0000000083e00000| Untracked 
|  63|0x0000000083f00000, 0x0000000083f00000, 0x0000000084000000|  0%| F|  |TAMS 0x0000000083f00000, 0x0000000083f00000| Untracked 
|  64|0x0000000084000000, 0x0000000084000000, 0x0000000084100000|  0%| F|  |TAMS 0x0000000084000000, 0x0000000084000000| Untracked 
|  65|0x0000000084100000, 0x0000000084100000, 0x0000000084200000|  0%| F|  |TAMS 0x0000000084100000, 0x0000000084100000| Untracked 
|  66|0x0000000084200000, 0x0000000084200000, 0x0000000084300000|  0%| F|  |TAMS 0x0000000084200000, 0x0000000084200000| Untracked 
|  67|0x0000000084300000, 0x0000000084300000, 0x0000000084400000|  0%| F|  |TAMS 0x0000000084300000, 0x0000000084300000| Untracked 
|  68|0x0000000084400000, 0x0000000084400000, 0x0000000084500000|  0%| F|  |TAMS 0x0000000084400000, 0x0000000084400000| Untracked 
|  69|0x0000000084500000, 0x0000000084500000, 0x0000000084600000|  0%| F|  |TAMS 0x0000000084500000, 0x0000000084500000| Untracked 
|  70|0x0000000084600000, 0x0000000084600000, 0x0000000084700000|  0%| F|  |TAMS 0x0000000084600000, 0x0000000084600000| Untracked 
|  71|0x0000000084700000, 0x0000000084700000, 0x0000000084800000|  0%| F|  |TAMS 0x0000000084700000, 0x0000000084700000| Untracked 
|  72|0x0000000084800000, 0x0000000084800000, 0x0000000084900000|  0%| F|  |TAMS 0x0000000084800000, 0x0000000084800000| Untracked 
|  73|0x0000000084900000, 0x0000000084900000, 0x0000000084a00000|  0%| F|  |TAMS 0x0000000084900000, 0x0000000084900000| Untracked 
|  74|0x0000000084a00000, 0x0000000084a00000, 0x0000000084b00000|  0%| F|  |TAMS 0x0000000084a00000, 0x0000000084a00000| Untracked 
|  75|0x0000000084b00000, 0x0000000084b00000, 0x0000000084c00000|  0%| F|  |TAMS 0x0000000084b00000, 0x0000000084b00000| Untracked 
|  76|0x0000000084c00000, 0x0000000084c00000, 0x0000000084d00000|  0%| F|  |TAMS 0x0000000084c00000, 0x0000000084c00000| Untracked 
|  77|0x0000000084d00000, 0x0000000084d00000, 0x0000000084e00000|  0%| F|  |TAMS 0x0000000084d00000, 0x0000000084d00000| Untracked 
|  78|0x0000000084e00000, 0x0000000084e00000, 0x0000000084f00000|  0%| F|  |TAMS 0x0000000084e00000, 0x0000000084e00000| Untracked 
|  79|0x0000000084f00000, 0x0000000084f00000, 0x0000000085000000|  0%| F|  |TAMS 0x0000000084f00000, 0x0000000084f00000| Untracked 
|  80|0x0000000085000000, 0x00000000850f8960, 0x0000000085100000| 97%| S|CS|TAMS 0x0000000085000000, 0x0000000085000000| Complete 
|  81|0x0000000085100000, 0x0000000085200000, 0x0000000085200000|100%| S|CS|TAMS 0x0000000085100000, 0x0000000085100000| Complete 
|  82|0x0000000085200000, 0x0000000085300000, 0x0000000085300000|100%| S|CS|TAMS 0x0000000085200000, 0x0000000085200000| Complete 
|  83|0x0000000085300000, 0x0000000085400000, 0x0000000085400000|100%| S|CS|TAMS 0x0000000085300000, 0x0000000085300000| Complete 
|  84|0x0000000085400000, 0x0000000085500000, 0x0000000085500000|100%| S|CS|TAMS 0x0000000085400000, 0x0000000085400000| Complete 
|  85|0x0000000085500000, 0x0000000085600000, 0x0000000085600000|100%| S|CS|TAMS 0x0000000085500000, 0x0000000085500000| Complete 
|  86|0x0000000085600000, 0x0000000085700000, 0x0000000085700000|100%| S|CS|TAMS 0x0000000085600000, 0x0000000085600000| Complete 
|  87|0x0000000085700000, 0x0000000085800000, 0x0000000085800000|100%| S|CS|TAMS 0x0000000085700000, 0x0000000085700000| Complete 
|  88|0x0000000085800000, 0x0000000085900000, 0x0000000085900000|100%| S|CS|TAMS 0x0000000085800000, 0x0000000085800000| Complete 
|  89|0x0000000085900000, 0x0000000085900000, 0x0000000085a00000|  0%| F|  |TAMS 0x0000000085900000, 0x0000000085900000| Untracked 
|  90|0x0000000085a00000, 0x0000000085a00000, 0x0000000085b00000|  0%| F|  |TAMS 0x0000000085a00000, 0x0000000085a00000| Untracked 
|  91|0x0000000085b00000, 0x0000000085b00000, 0x0000000085c00000|  0%| F|  |TAMS 0x0000000085b00000, 0x0000000085b00000| Untracked 
|  92|0x0000000085c00000, 0x0000000085c00000, 0x0000000085d00000|  0%| F|  |TAMS 0x0000000085c00000, 0x0000000085c00000| Untracked 
|  93|0x0000000085d00000, 0x0000000085d00000, 0x0000000085e00000|  0%| F|  |TAMS 0x0000000085d00000, 0x0000000085d00000| Untracked 
|  94|0x0000000085e00000, 0x0000000085e00000, 0x0000000085f00000|  0%| F|  |TAMS 0x0000000085e00000, 0x0000000085e00000| Untracked 
|  95|0x0000000085f00000, 0x0000000085f00000, 0x0000000086000000|  0%| F|  |TAMS 0x0000000085f00000, 0x0000000085f00000| Untracked 
|  96|0x0000000086000000, 0x0000000086000000, 0x0000000086100000|  0%| F|  |TAMS 0x0000000086000000, 0x0000000086000000| Untracked 
|  97|0x0000000086100000, 0x0000000086100000, 0x0000000086200000|  0%| F|  |TAMS 0x0000000086100000, 0x0000000086100000| Untracked 
|  98|0x0000000086200000, 0x0000000086200000, 0x0000000086300000|  0%| F|  |TAMS 0x0000000086200000, 0x0000000086200000| Untracked 
|  99|0x0000000086300000, 0x0000000086300000, 0x0000000086400000|  0%| F|  |TAMS 0x0000000086300000, 0x0000000086300000| Untracked 
| 100|0x0000000086400000, 0x0000000086400000, 0x0000000086500000|  0%| F|  |TAMS 0x0000000086400000, 0x0000000086400000| Untracked 
| 101|0x0000000086500000, 0x0000000086500000, 0x0000000086600000|  0%| F|  |TAMS 0x0000000086500000, 0x0000000086500000| Untracked 
| 102|0x0000000086600000, 0x0000000086600000, 0x0000000086700000|  0%| F|  |TAMS 0x0000000086600000, 0x0000000086600000| Untracked 
| 103|0x0000000086700000, 0x0000000086700000, 0x0000000086800000|  0%| F|  |TAMS 0x0000000086700000, 0x0000000086700000| Untracked 
| 104|0x0000000086800000, 0x0000000086800000, 0x0000000086900000|  0%| F|  |TAMS 0x0000000086800000, 0x0000000086800000| Untracked 
| 105|0x0000000086900000, 0x0000000086900000, 0x0000000086a00000|  0%| F|  |TAMS 0x0000000086900000, 0x0000000086900000| Untracked 
| 106|0x0000000086a00000, 0x0000000086a00000, 0x0000000086b00000|  0%| F|  |TAMS 0x0000000086a00000, 0x0000000086a00000| Untracked 
| 107|0x0000000086b00000, 0x0000000086b00000, 0x0000000086c00000|  0%| F|  |TAMS 0x0000000086b00000, 0x0000000086b00000| Untracked 
| 108|0x0000000086c00000, 0x0000000086c00000, 0x0000000086d00000|  0%| F|  |TAMS 0x0000000086c00000, 0x0000000086c00000| Untracked 
| 109|0x0000000086d00000, 0x0000000086d00000, 0x0000000086e00000|  0%| F|  |TAMS 0x0000000086d00000, 0x0000000086d00000| Untracked 
| 110|0x0000000086e00000, 0x0000000086e00000, 0x0000000086f00000|  0%| F|  |TAMS 0x0000000086e00000, 0x0000000086e00000| Untracked 
| 111|0x0000000086f00000, 0x0000000086f00000, 0x0000000087000000|  0%| F|  |TAMS 0x0000000086f00000, 0x0000000086f00000| Untracked 
| 112|0x0000000087000000, 0x0000000087000000, 0x0000000087100000|  0%| F|  |TAMS 0x0000000087000000, 0x0000000087000000| Untracked 
| 113|0x0000000087100000, 0x0000000087100000, 0x0000000087200000|  0%| F|  |TAMS 0x0000000087100000, 0x0000000087100000| Untracked 
| 114|0x0000000087200000, 0x0000000087200000, 0x0000000087300000|  0%| F|  |TAMS 0x0000000087200000, 0x0000000087200000| Untracked 
| 115|0x0000000087300000, 0x0000000087300000, 0x0000000087400000|  0%| F|  |TAMS 0x0000000087300000, 0x0000000087300000| Untracked 
| 116|0x0000000087400000, 0x0000000087400000, 0x0000000087500000|  0%| F|  |TAMS 0x0000000087400000, 0x0000000087400000| Untracked 
| 117|0x0000000087500000, 0x0000000087500000, 0x0000000087600000|  0%| F|  |TAMS 0x0000000087500000, 0x0000000087500000| Untracked 
| 118|0x0000000087600000, 0x0000000087600000, 0x0000000087700000|  0%| F|  |TAMS 0x0000000087600000, 0x0000000087600000| Untracked 
| 119|0x0000000087700000, 0x0000000087700000, 0x0000000087800000|  0%| F|  |TAMS 0x0000000087700000, 0x0000000087700000| Untracked 
| 120|0x0000000087800000, 0x0000000087800000, 0x0000000087900000|  0%| F|  |TAMS 0x0000000087800000, 0x0000000087800000| Untracked 
| 121|0x0000000087900000, 0x0000000087900000, 0x0000000087a00000|  0%| F|  |TAMS 0x0000000087900000, 0x0000000087900000| Untracked 
| 122|0x0000000087a00000, 0x0000000087a00000, 0x0000000087b00000|  0%| F|  |TAMS 0x0000000087a00000, 0x0000000087a00000| Untracked 
| 123|0x0000000087b00000, 0x0000000087b00000, 0x0000000087c00000|  0%| F|  |TAMS 0x0000000087b00000, 0x0000000087b00000| Untracked 
| 124|0x0000000087c00000, 0x0000000087c00000, 0x0000000087d00000|  0%| F|  |TAMS 0x0000000087c00000, 0x0000000087c00000| Untracked 
| 125|0x0000000087d00000, 0x0000000087d00000, 0x0000000087e00000|  0%| F|  |TAMS 0x0000000087d00000, 0x0000000087d00000| Untracked 
| 126|0x0000000087e00000, 0x0000000087e00000, 0x0000000087f00000|  0%| F|  |TAMS 0x0000000087e00000, 0x0000000087e00000| Untracked 
| 127|0x0000000087f00000, 0x0000000087f00000, 0x0000000088000000|  0%| F|  |TAMS 0x0000000087f00000, 0x0000000087f00000| Untracked 
| 128|0x0000000088000000, 0x0000000088000000, 0x0000000088100000|  0%| F|  |TAMS 0x0000000088000000, 0x0000000088000000| Untracked 
| 129|0x0000000088100000, 0x0000000088100000, 0x0000000088200000|  0%| F|  |TAMS 0x0000000088100000, 0x0000000088100000| Untracked 
| 130|0x0000000088200000, 0x0000000088200000, 0x0000000088300000|  0%| F|  |TAMS 0x0000000088200000, 0x0000000088200000| Untracked 
| 131|0x0000000088300000, 0x0000000088300000, 0x0000000088400000|  0%| F|  |TAMS 0x0000000088300000, 0x0000000088300000| Untracked 
| 132|0x0000000088400000, 0x0000000088400000, 0x0000000088500000|  0%| F|  |TAMS 0x0000000088400000, 0x0000000088400000| Untracked 
| 133|0x0000000088500000, 0x0000000088500000, 0x0000000088600000|  0%| F|  |TAMS 0x0000000088500000, 0x0000000088500000| Untracked 
| 134|0x0000000088600000, 0x0000000088600000, 0x0000000088700000|  0%| F|  |TAMS 0x0000000088600000, 0x0000000088600000| Untracked 
| 135|0x0000000088700000, 0x0000000088700000, 0x0000000088800000|  0%| F|  |TAMS 0x0000000088700000, 0x0000000088700000| Untracked 
| 136|0x0000000088800000, 0x0000000088800000, 0x0000000088900000|  0%| F|  |TAMS 0x0000000088800000, 0x0000000088800000| Untracked 
| 137|0x0000000088900000, 0x0000000088900000, 0x0000000088a00000|  0%| F|  |TAMS 0x0000000088900000, 0x0000000088900000| Untracked 
| 138|0x0000000088a00000, 0x0000000088a00000, 0x0000000088b00000|  0%| F|  |TAMS 0x0000000088a00000, 0x0000000088a00000| Untracked 
| 139|0x0000000088b00000, 0x0000000088b00000, 0x0000000088c00000|  0%| F|  |TAMS 0x0000000088b00000, 0x0000000088b00000| Untracked 
| 140|0x0000000088c00000, 0x0000000088c00000, 0x0000000088d00000|  0%| F|  |TAMS 0x0000000088c00000, 0x0000000088c00000| Untracked 
| 141|0x0000000088d00000, 0x0000000088d80800, 0x0000000088e00000| 50%| E|  |TAMS 0x0000000088d00000, 0x0000000088d00000| Complete 
| 142|0x0000000088e00000, 0x0000000088f00000, 0x0000000088f00000|100%| E|CS|TAMS 0x0000000088e00000, 0x0000000088e00000| Complete 
| 143|0x0000000088f00000, 0x0000000089000000, 0x0000000089000000|100%| E|CS|TAMS 0x0000000088f00000, 0x0000000088f00000| Complete 
| 144|0x0000000089000000, 0x0000000089100000, 0x0000000089100000|100%| E|CS|TAMS 0x0000000089000000, 0x0000000089000000| Complete 
| 145|0x0000000089100000, 0x0000000089200000, 0x0000000089200000|100%| E|CS|TAMS 0x0000000089100000, 0x0000000089100000| Complete 
| 146|0x0000000089200000, 0x0000000089300000, 0x0000000089300000|100%| E|CS|TAMS 0x0000000089200000, 0x0000000089200000| Complete 
| 147|0x0000000089300000, 0x0000000089400000, 0x0000000089400000|100%| E|CS|TAMS 0x0000000089300000, 0x0000000089300000| Complete 
| 148|0x0000000089400000, 0x0000000089500000, 0x0000000089500000|100%| E|CS|TAMS 0x0000000089400000, 0x0000000089400000| Complete 
| 149|0x0000000089500000, 0x0000000089600000, 0x0000000089600000|100%| E|CS|TAMS 0x0000000089500000, 0x0000000089500000| Complete 
| 150|0x0000000089600000, 0x0000000089700000, 0x0000000089700000|100%| E|CS|TAMS 0x0000000089600000, 0x0000000089600000| Complete 
| 151|0x0000000089700000, 0x0000000089800000, 0x0000000089800000|100%| E|CS|TAMS 0x0000000089700000, 0x0000000089700000| Complete 
| 152|0x0000000089800000, 0x0000000089900000, 0x0000000089900000|100%| E|CS|TAMS 0x0000000089800000, 0x0000000089800000| Complete 
| 153|0x0000000089900000, 0x0000000089a00000, 0x0000000089a00000|100%| E|CS|TAMS 0x0000000089900000, 0x0000000089900000| Complete 
| 154|0x0000000089a00000, 0x0000000089b00000, 0x0000000089b00000|100%| E|CS|TAMS 0x0000000089a00000, 0x0000000089a00000| Complete 
| 155|0x0000000089b00000, 0x0000000089c00000, 0x0000000089c00000|100%| E|CS|TAMS 0x0000000089b00000, 0x0000000089b00000| Complete 
| 156|0x0000000089c00000, 0x0000000089d00000, 0x0000000089d00000|100%| E|CS|TAMS 0x0000000089c00000, 0x0000000089c00000| Complete 

Card table byte_map: [0x00000161513c0000,0x00000161517c0000] _byte_map_base: 0x0000016150fc0000

Marking Bits (Prev, Next): (CMBitMap*) 0x000001613c81c4f0, (CMBitMap*) 0x000001613c81c4b8
 Prev Bits: [0x0000016153bc0000, 0x0000016155bc0000)
 Next Bits: [0x0000016151bc0000, 0x0000016153bc0000)

Polling page: 0x000001613c640000

Metaspace:

Usage:
  Non-class:     56.79 MB capacity,    55.81 MB ( 98%) used,   851.82 KB (  1%) free+waste,   146.44 KB ( <1%) overhead. 
      Class:      8.91 MB capacity,     8.37 MB ( 94%) used,   482.63 KB (  5%) free+waste,    68.69 KB ( <1%) overhead. 
       Both:     65.70 MB capacity,    64.18 MB ( 98%) used,     1.30 MB (  2%) free+waste,   215.13 KB ( <1%) overhead. 

Virtual space:
  Non-class space:       58.00 MB reserved,      57.00 MB ( 98%) committed 
      Class space:        1.00 GB reserved,       9.00 MB ( <1%) committed 
             Both:        1.06 GB reserved,      66.00 MB (  6%) committed 

Chunk freelists:
   Non-Class:  27.00 KB
       Class:  29.00 KB
        Both:  56.00 KB

MaxMetaspaceSize: 17179869184.00 GB
CompressedClassSpaceSize: 1.00 GB

CodeHeap 'non-profiled nmethods': size=120064Kb used=3353Kb max_used=3353Kb free=116710Kb
 bounds [0x0000016149450000, 0x00000161497a0000, 0x0000016150990000]
CodeHeap 'profiled nmethods': size=120000Kb used=12327Kb max_used=12327Kb free=107672Kb
 bounds [0x0000016141f20000, 0x0000016142b30000, 0x0000016149450000]
CodeHeap 'non-nmethods': size=5696Kb used=2282Kb max_used=2304Kb free=3413Kb
 bounds [0x0000016141990000, 0x0000016141c00000, 0x0000016141f20000]
 total_blobs=6611 nmethods=5792 adapters=728
 compilation: enabled
              stopped_count=0, restarted_count=0
 full_count=0

Compilation events (20 events):
Event: 25.464 Thread 0x00000161581d5000 6014       3       com.android.build.api.variant.impl.ApplicationVariantImpl_Decorated::getArtifacts (40 bytes)
Event: 25.465 Thread 0x00000161581d5000 nmethod 6014 0x0000016142b23b10 code [0x0000016142b23d40, 0x0000016142b24468]
Event: 25.467 Thread 0x00000161581d5000 6015       3       org.gradle.internal.instantiation.generator.AbstractClassGenerator$MethodMetadata::getName (8 bytes)
Event: 25.468 Thread 0x00000161581d5000 nmethod 6015 0x0000016142b24690 code [0x0000016142b24840, 0x0000016142b24958]
Event: 25.502 Thread 0x00000161581d5000 6016       3       org.gradle.api.internal.DefaultCollectionCallbackActionDecorator$BuildOperationEmittingAction::execute (26 bytes)
Event: 25.504 Thread 0x00000161581d5000 nmethod 6016 0x0000016142b24a10 code [0x0000016142b24ca0, 0x0000016142b25978]
Event: 25.504 Thread 0x00000161581d5000 6017       3       org.gradle.api.internal.DefaultCollectionCallbackActionDecorator$Operation::description (20 bytes)
Event: 25.505 Thread 0x00000161581d5000 nmethod 6017 0x0000016142b25e10 code [0x0000016142b26020, 0x0000016142b26678]
Event: 25.505 Thread 0x00000161581d5000 6018       3       org.gradle.api.internal.DefaultCollectionCallbackActionDecorator$BuildOperationEmittingAction$1::run (26 bytes)
Event: 25.505 Thread 0x00000161581d5000 nmethod 6018 0x0000016142b26890 code [0x0000016142b26a60, 0x0000016142b26d08]
Event: 25.513 Thread 0x00000161581d5000 6019       3       org.objectweb.asm.AnnotationVisitor::<init> (82 bytes)
Event: 25.515 Thread 0x00000161581d5000 nmethod 6019 0x0000016142b26e90 code [0x0000016142b27120, 0x0000016142b27bc8]
Event: 25.518 Thread 0x00000161581d5000 6020       3       org.gradle.internal.instantiation.generator.AbstractClassGenerator::access$1500 (6 bytes)
Event: 25.518 Thread 0x00000161581d5000 nmethod 6020 0x0000016142b27f10 code [0x0000016142b280c0, 0x0000016142b281c8]
Event: 25.519 Thread 0x00000161581d5000 6021       3       org.gradle.internal.instantiation.generator.AbstractClassGenerator::isRoleType (49 bytes)
Event: 25.520 Thread 0x00000161581d5000 nmethod 6021 0x0000016142b28290 code [0x0000016142b284a0, 0x0000016142b28a58]
Event: 25.538 Thread 0x00000161581d5000 6022       1       org.gradle.internal.typeconversion.NotationConverterToNotationParserAdapter$ResultImpl::access$100 (5 bytes)
Event: 25.538 Thread 0x00000161581d5000 nmethod 6022 0x0000016149795f10 code [0x00000161497960c0, 0x0000016149796158]
Event: 25.538 Thread 0x00000161581d5000 6023       1       org.gradle.internal.typeconversion.NotationConverterToNotationParserAdapter$ResultImpl::access$200 (5 bytes)
Event: 25.538 Thread 0x00000161581d5000 nmethod 6023 0x0000016149796210 code [0x00000161497963c0, 0x0000016149796458]

GC Heap History (20 events):
Event: 3.292 GC heap before
{Heap before GC invocations=2 (full 0):
 garbage-first heap   total 131072K, used 31068K [0x0000000080000000, 0x0000000100000000)
  region size 1024K, 24 young (24576K), 1 survivors (1024K)
 Metaspace       used 10574K, capacity 10773K, committed 11008K, reserved 1058816K
  class space    used 1100K, capacity 1164K, committed 1280K, reserved 1048576K
}
Event: 3.297 GC heap after
{Heap after GC invocations=3 (full 0):
 garbage-first heap   total 131072K, used 10789K [0x0000000080000000, 0x0000000100000000)
  region size 1024K, 3 young (3072K), 3 survivors (3072K)
 Metaspace       used 10574K, capacity 10773K, committed 11008K, reserved 1058816K
  class space    used 1100K, capacity 1164K, committed 1280K, reserved 1048576K
}
Event: 6.144 GC heap before
{Heap before GC invocations=3 (full 0):
 garbage-first heap   total 131072K, used 44581K [0x0000000080000000, 0x0000000100000000)
  region size 1024K, 37 young (37888K), 3 survivors (3072K)
 Metaspace       used 17148K, capacity 17559K, committed 17792K, reserved 1064960K
  class space    used 1991K, capacity 2116K, committed 2176K, reserved 1048576K
}
Event: 6.158 GC heap after
{Heap after GC invocations=4 (full 0):
 garbage-first heap   total 131072K, used 15237K [0x0000000080000000, 0x0000000100000000)
  region size 1024K, 5 young (5120K), 5 survivors (5120K)
 Metaspace       used 17148K, capacity 17559K, committed 17792K, reserved 1064960K
  class space    used 1991K, capacity 2116K, committed 2176K, reserved 1048576K
}
Event: 6.788 GC heap before
{Heap before GC invocations=4 (full 0):
 garbage-first heap   total 131072K, used 41861K [0x0000000080000000, 0x0000000100000000)
  region size 1024K, 32 young (32768K), 5 survivors (5120K)
 Metaspace       used 20641K, capacity 21109K, committed 21248K, reserved 1067008K
  class space    used 2532K, capacity 2710K, committed 2816K, reserved 1048576K
}
Event: 6.797 GC heap after
{Heap after GC invocations=5 (full 0):
 garbage-first heap   total 131072K, used 16408K [0x0000000080000000, 0x0000000100000000)
  region size 1024K, 5 young (5120K), 5 survivors (5120K)
 Metaspace       used 20641K, capacity 21109K, committed 21248K, reserved 1067008K
  class space    used 2532K, capacity 2710K, committed 2816K, reserved 1048576K
}
Event: 8.280 GC heap before
{Heap before GC invocations=6 (full 0):
 garbage-first heap   total 131072K, used 64536K [0x0000000080000000, 0x0000000100000000)
  region size 1024K, 52 young (53248K), 5 survivors (5120K)
 Metaspace       used 26151K, capacity 26739K, committed 27008K, reserved 1073152K
  class space    used 3415K, capacity 3632K, committed 3712K, reserved 1048576K
}
Event: 8.291 GC heap after
{Heap after GC invocations=7 (full 0):
 garbage-first heap   total 131072K, used 18529K [0x0000000080000000, 0x0000000100000000)
  region size 1024K, 3 young (3072K), 3 survivors (3072K)
 Metaspace       used 26151K, capacity 26739K, committed 27008K, reserved 1073152K
  class space    used 3415K, capacity 3632K, committed 3712K, reserved 1048576K
}
Event: 10.174 GC heap before
{Heap before GC invocations=7 (full 0):
 garbage-first heap   total 131072K, used 67681K [0x0000000080000000, 0x0000000100000000)
  region size 1024K, 52 young (53248K), 3 survivors (3072K)
 Metaspace       used 35104K, capacity 35773K, committed 35840K, reserved 1081344K
  class space    used 4569K, capacity 4856K, committed 4864K, reserved 1048576K
}
Event: 10.193 GC heap after
{Heap after GC invocations=8 (full 0):
 garbage-first heap   total 131072K, used 21601K [0x0000000080000000, 0x0000000100000000)
  region size 1024K, 6 young (6144K), 6 survivors (6144K)
 Metaspace       used 35104K, capacity 35773K, committed 35840K, reserved 1081344K
  class space    used 4569K, capacity 4856K, committed 4864K, reserved 1048576K
}
Event: 11.887 GC heap before
{Heap before GC invocations=9 (full 0):
 garbage-first heap   total 131072K, used 82017K [0x0000000080000000, 0x0000000100000000)
  region size 1024K, 62 young (63488K), 6 survivors (6144K)
 Metaspace       used 40739K, capacity 41601K, committed 41728K, reserved 1085440K
  class space    used 5207K, capacity 5534K, committed 5632K, reserved 1048576K
}
Event: 11.911 GC heap after
{Heap after GC invocations=10 (full 0):
 garbage-first heap   total 131072K, used 25084K [0x0000000080000000, 0x0000000100000000)
  region size 1024K, 7 young (7168K), 7 survivors (7168K)
 Metaspace       used 40739K, capacity 41601K, committed 41728K, reserved 1085440K
  class space    used 5207K, capacity 5534K, committed 5632K, reserved 1048576K
}
Event: 14.066 GC heap before
{Heap before GC invocations=10 (full 0):
 garbage-first heap   total 131072K, used 85500K [0x0000000080000000, 0x0000000100000000)
  region size 1024K, 66 young (67584K), 7 survivors (7168K)
 Metaspace       used 44266K, capacity 45248K, committed 45440K, reserved 1089536K
  class space    used 5664K, capacity 6004K, committed 6016K, reserved 1048576K
}
Event: 14.086 GC heap after
{Heap after GC invocations=11 (full 0):
 garbage-first heap   total 160768K, used 27642K [0x0000000080000000, 0x0000000100000000)
  region size 1024K, 6 young (6144K), 6 survivors (6144K)
 Metaspace       used 44266K, capacity 45248K, committed 45440K, reserved 1089536K
  class space    used 5664K, capacity 6004K, committed 6016K, reserved 1048576K
}
Event: 17.300 GC heap before
{Heap before GC invocations=11 (full 0):
 garbage-first heap   total 160768K, used 101370K [0x0000000080000000, 0x0000000100000000)
  region size 1024K, 76 young (77824K), 6 survivors (6144K)
 Metaspace       used 52925K, capacity 54132K, committed 54272K, reserved 1095680K
  class space    used 6713K, capacity 7137K, committed 7168K, reserved 1048576K
}
Event: 17.322 GC heap after
{Heap after GC invocations=12 (full 0):
 garbage-first heap   total 160768K, used 38895K [0x0000000080000000, 0x0000000100000000)
  region size 1024K, 10 young (10240K), 10 survivors (10240K)
 Metaspace       used 52925K, capacity 54132K, committed 54272K, reserved 1095680K
  class space    used 6713K, capacity 7137K, committed 7168K, reserved 1048576K
}
Event: 21.195 GC heap before
{Heap before GC invocations=12 (full 0):
 garbage-first heap   total 160768K, used 89071K [0x0000000080000000, 0x0000000100000000)
  region size 1024K, 60 young (61440K), 10 survivors (10240K)
 Metaspace       used 58769K, capacity 60118K, committed 60160K, reserved 1101824K
  class space    used 7435K, capacity 7927K, committed 7936K, reserved 1048576K
}
Event: 21.247 GC heap after
{Heap after GC invocations=13 (full 0):
 garbage-first heap   total 160768K, used 43700K [0x0000000080000000, 0x0000000100000000)
  region size 1024K, 5 young (5120K), 5 survivors (5120K)
 Metaspace       used 58769K, capacity 60118K, committed 60160K, reserved 1101824K
  class space    used 7435K, capacity 7927K, committed 7936K, reserved 1048576K
}
Event: 24.815 GC heap before
{Heap before GC invocations=14 (full 0):
 garbage-first heap   total 160768K, used 108212K [0x0000000080000000, 0x0000000100000000)
  region size 1024K, 68 young (69632K), 5 survivors (5120K)
 Metaspace       used 64314K, capacity 65773K, committed 66048K, reserved 1105920K
  class space    used 8354K, capacity 8888K, committed 8960K, reserved 1048576K
}
Event: 24.839 GC heap after
{Heap after GC invocations=15 (full 0):
 garbage-first heap   total 160768K, used 47766K [0x0000000080000000, 0x0000000100000000)
  region size 1024K, 9 young (9216K), 9 survivors (9216K)
 Metaspace       used 64314K, capacity 65773K, committed 66048K, reserved 1105920K
  class space    used 8354K, capacity 8888K, committed 8960K, reserved 1048576K
}

Deoptimization events (20 events):
Event: 25.074 Thread 0x000001615995c800 Uncommon trap: trap_request=0xffffff4d fr.pc=0x00000161495ec8f4 relative=0x00000000000001b4
Event: 25.074 Thread 0x000001615995c800 Uncommon trap: reason=unstable_if action=reinterpret pc=0x00000161495ec8f4 method=com.esotericsoftware.kryo.io.Input.require(I)I @ 65 c2
Event: 25.074 Thread 0x000001615995c800 DEOPT PACKING pc=0x00000161495ec8f4 sp=0x0000000d952f8b60
Event: 25.074 Thread 0x000001615995c800 DEOPT UNPACKING pc=0x00000161419b74af sp=0x0000000d952f8b10 mode 2
Event: 25.156 Thread 0x000001615995c800 Uncommon trap: trap_request=0xffffff4d fr.pc=0x00000161494d0cec relative=0x00000000000013ac
Event: 25.156 Thread 0x000001615995c800 Uncommon trap: reason=unstable_if action=reinterpret pc=0x00000161494d0cec method=java.util.concurrent.ConcurrentHashMap.putVal(Ljava/lang/Object;Ljava/lang/Object;Z)Ljava/lang/Object; @ 245 c2
Event: 25.156 Thread 0x000001615995c800 DEOPT PACKING pc=0x00000161494d0cec sp=0x0000000d952fa080
Event: 25.156 Thread 0x000001615995c800 DEOPT UNPACKING pc=0x00000161419b74af sp=0x0000000d952fa008 mode 2
Event: 25.175 Thread 0x000001615995c800 Uncommon trap: trap_request=0xffffff4d fr.pc=0x00000161494a03a0 relative=0x0000000000000080
Event: 25.175 Thread 0x000001615995c800 Uncommon trap: reason=unstable_if action=reinterpret pc=0x00000161494a03a0 method=java.lang.CharacterDataLatin1.isWhitespace(I)Z @ 14 c2
Event: 25.176 Thread 0x000001615995c800 DEOPT PACKING pc=0x00000161494a03a0 sp=0x0000000d952fab00
Event: 25.176 Thread 0x000001615995c800 DEOPT UNPACKING pc=0x00000161419b74af sp=0x0000000d952faa70 mode 2
Event: 25.281 Thread 0x000001615995c800 Uncommon trap: trap_request=0xffffff4d fr.pc=0x00000161495fd79c relative=0x00000000000000fc
Event: 25.281 Thread 0x000001615995c800 Uncommon trap: reason=unstable_if action=reinterpret pc=0x00000161495fd79c method=java.io.WinNTFileSystem.normalize(Ljava/lang/String;)Ljava/lang/String; @ 74 c2
Event: 25.281 Thread 0x000001615995c800 DEOPT PACKING pc=0x00000161495fd79c sp=0x0000000d952f9ce0
Event: 25.281 Thread 0x000001615995c800 DEOPT UNPACKING pc=0x00000161419b74af sp=0x0000000d952f9cb8 mode 2
Event: 25.281 Thread 0x000001615995c800 Uncommon trap: trap_request=0xffffff4d fr.pc=0x00000161496255b0 relative=0x0000000000001910
Event: 25.281 Thread 0x000001615995c800 Uncommon trap: reason=unstable_if action=reinterpret pc=0x00000161496255b0 method=java.io.WinNTFileSystem.normalize(Ljava/lang/String;II)Ljava/lang/String; @ 100 c2
Event: 25.281 Thread 0x000001615995c800 DEOPT PACKING pc=0x00000161496255b0 sp=0x0000000d952f9c10
Event: 25.281 Thread 0x000001615995c800 DEOPT UNPACKING pc=0x00000161419b74af sp=0x0000000d952f9c18 mode 2

Classes redefined (0 events):
No events

Internal exceptions (20 events):
Event: 21.979 Thread 0x000001615995c800 Exception <a 'java/lang/ClassNotFoundException'{0x0000000088856e08}: com/android/build/gradle/internal/dsl/BuildType_DecoratedCustomizer> (0x0000000088856e08) thrown at [./src/hotspot/share/classfile/systemDictionary.cpp, line 231]
Event: 22.022 Thread 0x000001615995c800 Exception <a 'java/lang/ClassNotFoundException'{0x0000000088711ed0}: build_38yyuggy81rhja50zwvaj8y8z$_run_closure1$_closure4BeanInfo> (0x0000000088711ed0) thrown at [./src/hotspot/share/classfile/systemDictionary.cpp, line 231]
Event: 22.022 Thread 0x000001615995c800 Exception <a 'java/lang/ClassNotFoundException'{0x0000000088722158}: build_38yyuggy81rhja50zwvaj8y8z$_run_closure1$_closure4Customizer> (0x0000000088722158) thrown at [./src/hotspot/share/classfile/systemDictionary.cpp, line 231]
Event: 22.029 Thread 0x000001615995c800 Exception <a 'java/lang/ClassNotFoundException'{0x0000000088749548}: build_38yyuggy81rhja50zwvaj8y8z$_run_closure1BeanInfo> (0x0000000088749548) thrown at [./src/hotspot/share/classfile/systemDictionary.cpp, line 231]
Event: 22.030 Thread 0x000001615995c800 Exception <a 'java/lang/ClassNotFoundException'{0x0000000088758f50}: build_38yyuggy81rhja50zwvaj8y8z$_run_closure1Customizer> (0x0000000088758f50) thrown at [./src/hotspot/share/classfile/systemDictionary.cpp, line 231]
Event: 22.056 Thread 0x000001615995c800 Exception <a 'java/lang/ClassNotFoundException'{0x00000000887b07d0}: org/gradle/api/JavaVersionBeanInfo> (0x00000000887b07d0) thrown at [./src/hotspot/share/classfile/systemDictionary.cpp, line 231]
Event: 22.057 Thread 0x000001615995c800 Exception <a 'java/lang/ClassNotFoundException'{0x00000000887bbc88}: java/lang/EnumBeanInfo> (0x00000000887bbc88) thrown at [./src/hotspot/share/classfile/systemDictionary.cpp, line 231]
Event: 22.057 Thread 0x000001615995c800 Exception <a 'java/lang/ClassNotFoundException'{0x00000000887c71b0}: java/lang/EnumCustomizer> (0x00000000887c71b0) thrown at [./src/hotspot/share/classfile/systemDictionary.cpp, line 231]
Event: 22.061 Thread 0x000001615995c800 Exception <a 'java/lang/ClassNotFoundException'{0x00000000887f2390}: org/gradle/api/JavaVersionCustomizer> (0x00000000887f2390) thrown at [./src/hotspot/share/classfile/systemDictionary.cpp, line 231]
Event: 22.077 Thread 0x000001615995c800 Exception <a 'java/lang/ClassNotFoundException'{0x0000000088641998}: com/android/build/gradle/internal/CompileOptions_DecoratedBeanInfo> (0x0000000088641998) thrown at [./src/hotspot/share/classfile/systemDictionary.cpp, line 231]
Event: 22.078 Thread 0x000001615995c800 Exception <a 'java/lang/ClassNotFoundException'{0x0000000088658040}: com/android/build/gradle/internal/CompileOptionsBeanInfo> (0x0000000088658040) thrown at [./src/hotspot/share/classfile/systemDictionary.cpp, line 231]
Event: 22.079 Thread 0x000001615995c800 Exception <a 'java/lang/ClassNotFoundException'{0x000000008866ed28}: com/android/build/gradle/internal/CompileOptionsCustomizer> (0x000000008866ed28) thrown at [./src/hotspot/share/classfile/systemDictionary.cpp, line 231]
Event: 22.080 Thread 0x000001615995c800 Exception <a 'java/lang/ClassNotFoundException'{0x0000000088692388}: com/android/build/gradle/internal/CompileOptions_DecoratedCustomizer> (0x0000000088692388) thrown at [./src/hotspot/share/classfile/systemDictionary.cpp, line 231]
Event: 24.803 Thread 0x000001615995c800 Exception <a 'java/lang/ClassNotFoundException'{0x000000008594dcd8}: com/android/build/gradle/internal/api/ApkVariantOutputImpl_DecoratedBeanInfo> (0x000000008594dcd8) thrown at [./src/hotspot/share/classfile/systemDictionary.cpp, line 231]
Event: 24.805 Thread 0x000001615995c800 Exception <a 'java/lang/ClassNotFoundException'{0x0000000085963f20}: com/android/build/gradle/internal/api/ApkVariantOutputImplBeanInfo> (0x0000000085963f20) thrown at [./src/hotspot/share/classfile/systemDictionary.cpp, line 231]
Event: 24.807 Thread 0x000001615995c800 Exception <a 'java/lang/ClassNotFoundException'{0x000000008597a7a0}: com/android/build/gradle/internal/api/BaseVariantOutputImplBeanInfo> (0x000000008597a7a0) thrown at [./src/hotspot/share/classfile/systemDictionary.cpp, line 231]
Event: 24.809 Thread 0x000001615995c800 Exception <a 'java/lang/ClassNotFoundException'{0x0000000085991288}: com/android/build/gradle/internal/api/BaseVariantOutputImplCustomizer> (0x0000000085991288) thrown at [./src/hotspot/share/classfile/systemDictionary.cpp, line 231]
Event: 24.812 Thread 0x000001615995c800 Exception <a 'java/lang/ClassNotFoundException'{0x00000000859ba208}: com/android/build/gradle/internal/api/ApkVariantOutputImplCustomizer> (0x00000000859ba208) thrown at [./src/hotspot/share/classfile/systemDictionary.cpp, line 231]
Event: 24.814 Thread 0x000001615995c800 Exception <a 'java/lang/ClassNotFoundException'{0x00000000859df168}: com/android/build/gradle/internal/api/ApkVariantOutputImpl_DecoratedCustomizer> (0x00000000859df168) thrown at [./src/hotspot/share/classfile/systemDictionary.cpp, line 231]
Event: 25.428 Thread 0x000001615995c800 Exception <a 'java/lang/NoSuchMethodError'{0x00000000894f0df8}: 'void java.lang.invoke.DirectMethodHandle$Holder.invokeStatic(java.lang.Object, java.lang.Object, java.lang.Object, java.lang.Object, java.lang.Object, java.lang.Object, java.lang.Object)'> (0x00000000894f0df8) thrown at [./src/hotspot/share/interpreter/linkResolver.cpp, line 773]

Events (20 events):
Event: 25.753 loading class org/gradle/api/internal/tasks/compile/DefaultJavaCompileSpec
Event: 25.753 loading class org/gradle/api/internal/tasks/compile/DefaultJavaCompileSpec done
Event: 25.760 loading class org/gradle/api/internal/tasks/compile/DefaultJvmLanguageCompileSpec
Event: 25.760 loading class org/gradle/api/internal/tasks/compile/DefaultJvmLanguageCompileSpec done
Event: 25.762 loading class org/gradle/api/internal/tasks/compile/incremental/recomp/JavaRecompilationSpecProvider
Event: 25.762 loading class org/gradle/api/internal/tasks/compile/incremental/recomp/JavaRecompilationSpecProvider done
Event: 25.819 loading class org/gradle/api/internal/tasks/compile/incremental/recomp/AbstractRecompilationSpecProvider
Event: 25.819 loading class org/gradle/api/internal/tasks/compile/incremental/recomp/AbstractRecompilationSpecProvider done
Event: 25.821 loading class org/gradle/api/internal/tasks/compile/CleaningJavaCompiler
Event: 25.821 loading class org/gradle/api/internal/tasks/compile/CleaningJavaCompiler done
Event: 25.823 loading class org/gradle/jvm/toolchain/JavaInstallationMetadata
Event: 25.823 loading class org/gradle/jvm/toolchain/JavaInstallationMetadata done
Event: 25.824 loading class org/gradle/api/tasks/compile/ForkOptions
Event: 25.824 loading class org/gradle/api/tasks/compile/ForkOptions done
Event: 25.825 loading class org/gradle/api/tasks/compile/BaseForkOptions
Event: 25.825 loading class org/gradle/api/tasks/compile/BaseForkOptions done
Event: 25.826 loading class org/gradle/api/tasks/compile/AbstractOptions
Event: 25.826 loading class org/gradle/api/tasks/compile/AbstractOptions done
Event: 25.828 loading class org/gradle/api/tasks/compile/CompileOptions
Event: 25.828 loading class org/gradle/api/tasks/compile/CompileOptions done


Dynamic libraries:
0x00007ff75c370000 - 0x00007ff75c37a000 	C:\Program Files\Android\Android Studio\jre\bin\java.exe
0x00007ff8688f0000 - 0x00007ff868ae5000 	C:\WINDOWS\SYSTEM32\ntdll.dll
0x00007ff866ce0000 - 0x00007ff866d9d000 	C:\WINDOWS\System32\KERNEL32.DLL
0x00007ff8663b0000 - 0x00007ff866678000 	C:\WINDOWS\System32\KERNELBASE.dll
0x00007ff866860000 - 0x00007ff866960000 	C:\WINDOWS\System32\ucrtbase.dll
0x00007ff859690000 - 0x00007ff8596a7000 	C:\Program Files\Android\Android Studio\jre\bin\VCRUNTIME140.dll
0x00007ff859670000 - 0x00007ff859689000 	C:\Program Files\Android\Android Studio\jre\bin\jli.dll
0x00007ff868400000 - 0x00007ff8685a0000 	C:\WINDOWS\System32\USER32.dll
0x00007ff866060000 - 0x00007ff866082000 	C:\WINDOWS\System32\win32u.dll
0x00007ff8682a0000 - 0x00007ff8682ca000 	C:\WINDOWS\System32\GDI32.dll
0x00007ff866090000 - 0x00007ff86619b000 	C:\WINDOWS\System32\gdi32full.dll
0x00007ff8667c0000 - 0x00007ff86685d000 	C:\WINDOWS\System32\msvcp_win.dll
0x00007ff848c40000 - 0x00007ff848eda000 	C:\WINDOWS\WinSxS\amd64_microsoft.windows.common-controls_6595b64144ccf1df_6.0.19041.1052_none_60b8f8fd71f5e8cb\COMCTL32.dll
0x00007ff866b60000 - 0x00007ff866bfe000 	C:\WINDOWS\System32\msvcrt.dll
0x00007ff868870000 - 0x00007ff8688a0000 	C:\WINDOWS\System32\IMM32.DLL
0x00007ff839390000 - 0x00007ff83942d000 	C:\Program Files\Android\Android Studio\jre\bin\msvcp140.dll
0x00007ff829e70000 - 0x00007ff82a92c000 	C:\Program Files\Android\Android Studio\jre\bin\server\jvm.dll
0x00007ff8685a0000 - 0x00007ff86864c000 	C:\WINDOWS\System32\ADVAPI32.dll
0x00007ff868660000 - 0x00007ff8686fb000 	C:\WINDOWS\System32\sechost.dll
0x00007ff8682d0000 - 0x00007ff8683fb000 	C:\WINDOWS\System32\RPCRT4.dll
0x00007ff868650000 - 0x00007ff868658000 	C:\WINDOWS\System32\PSAPI.DLL
0x00007ff853520000 - 0x00007ff853529000 	C:\WINDOWS\SYSTEM32\WSOCK32.dll
0x00007ff867a00000 - 0x00007ff867a6b000 	C:\WINDOWS\System32\WS2_32.dll
0x00007ff856db0000 - 0x00007ff856dd7000 	C:\WINDOWS\SYSTEM32\WINMM.dll
0x00007ff856b80000 - 0x00007ff856b8a000 	C:\WINDOWS\SYSTEM32\VERSION.dll
0x00007ff863ea0000 - 0x00007ff863eb2000 	C:\WINDOWS\SYSTEM32\kernel.appcore.dll
0x00007ff859030000 - 0x00007ff859041000 	C:\Program Files\Android\Android Studio\jre\bin\verify.dll
0x00007ff84fd40000 - 0x00007ff84ff24000 	C:\WINDOWS\SYSTEM32\DBGHELP.DLL
0x00007ff84fd10000 - 0x00007ff84fd3c000 	C:\WINDOWS\SYSTEM32\dbgcore.DLL
0x00007ff866730000 - 0x00007ff8667b3000 	C:\WINDOWS\System32\bcryptPrimitives.dll
0x00007ff859000000 - 0x00007ff859029000 	C:\Program Files\Android\Android Studio\jre\bin\java.dll
0x00007ff861b80000 - 0x00007ff861b8b000 	C:\Program Files\Android\Android Studio\jre\bin\jimage.dll
0x00007ff8552c0000 - 0x00007ff8552d8000 	C:\Program Files\Android\Android Studio\jre\bin\zip.dll
0x00007ff867220000 - 0x00007ff86795f000 	C:\WINDOWS\System32\SHELL32.dll
0x00007ff864180000 - 0x00007ff864910000 	C:\WINDOWS\SYSTEM32\windows.storage.dll
0x00007ff866ec0000 - 0x00007ff867215000 	C:\WINDOWS\System32\combase.dll
0x00007ff8659d0000 - 0x00007ff8659fc000 	C:\WINDOWS\SYSTEM32\Wldp.dll
0x00007ff868700000 - 0x00007ff8687ae000 	C:\WINDOWS\System32\SHCORE.dll
0x00007ff868810000 - 0x00007ff868865000 	C:\WINDOWS\System32\shlwapi.dll
0x00007ff865f70000 - 0x00007ff865f8f000 	C:\WINDOWS\SYSTEM32\profapi.dll
0x00007ff8552a0000 - 0x00007ff8552ba000 	C:\Program Files\Android\Android Studio\jre\bin\net.dll
0x00007ff8600f0000 - 0x00007ff8601fb000 	C:\WINDOWS\SYSTEM32\WINHTTP.dll
0x00007ff865740000 - 0x00007ff8657aa000 	C:\WINDOWS\system32\mswsock.dll
0x00007ff855280000 - 0x00007ff855294000 	C:\Program Files\Android\Android Studio\jre\bin\nio.dll
0x00007ff84e240000 - 0x00007ff84e267000 	C:\Users\hope\.gradle\native\fdc75f09e3144964f2cf3f50f0aa648679c211496f362492102eb8c894070792\windows-amd64\native-platform.dll
0x00007ff830b40000 - 0x00007ff830cd6000 	C:\Users\hope\.gradle\native\12488b8bf47d2d4c9fbf2f6322a914ad602e24e48041cd04a747c6da556b65c4\windows-amd64\native-platform-file-events.dll
0x00007ff861ae0000 - 0x00007ff861aea000 	C:\Program Files\Android\Android Studio\jre\bin\management.dll
0x00007ff8603e0000 - 0x00007ff8603ec000 	C:\Program Files\Android\Android Studio\jre\bin\management_ext.dll
0x00007ff865920000 - 0x00007ff865938000 	C:\WINDOWS\SYSTEM32\CRYPTSP.dll
0x00007ff8650e0000 - 0x00007ff865114000 	C:\WINDOWS\system32\rsaenh.dll
0x00007ff866030000 - 0x00007ff866057000 	C:\WINDOWS\System32\bcrypt.dll
0x00007ff865f30000 - 0x00007ff865f5e000 	C:\WINDOWS\SYSTEM32\USERENV.dll
0x00007ff865910000 - 0x00007ff86591c000 	C:\WINDOWS\SYSTEM32\CRYPTBASE.dll
0x00007ff865430000 - 0x00007ff86546b000 	C:\WINDOWS\SYSTEM32\IPHLPAPI.DLL
0x00007ff8688a0000 - 0x00007ff8688a8000 	C:\WINDOWS\System32\NSI.dll
0x00007ff85be10000 - 0x00007ff85be27000 	C:\WINDOWS\SYSTEM32\dhcpcsvc6.DLL
0x00007ff85c190000 - 0x00007ff85c1ad000 	C:\WINDOWS\SYSTEM32\dhcpcsvc.DLL
0x00007ff865470000 - 0x00007ff86553c000 	C:\WINDOWS\SYSTEM32\DNSAPI.dll
0x00007ff85d3a0000 - 0x00007ff85d3ab000 	C:\WINDOWS\SYSTEM32\WINNSI.DLL

dbghelp: loaded successfully - version: 4.0.5 - missing functions: none
symbol engine: initialized successfully - sym options: 0x614 - pdb path: .;C:\Program Files\Android\Android Studio\jre\bin;C:\WINDOWS\SYSTEM32;C:\WINDOWS\WinSxS\amd64_microsoft.windows.common-controls_6595b64144ccf1df_6.0.19041.1052_none_60b8f8fd71f5e8cb;C:\Program Files\Android\Android Studio\jre\bin\server;C:\Users\hope\.gradle\native\fdc75f09e3144964f2cf3f50f0aa648679c211496f362492102eb8c894070792\windows-amd64;C:\Users\hope\.gradle\native\12488b8bf47d2d4c9fbf2f6322a914ad602e24e48041cd04a747c6da556b65c4\windows-amd64

VM Arguments:
jvm_args: --add-opens=java.base/java.util=ALL-UNNAMED --add-opens=java.base/java.lang=ALL-UNNAMED --add-opens=java.base/java.lang.invoke=ALL-UNNAMED --add-opens=java.prefs/java.util.prefs=ALL-UNNAMED -Xmx2048m -Dfile.encoding=UTF-8 -Duser.country=US -Duser.language=en -Duser.variant 
java_command: org.gradle.launcher.daemon.bootstrap.GradleDaemon 6.7.1
java_class_path (initial): C:\Users\hope\.gradle\wrapper\dists\gradle-6.7.1-bin\bwlcbys1h7rz3272sye1xwiv6\gradle-6.7.1\lib\gradle-launcher-6.7.1.jar
Launcher Type: SUN_STANDARD

[Global flags]
     intx CICompilerCount                          = 3                                         {product} {ergonomic}
     uint ConcGCThreads                            = 1                                         {product} {ergonomic}
     uint G1ConcRefinementThreads                  = 4                                         {product} {ergonomic}
   size_t G1HeapRegionSize                         = 1048576                                   {product} {ergonomic}
    uintx GCDrainStackTargetSize                   = 64                                        {product} {ergonomic}
   size_t InitialHeapSize                          = 134217728                                 {product} {ergonomic}
   size_t MarkStackSize                            = 4194304                                   {product} {ergonomic}
   size_t MaxHeapSize                              = 2147483648                                {product} {command line}
   size_t MaxNewSize                               = 1287651328                                {product} {ergonomic}
   size_t MinHeapDeltaBytes                        = 1048576                                   {product} {ergonomic}
    uintx NonNMethodCodeHeapSize                   = 5830732                                {pd product} {ergonomic}
    uintx NonProfiledCodeHeapSize                  = 122913754                              {pd product} {ergonomic}
    uintx ProfiledCodeHeapSize                     = 122913754                              {pd product} {ergonomic}
    uintx ReservedCodeCacheSize                    = 251658240                              {pd product} {ergonomic}
     bool SegmentedCodeCache                       = true                                      {product} {ergonomic}
     bool UseCompressedClassPointers               = true                                 {lp64_product} {ergonomic}
     bool UseCompressedOops                        = true                                 {lp64_product} {ergonomic}
     bool UseG1GC                                  = true                                      {product} {ergonomic}
     bool UseLargePagesIndividualAllocation        = false                                  {pd product} {ergonomic}

Logging:
Log output configuration:
 #0: stdout all=warning uptime,level,tags
 #1: stderr all=off uptime,level,tags

Environment Variables:
PATH=C:\Program Files (x86)\Common Files\Oracle\Java\javapath;C:\Program Files (x86)\Intel\iCLS Client\;C:\Program Files\Intel\iCLS Client\;C:\WINDOWS\system32;C:\WINDOWS;C:\WINDOWS\System32\Wbem;C:\WINDOWS\System32\WindowsPowerShell\v1.0\;C:\Program Files (x86)\Skype\Phone\;C:\Program Files (x86)\Intel\Intel(R) Management Engine Components\DAL;C:\Program Files\Intel\Intel(R) Management Engine Components\DAL;C:\Program Files (x86)\Intel\Intel(R) Management Engine Components\IPT;C:\Program Files\Intel\Intel(R) Management Engine Components\IPT;C:\WINDOWS\System32\OpenSSH\;C:\Program Files\Intel\WiFi\bin\;C:\Program Files\Common Files\Intel\WirelessCommon\;C:\Program Files (x86)\Brackets\command;C:\Program Files\Git\cmd;C:\Users\hope\AppData\Local\Microsoft\WindowsApps;
USERNAME=hope
OS=Windows_NT
PROCESSOR_IDENTIFIER=Intel64 Family 6 Model 78 Stepping 3, GenuineIntel



---------------  S Y S T E M  ---------------

OS: Windows 10 , 64 bit Build 19041 (10.0.19041.1023)
OS uptime: 21 days 20:26 hours

CPU:total 4 (initial active 4) (2 cores per cpu, 2 threads per core) family 6 model 78 stepping 3, cmov, cx8, fxsr, mmx, sse, sse2, sse3, ssse3, sse4.1, sse4.2, popcnt, avx, avx2, aes, clmul, erms, 3dnowpref, lzcnt, ht, tsc, tscinvbit, bmi1, bmi2, adx, fma

Memory: 4k page, system-wide physical 8103M (785M free)
TotalPageFile size 32679M (AvailPageFile size 5M)
current process WorkingSet (physical memory assigned to process): 338M, peak: 341M
current process commit charge ("private bytes"): 390M, peak: 393M

vm_info: OpenJDK 64-Bit Server VM (11.0.8+10-b944.6842174) for windows-amd64 JRE (11.0.8+10-b944.6842174), built on Sep 19 2020 01:11:42 by "builder" with MS VC++ 14.0 (VS2015)

END.
