#
# There is insufficient memory for the Java Runtime Environment to continue.
# Native memory allocation (malloc) failed to allocate 1268016 bytes for Chunk::new
# Possible reasons:
#   The system is out of physical RAM or swap space
#   The process is running with CompressedOops enabled, and the Java Heap may be blocking the growth of the native heap
# Possible solutions:
#   Reduce memory load on the system
#   Increase physical memory or swap space
#   Check if swap backing store is full
#   Decrease Java heap size (-Xmx/-Xms)
#   Decrease number of Java threads
#   Decrease Java thread stack sizes (-Xss)
#   Set larger code cache with -XX:ReservedCodeCacheSize=
#   JVM is running with Unscaled Compressed Oops mode in which the Java heap is
#     placed in the first 4GB address space. The Java Heap base address is the
#     maximum limit for the native heap growth. Please use -XX:HeapBaseMinAddress
#     to set the Java Heap base and to place the Java Heap above 4GB virtual address.
# This output file may be truncated or incomplete.
#
#  Out of Memory Error (./src/hotspot/share/memory/arena.cpp:197), pid=9704, tid=32628
#
# JRE version: OpenJDK Runtime Environment (11.0.8+10) (build 11.0.8+10-b944.6842174)
# Java VM: OpenJDK 64-Bit Server VM (11.0.8+10-b944.6842174, mixed mode, tiered, compressed oops, g1 gc, windows-amd64)
# No core dump will be written. Minidumps are not enabled by default on client versions of Windows
#

---------------  S U M M A R Y ------------

Command Line: --add-opens=java.base/java.util=ALL-UNNAMED --add-opens=java.base/java.lang=ALL-UNNAMED --add-opens=java.base/java.lang.invoke=ALL-UNNAMED --add-opens=java.prefs/java.util.prefs=ALL-UNNAMED -Xmx2048m -Dfile.encoding=UTF-8 -Duser.country=US -Duser.language=en -Duser.variant org.gradle.launcher.daemon.bootstrap.GradleDaemon 6.7.1

Host: Intel(R) Core(TM) i5-6200U CPU @ 2.30GHz, 4 cores, 7G,  Windows 10 , 64 bit Build 19041 (10.0.19041.1023)
Time: Tue Jul 27 04:51:28 2021 Pacific Daylight Time elapsed time: 23 seconds (0d 0h 0m 23s)

---------------  T H R E A D  ---------------

Current thread (0x000002288f3ee800):  JavaThread "C2 CompilerThread0" daemon [_thread_in_native, id=32628, stack(0x0000007ea5800000,0x0000007ea5900000)]


Current CompileTask:
C2:  23243 5613   !   4       java.net.URLClassLoader$1::run (63 bytes)

Stack: [0x0000007ea5800000,0x0000007ea5900000]
Native frames: (J=compiled Java code, j=interpreted, Vv=VM code, C=native code)
V  [jvm.dll+0x5de50a]
V  [jvm.dll+0x7122f5]
V  [jvm.dll+0x71384d]
V  [jvm.dll+0x713f03]
V  [jvm.dll+0x23e728]
V  [jvm.dll+0xb899c]
V  [jvm.dll+0xb8e9c]
V  [jvm.dll+0x35024d]
V  [jvm.dll+0x193cbc]
V  [jvm.dll+0x1f780e]
V  [jvm.dll+0x1f68d4]
V  [jvm.dll+0x17f32c]
V  [jvm.dll+0x205047]
V  [jvm.dll+0x203891]
V  [jvm.dll+0x6dad3f]
V  [jvm.dll+0x6d3895]
V  [jvm.dll+0x5dd4a6]
C  [ucrtbase.dll+0x21bb2]
C  [KERNEL32.DLL+0x17034]
C  [ntdll.dll+0x52651]


---------------  P R O C E S S  ---------------

Threads class SMR info:
_java_thread_list=0x000002289204fad0, length=132, elements={
0x00000228f594b800, 0x000002288f3d2800, 0x000002288f3d4000, 0x000002288fd62800,
0x000002288f3ed800, 0x000002288f3ee800, 0x000002288f3f6800, 0x000002288f402800,
0x000002288fe9d000, 0x000002288fe99000, 0x000002288fe9b800, 0x000002288fe9e000,
0x000002288fe9e800, 0x000002288fe9f800, 0x000002288fe99800, 0x000002288fe9a800,
0x000002288fe9c000, 0x0000022891780000, 0x000002289177c800, 0x000002289177b800,
0x000002289177e000, 0x000002289177f000, 0x000002289177a000, 0x000002289177d800,
0x0000022891780800, 0x000002289177b000, 0x0000022891787000, 0x0000022891781800,
0x0000022891784800, 0x0000022891788000, 0x0000022891782800, 0x0000022891786800,
0x0000022891783000, 0x0000022891789000, 0x0000022891784000, 0x0000022893d4e800,
0x0000022893d4f800, 0x0000022893d4d000, 0x0000022893d4a800, 0x0000022893d49800,
0x0000022893d50800, 0x0000022893d4b800, 0x0000022893d4c000, 0x0000022893d4e000,
0x00000228936eb000, 0x00000228936e7000, 0x00000228936e5800, 0x00000228936e9800,
0x00000228936e7800, 0x00000228936ea000, 0x00000228936e8800, 0x00000228936ec000,
0x00000228936e6000, 0x00000228936f0000, 0x00000228936ef000, 0x00000228936f0800,
0x00000228936ee800, 0x00000228936f1800, 0x00000228936f2800, 0x00000228936ec800,
0x00000228936f3000, 0x00000228936ed800, 0x00000228936f4000, 0x0000022894e44000,
0x0000022894e40000, 0x0000022894e40800, 0x0000022894e43000, 0x0000022894e41800,
0x0000022894e42800, 0x0000022894e44800, 0x0000022894e3f000, 0x0000022894e45800,
0x0000022894e47000, 0x0000022894e48000, 0x0000022894e49800, 0x0000022894e49000,
0x0000022894e4a800, 0x0000022894e4c000, 0x0000022894e4b800, 0x0000022894e46800,
0x0000022894e4d000, 0x0000022894e4d800, 0x0000022893ecb800, 0x0000022893eca800,
0x0000022893ec9800, 0x0000022893ecd000, 0x0000022893ecc000, 0x0000022893ec7000,
0x0000022893ec8000, 0x0000022893ece800, 0x0000022893ece000, 0x0000022893ec9000,
0x0000022893ed1000, 0x0000022893ed2000, 0x0000022893ed2800, 0x0000022893ed3800,
0x0000022893ed4800, 0x0000022893ed5000, 0x0000022893ecf800, 0x0000022893ed6000,
0x0000022893ed0000, 0x00000228935b6800, 0x00000228935b7000, 0x00000228935bd800,
0x00000228935ba800, 0x00000228935bb000, 0x00000228935bd000, 0x00000228935bc000,
0x00000228935b8000, 0x00000228935be800, 0x00000228935b8800, 0x00000228935bf000,
0x00000228935b9800, 0x00000228935c3800, 0x00000228935c4000, 0x00000228935c5000,
0x00000228935c0000, 0x00000228935c1000, 0x00000228935c1800, 0x00000228935c2800,
0x00000228922e5800, 0x00000228922e5000, 0x00000228922e7800, 0x00000228922e6800,
0x00000228922e8000, 0x00000228922e9000, 0x00000228922e3000, 0x00000228922e9800,
0x00000228922e4000, 0x00000228922eb800, 0x00000228922ec000, 0x00000228922ed000
}

Java Threads: ( => current thread )
  0x00000228f594b800 JavaThread "main" [_thread_blocked, id=22624, stack(0x0000007ea4d00000,0x0000007ea4e00000)]
  0x000002288f3d2800 JavaThread "Reference Handler" daemon [_thread_blocked, id=26944, stack(0x0000007ea5400000,0x0000007ea5500000)]
  0x000002288f3d4000 JavaThread "Finalizer" daemon [_thread_blocked, id=22628, stack(0x0000007ea5500000,0x0000007ea5600000)]
  0x000002288fd62800 JavaThread "Signal Dispatcher" daemon [_thread_blocked, id=25008, stack(0x0000007ea5600000,0x0000007ea5700000)]
  0x000002288f3ed800 JavaThread "Attach Listener" daemon [_thread_blocked, id=27304, stack(0x0000007ea5700000,0x0000007ea5800000)]
=>0x000002288f3ee800 JavaThread "C2 CompilerThread0" daemon [_thread_in_native, id=32628, stack(0x0000007ea5800000,0x0000007ea5900000)]
  0x000002288f3f6800 JavaThread "C1 CompilerThread0" daemon [_thread_blocked, id=9212, stack(0x0000007ea5900000,0x0000007ea5a00000)]
  0x000002288f402800 JavaThread "Sweeper thread" daemon [_thread_blocked, id=23640, stack(0x0000007ea5a00000,0x0000007ea5b00000)]
  0x000002288fe9d000 JavaThread "Common-Cleaner" daemon [_thread_blocked, id=19292, stack(0x0000007ea5b00000,0x0000007ea5c00000)]
  0x000002288fe99000 JavaThread "Service Thread" daemon [_thread_blocked, id=3872, stack(0x0000007ea5c00000,0x0000007ea5d00000)]
  0x000002288fe9b800 JavaThread "Daemon health stats" [_thread_blocked, id=27928, stack(0x0000007ea6100000,0x0000007ea6200000)]
  0x000002288fe9e000 JavaThread "Incoming local TCP Connector on port 62102" [_thread_in_native, id=20060, stack(0x0000007ea6300000,0x0000007ea6400000)]
  0x000002288fe9e800 JavaThread "Daemon periodic checks" [_thread_blocked, id=20408, stack(0x0000007ea6400000,0x0000007ea6500000)]
  0x000002288fe9f800 JavaThread "Daemon" [_thread_blocked, id=5136, stack(0x0000007ea6500000,0x0000007ea6600000)]
  0x000002288fe99800 JavaThread "Handler for socket connection from /127.0.0.1:62102 to /127.0.0.1:62103" [_thread_in_native, id=4516, stack(0x0000007ea6600000,0x0000007ea6700000)]
  0x000002288fe9a800 JavaThread "Cancel handler" [_thread_blocked, id=27464, stack(0x0000007ea6700000,0x0000007ea6800000)]
  0x000002288fe9c000 JavaThread "Daemon worker" [_thread_in_vm, id=36372, stack(0x0000007ea6800000,0x0000007ea6900000)]
  0x0000022891780000 JavaThread "Asynchronous log dispatcher for DefaultDaemonConnection: socket connection from /127.0.0.1:62102 to /127.0.0.1:62103" [_thread_blocked, id=35120, stack(0x0000007ea6900000,0x0000007ea6a00000)]
  0x000002289177c800 JavaThread "Stdin handler" [_thread_blocked, id=33072, stack(0x0000007ea6a00000,0x0000007ea6b00000)]
  0x000002289177b800 JavaThread "Thread-8" [_thread_blocked, id=23556, stack(0x0000007ea6b00000,0x0000007ea6c00000)]
  0x000002289177e000 JavaThread "Cache worker for file hash cache (C:\Users\hope\.gradle\caches\6.7.1\fileHashes)" [_thread_blocked, id=32548, stack(0x0000007ea6d00000,0x0000007ea6e00000)]
  0x000002289177f000 JavaThread "File lock request listener" [_thread_in_native, id=33404, stack(0x0000007ea6e00000,0x0000007ea6f00000)]
  0x000002289177a000 JavaThread "Cache worker for journal cache (C:\Users\hope\.gradle\caches\journal-1)" [_thread_blocked, id=23372, stack(0x0000007ea6f00000,0x0000007ea7000000)]
  0x000002289177d800 JavaThread "Cache worker for file hash cache (C:\Users\hope\AndroidStudioProjects\TicTacToe\.gradle\6.7.1\fileHashes)" [_thread_blocked, id=31664, stack(0x0000007ea7000000,0x0000007ea7100000)]
  0x0000022891780800 JavaThread "Cache worker for checksums cache (C:\Users\hope\AndroidStudioProjects\TicTacToe\.gradle\checksums)" [_thread_blocked, id=18288, stack(0x0000007ea7200000,0x0000007ea7300000)]
  0x000002289177b000 JavaThread "Cache worker for cache directory md-supplier (C:\Users\hope\.gradle\caches\6.7.1\md-supplier)" [_thread_blocked, id=25492, stack(0x0000007ea7300000,0x0000007ea7400000)]
  0x0000022891787000 JavaThread "Cache worker for cache directory md-rule (C:\Users\hope\.gradle\caches\6.7.1\md-rule)" [_thread_blocked, id=3048, stack(0x0000007ea7400000,0x0000007ea7500000)]
  0x0000022891781800 JavaThread "Cache worker for execution history cache (C:\Users\hope\.gradle\caches\6.7.1\executionHistory)" [_thread_blocked, id=19956, stack(0x0000007ea7500000,0x0000007ea7600000)]
  0x0000022891784800 JavaThread "jar transforms" [_thread_blocked, id=21356, stack(0x0000007ea7600000,0x0000007ea7700000)]
  0x0000022891788000 JavaThread "Cache worker for file content cache (C:\Users\hope\.gradle\caches\6.7.1\fileContent)" [_thread_blocked, id=2152, stack(0x0000007ea7700000,0x0000007ea7800000)]
  0x0000022891782800 JavaThread "Cache worker for Build Output Cleanup Cache (C:\Users\hope\AndroidStudioProjects\TicTacToe\.gradle\buildOutputCleanup)" [_thread_blocked, id=34880, stack(0x0000007ea7800000,0x0000007ea7900000)]
  0x0000022891786800 JavaThread "Build operations" [_thread_blocked, id=29600, stack(0x0000007ea7900000,0x0000007ea7a00000)]
  0x0000022891783000 JavaThread "Build operations Thread 2" [_thread_blocked, id=2520, stack(0x0000007ea7a00000,0x0000007ea7b00000)]
  0x0000022891789000 JavaThread "Build operations Thread 3" [_thread_blocked, id=29544, stack(0x0000007ea7b00000,0x0000007ea7c00000)]
  0x0000022891784000 JavaThread "Build operations Thread 4" [_thread_blocked, id=15620, stack(0x0000007ea7c00000,0x0000007ea7d00000)]
  0x0000022893d4e800 JavaThread "jar transforms Thread 2" [_thread_blocked, id=17748, stack(0x0000007ea7d00000,0x0000007ea7e00000)]
  0x0000022893d4f800 JavaThread "jar transforms Thread 3" [_thread_blocked, id=28688, stack(0x0000007ea7e00000,0x0000007ea7f00000)]
  0x0000022893d4d000 JavaThread "jar transforms Thread 4" [_thread_blocked, id=21468, stack(0x0000007ea7f00000,0x0000007ea8000000)]
  0x0000022893d4a800 JavaThread "jar transforms Thread 5" [_thread_blocked, id=25776, stack(0x0000007ea8000000,0x0000007ea8100000)]
  0x0000022893d49800 JavaThread "jar transforms Thread 6" [_thread_blocked, id=28592, stack(0x0000007ea8100000,0x0000007ea8200000)]
  0x0000022893d50800 JavaThread "jar transforms Thread 7" [_thread_blocked, id=27312, stack(0x0000007ea8200000,0x0000007ea8300000)]
  0x0000022893d4b800 JavaThread "jar transforms Thread 8" [_thread_blocked, id=21408, stack(0x0000007ea8300000,0x0000007ea8400000)]
  0x0000022893d4c000 JavaThread "jar transforms Thread 9" [_thread_blocked, id=8284, stack(0x0000007ea8400000,0x0000007ea8500000)]
  0x0000022893d4e000 JavaThread "jar transforms Thread 10" [_thread_blocked, id=28488, stack(0x0000007ea8500000,0x0000007ea8600000)]
  0x00000228936eb000 JavaThread "jar transforms Thread 11" [_thread_blocked, id=27792, stack(0x0000007ea8600000,0x0000007ea8700000)]
  0x00000228936e7000 JavaThread "jar transforms Thread 12" [_thread_blocked, id=22492, stack(0x0000007ea8700000,0x0000007ea8800000)]
  0x00000228936e5800 JavaThread "jar transforms Thread 13" [_thread_blocked, id=25120, stack(0x0000007ea8800000,0x0000007ea8900000)]
  0x00000228936e9800 JavaThread "jar transforms Thread 14" [_thread_blocked, id=29064, stack(0x0000007ea8900000,0x0000007ea8a00000)]
  0x00000228936e7800 JavaThread "jar transforms Thread 15" [_thread_blocked, id=34812, stack(0x0000007ea8a00000,0x0000007ea8b00000)]
  0x00000228936ea000 JavaThread "jar transforms Thread 16" [_thread_blocked, id=20080, stack(0x0000007ea8b00000,0x0000007ea8c00000)]
  0x00000228936e8800 JavaThread "jar transforms Thread 17" [_thread_blocked, id=27696, stack(0x0000007ea8c00000,0x0000007ea8d00000)]
  0x00000228936ec000 JavaThread "jar transforms Thread 18" [_thread_blocked, id=31296, stack(0x0000007ea8d00000,0x0000007ea8e00000)]
  0x00000228936e6000 JavaThread "jar transforms Thread 19" [_thread_blocked, id=16284, stack(0x0000007ea8e00000,0x0000007ea8f00000)]
  0x00000228936f0000 JavaThread "jar transforms Thread 20" [_thread_blocked, id=29820, stack(0x0000007ea8f00000,0x0000007ea9000000)]
  0x00000228936ef000 JavaThread "jar transforms Thread 21" [_thread_blocked, id=18324, stack(0x0000007ea9000000,0x0000007ea9100000)]
  0x00000228936f0800 JavaThread "jar transforms Thread 22" [_thread_blocked, id=28500, stack(0x0000007ea9100000,0x0000007ea9200000)]
  0x00000228936ee800 JavaThread "jar transforms Thread 23" [_thread_blocked, id=5052, stack(0x0000007ea9200000,0x0000007ea9300000)]
  0x00000228936f1800 JavaThread "jar transforms Thread 24" [_thread_blocked, id=24544, stack(0x0000007ea9300000,0x0000007ea9400000)]
  0x00000228936f2800 JavaThread "jar transforms Thread 25" [_thread_blocked, id=35516, stack(0x0000007ea9400000,0x0000007ea9500000)]
  0x00000228936ec800 JavaThread "jar transforms Thread 26" [_thread_blocked, id=2096, stack(0x0000007ea9500000,0x0000007ea9600000)]
  0x00000228936f3000 JavaThread "jar transforms Thread 27" [_thread_blocked, id=18072, stack(0x0000007ea9600000,0x0000007ea9700000)]
  0x00000228936ed800 JavaThread "jar transforms Thread 28" [_thread_blocked, id=23624, stack(0x0000007ea9700000,0x0000007ea9800000)]
  0x00000228936f4000 JavaThread "jar transforms Thread 29" [_thread_blocked, id=12440, stack(0x0000007ea9800000,0x0000007ea9900000)]
  0x0000022894e44000 JavaThread "jar transforms Thread 30" [_thread_blocked, id=1744, stack(0x0000007ea9900000,0x0000007ea9a00000)]
  0x0000022894e40000 JavaThread "jar transforms Thread 31" [_thread_blocked, id=30544, stack(0x0000007ea9a00000,0x0000007ea9b00000)]
  0x0000022894e40800 JavaThread "jar transforms Thread 32" [_thread_blocked, id=30256, stack(0x0000007ea9b00000,0x0000007ea9c00000)]
  0x0000022894e43000 JavaThread "jar transforms Thread 33" [_thread_blocked, id=26028, stack(0x0000007ea9c00000,0x0000007ea9d00000)]
  0x0000022894e41800 JavaThread "jar transforms Thread 34" [_thread_blocked, id=1508, stack(0x0000007ea9d00000,0x0000007ea9e00000)]
  0x0000022894e42800 JavaThread "jar transforms Thread 35" [_thread_blocked, id=35352, stack(0x0000007ea9e00000,0x0000007ea9f00000)]
  0x0000022894e44800 JavaThread "jar transforms Thread 36" [_thread_blocked, id=12408, stack(0x0000007ea9f00000,0x0000007eaa000000)]
  0x0000022894e3f000 JavaThread "jar transforms Thread 37" [_thread_blocked, id=28876, stack(0x0000007eaa000000,0x0000007eaa100000)]
  0x0000022894e45800 JavaThread "jar transforms Thread 38" [_thread_blocked, id=15016, stack(0x0000007eaa100000,0x0000007eaa200000)]
  0x0000022894e47000 JavaThread "jar transforms Thread 39" [_thread_blocked, id=21824, stack(0x0000007eaa200000,0x0000007eaa300000)]
  0x0000022894e48000 JavaThread "jar transforms Thread 40" [_thread_blocked, id=31740, stack(0x0000007eaa300000,0x0000007eaa400000)]
  0x0000022894e49800 JavaThread "jar transforms Thread 41" [_thread_blocked, id=6920, stack(0x0000007eaa400000,0x0000007eaa500000)]
  0x0000022894e49000 JavaThread "jar transforms Thread 42" [_thread_blocked, id=28960, stack(0x0000007eaa500000,0x0000007eaa600000)]
  0x0000022894e4a800 JavaThread "jar transforms Thread 43" [_thread_blocked, id=16448, stack(0x0000007eaa600000,0x0000007eaa700000)]
  0x0000022894e4c000 JavaThread "jar transforms Thread 44" [_thread_blocked, id=18184, stack(0x0000007eaa700000,0x0000007eaa800000)]
  0x0000022894e4b800 JavaThread "jar transforms Thread 45" [_thread_blocked, id=16472, stack(0x0000007eaa800000,0x0000007eaa900000)]
  0x0000022894e46800 JavaThread "jar transforms Thread 46" [_thread_blocked, id=24944, stack(0x0000007eaa900000,0x0000007eaaa00000)]
  0x0000022894e4d000 JavaThread "jar transforms Thread 47" [_thread_blocked, id=14476, stack(0x0000007eaaa00000,0x0000007eaab00000)]
  0x0000022894e4d800 JavaThread "jar transforms Thread 48" [_thread_blocked, id=27484, stack(0x0000007eaab00000,0x0000007eaac00000)]
  0x0000022893ecb800 JavaThread "jar transforms Thread 49" [_thread_blocked, id=16360, stack(0x0000007eaac00000,0x0000007eaad00000)]
  0x0000022893eca800 JavaThread "jar transforms Thread 50" [_thread_blocked, id=7360, stack(0x0000007eaad00000,0x0000007eaae00000)]
  0x0000022893ec9800 JavaThread "jar transforms Thread 51" [_thread_blocked, id=19440, stack(0x0000007eaae00000,0x0000007eaaf00000)]
  0x0000022893ecd000 JavaThread "jar transforms Thread 52" [_thread_blocked, id=7224, stack(0x0000007eaaf00000,0x0000007eab000000)]
  0x0000022893ecc000 JavaThread "jar transforms Thread 53" [_thread_blocked, id=30516, stack(0x0000007eab000000,0x0000007eab100000)]
  0x0000022893ec7000 JavaThread "jar transforms Thread 54" [_thread_blocked, id=28016, stack(0x0000007eab100000,0x0000007eab200000)]
  0x0000022893ec8000 JavaThread "jar transforms Thread 55" [_thread_blocked, id=32176, stack(0x0000007eab200000,0x0000007eab300000)]
  0x0000022893ece800 JavaThread "jar transforms Thread 56" [_thread_blocked, id=11664, stack(0x0000007eab300000,0x0000007eab400000)]
  0x0000022893ece000 JavaThread "jar transforms Thread 57" [_thread_blocked, id=25916, stack(0x0000007eab400000,0x0000007eab500000)]
  0x0000022893ec9000 JavaThread "jar transforms Thread 58" [_thread_blocked, id=19808, stack(0x0000007eab500000,0x0000007eab600000)]
  0x0000022893ed1000 JavaThread "jar transforms Thread 59" [_thread_blocked, id=3776, stack(0x0000007eab600000,0x0000007eab700000)]
  0x0000022893ed2000 JavaThread "jar transforms Thread 60" [_thread_blocked, id=26112, stack(0x0000007eab700000,0x0000007eab800000)]
  0x0000022893ed2800 JavaThread "jar transforms Thread 61" [_thread_blocked, id=18452, stack(0x0000007eab800000,0x0000007eab900000)]
  0x0000022893ed3800 JavaThread "jar transforms Thread 62" [_thread_blocked, id=26804, stack(0x0000007eab900000,0x0000007eaba00000)]
  0x0000022893ed4800 JavaThread "jar transforms Thread 63" [_thread_blocked, id=28928, stack(0x0000007eaba00000,0x0000007eabb00000)]
  0x0000022893ed5000 JavaThread "jar transforms Thread 64" [_thread_blocked, id=22664, stack(0x0000007eabb00000,0x0000007eabc00000)]
  0x0000022893ecf800 JavaThread "jar transforms Thread 65" [_thread_blocked, id=25656, stack(0x0000007eabc00000,0x0000007eabd00000)]
  0x0000022893ed6000 JavaThread "jar transforms Thread 66" [_thread_blocked, id=17604, stack(0x0000007eabd00000,0x0000007eabe00000)]
  0x0000022893ed0000 JavaThread "jar transforms Thread 67" [_thread_blocked, id=6712, stack(0x0000007eabe00000,0x0000007eabf00000)]
  0x00000228935b6800 JavaThread "jar transforms Thread 68" [_thread_blocked, id=36052, stack(0x0000007eabf00000,0x0000007eac000000)]
  0x00000228935b7000 JavaThread "jar transforms Thread 69" [_thread_blocked, id=29640, stack(0x0000007eac000000,0x0000007eac100000)]
  0x00000228935bd800 JavaThread "jar transforms Thread 70" [_thread_blocked, id=8184, stack(0x0000007eac100000,0x0000007eac200000)]
  0x00000228935ba800 JavaThread "jar transforms Thread 71" [_thread_blocked, id=32964, stack(0x0000007eac200000,0x0000007eac300000)]
  0x00000228935bb000 JavaThread "jar transforms Thread 72" [_thread_blocked, id=29508, stack(0x0000007eac300000,0x0000007eac400000)]
  0x00000228935bd000 JavaThread "jar transforms Thread 73" [_thread_blocked, id=32884, stack(0x0000007eac400000,0x0000007eac500000)]
  0x00000228935bc000 JavaThread "jar transforms Thread 74" [_thread_blocked, id=21644, stack(0x0000007eac500000,0x0000007eac600000)]
  0x00000228935b8000 JavaThread "jar transforms Thread 75" [_thread_blocked, id=26400, stack(0x0000007eac600000,0x0000007eac700000)]
  0x00000228935be800 JavaThread "jar transforms Thread 76" [_thread_blocked, id=14136, stack(0x0000007eac700000,0x0000007eac800000)]
  0x00000228935b8800 JavaThread "jar transforms Thread 77" [_thread_blocked, id=9020, stack(0x0000007eac800000,0x0000007eac900000)]
  0x00000228935bf000 JavaThread "jar transforms Thread 78" [_thread_blocked, id=25476, stack(0x0000007eac900000,0x0000007eaca00000)]
  0x00000228935b9800 JavaThread "jar transforms Thread 79" [_thread_blocked, id=23204, stack(0x0000007eaca00000,0x0000007eacb00000)]
  0x00000228935c3800 JavaThread "jar transforms Thread 80" [_thread_blocked, id=34624, stack(0x0000007eacb00000,0x0000007eacc00000)]
  0x00000228935c4000 JavaThread "jar transforms Thread 81" [_thread_blocked, id=25024, stack(0x0000007eacc00000,0x0000007eacd00000)]
  0x00000228935c5000 JavaThread "jar transforms Thread 82" [_thread_blocked, id=25388, stack(0x0000007eacd00000,0x0000007eace00000)]
  0x00000228935c0000 JavaThread "jar transforms Thread 83" [_thread_blocked, id=32612, stack(0x0000007eace00000,0x0000007eacf00000)]
  0x00000228935c1000 JavaThread "jar transforms Thread 84" [_thread_blocked, id=28388, stack(0x0000007eacf00000,0x0000007ead000000)]
  0x00000228935c1800 JavaThread "jar transforms Thread 85" [_thread_blocked, id=24488, stack(0x0000007ead000000,0x0000007ead100000)]
  0x00000228935c2800 JavaThread "jar transforms Thread 86" [_thread_blocked, id=17920, stack(0x0000007ead100000,0x0000007ead200000)]
  0x00000228922e5800 JavaThread "jar transforms Thread 87" [_thread_blocked, id=24988, stack(0x0000007ead200000,0x0000007ead300000)]
  0x00000228922e5000 JavaThread "jar transforms Thread 88" [_thread_blocked, id=20640, stack(0x0000007ead300000,0x0000007ead400000)]
  0x00000228922e7800 JavaThread "jar transforms Thread 89" [_thread_blocked, id=10148, stack(0x0000007ead400000,0x0000007ead500000)]
  0x00000228922e6800 JavaThread "jar transforms Thread 90" [_thread_blocked, id=21328, stack(0x0000007ead500000,0x0000007ead600000)]
  0x00000228922e8000 JavaThread "jar transforms Thread 91" [_thread_blocked, id=24948, stack(0x0000007ead600000,0x0000007ead700000)]
  0x00000228922e9000 JavaThread "jar transforms Thread 92" [_thread_blocked, id=23572, stack(0x0000007ead700000,0x0000007ead800000)]
  0x00000228922e3000 JavaThread "jar transforms Thread 93" [_thread_blocked, id=31804, stack(0x0000007ead800000,0x0000007ead900000)]
  0x00000228922e9800 JavaThread "jar transforms Thread 94" [_thread_blocked, id=21076, stack(0x0000007ead900000,0x0000007eada00000)]
  0x00000228922e4000 JavaThread "jar transforms Thread 95" [_thread_blocked, id=33228, stack(0x0000007eada00000,0x0000007eadb00000)]
  0x00000228922eb800 JavaThread "jar transforms Thread 96" [_thread_blocked, id=31956, stack(0x0000007eadb00000,0x0000007eadc00000)]
  0x00000228922ec000 JavaThread "jar transforms Thread 97" [_thread_blocked, id=29404, stack(0x0000007eadc00000,0x0000007eadd00000)]
  0x00000228922ed000 JavaThread "Memory manager" [_thread_blocked, id=15416, stack(0x0000007eadd00000,0x0000007eade00000)]

Other Threads:
  0x000002288f3cd000 VMThread "VM Thread" [stack: 0x0000007ea5300000,0x0000007ea5400000] [id=36536]
  0x000002288feb2800 WatcherThread [stack: 0x0000007ea5d00000,0x0000007ea5e00000] [id=31320]
  0x00000228f5965000 GCTaskThread "GC Thread#0" [stack: 0x0000007ea4e00000,0x0000007ea4f00000] [id=7228]
  0x00000228902c2000 GCTaskThread "GC Thread#1" [stack: 0x0000007ea5e00000,0x0000007ea5f00000] [id=29572]
  0x00000228905c5800 GCTaskThread "GC Thread#2" [stack: 0x0000007ea5f00000,0x0000007ea6000000] [id=26588]
  0x0000022891587800 GCTaskThread "GC Thread#3" [stack: 0x0000007ea6c00000,0x0000007ea6d00000] [id=12404]
  0x00000228f5995000 ConcurrentGCThread "G1 Main Marker" [stack: 0x0000007ea4f00000,0x0000007ea5000000] [id=33512]
  0x00000228f5996800 ConcurrentGCThread "G1 Conc#0" [stack: 0x0000007ea5000000,0x0000007ea5100000] [id=24088]
  0x00000228f5a2a000 ConcurrentGCThread "G1 Refine#0" [stack: 0x0000007ea5100000,0x0000007ea5200000] [id=29080]
  0x00000228f5a2b000 ConcurrentGCThread "G1 Young RemSet Sampling" [stack: 0x0000007ea5200000,0x0000007ea5300000] [id=25380]

Threads with active compile tasks:
C2 CompilerThread0  23349 5613   !   4       java.net.URLClassLoader$1::run (63 bytes)

VM state:not at safepoint (normal execution)

VM Mutex/Monitor currently owned by a thread: None

Heap address: 0x0000000080000000, size: 2048 MB, Compressed Oops mode: 32-bit
Narrow klass base: 0x0000000000000000, Narrow klass shift: 3
Compressed class space size: 1073741824 Address: 0x0000000100000000

Heap:
 garbage-first heap   total 157696K, used 87843K [0x0000000080000000, 0x0000000100000000)
  region size 1024K, 51 young (52224K), 7 survivors (7168K)
 Metaspace       used 61965K, capacity 63373K, committed 63616K, reserved 1103872K
  class space    used 7943K, capacity 8456K, committed 8576K, reserved 1048576K
Heap Regions: E=young(eden), S=young(survivor), O=old, HS=humongous(starts), HC=humongous(continues), CS=collection set, F=free, A=archive, TAMS=top-at-mark-start (previous, next)
|   0|0x0000000080000000, 0x0000000080100000, 0x0000000080100000|100%| O|  |TAMS 0x0000000080100000, 0x0000000080000000| Untracked 
|   1|0x0000000080100000, 0x0000000080200000, 0x0000000080200000|100%| O|  |TAMS 0x0000000080200000, 0x0000000080100000| Untracked 
|   2|0x0000000080200000, 0x0000000080300000, 0x0000000080300000|100%| O|  |TAMS 0x0000000080300000, 0x0000000080200000| Untracked 
|   3|0x0000000080300000, 0x0000000080400000, 0x0000000080400000|100%|HS|  |TAMS 0x0000000080400000, 0x0000000080300000| Complete 
|   4|0x0000000080400000, 0x0000000080500000, 0x0000000080500000|100%|HC|  |TAMS 0x0000000080500000, 0x0000000080400000| Complete 
|   5|0x0000000080500000, 0x0000000080600000, 0x0000000080600000|100%|HC|  |TAMS 0x0000000080600000, 0x0000000080500000| Complete 
|   6|0x0000000080600000, 0x0000000080700000, 0x0000000080700000|100%| O|  |TAMS 0x0000000080700000, 0x0000000080600000| Untracked 
|   7|0x0000000080700000, 0x0000000080800000, 0x0000000080800000|100%| O|  |TAMS 0x0000000080800000, 0x0000000080700000| Untracked 
|   8|0x0000000080800000, 0x0000000080900000, 0x0000000080900000|100%| O|  |TAMS 0x0000000080900000, 0x0000000080800000| Untracked 
|   9|0x0000000080900000, 0x0000000080a00000, 0x0000000080a00000|100%| O|  |TAMS 0x0000000080a00000, 0x0000000080900000| Untracked 
|  10|0x0000000080a00000, 0x0000000080b00000, 0x0000000080b00000|100%| O|  |TAMS 0x0000000080b00000, 0x0000000080a00000| Untracked 
|  11|0x0000000080b00000, 0x0000000080c00000, 0x0000000080c00000|100%| O|  |TAMS 0x0000000080c00000, 0x0000000080b00000| Untracked 
|  12|0x0000000080c00000, 0x0000000080d00000, 0x0000000080d00000|100%| O|  |TAMS 0x0000000080d00000, 0x0000000080c00000| Untracked 
|  13|0x0000000080d00000, 0x0000000080e00000, 0x0000000080e00000|100%| O|  |TAMS 0x0000000080e00000, 0x0000000080d00000| Untracked 
|  14|0x0000000080e00000, 0x0000000080f00000, 0x0000000080f00000|100%| O|  |TAMS 0x0000000080f00000, 0x0000000080e00000| Untracked 
|  15|0x0000000080f00000, 0x0000000081000000, 0x0000000081000000|100%| O|  |TAMS 0x0000000081000000, 0x0000000080f00000| Untracked 
|  16|0x0000000081000000, 0x0000000081100000, 0x0000000081100000|100%|HS|  |TAMS 0x0000000081100000, 0x0000000081000000| Complete 
|  17|0x0000000081100000, 0x0000000081200000, 0x0000000081200000|100%|HS|  |TAMS 0x0000000081200000, 0x0000000081100000| Complete 
|  18|0x0000000081200000, 0x0000000081300000, 0x0000000081300000|100%|HC|  |TAMS 0x0000000081300000, 0x0000000081200000| Complete 
|  19|0x0000000081300000, 0x0000000081400000, 0x0000000081400000|100%| O|  |TAMS 0x0000000081400000, 0x0000000081300000| Untracked 
|  20|0x0000000081400000, 0x0000000081500000, 0x0000000081500000|100%| O|  |TAMS 0x0000000081500000, 0x0000000081400000| Untracked 
|  21|0x0000000081500000, 0x0000000081600000, 0x0000000081600000|100%| O|  |TAMS 0x0000000081600000, 0x0000000081500000| Untracked 
|  22|0x0000000081600000, 0x0000000081700000, 0x0000000081700000|100%| O|  |TAMS 0x0000000081700000, 0x0000000081600000| Untracked 
|  23|0x0000000081700000, 0x0000000081800000, 0x0000000081800000|100%| O|  |TAMS 0x0000000081800000, 0x0000000081700000| Untracked 
|  24|0x0000000081800000, 0x0000000081900000, 0x0000000081900000|100%| O|  |TAMS 0x0000000081900000, 0x0000000081800000| Untracked 
|  25|0x0000000081900000, 0x0000000081a00000, 0x0000000081a00000|100%| O|  |TAMS 0x0000000081a00000, 0x0000000081900000| Untracked 
|  26|0x0000000081a00000, 0x0000000081b00000, 0x0000000081b00000|100%| O|  |TAMS 0x0000000081b00000, 0x0000000081a00000| Untracked 
|  27|0x0000000081b00000, 0x0000000081c00000, 0x0000000081c00000|100%| O|  |TAMS 0x0000000081c00000, 0x0000000081b00000| Untracked 
|  28|0x0000000081c00000, 0x0000000081d00000, 0x0000000081d00000|100%| O|  |TAMS 0x0000000081d00000, 0x0000000081c00000| Untracked 
|  29|0x0000000081d00000, 0x0000000081e00000, 0x0000000081e00000|100%| O|  |TAMS 0x0000000081e00000, 0x0000000081d00000| Untracked 
|  30|0x0000000081e00000, 0x0000000081f00000, 0x0000000081f00000|100%| O|  |TAMS 0x0000000081f00000, 0x0000000081e00000| Untracked 
|  31|0x0000000081f00000, 0x0000000082000000, 0x0000000082000000|100%| O|  |TAMS 0x0000000082000000, 0x0000000081f00000| Untracked 
|  32|0x0000000082000000, 0x0000000082100000, 0x0000000082100000|100%| O|  |TAMS 0x0000000082100000, 0x0000000082000000| Untracked 
|  33|0x0000000082100000, 0x0000000082200000, 0x0000000082200000|100%| O|  |TAMS 0x0000000082200000, 0x0000000082100000| Untracked 
|  34|0x0000000082200000, 0x0000000082300000, 0x0000000082300000|100%| O|  |TAMS 0x0000000082300000, 0x0000000082200000| Untracked 
|  35|0x0000000082300000, 0x0000000082400000, 0x0000000082400000|100%| O|  |TAMS 0x0000000082400000, 0x0000000082300000| Untracked 
|  36|0x0000000082400000, 0x0000000082432c00, 0x0000000082500000| 19%| O|  |TAMS 0x0000000082432c00, 0x0000000082400000| Untracked 
|  37|0x0000000082500000, 0x0000000082500000, 0x0000000082600000|  0%| F|  |TAMS 0x0000000082500000, 0x0000000082500000| Untracked 
|  38|0x0000000082600000, 0x0000000082600000, 0x0000000082700000|  0%| F|  |TAMS 0x0000000082600000, 0x0000000082600000| Untracked 
|  39|0x0000000082700000, 0x0000000082700000, 0x0000000082800000|  0%| F|  |TAMS 0x0000000082700000, 0x0000000082700000| Untracked 
|  40|0x0000000082800000, 0x0000000082800000, 0x0000000082900000|  0%| F|  |TAMS 0x0000000082800000, 0x0000000082800000| Untracked 
|  41|0x0000000082900000, 0x0000000082900000, 0x0000000082a00000|  0%| F|  |TAMS 0x0000000082900000, 0x0000000082900000| Untracked 
|  42|0x0000000082a00000, 0x0000000082a00000, 0x0000000082b00000|  0%| F|  |TAMS 0x0000000082a00000, 0x0000000082a00000| Untracked 
|  43|0x0000000082b00000, 0x0000000082b00000, 0x0000000082c00000|  0%| F|  |TAMS 0x0000000082b00000, 0x0000000082b00000| Untracked 
|  44|0x0000000082c00000, 0x0000000082c00000, 0x0000000082d00000|  0%| F|  |TAMS 0x0000000082c00000, 0x0000000082c00000| Untracked 
|  45|0x0000000082d00000, 0x0000000082d00000, 0x0000000082e00000|  0%| F|  |TAMS 0x0000000082d00000, 0x0000000082d00000| Untracked 
|  46|0x0000000082e00000, 0x0000000082e00000, 0x0000000082f00000|  0%| F|  |TAMS 0x0000000082e00000, 0x0000000082e00000| Untracked 
|  47|0x0000000082f00000, 0x0000000082f00000, 0x0000000083000000|  0%| F|  |TAMS 0x0000000082f00000, 0x0000000082f00000| Untracked 
|  48|0x0000000083000000, 0x0000000083000000, 0x0000000083100000|  0%| F|  |TAMS 0x0000000083000000, 0x0000000083000000| Untracked 
|  49|0x0000000083100000, 0x0000000083100000, 0x0000000083200000|  0%| F|  |TAMS 0x0000000083100000, 0x0000000083100000| Untracked 
|  50|0x0000000083200000, 0x0000000083200000, 0x0000000083300000|  0%| F|  |TAMS 0x0000000083200000, 0x0000000083200000| Untracked 
|  51|0x0000000083300000, 0x0000000083300000, 0x0000000083400000|  0%| F|  |TAMS 0x0000000083300000, 0x0000000083300000| Untracked 
|  52|0x0000000083400000, 0x0000000083400000, 0x0000000083500000|  0%| F|  |TAMS 0x0000000083400000, 0x0000000083400000| Untracked 
|  53|0x0000000083500000, 0x0000000083500000, 0x0000000083600000|  0%| F|  |TAMS 0x0000000083500000, 0x0000000083500000| Untracked 
|  54|0x0000000083600000, 0x0000000083600000, 0x0000000083700000|  0%| F|  |TAMS 0x0000000083600000, 0x0000000083600000| Untracked 
|  55|0x0000000083700000, 0x0000000083700000, 0x0000000083800000|  0%| F|  |TAMS 0x0000000083700000, 0x0000000083700000| Untracked 
|  56|0x0000000083800000, 0x0000000083800000, 0x0000000083900000|  0%| F|  |TAMS 0x0000000083800000, 0x0000000083800000| Untracked 
|  57|0x0000000083900000, 0x0000000083900000, 0x0000000083a00000|  0%| F|  |TAMS 0x0000000083900000, 0x0000000083900000| Untracked 
|  58|0x0000000083a00000, 0x0000000083a00000, 0x0000000083b00000|  0%| F|  |TAMS 0x0000000083a00000, 0x0000000083a00000| Untracked 
|  59|0x0000000083b00000, 0x0000000083b00000, 0x0000000083c00000|  0%| F|  |TAMS 0x0000000083b00000, 0x0000000083b00000| Untracked 
|  60|0x0000000083c00000, 0x0000000083c00000, 0x0000000083d00000|  0%| F|  |TAMS 0x0000000083c00000, 0x0000000083c00000| Untracked 
|  61|0x0000000083d00000, 0x0000000083d00000, 0x0000000083e00000|  0%| F|  |TAMS 0x0000000083d00000, 0x0000000083d00000| Untracked 
|  62|0x0000000083e00000, 0x0000000083e00000, 0x0000000083f00000|  0%| F|  |TAMS 0x0000000083e00000, 0x0000000083e00000| Untracked 
|  63|0x0000000083f00000, 0x0000000083f00000, 0x0000000084000000|  0%| F|  |TAMS 0x0000000083f00000, 0x0000000083f00000| Untracked 
|  64|0x0000000084000000, 0x0000000084000000, 0x0000000084100000|  0%| F|  |TAMS 0x0000000084000000, 0x0000000084000000| Untracked 
|  65|0x0000000084100000, 0x0000000084100000, 0x0000000084200000|  0%| F|  |TAMS 0x0000000084100000, 0x0000000084100000| Untracked 
|  66|0x0000000084200000, 0x0000000084200000, 0x0000000084300000|  0%| F|  |TAMS 0x0000000084200000, 0x0000000084200000| Untracked 
|  67|0x0000000084300000, 0x0000000084300000, 0x0000000084400000|  0%| F|  |TAMS 0x0000000084300000, 0x0000000084300000| Untracked 
|  68|0x0000000084400000, 0x0000000084400000, 0x0000000084500000|  0%| F|  |TAMS 0x0000000084400000, 0x0000000084400000| Untracked 
|  69|0x0000000084500000, 0x0000000084500000, 0x0000000084600000|  0%| F|  |TAMS 0x0000000084500000, 0x0000000084500000| Untracked 
|  70|0x0000000084600000, 0x0000000084600000, 0x0000000084700000|  0%| F|  |TAMS 0x0000000084600000, 0x0000000084600000| Untracked 
|  71|0x0000000084700000, 0x0000000084700000, 0x0000000084800000|  0%| F|  |TAMS 0x0000000084700000, 0x0000000084700000| Untracked 
|  72|0x0000000084800000, 0x0000000084800000, 0x0000000084900000|  0%| F|  |TAMS 0x0000000084800000, 0x0000000084800000| Untracked 
|  73|0x0000000084900000, 0x0000000084900000, 0x0000000084a00000|  0%| F|  |TAMS 0x0000000084900000, 0x0000000084900000| Untracked 
|  74|0x0000000084a00000, 0x0000000084a00000, 0x0000000084b00000|  0%| F|  |TAMS 0x0000000084a00000, 0x0000000084a00000| Untracked 
|  75|0x0000000084b00000, 0x0000000084b00000, 0x0000000084c00000|  0%| F|  |TAMS 0x0000000084b00000, 0x0000000084b00000| Untracked 
|  76|0x0000000084c00000, 0x0000000084c00000, 0x0000000084d00000|  0%| F|  |TAMS 0x0000000084c00000, 0x0000000084c00000| Untracked 
|  77|0x0000000084d00000, 0x0000000084d00000, 0x0000000084e00000|  0%| F|  |TAMS 0x0000000084d00000, 0x0000000084d00000| Untracked 
|  78|0x0000000084e00000, 0x0000000084e00000, 0x0000000084f00000|  0%| F|  |TAMS 0x0000000084e00000, 0x0000000084e00000| Untracked 
|  79|0x0000000084f00000, 0x0000000084f00000, 0x0000000085000000|  0%| F|  |TAMS 0x0000000084f00000, 0x0000000084f00000| Untracked 
|  80|0x0000000085000000, 0x0000000085000000, 0x0000000085100000|  0%| F|  |TAMS 0x0000000085000000, 0x0000000085000000| Untracked 
|  81|0x0000000085100000, 0x0000000085100000, 0x0000000085200000|  0%| F|  |TAMS 0x0000000085100000, 0x0000000085100000| Untracked 
|  82|0x0000000085200000, 0x0000000085200000, 0x0000000085300000|  0%| F|  |TAMS 0x0000000085200000, 0x0000000085200000| Untracked 
|  83|0x0000000085300000, 0x0000000085300000, 0x0000000085400000|  0%| F|  |TAMS 0x0000000085300000, 0x0000000085300000| Untracked 
|  84|0x0000000085400000, 0x0000000085400000, 0x0000000085500000|  0%| F|  |TAMS 0x0000000085400000, 0x0000000085400000| Untracked 
|  85|0x0000000085500000, 0x0000000085500000, 0x0000000085600000|  0%| F|  |TAMS 0x0000000085500000, 0x0000000085500000| Untracked 
|  86|0x0000000085600000, 0x0000000085600000, 0x0000000085700000|  0%| F|  |TAMS 0x0000000085600000, 0x0000000085600000| Untracked 
|  87|0x0000000085700000, 0x0000000085700000, 0x0000000085800000|  0%| F|  |TAMS 0x0000000085700000, 0x0000000085700000| Untracked 
|  88|0x0000000085800000, 0x0000000085800000, 0x0000000085900000|  0%| F|  |TAMS 0x0000000085800000, 0x0000000085800000| Untracked 
|  89|0x0000000085900000, 0x0000000085900000, 0x0000000085a00000|  0%| F|  |TAMS 0x0000000085900000, 0x0000000085900000| Untracked 
|  90|0x0000000085a00000, 0x0000000085a00000, 0x0000000085b00000|  0%| F|  |TAMS 0x0000000085a00000, 0x0000000085a00000| Untracked 
|  91|0x0000000085b00000, 0x0000000085b00000, 0x0000000085c00000|  0%| F|  |TAMS 0x0000000085b00000, 0x0000000085b00000| Untracked 
|  92|0x0000000085c00000, 0x0000000085c00000, 0x0000000085d00000|  0%| F|  |TAMS 0x0000000085c00000, 0x0000000085c00000| Untracked 
|  93|0x0000000085d00000, 0x0000000085d00000, 0x0000000085e00000|  0%| F|  |TAMS 0x0000000085d00000, 0x0000000085d00000| Untracked 
|  94|0x0000000085e00000, 0x0000000085e00000, 0x0000000085f00000|  0%| F|  |TAMS 0x0000000085e00000, 0x0000000085e00000| Untracked 
|  95|0x0000000085f00000, 0x0000000085f00000, 0x0000000086000000|  0%| F|  |TAMS 0x0000000085f00000, 0x0000000085f00000| Untracked 
|  96|0x0000000086000000, 0x0000000086000000, 0x0000000086100000|  0%| F|  |TAMS 0x0000000086000000, 0x0000000086000000| Untracked 
|  97|0x0000000086100000, 0x0000000086100000, 0x0000000086200000|  0%| F|  |TAMS 0x0000000086100000, 0x0000000086100000| Untracked 
|  98|0x0000000086200000, 0x0000000086200000, 0x0000000086300000|  0%| F|  |TAMS 0x0000000086200000, 0x0000000086200000| Untracked 
|  99|0x0000000086300000, 0x0000000086300000, 0x0000000086400000|  0%| F|  |TAMS 0x0000000086300000, 0x0000000086300000| Untracked 
| 100|0x0000000086400000, 0x0000000086400000, 0x0000000086500000|  0%| F|  |TAMS 0x0000000086400000, 0x0000000086400000| Untracked 
| 101|0x0000000086500000, 0x0000000086500000, 0x0000000086600000|  0%| F|  |TAMS 0x0000000086500000, 0x0000000086500000| Untracked 
| 102|0x0000000086600000, 0x0000000086600000, 0x0000000086700000|  0%| F|  |TAMS 0x0000000086600000, 0x0000000086600000| Untracked 
| 103|0x0000000086700000, 0x0000000086800000, 0x0000000086800000|100%| E|  |TAMS 0x0000000086700000, 0x0000000086700000| Complete 
| 104|0x0000000086800000, 0x0000000086900000, 0x0000000086900000|100%| E|CS|TAMS 0x0000000086800000, 0x0000000086800000| Complete 
| 105|0x0000000086900000, 0x0000000086a00000, 0x0000000086a00000|100%| E|CS|TAMS 0x0000000086900000, 0x0000000086900000| Complete 
| 106|0x0000000086a00000, 0x0000000086b00000, 0x0000000086b00000|100%| E|CS|TAMS 0x0000000086a00000, 0x0000000086a00000| Complete 
| 107|0x0000000086b00000, 0x0000000086c00000, 0x0000000086c00000|100%| E|CS|TAMS 0x0000000086b00000, 0x0000000086b00000| Complete 
| 108|0x0000000086c00000, 0x0000000086d00000, 0x0000000086d00000|100%| E|CS|TAMS 0x0000000086c00000, 0x0000000086c00000| Complete 
| 109|0x0000000086d00000, 0x0000000086e00000, 0x0000000086e00000|100%| E|CS|TAMS 0x0000000086d00000, 0x0000000086d00000| Complete 
| 110|0x0000000086e00000, 0x0000000086f00000, 0x0000000086f00000|100%| E|CS|TAMS 0x0000000086e00000, 0x0000000086e00000| Complete 
| 111|0x0000000086f00000, 0x0000000087000000, 0x0000000087000000|100%| E|CS|TAMS 0x0000000086f00000, 0x0000000086f00000| Complete 
| 112|0x0000000087000000, 0x0000000087100000, 0x0000000087100000|100%| E|CS|TAMS 0x0000000087000000, 0x0000000087000000| Complete 
| 113|0x0000000087100000, 0x0000000087200000, 0x0000000087200000|100%| E|CS|TAMS 0x0000000087100000, 0x0000000087100000| Complete 
| 114|0x0000000087200000, 0x0000000087300000, 0x0000000087300000|100%| E|CS|TAMS 0x0000000087200000, 0x0000000087200000| Complete 
| 115|0x0000000087300000, 0x0000000087400000, 0x0000000087400000|100%| E|CS|TAMS 0x0000000087300000, 0x0000000087300000| Complete 
| 116|0x0000000087400000, 0x00000000874962b8, 0x0000000087500000| 58%| S|CS|TAMS 0x0000000087400000, 0x0000000087400000| Complete 
| 117|0x0000000087500000, 0x0000000087600000, 0x0000000087600000|100%| S|CS|TAMS 0x0000000087500000, 0x0000000087500000| Complete 
| 118|0x0000000087600000, 0x0000000087700000, 0x0000000087700000|100%| S|CS|TAMS 0x0000000087600000, 0x0000000087600000| Complete 
| 119|0x0000000087700000, 0x0000000087800000, 0x0000000087800000|100%| S|CS|TAMS 0x0000000087700000, 0x0000000087700000| Complete 
| 120|0x0000000087800000, 0x0000000087900000, 0x0000000087900000|100%| S|CS|TAMS 0x0000000087800000, 0x0000000087800000| Complete 
| 121|0x0000000087900000, 0x0000000087a00000, 0x0000000087a00000|100%| S|CS|TAMS 0x0000000087900000, 0x0000000087900000| Complete 
| 122|0x0000000087a00000, 0x0000000087b00000, 0x0000000087b00000|100%| S|CS|TAMS 0x0000000087a00000, 0x0000000087a00000| Complete 
| 123|0x0000000087b00000, 0x0000000087c00000, 0x0000000087c00000|100%| E|CS|TAMS 0x0000000087b00000, 0x0000000087b00000| Complete 
| 124|0x0000000087c00000, 0x0000000087d00000, 0x0000000087d00000|100%| E|CS|TAMS 0x0000000087c00000, 0x0000000087c00000| Complete 
| 125|0x0000000087d00000, 0x0000000087e00000, 0x0000000087e00000|100%| E|CS|TAMS 0x0000000087d00000, 0x0000000087d00000| Complete 
| 126|0x0000000087e00000, 0x0000000087f00000, 0x0000000087f00000|100%| E|CS|TAMS 0x0000000087e00000, 0x0000000087e00000| Complete 
| 127|0x0000000087f00000, 0x0000000088000000, 0x0000000088000000|100%| E|CS|TAMS 0x0000000087f00000, 0x0000000087f00000| Complete 
| 128|0x0000000088000000, 0x0000000088100000, 0x0000000088100000|100%| E|CS|TAMS 0x0000000088000000, 0x0000000088000000| Complete 
| 129|0x0000000088100000, 0x0000000088200000, 0x0000000088200000|100%| E|CS|TAMS 0x0000000088100000, 0x0000000088100000| Complete 
| 130|0x0000000088200000, 0x0000000088300000, 0x0000000088300000|100%| E|CS|TAMS 0x0000000088200000, 0x0000000088200000| Complete 
| 131|0x0000000088300000, 0x0000000088400000, 0x0000000088400000|100%| E|CS|TAMS 0x0000000088300000, 0x0000000088300000| Complete 
| 132|0x0000000088400000, 0x0000000088500000, 0x0000000088500000|100%| E|CS|TAMS 0x0000000088400000, 0x0000000088400000| Complete 
| 133|0x0000000088500000, 0x0000000088600000, 0x0000000088600000|100%| E|CS|TAMS 0x0000000088500000, 0x0000000088500000| Complete 
| 134|0x0000000088600000, 0x0000000088700000, 0x0000000088700000|100%| E|CS|TAMS 0x0000000088600000, 0x0000000088600000| Complete 
| 135|0x0000000088700000, 0x0000000088800000, 0x0000000088800000|100%| E|CS|TAMS 0x0000000088700000, 0x0000000088700000| Complete 
| 136|0x0000000088800000, 0x0000000088900000, 0x0000000088900000|100%| E|CS|TAMS 0x0000000088800000, 0x0000000088800000| Complete 
| 137|0x0000000088900000, 0x0000000088a00000, 0x0000000088a00000|100%| E|CS|TAMS 0x0000000088900000, 0x0000000088900000| Complete 
| 138|0x0000000088a00000, 0x0000000088b00000, 0x0000000088b00000|100%| E|CS|TAMS 0x0000000088a00000, 0x0000000088a00000| Complete 
| 139|0x0000000088b00000, 0x0000000088c00000, 0x0000000088c00000|100%| E|CS|TAMS 0x0000000088b00000, 0x0000000088b00000| Complete 
| 140|0x0000000088c00000, 0x0000000088d00000, 0x0000000088d00000|100%| E|CS|TAMS 0x0000000088c00000, 0x0000000088c00000| Complete 
| 141|0x0000000088d00000, 0x0000000088e00000, 0x0000000088e00000|100%| E|CS|TAMS 0x0000000088d00000, 0x0000000088d00000| Complete 
| 142|0x0000000088e00000, 0x0000000088f00000, 0x0000000088f00000|100%| E|CS|TAMS 0x0000000088e00000, 0x0000000088e00000| Complete 
| 143|0x0000000088f00000, 0x0000000089000000, 0x0000000089000000|100%| E|CS|TAMS 0x0000000088f00000, 0x0000000088f00000| Complete 
| 144|0x0000000089000000, 0x0000000089100000, 0x0000000089100000|100%| E|CS|TAMS 0x0000000089000000, 0x0000000089000000| Complete 
| 145|0x0000000089100000, 0x0000000089200000, 0x0000000089200000|100%| E|CS|TAMS 0x0000000089100000, 0x0000000089100000| Complete 
| 146|0x0000000089200000, 0x0000000089300000, 0x0000000089300000|100%| E|CS|TAMS 0x0000000089200000, 0x0000000089200000| Complete 
| 147|0x0000000089300000, 0x0000000089400000, 0x0000000089400000|100%| E|CS|TAMS 0x0000000089300000, 0x0000000089300000| Complete 
| 148|0x0000000089400000, 0x0000000089500000, 0x0000000089500000|100%| E|CS|TAMS 0x0000000089400000, 0x0000000089400000| Complete 
| 149|0x0000000089500000, 0x0000000089600000, 0x0000000089600000|100%| E|CS|TAMS 0x0000000089500000, 0x0000000089500000| Complete 
| 150|0x0000000089600000, 0x0000000089700000, 0x0000000089700000|100%| E|CS|TAMS 0x0000000089600000, 0x0000000089600000| Complete 
| 151|0x0000000089700000, 0x0000000089800000, 0x0000000089800000|100%| E|CS|TAMS 0x0000000089700000, 0x0000000089700000| Complete 
| 152|0x0000000089800000, 0x0000000089900000, 0x0000000089900000|100%| E|CS|TAMS 0x0000000089800000, 0x0000000089800000| Complete 
| 153|0x0000000089900000, 0x0000000089a00000, 0x0000000089a00000|100%| E|CS|TAMS 0x0000000089900000, 0x0000000089900000| Complete 

Card table byte_map: [0x00000228f96d0000,0x00000228f9ad0000] _byte_map_base: 0x00000228f92d0000

Marking Bits (Prev, Next): (CMBitMap*) 0x00000228f598c5b0, (CMBitMap*) 0x00000228f598c578
 Prev Bits: [0x00000228fbed0000, 0x00000228fded0000)
 Next Bits: [0x00000228f9ed0000, 0x00000228fbed0000)

Polling page: 0x00000228f3840000

Metaspace:

Usage:
  Non-class:     53.69 MB capacity,    52.79 MB ( 98%) used,   784.40 KB (  1%) free+waste,   136.13 KB ( <1%) overhead. 
      Class:      8.26 MB capacity,     7.76 MB ( 94%) used,   441.04 KB (  5%) free+waste,    63.81 KB ( <1%) overhead. 
       Both:     61.95 MB capacity,    60.56 MB ( 98%) used,     1.20 MB (  2%) free+waste,   199.94 KB ( <1%) overhead. 

Virtual space:
  Non-class space:       54.00 MB reserved,      53.75 MB (>99%) committed 
      Class space:        1.00 GB reserved,       8.38 MB ( <1%) committed 
             Both:        1.05 GB reserved,      62.13 MB (  6%) committed 

Chunk freelists:
   Non-Class:  59.00 KB
       Class:  24.00 KB
        Both:  83.00 KB

MaxMetaspaceSize: 17179869184.00 GB
CompressedClassSpaceSize: 1.00 GB

CodeHeap 'non-profiled nmethods': size=120064Kb used=3203Kb max_used=3203Kb free=116861Kb
 bounds [0x0000022887ac0000, 0x0000022887df0000, 0x000002288f000000]
CodeHeap 'profiled nmethods': size=120000Kb used=11619Kb max_used=11619Kb free=108380Kb
 bounds [0x0000022880590000, 0x00000228810f0000, 0x0000022887ac0000]
CodeHeap 'non-nmethods': size=5696Kb used=2233Kb max_used=2284Kb free=3462Kb
 bounds [0x0000022880000000, 0x0000022880270000, 0x0000022880590000]
 total_blobs=6245 nmethods=5431 adapters=725
 compilation: enabled
              stopped_count=0, restarted_count=0
 full_count=0

Compilation events (20 events):
Event: 23.014 Thread 0x000002288f3f6800 5674       3       org.gradle.api.internal.DefaultCollectionCallbackActionDecorator::decorate (51 bytes)
Event: 23.016 Thread 0x000002288f3f6800 nmethod 5674 0x00000228810e7690 code [0x00000228810e78c0, 0x00000228810e8328]
Event: 23.019 Thread 0x000002288f3f6800 5676       3       org.gradle.api.internal.provider.AbstractProperty$NonFinalizedValue::explicitValue (7 bytes)
Event: 23.019 Thread 0x000002288f3f6800 nmethod 5676 0x00000228810e8610 code [0x00000228810e87c0, 0x00000228810e88b8]
Event: 23.020 Thread 0x0000022893967800 5675       4       com.google.common.collect.Hashing::smear (19 bytes)
Event: 23.021 Thread 0x0000022893967800 nmethod 5675 0x0000022887ddf310 code [0x0000022887ddf4a0, 0x0000022887ddf4f8]
Event: 23.021 Thread 0x0000022893967800 5619       4       java.util.TreeMap$ValueIterator::next (8 bytes)
Event: 23.031 Thread 0x0000022893967800 nmethod 5619 0x0000022887ddf590 code [0x0000022887ddf720, 0x0000022887ddf9f8]
Event: 23.031 Thread 0x0000022893967800 5614       4       org.objectweb.asm.Type::getTypeInternal (199 bytes)
Event: 23.041 Thread 0x0000022893967800 nmethod 5614 0x0000022887ddfb90 code [0x0000022887ddfd60, 0x0000022887de00a8]
Event: 23.041 Thread 0x0000022893967800 5651       4       java.util.Collections$UnmodifiableCollection::iterator (9 bytes)
Event: 23.046 Thread 0x0000022893967800 nmethod 5651 0x0000022887de0290 code [0x0000022887de0440, 0x0000022887de0618]
Event: 23.079 Thread 0x000002288f3f6800 5677       3       org.gradle.api.internal.tasks.DefaultTaskContainer_Decorated::getEventRegister (39 bytes)
Event: 23.080 Thread 0x000002288f3f6800 nmethod 5677 0x00000228810e8990 code [0x00000228810e8bc0, 0x00000228810e9348]
Event: 23.221 Thread 0x000002288f3f6800 5678       3       sun.invoke.util.VerifyAccess$1::<init> (15 bytes)
Event: 23.221 Thread 0x000002288f3f6800 nmethod 5678 0x00000228810e9590 code [0x00000228810e9740, 0x00000228810e9958]
Event: 23.222 Thread 0x000002288f3f6800 5679       3       sun.invoke.util.VerifyAccess$1::run (5 bytes)
Event: 23.222 Thread 0x000002288f3f6800 nmethod 5679 0x00000228810e9a10 code [0x00000228810e9be0, 0x00000228810e9dc8]
Event: 23.231 Thread 0x000002288f3f6800 5680       1       org.gradle.api.internal.provider.DefaultProperty::getType (5 bytes)
Event: 23.231 Thread 0x000002288f3f6800 nmethod 5680 0x0000022887de0710 code [0x0000022887de08c0, 0x0000022887de0978]

GC Heap History (20 events):
Event: 2.149 GC heap before
{Heap before GC invocations=1 (full 0):
 garbage-first heap   total 131072K, used 19234K [0x0000000080000000, 0x0000000100000000)
  region size 1024K, 13 young (13312K), 2 survivors (2048K)
 Metaspace       used 10450K, capacity 10640K, committed 11008K, reserved 1058816K
  class space    used 1100K, capacity 1164K, committed 1280K, reserved 1048576K
}
Event: 2.154 GC heap after
{Heap after GC invocations=2 (full 0):
 garbage-first heap   total 131072K, used 8481K [0x0000000080000000, 0x0000000100000000)
  region size 1024K, 1 young (1024K), 1 survivors (1024K)
 Metaspace       used 10450K, capacity 10640K, committed 11008K, reserved 1058816K
  class space    used 1100K, capacity 1164K, committed 1280K, reserved 1048576K
}
Event: 2.807 GC heap before
{Heap before GC invocations=2 (full 0):
 garbage-first heap   total 131072K, used 37153K [0x0000000080000000, 0x0000000100000000)
  region size 1024K, 30 young (30720K), 1 survivors (1024K)
 Metaspace       used 10637K, capacity 10897K, committed 11264K, reserved 1058816K
  class space    used 1102K, capacity 1164K, committed 1280K, reserved 1048576K
}
Event: 2.812 GC heap after
{Heap after GC invocations=3 (full 0):
 garbage-first heap   total 131072K, used 12837K [0x0000000080000000, 0x0000000100000000)
  region size 1024K, 4 young (4096K), 4 survivors (4096K)
 Metaspace       used 10637K, capacity 10897K, committed 11264K, reserved 1058816K
  class space    used 1102K, capacity 1164K, committed 1280K, reserved 1048576K
}
Event: 5.542 GC heap before
{Heap before GC invocations=3 (full 0):
 garbage-first heap   total 131072K, used 54821K [0x0000000080000000, 0x0000000100000000)
  region size 1024K, 45 young (46080K), 4 survivors (4096K)
 Metaspace       used 18947K, capacity 19400K, committed 19712K, reserved 1067008K
  class space    used 2291K, capacity 2456K, committed 2560K, reserved 1048576K
}
Event: 5.554 GC heap after
{Heap after GC invocations=4 (full 0):
 garbage-first heap   total 131072K, used 15842K [0x0000000080000000, 0x0000000100000000)
  region size 1024K, 3 young (3072K), 3 survivors (3072K)
 Metaspace       used 18947K, capacity 19400K, committed 19712K, reserved 1067008K
  class space    used 2291K, capacity 2456K, committed 2560K, reserved 1048576K
}
Event: 5.934 GC heap before
{Heap before GC invocations=4 (full 0):
 garbage-first heap   total 131072K, used 27106K [0x0000000080000000, 0x0000000100000000)
  region size 1024K, 16 young (16384K), 3 survivors (3072K)
 Metaspace       used 20650K, capacity 21105K, committed 21248K, reserved 1067008K
  class space    used 2532K, capacity 2710K, committed 2816K, reserved 1048576K
}
Event: 5.944 GC heap after
{Heap after GC invocations=5 (full 0):
 garbage-first heap   total 131072K, used 16422K [0x0000000080000000, 0x0000000100000000)
  region size 1024K, 4 young (4096K), 4 survivors (4096K)
 Metaspace       used 20650K, capacity 21105K, committed 21248K, reserved 1067008K
  class space    used 2532K, capacity 2710K, committed 2816K, reserved 1048576K
}
Event: 7.868 GC heap before
{Heap before GC invocations=6 (full 0):
 garbage-first heap   total 131072K, used 64550K [0x0000000080000000, 0x0000000100000000)
  region size 1024K, 51 young (52224K), 4 survivors (4096K)
 Metaspace       used 26122K, capacity 26735K, committed 27008K, reserved 1073152K
  class space    used 3409K, capacity 3632K, committed 3712K, reserved 1048576K
}
Event: 7.879 GC heap after
{Heap after GC invocations=7 (full 0):
 garbage-first heap   total 131072K, used 18124K [0x0000000080000000, 0x0000000100000000)
  region size 1024K, 6 young (6144K), 6 survivors (6144K)
 Metaspace       used 26122K, capacity 26735K, committed 27008K, reserved 1073152K
  class space    used 3409K, capacity 3632K, committed 3712K, reserved 1048576K
}
Event: 10.620 GC heap before
{Heap before GC invocations=7 (full 0):
 garbage-first heap   total 131072K, used 66252K [0x0000000080000000, 0x0000000100000000)
  region size 1024K, 55 young (56320K), 6 survivors (6144K)
 Metaspace       used 35115K, capacity 35769K, committed 35840K, reserved 1081344K
  class space    used 4566K, capacity 4856K, committed 4864K, reserved 1048576K
}
Event: 10.642 GC heap after
{Heap after GC invocations=8 (full 0):
 garbage-first heap   total 131072K, used 21593K [0x0000000080000000, 0x0000000100000000)
  region size 1024K, 6 young (6144K), 6 survivors (6144K)
 Metaspace       used 35115K, capacity 35769K, committed 35840K, reserved 1081344K
  class space    used 4566K, capacity 4856K, committed 4864K, reserved 1048576K
}
Event: 12.617 GC heap before
{Heap before GC invocations=9 (full 0):
 garbage-first heap   total 131072K, used 90201K [0x0000000080000000, 0x0000000100000000)
  region size 1024K, 70 young (71680K), 6 survivors (6144K)
 Metaspace       used 41427K, capacity 42302K, committed 42624K, reserved 1085440K
  class space    used 5314K, capacity 5642K, committed 5760K, reserved 1048576K
}
Event: 12.637 GC heap after
{Heap after GC invocations=10 (full 0):
 garbage-first heap   total 157696K, used 25259K [0x0000000080000000, 0x0000000100000000)
  region size 1024K, 7 young (7168K), 7 survivors (7168K)
 Metaspace       used 41427K, capacity 42302K, committed 42624K, reserved 1085440K
  class space    used 5314K, capacity 5642K, committed 5760K, reserved 1048576K
}
Event: 14.975 GC heap before
{Heap before GC invocations=10 (full 0):
 garbage-first heap   total 157696K, used 101035K [0x0000000080000000, 0x0000000100000000)
  region size 1024K, 78 young (79872K), 7 survivors (7168K)
 Metaspace       used 45019K, capacity 46181K, committed 46464K, reserved 1089536K
  class space    used 5775K, capacity 6173K, committed 6272K, reserved 1048576K
}
Event: 15.006 GC heap after
{Heap after GC invocations=11 (full 0):
 garbage-first heap   total 157696K, used 36411K [0x0000000080000000, 0x0000000100000000)
  region size 1024K, 10 young (10240K), 10 survivors (10240K)
 Metaspace       used 45019K, capacity 46181K, committed 46464K, reserved 1089536K
  class space    used 5775K, capacity 6173K, committed 6272K, reserved 1048576K
}
Event: 18.799 GC heap before
{Heap before GC invocations=11 (full 0):
 garbage-first heap   total 157696K, used 108091K [0x0000000080000000, 0x0000000100000000)
  region size 1024K, 81 young (82944K), 10 survivors (10240K)
 Metaspace       used 55952K, capacity 57275K, committed 57600K, reserved 1099776K
  class space    used 7112K, capacity 7590K, committed 7680K, reserved 1048576K
}
Event: 18.832 GC heap after
{Heap after GC invocations=12 (full 0):
 garbage-first heap   total 157696K, used 41163K [0x0000000080000000, 0x0000000100000000)
  region size 1024K, 4 young (4096K), 4 survivors (4096K)
 Metaspace       used 55952K, capacity 57275K, committed 57600K, reserved 1099776K
  class space    used 7112K, capacity 7590K, committed 7680K, reserved 1048576K
}
Event: 21.099 GC heap before
{Heap before GC invocations=12 (full 0):
 garbage-first heap   total 157696K, used 72907K [0x0000000080000000, 0x0000000100000000)
  region size 1024K, 35 young (35840K), 4 survivors (4096K)
 Metaspace       used 58768K, capacity 60127K, committed 60160K, reserved 1101824K
  class space    used 7435K, capacity 7932K, committed 7936K, reserved 1048576K
}
Event: 21.131 GC heap after
{Heap after GC invocations=13 (full 0):
 garbage-first heap   total 157696K, used 43811K [0x0000000080000000, 0x0000000100000000)
  region size 1024K, 7 young (7168K), 7 survivors (7168K)
 Metaspace       used 58768K, capacity 60127K, committed 60160K, reserved 1101824K
  class space    used 7435K, capacity 7932K, committed 7936K, reserved 1048576K
}

Deoptimization events (20 events):
Event: 21.283 Thread 0x000002288fe9c000 Uncommon trap: trap_request=0xffffff4d fr.pc=0x0000022887b28b40 relative=0x0000000000000380
Event: 21.283 Thread 0x000002288fe9c000 Uncommon trap: reason=unstable_if action=reinterpret pc=0x0000022887b28b40 method=java.lang.AbstractStringBuilder.isLatin1()Z @ 10 c2
Event: 21.283 Thread 0x000002288fe9c000 DEOPT PACKING pc=0x0000022887b28b40 sp=0x0000007ea68f69d0
Event: 21.283 Thread 0x000002288fe9c000 DEOPT UNPACKING pc=0x00000228800274af sp=0x0000007ea68f6950 mode 2
Event: 21.283 Thread 0x000002288fe9c000 Uncommon trap: trap_request=0xffffff4d fr.pc=0x0000022887b04a28 relative=0x0000000000000468
Event: 21.283 Thread 0x000002288fe9c000 Uncommon trap: reason=unstable_if action=reinterpret pc=0x0000022887b04a28 method=java.lang.AbstractStringBuilder.putStringAt(ILjava/lang/String;)V @ 8 c2
Event: 21.283 Thread 0x000002288fe9c000 DEOPT PACKING pc=0x0000022887b04a28 sp=0x0000007ea68f65e0
Event: 21.283 Thread 0x000002288fe9c000 DEOPT UNPACKING pc=0x00000228800274af sp=0x0000007ea68f6540 mode 2
Event: 21.283 Thread 0x000002288fe9c000 Uncommon trap: trap_request=0xffffff4d fr.pc=0x0000022887b0426c relative=0x00000000000000cc
Event: 21.283 Thread 0x000002288fe9c000 Uncommon trap: reason=unstable_if action=reinterpret pc=0x0000022887b0426c method=java.lang.String.getBytes([BIB)V @ 5 c2
Event: 21.283 Thread 0x000002288fe9c000 DEOPT PACKING pc=0x0000022887b0426c sp=0x0000007ea68f6560
Event: 21.283 Thread 0x000002288fe9c000 DEOPT UNPACKING pc=0x00000228800274af sp=0x0000007ea68f6508 mode 2
Event: 21.284 Thread 0x000002288fe9c000 Uncommon trap: trap_request=0xffffff4d fr.pc=0x0000022887b05498 relative=0x0000000000000458
Event: 21.284 Thread 0x000002288fe9c000 Uncommon trap: reason=unstable_if action=reinterpret pc=0x0000022887b05498 method=java.lang.String.substring(II)Ljava/lang/String; @ 31 c2
Event: 21.284 Thread 0x000002288fe9c000 DEOPT PACKING pc=0x0000022887b05498 sp=0x0000007ea68f6570
Event: 21.284 Thread 0x000002288fe9c000 DEOPT UNPACKING pc=0x00000228800274af sp=0x0000007ea68f6528 mode 2
Event: 21.296 Thread 0x000002288fe9c000 Uncommon trap: trap_request=0xffffff4d fr.pc=0x0000022887acafd4 relative=0x0000000000000034
Event: 21.296 Thread 0x000002288fe9c000 Uncommon trap: reason=unstable_if action=reinterpret pc=0x0000022887acafd4 method=java.lang.StringLatin1.canEncode(I)Z @ 4 c2
Event: 21.296 Thread 0x000002288fe9c000 DEOPT PACKING pc=0x0000022887acafd4 sp=0x0000007ea68f67c0
Event: 21.296 Thread 0x000002288fe9c000 DEOPT UNPACKING pc=0x00000228800274af sp=0x0000007ea68f6750 mode 2

Classes redefined (0 events):
No events

Internal exceptions (20 events):
Event: 21.895 Thread 0x000002288fe9c000 Exception <a 'java/lang/ClassNotFoundException'{0x0000000088704230}: org/gradle/api/internal/FactoryNamedDomainObjectContainerCustomizer> (0x0000000088704230) thrown at [./src/hotspot/share/classfile/systemDictionary.cpp, line 231]
Event: 21.898 Thread 0x000002288fe9c000 Exception <a 'java/lang/ClassNotFoundException'{0x000000008873aad0}: org/gradle/api/internal/FactoryNamedDomainObjectContainer_DecoratedCustomizer> (0x000000008873aad0) thrown at [./src/hotspot/share/classfile/systemDictionary.cpp, line 231]
Event: 21.957 Thread 0x000002288fe9c000 Exception <a 'java/lang/ClassNotFoundException'{0x00000000886a0720}: com/android/build/gradle/internal/dsl/BuildType_DecoratedBeanInfo> (0x00000000886a0720) thrown at [./src/hotspot/share/classfile/systemDictionary.cpp, line 231]
Event: 21.959 Thread 0x000002288fe9c000 Exception <a 'java/lang/ClassNotFoundException'{0x00000000886b6708}: com/android/build/gradle/internal/dsl/BuildTypeBeanInfo> (0x00000000886b6708) thrown at [./src/hotspot/share/classfile/systemDictionary.cpp, line 231]
Event: 21.962 Thread 0x000002288fe9c000 Exception <a 'java/lang/ClassNotFoundException'{0x00000000886cbdd8}: com/android/builder/core/AbstractBuildTypeBeanInfo> (0x00000000886cbdd8) thrown at [./src/hotspot/share/classfile/systemDictionary.cpp, line 231]
Event: 21.963 Thread 0x000002288fe9c000 Exception <a 'java/lang/ClassNotFoundException'{0x00000000886e1aa8}: com/android/builder/core/AbstractBuildTypeCustomizer> (0x00000000886e1aa8) thrown at [./src/hotspot/share/classfile/systemDictionary.cpp, line 231]
Event: 21.967 Thread 0x000002288fe9c000 Exception <a 'java/lang/ClassNotFoundException'{0x0000000088514530}: com/android/build/gradle/internal/dsl/BuildTypeCustomizer> (0x0000000088514530) thrown at [./src/hotspot/share/classfile/systemDictionary.cpp, line 231]
Event: 21.986 Thread 0x000002288fe9c000 Exception <a 'java/lang/ClassNotFoundException'{0x0000000088599890}: com/android/build/gradle/internal/dsl/BuildType_DecoratedCustomizer> (0x0000000088599890) thrown at [./src/hotspot/share/classfile/systemDictionary.cpp, line 231]
Event: 22.002 Thread 0x000002288fe9c000 Exception <a 'java/lang/ClassNotFoundException'{0x0000000088454730}: build_38yyuggy81rhja50zwvaj8y8z$_run_closure1$_closure4BeanInfo> (0x0000000088454730) thrown at [./src/hotspot/share/classfile/systemDictionary.cpp, line 231]
Event: 22.003 Thread 0x000002288fe9c000 Exception <a 'java/lang/ClassNotFoundException'{0x0000000088463c98}: build_38yyuggy81rhja50zwvaj8y8z$_run_closure1$_closure4Customizer> (0x0000000088463c98) thrown at [./src/hotspot/share/classfile/systemDictionary.cpp, line 231]
Event: 22.019 Thread 0x000002288fe9c000 Exception <a 'java/lang/ClassNotFoundException'{0x000000008848a6e8}: build_38yyuggy81rhja50zwvaj8y8z$_run_closure1BeanInfo> (0x000000008848a6e8) thrown at [./src/hotspot/share/classfile/systemDictionary.cpp, line 231]
Event: 22.019 Thread 0x000002288fe9c000 Exception <a 'java/lang/ClassNotFoundException'{0x0000000088499448}: build_38yyuggy81rhja50zwvaj8y8z$_run_closure1Customizer> (0x0000000088499448) thrown at [./src/hotspot/share/classfile/systemDictionary.cpp, line 231]
Event: 22.048 Thread 0x000002288fe9c000 Exception <a 'java/lang/ClassNotFoundException'{0x00000000884ef560}: org/gradle/api/JavaVersionBeanInfo> (0x00000000884ef560) thrown at [./src/hotspot/share/classfile/systemDictionary.cpp, line 231]
Event: 22.049 Thread 0x000002288fe9c000 Exception <a 'java/lang/ClassNotFoundException'{0x00000000884f9e60}: java/lang/EnumBeanInfo> (0x00000000884f9e60) thrown at [./src/hotspot/share/classfile/systemDictionary.cpp, line 231]
Event: 22.050 Thread 0x000002288fe9c000 Exception <a 'java/lang/ClassNotFoundException'{0x0000000088304c88}: java/lang/EnumCustomizer> (0x0000000088304c88) thrown at [./src/hotspot/share/classfile/systemDictionary.cpp, line 231]
Event: 22.053 Thread 0x000002288fe9c000 Exception <a 'java/lang/ClassNotFoundException'{0x000000008832e950}: org/gradle/api/JavaVersionCustomizer> (0x000000008832e950) thrown at [./src/hotspot/share/classfile/systemDictionary.cpp, line 231]
Event: 22.066 Thread 0x000002288fe9c000 Exception <a 'java/lang/ClassNotFoundException'{0x000000008837c008}: com/android/build/gradle/internal/CompileOptions_DecoratedBeanInfo> (0x000000008837c008) thrown at [./src/hotspot/share/classfile/systemDictionary.cpp, line 231]
Event: 22.067 Thread 0x000002288fe9c000 Exception <a 'java/lang/ClassNotFoundException'{0x0000000088390fa8}: com/android/build/gradle/internal/CompileOptionsBeanInfo> (0x0000000088390fa8) thrown at [./src/hotspot/share/classfile/systemDictionary.cpp, line 231]
Event: 22.068 Thread 0x000002288fe9c000 Exception <a 'java/lang/ClassNotFoundException'{0x00000000883a6340}: com/android/build/gradle/internal/CompileOptionsCustomizer> (0x00000000883a6340) thrown at [./src/hotspot/share/classfile/systemDictionary.cpp, line 231]
Event: 22.076 Thread 0x000002288fe9c000 Exception <a 'java/lang/ClassNotFoundException'{0x00000000883c7d00}: com/android/build/gradle/internal/CompileOptions_DecoratedCustomizer> (0x00000000883c7d00) thrown at [./src/hotspot/share/classfile/systemDictionary.cpp, line 231]

Events (20 events):
Event: 23.219 loading class org/gradle/api/file/DirectoryProperty done
Event: 23.220 loading class com/android/build/gradle/tasks/MergeResources
Event: 23.220 loading class com/android/build/gradle/tasks/MergeResources done
Event: 23.220 loading class org/gradle/api/file/FileSystemLocationProperty
Event: 23.220 loading class org/gradle/api/file/FileSystemLocationProperty done
Event: 23.220 loading class kotlin/jvm/functions/Function1
Event: 23.220 loading class kotlin/jvm/functions/Function1 done
Event: 23.221 loading class org/gradle/api/file/DirectoryProperty
Event: 23.221 loading class org/gradle/api/file/DirectoryProperty done
Event: 23.221 Thread 0x0000022893967800 Thread exited: 0x0000022893967800
Event: 23.222 loading class kotlin/jvm/functions/Function1
Event: 23.222 loading class kotlin/jvm/functions/Function1 done
Event: 23.224 loading class com/android/build/gradle/internal/TaskManager$basicCreateMergeResourcesTask$1
Event: 23.224 loading class com/android/build/gradle/internal/TaskManager$basicCreateMergeResourcesTask$1 done
Event: 23.226 loading class com/android/build/gradle/internal/scope/InternalArtifactType$MERGED_RES
Event: 23.226 loading class com/android/build/gradle/internal/scope/InternalArtifactType$MERGED_RES done
Event: 23.232 loading class com/android/build/gradle/tasks/MergeSourceSetFolders$MergeShaderSourceFoldersCreationAction
Event: 23.232 loading class com/android/build/gradle/tasks/MergeSourceSetFolders$MergeShaderSourceFoldersCreationAction done
Event: 23.235 loading class com/android/build/gradle/tasks/MergeSourceSetFolders$CreationAction
Event: 23.235 loading class com/android/build/gradle/tasks/MergeSourceSetFolders$CreationAction done


Dynamic libraries:
0x00007ff75c370000 - 0x00007ff75c37a000 	C:\Program Files\Android\Android Studio\jre\bin\java.exe
0x00007ff8688f0000 - 0x00007ff868ae5000 	C:\WINDOWS\SYSTEM32\ntdll.dll
0x00007ff866ce0000 - 0x00007ff866d9d000 	C:\WINDOWS\System32\KERNEL32.DLL
0x00007ff8663b0000 - 0x00007ff866678000 	C:\WINDOWS\System32\KERNELBASE.dll
0x00007ff866860000 - 0x00007ff866960000 	C:\WINDOWS\System32\ucrtbase.dll
0x00007ff859690000 - 0x00007ff8596a9000 	C:\Program Files\Android\Android Studio\jre\bin\jli.dll
0x00007ff868400000 - 0x00007ff8685a0000 	C:\WINDOWS\System32\USER32.dll
0x00007ff866060000 - 0x00007ff866082000 	C:\WINDOWS\System32\win32u.dll
0x00007ff8682a0000 - 0x00007ff8682ca000 	C:\WINDOWS\System32\GDI32.dll
0x00007ff866090000 - 0x00007ff86619b000 	C:\WINDOWS\System32\gdi32full.dll
0x00007ff859670000 - 0x00007ff859687000 	C:\Program Files\Android\Android Studio\jre\bin\VCRUNTIME140.dll
0x00007ff8667c0000 - 0x00007ff86685d000 	C:\WINDOWS\System32\msvcp_win.dll
0x00007ff848c40000 - 0x00007ff848eda000 	C:\WINDOWS\WinSxS\amd64_microsoft.windows.common-controls_6595b64144ccf1df_6.0.19041.1052_none_60b8f8fd71f5e8cb\COMCTL32.dll
0x00007ff866b60000 - 0x00007ff866bfe000 	C:\WINDOWS\System32\msvcrt.dll
0x00007ff868870000 - 0x00007ff8688a0000 	C:\WINDOWS\System32\IMM32.DLL
0x00007ff839390000 - 0x00007ff83942d000 	C:\Program Files\Android\Android Studio\jre\bin\msvcp140.dll
0x00007ff829e70000 - 0x00007ff82a92c000 	C:\Program Files\Android\Android Studio\jre\bin\server\jvm.dll
0x00007ff8685a0000 - 0x00007ff86864c000 	C:\WINDOWS\System32\ADVAPI32.dll
0x00007ff868660000 - 0x00007ff8686fb000 	C:\WINDOWS\System32\sechost.dll
0x00007ff8682d0000 - 0x00007ff8683fb000 	C:\WINDOWS\System32\RPCRT4.dll
0x00007ff868650000 - 0x00007ff868658000 	C:\WINDOWS\System32\PSAPI.DLL
0x00007ff853520000 - 0x00007ff853529000 	C:\WINDOWS\SYSTEM32\WSOCK32.dll
0x00007ff867a00000 - 0x00007ff867a6b000 	C:\WINDOWS\System32\WS2_32.dll
0x00007ff856b80000 - 0x00007ff856b8a000 	C:\WINDOWS\SYSTEM32\VERSION.dll
0x00007ff856db0000 - 0x00007ff856dd7000 	C:\WINDOWS\SYSTEM32\WINMM.dll
0x00007ff863ea0000 - 0x00007ff863eb2000 	C:\WINDOWS\SYSTEM32\kernel.appcore.dll
0x00007ff859030000 - 0x00007ff859041000 	C:\Program Files\Android\Android Studio\jre\bin\verify.dll
0x00007ff84fd40000 - 0x00007ff84ff24000 	C:\WINDOWS\SYSTEM32\DBGHELP.DLL
0x00007ff84fd10000 - 0x00007ff84fd3c000 	C:\WINDOWS\SYSTEM32\dbgcore.DLL
0x00007ff866730000 - 0x00007ff8667b3000 	C:\WINDOWS\System32\bcryptPrimitives.dll
0x00007ff859000000 - 0x00007ff859029000 	C:\Program Files\Android\Android Studio\jre\bin\java.dll
0x00007ff861b80000 - 0x00007ff861b8b000 	C:\Program Files\Android\Android Studio\jre\bin\jimage.dll
0x00007ff8552c0000 - 0x00007ff8552d8000 	C:\Program Files\Android\Android Studio\jre\bin\zip.dll
0x00007ff867220000 - 0x00007ff86795f000 	C:\WINDOWS\System32\SHELL32.dll
0x00007ff864180000 - 0x00007ff864910000 	C:\WINDOWS\SYSTEM32\windows.storage.dll
0x00007ff866ec0000 - 0x00007ff867215000 	C:\WINDOWS\System32\combase.dll
0x00007ff8659d0000 - 0x00007ff8659fc000 	C:\WINDOWS\SYSTEM32\Wldp.dll
0x00007ff868700000 - 0x00007ff8687ae000 	C:\WINDOWS\System32\SHCORE.dll
0x00007ff868810000 - 0x00007ff868865000 	C:\WINDOWS\System32\shlwapi.dll
0x00007ff865f70000 - 0x00007ff865f8f000 	C:\WINDOWS\SYSTEM32\profapi.dll
0x00007ff8552a0000 - 0x00007ff8552ba000 	C:\Program Files\Android\Android Studio\jre\bin\net.dll
0x00007ff8600f0000 - 0x00007ff8601fb000 	C:\WINDOWS\SYSTEM32\WINHTTP.dll
0x00007ff865740000 - 0x00007ff8657aa000 	C:\WINDOWS\system32\mswsock.dll
0x00007ff855280000 - 0x00007ff855294000 	C:\Program Files\Android\Android Studio\jre\bin\nio.dll
0x00007ff84e240000 - 0x00007ff84e267000 	C:\Users\hope\.gradle\native\fdc75f09e3144964f2cf3f50f0aa648679c211496f362492102eb8c894070792\windows-amd64\native-platform.dll
0x00007ff830b40000 - 0x00007ff830cd6000 	C:\Users\hope\.gradle\native\12488b8bf47d2d4c9fbf2f6322a914ad602e24e48041cd04a747c6da556b65c4\windows-amd64\native-platform-file-events.dll
0x00007ff861ae0000 - 0x00007ff861aea000 	C:\Program Files\Android\Android Studio\jre\bin\management.dll
0x00007ff8603e0000 - 0x00007ff8603ec000 	C:\Program Files\Android\Android Studio\jre\bin\management_ext.dll
0x00007ff865920000 - 0x00007ff865938000 	C:\WINDOWS\SYSTEM32\CRYPTSP.dll
0x00007ff8650e0000 - 0x00007ff865114000 	C:\WINDOWS\system32\rsaenh.dll
0x00007ff866030000 - 0x00007ff866057000 	C:\WINDOWS\System32\bcrypt.dll
0x00007ff865f30000 - 0x00007ff865f5e000 	C:\WINDOWS\SYSTEM32\USERENV.dll
0x00007ff865910000 - 0x00007ff86591c000 	C:\WINDOWS\SYSTEM32\CRYPTBASE.dll
0x00007ff865430000 - 0x00007ff86546b000 	C:\WINDOWS\SYSTEM32\IPHLPAPI.DLL
0x00007ff8688a0000 - 0x00007ff8688a8000 	C:\WINDOWS\System32\NSI.dll
0x00007ff85be10000 - 0x00007ff85be27000 	C:\WINDOWS\SYSTEM32\dhcpcsvc6.DLL
0x00007ff85c190000 - 0x00007ff85c1ad000 	C:\WINDOWS\SYSTEM32\dhcpcsvc.DLL
0x00007ff865470000 - 0x00007ff86553c000 	C:\WINDOWS\SYSTEM32\DNSAPI.dll
0x00007ff85d3a0000 - 0x00007ff85d3ab000 	C:\WINDOWS\SYSTEM32\WINNSI.DLL

dbghelp: loaded successfully - version: 4.0.5 - missing functions: none
symbol engine: initialized successfully - sym options: 0x614 - pdb path: .;C:\Program Files\Android\Android Studio\jre\bin;C:\WINDOWS\SYSTEM32;C:\WINDOWS\WinSxS\amd64_microsoft.windows.common-controls_6595b64144ccf1df_6.0.19041.1052_none_60b8f8fd71f5e8cb;C:\Program Files\Android\Android Studio\jre\bin\server;C:\Users\hope\.gradle\native\fdc75f09e3144964f2cf3f50f0aa648679c211496f362492102eb8c894070792\windows-amd64;C:\Users\hope\.gradle\native\12488b8bf47d2d4c9fbf2f6322a914ad602e24e48041cd04a747c6da556b65c4\windows-amd64

VM Arguments:
jvm_args: --add-opens=java.base/java.util=ALL-UNNAMED --add-opens=java.base/java.lang=ALL-UNNAMED --add-opens=java.base/java.lang.invoke=ALL-UNNAMED --add-opens=java.prefs/java.util.prefs=ALL-UNNAMED -Xmx2048m -Dfile.encoding=UTF-8 -Duser.country=US -Duser.language=en -Duser.variant 
java_command: org.gradle.launcher.daemon.bootstrap.GradleDaemon 6.7.1
java_class_path (initial): C:\Users\hope\.gradle\wrapper\dists\gradle-6.7.1-bin\bwlcbys1h7rz3272sye1xwiv6\gradle-6.7.1\lib\gradle-launcher-6.7.1.jar
Launcher Type: SUN_STANDARD

[Global flags]
     intx CICompilerCount                          = 3                                         {product} {ergonomic}
     uint ConcGCThreads                            = 1                                         {product} {ergonomic}
     uint G1ConcRefinementThreads                  = 4                                         {product} {ergonomic}
   size_t G1HeapRegionSize                         = 1048576                                   {product} {ergonomic}
    uintx GCDrainStackTargetSize                   = 64                                        {product} {ergonomic}
   size_t InitialHeapSize                          = 134217728                                 {product} {ergonomic}
   size_t MarkStackSize                            = 4194304                                   {product} {ergonomic}
   size_t MaxHeapSize                              = 2147483648                                {product} {command line}
   size_t MaxNewSize                               = 1287651328                                {product} {ergonomic}
   size_t MinHeapDeltaBytes                        = 1048576                                   {product} {ergonomic}
    uintx NonNMethodCodeHeapSize                   = 5830732                                {pd product} {ergonomic}
    uintx NonProfiledCodeHeapSize                  = 122913754                              {pd product} {ergonomic}
    uintx ProfiledCodeHeapSize                     = 122913754                              {pd product} {ergonomic}
    uintx ReservedCodeCacheSize                    = 251658240                              {pd product} {ergonomic}
     bool SegmentedCodeCache                       = true                                      {product} {ergonomic}
     bool UseCompressedClassPointers               = true                                 {lp64_product} {ergonomic}
     bool UseCompressedOops                        = true                                 {lp64_product} {ergonomic}
     bool UseG1GC                                  = true                                      {product} {ergonomic}
     bool UseLargePagesIndividualAllocation        = false                                  {pd product} {ergonomic}

Logging:
Log output configuration:
 #0: stdout all=warning uptime,level,tags
 #1: stderr all=off uptime,level,tags

Environment Variables:
PATH=C:\Program Files (x86)\Common Files\Oracle\Java\javapath;C:\Program Files (x86)\Intel\iCLS Client\;C:\Program Files\Intel\iCLS Client\;C:\WINDOWS\system32;C:\WINDOWS;C:\WINDOWS\System32\Wbem;C:\WINDOWS\System32\WindowsPowerShell\v1.0\;C:\Program Files (x86)\Skype\Phone\;C:\Program Files (x86)\Intel\Intel(R) Management Engine Components\DAL;C:\Program Files\Intel\Intel(R) Management Engine Components\DAL;C:\Program Files (x86)\Intel\Intel(R) Management Engine Components\IPT;C:\Program Files\Intel\Intel(R) Management Engine Components\IPT;C:\WINDOWS\System32\OpenSSH\;C:\Program Files\Intel\WiFi\bin\;C:\Program Files\Common Files\Intel\WirelessCommon\;C:\Program Files (x86)\Brackets\command;C:\Program Files\Git\cmd;C:\Users\hope\AppData\Local\Microsoft\WindowsApps;
USERNAME=hope
OS=Windows_NT
PROCESSOR_IDENTIFIER=Intel64 Family 6 Model 78 Stepping 3, GenuineIntel



---------------  S Y S T E M  ---------------

OS: Windows 10 , 64 bit Build 19041 (10.0.19041.1023)
OS uptime: 21 days 20:25 hours

CPU:total 4 (initial active 4) (2 cores per cpu, 2 threads per core) family 6 model 78 stepping 3, cmov, cx8, fxsr, mmx, sse, sse2, sse3, ssse3, sse4.1, sse4.2, popcnt, avx, avx2, aes, clmul, erms, 3dnowpref, lzcnt, ht, tsc, tscinvbit, bmi1, bmi2, adx, fma

Memory: 4k page, system-wide physical 8103M (495M free)
TotalPageFile size 32679M (AvailPageFile size 3M)
current process WorkingSet (physical memory assigned to process): 324M, peak: 331M
current process commit charge ("private bytes"): 373M, peak: 380M

vm_info: OpenJDK 64-Bit Server VM (11.0.8+10-b944.6842174) for windows-amd64 JRE (11.0.8+10-b944.6842174), built on Sep 19 2020 01:11:42 by "builder" with MS VC++ 14.0 (VS2015)

END.
