#
# There is insufficient memory for the Java Runtime Environment to continue.
# Native memory allocation (malloc) failed to allocate 32744 bytes for ChunkPool::allocate
# Possible reasons:
#   The system is out of physical RAM or swap space
#   The process is running with CompressedOops enabled, and the Java Heap may be blocking the growth of the native heap
# Possible solutions:
#   Reduce memory load on the system
#   Increase physical memory or swap space
#   Check if swap backing store is full
#   Decrease Java heap size (-Xmx/-Xms)
#   Decrease number of Java threads
#   Decrease Java thread stack sizes (-Xss)
#   Set larger code cache with -XX:ReservedCodeCacheSize=
#   JVM is running with Unscaled Compressed Oops mode in which the Java heap is
#     placed in the first 4GB address space. The Java Heap base address is the
#     maximum limit for the native heap growth. Please use -XX:HeapBaseMinAddress
#     to set the Java Heap base and to place the Java Heap above 4GB virtual address.
# This output file may be truncated or incomplete.
#
#  Out of Memory Error (./src/hotspot/share/memory/arena.cpp:81), pid=10248, tid=35188
#
# JRE version: OpenJDK Runtime Environment (11.0.8+10) (build 11.0.8+10-b944.6842174)
# Java VM: OpenJDK 64-Bit Server VM (11.0.8+10-b944.6842174, mixed mode, tiered, compressed oops, g1 gc, windows-amd64)
# No core dump will be written. Minidumps are not enabled by default on client versions of Windows
#

---------------  S U M M A R Y ------------

Command Line: --add-opens=java.base/java.util=ALL-UNNAMED --add-opens=java.base/java.lang=ALL-UNNAMED --add-opens=java.base/java.lang.invoke=ALL-UNNAMED --add-opens=java.prefs/java.util.prefs=ALL-UNNAMED -Xmx2048m -Dfile.encoding=UTF-8 -Duser.country=US -Duser.language=en -Duser.variant org.gradle.launcher.daemon.bootstrap.GradleDaemon 6.7.1

Host: Intel(R) Core(TM) i5-6200U CPU @ 2.30GHz, 4 cores, 7G,  Windows 10 , 64 bit Build 19041 (10.0.19041.1023)
Time: Thu Jul 22 08:53:05 2021 Pacific Daylight Time elapsed time: 6241 seconds (0d 1h 44m 1s)

---------------  T H R E A D  ---------------

Current thread (0x000001912fcc9000):  JavaThread "C2 CompilerThread0" daemon [_thread_in_native, id=35188, stack(0x000000092a700000,0x000000092a800000)]


Current CompileTask:
C2:6241662 18568       4       sun.reflect.generics.parser.SignatureParser::parsePackageNameAndSimpleClassTypeSignature (119 bytes)

Stack: [0x000000092a700000,0x000000092a800000]
Native frames: (J=compiled Java code, j=interpreted, Vv=VM code, C=native code)
V  [jvm.dll+0x5de50a]
V  [jvm.dll+0x7122f5]
V  [jvm.dll+0x71384d]
V  [jvm.dll+0x713f03]
V  [jvm.dll+0x23e728]
V  [jvm.dll+0xb8beb]
V  [jvm.dll+0xb8e9c]
V  [jvm.dll+0x501de2]
V  [jvm.dll+0x1f8a85]
V  [jvm.dll+0x1f685f]
V  [jvm.dll+0x17f32c]
V  [jvm.dll+0x205047]
V  [jvm.dll+0x203891]
V  [jvm.dll+0x6dad3f]
V  [jvm.dll+0x6d3895]
V  [jvm.dll+0x5dd4a6]
C  [ucrtbase.dll+0x21bb2]
C  [KERNEL32.DLL+0x17034]
C  [ntdll.dll+0x52651]


---------------  P R O C E S S  ---------------

Threads class SMR info:
_java_thread_list=0x0000019137829480, length=143, elements={
0x00000191142db000, 0x000001912fcb0800, 0x000001912fcbb800, 0x0000019130653000,
0x000001912fcc6800, 0x000001912fcc9000, 0x000001912fcce000, 0x000001913067c000,
0x0000019130788000, 0x00000191307b4000, 0x00000191321de800, 0x0000019132ed8800,
0x0000019132c0a800, 0x00000191320f2000, 0x00000191320f3800, 0x00000191320f3000,
0x0000019130e2a000, 0x0000019130e30000, 0x00000191343ae800, 0x00000191343a5000,
0x00000191343a5800, 0x00000191343a0000, 0x00000191343a3800, 0x00000191343a2800,
0x00000191343a4000, 0x00000191343a6800, 0x00000191343a1000, 0x00000191343a7800,
0x00000191343a1800, 0x00000191343a9000, 0x00000191343a8000, 0x00000191343ad000,
0x00000191343ae000, 0x00000191343aa000, 0x00000191343ab800, 0x00000191343ac000,
0x0000019130e2d800, 0x0000019130e2b800, 0x0000019130e2e000, 0x0000019130e29800,
0x0000019130e32800, 0x0000019130e2c800, 0x0000019130e33000, 0x0000019130e34000,
0x0000019130e2f000, 0x0000019130e38000, 0x0000019130e36800, 0x0000019130e37000,
0x0000019130e35800, 0x0000019130e34800, 0x00000191320f4800, 0x000001913259e800,
0x000001913259f800, 0x00000191325a0000, 0x00000191325a2800, 0x000001913259d800,
0x00000191325a3800, 0x00000191325a4000, 0x00000191325a5000, 0x00000191325a6000,
0x00000191325a1000, 0x00000191325a6800, 0x00000191325a7800, 0x00000191325a2000,
0x00000191325ab800, 0x00000191325a8800, 0x00000191325aa000, 0x00000191325a9000,
0x00000191325ab000, 0x00000191325ac800, 0x0000019134250800, 0x0000019134251800,
0x0000019134252000, 0x0000019134253000, 0x000001913424d800, 0x0000019134254000,
0x000001913424f000, 0x000001913424e000, 0x0000019134254800, 0x000001913424f800,
0x0000019134255800, 0x000001913425a800, 0x0000019134259800, 0x000001913425b000,
0x0000019134256800, 0x0000019134258000, 0x0000019134258800, 0x000001913425c000,
0x0000019134257000, 0x000001913996c000, 0x0000019139971000, 0x000001913996c800,
0x0000019139971800, 0x000001913996e800, 0x0000019139972800, 0x000001913996d800,
0x000001913996f000, 0x0000019139970000, 0x000001913097f800, 0x000001913097e000,
0x000001913097d000, 0x000001913097e800, 0x000001913097b800, 0x0000019130980800,
0x000001913097a800, 0x000001913097c000, 0x0000019130981000, 0x0000019130982800,
0x0000019130983800, 0x0000019130987800, 0x0000019130984800, 0x0000019130985000,
0x0000019130986000, 0x0000019130987000, 0x0000019130982000, 0x0000019130988800,
0x0000019130989800, 0x0000019130d3a000, 0x0000019130d39000, 0x0000019130d37800,
0x0000019130d3a800, 0x0000019130d3b800, 0x0000019130d36800, 0x0000019130d38800,
0x0000019130d36000, 0x0000019130d3d000, 0x0000019130d3f000, 0x0000019130d3f800,
0x0000019130d3e000, 0x0000019130d40800, 0x0000019130d41800, 0x0000019130d42000,
0x0000019130d43000, 0x0000019130d43800, 0x0000019130d44800, 0x0000019137fc1000,
0x0000019137fc2000, 0x0000019137fbf800, 0x0000019137fc2800, 0x0000019137fc0000,
0x0000019137fbd800, 0x0000019137fc4000, 0x0000019137fbe800
}

Java Threads: ( => current thread )
  0x00000191142db000 JavaThread "main" [_thread_blocked, id=30856, stack(0x0000000929c00000,0x0000000929d00000)]
  0x000001912fcb0800 JavaThread "Reference Handler" daemon [_thread_blocked, id=28940, stack(0x000000092a300000,0x000000092a400000)]
  0x000001912fcbb800 JavaThread "Finalizer" daemon [_thread_blocked, id=36256, stack(0x000000092a400000,0x000000092a500000)]
  0x0000019130653000 JavaThread "Signal Dispatcher" daemon [_thread_blocked, id=21276, stack(0x000000092a500000,0x000000092a600000)]
  0x000001912fcc6800 JavaThread "Attach Listener" daemon [_thread_blocked, id=7172, stack(0x000000092a600000,0x000000092a700000)]
=>0x000001912fcc9000 JavaThread "C2 CompilerThread0" daemon [_thread_in_native, id=35188, stack(0x000000092a700000,0x000000092a800000)]
  0x000001912fcce000 JavaThread "C1 CompilerThread0" daemon [_thread_blocked, id=22980, stack(0x000000092a800000,0x000000092a900000)]
  0x000001913067c000 JavaThread "Sweeper thread" daemon [_thread_blocked, id=34252, stack(0x000000092a900000,0x000000092aa00000)]
  0x0000019130788000 JavaThread "Common-Cleaner" daemon [_thread_blocked, id=32048, stack(0x000000092aa00000,0x000000092ab00000)]
  0x00000191307b4000 JavaThread "Service Thread" daemon [_thread_blocked, id=22360, stack(0x000000092ab00000,0x000000092ac00000)]
  0x00000191321de800 JavaThread "Daemon health stats" [_thread_blocked, id=33116, stack(0x000000092b000000,0x000000092b100000)]
  0x0000019132ed8800 JavaThread "Incoming local TCP Connector on port 65352" [_thread_in_native, id=30764, stack(0x000000092b200000,0x000000092b300000)]
  0x0000019132c0a800 JavaThread "Daemon periodic checks" [_thread_blocked, id=18280, stack(0x000000092b300000,0x000000092b400000)]
  0x00000191320f2000 JavaThread "Cache worker for file hash cache (C:\Users\hope\.gradle\caches\6.7.1\fileHashes)" [_thread_blocked, id=4900, stack(0x000000092bc00000,0x000000092bd00000)]
  0x00000191320f3800 JavaThread "File lock request listener" [_thread_in_native, id=17156, stack(0x000000092bd00000,0x000000092be00000)]
  0x00000191320f3000 JavaThread "Cache worker for journal cache (C:\Users\hope\.gradle\caches\journal-1)" [_thread_blocked, id=34128, stack(0x000000092be00000,0x000000092bf00000)]
  0x0000019130e2a000 JavaThread "Cache worker for execution history cache (C:\Users\hope\.gradle\caches\6.7.1\executionHistory)" [_thread_blocked, id=17496, stack(0x000000092d800000,0x000000092d900000)]
  0x0000019130e30000 JavaThread "Cache worker for file content cache (C:\Users\hope\.gradle\caches\6.7.1\fileContent)" [_thread_blocked, id=35432, stack(0x000000092d900000,0x000000092da00000)]
  0x00000191343ae800 JavaThread "Memory manager" [_thread_blocked, id=34420, stack(0x0000000932c00000,0x0000000932d00000)]
  0x00000191343a5000 JavaThread "Daemon Thread 3" [_thread_blocked, id=15436, stack(0x0000000929a00000,0x0000000929b00000)]
  0x00000191343a5800 JavaThread "Handler for socket connection from /127.0.0.1:65352 to /127.0.0.1:57510" [_thread_in_native, id=27700, stack(0x0000000929b00000,0x0000000929c00000)]
  0x00000191343a0000 JavaThread "Cancel handler" [_thread_blocked, id=29452, stack(0x000000092af00000,0x000000092b000000)]
  0x00000191343a3800 JavaThread "Daemon worker Thread 3" [_thread_blocked, id=26112, stack(0x000000092b100000,0x000000092b200000)]
  0x00000191343a2800 JavaThread "Asynchronous log dispatcher for DefaultDaemonConnection: socket connection from /127.0.0.1:65352 to /127.0.0.1:57510" [_thread_blocked, id=21120, stack(0x000000092b400000,0x000000092b500000)]
  0x00000191343a4000 JavaThread "Stdin handler" [_thread_blocked, id=34152, stack(0x000000092b500000,0x000000092b600000)]
  0x00000191343a6800 JavaThread "Thread-280" [_thread_blocked, id=21420, stack(0x000000092b600000,0x000000092b700000)]
  0x00000191343a1000 JavaThread "Cache worker for file hash cache (C:\Users\hope\AndroidStudioProjects\TicTacToe\.gradle\6.7.1\fileHashes)" [_thread_blocked, id=35772, stack(0x000000092b700000,0x000000092b800000)]
  0x00000191343a7800 JavaThread "Cache worker for checksums cache (C:\Users\hope\AndroidStudioProjects\TicTacToe\.gradle\checksums)" [_thread_blocked, id=30176, stack(0x000000092b800000,0x000000092b900000)]
  0x00000191343a1800 JavaThread "Cache worker for cache directory md-supplier (C:\Users\hope\.gradle\caches\6.7.1\md-supplier)" [_thread_blocked, id=36356, stack(0x000000092b900000,0x000000092ba00000)]
  0x00000191343a9000 JavaThread "Cache worker for cache directory md-rule (C:\Users\hope\.gradle\caches\6.7.1\md-rule)" [_thread_blocked, id=29172, stack(0x000000092ba00000,0x000000092bb00000)]
  0x00000191343a8000 JavaThread "Cache worker for Build Output Cleanup Cache (C:\Users\hope\AndroidStudioProjects\TicTacToe\.gradle\buildOutputCleanup)" [_thread_blocked, id=27568, stack(0x000000092bf00000,0x000000092c000000)]
  0x00000191343ad000 JavaThread "Build operations" [_thread_blocked, id=11096, stack(0x000000092c100000,0x000000092c200000)]
  0x00000191343ae000 JavaThread "Build operations Thread 2" [_thread_blocked, id=18324, stack(0x000000092c200000,0x000000092c300000)]
  0x00000191343aa000 JavaThread "Build operations Thread 3" [_thread_blocked, id=32784, stack(0x000000092c300000,0x000000092c400000)]
  0x00000191343ab800 JavaThread "Build operations Thread 4" [_thread_blocked, id=14548, stack(0x000000092c400000,0x000000092c500000)]
  0x00000191343ac000 JavaThread "jar transforms Thread 195" [_thread_blocked, id=35972, stack(0x000000092c000000,0x000000092c100000)]
  0x0000019130e2d800 JavaThread "jar transforms Thread 196" [_thread_blocked, id=5444, stack(0x000000092c500000,0x000000092c600000)]
  0x0000019130e2b800 JavaThread "jar transforms Thread 197" [_thread_blocked, id=33952, stack(0x000000092c600000,0x000000092c700000)]
  0x0000019130e2e000 JavaThread "jar transforms Thread 198" [_thread_blocked, id=30432, stack(0x000000092c700000,0x000000092c800000)]
  0x0000019130e29800 JavaThread "jar transforms Thread 199" [_thread_blocked, id=31336, stack(0x000000092c800000,0x000000092c900000)]
  0x0000019130e32800 JavaThread "jar transforms Thread 200" [_thread_blocked, id=23876, stack(0x000000092c900000,0x000000092ca00000)]
  0x0000019130e2c800 JavaThread "jar transforms Thread 201" [_thread_blocked, id=33932, stack(0x000000092ca00000,0x000000092cb00000)]
  0x0000019130e33000 JavaThread "jar transforms Thread 202" [_thread_blocked, id=33964, stack(0x000000092cb00000,0x000000092cc00000)]
  0x0000019130e34000 JavaThread "jar transforms Thread 203" [_thread_blocked, id=31540, stack(0x000000092cc00000,0x000000092cd00000)]
  0x0000019130e2f000 JavaThread "jar transforms Thread 204" [_thread_blocked, id=23060, stack(0x000000092cd00000,0x000000092ce00000)]
  0x0000019130e38000 JavaThread "jar transforms Thread 205" [_thread_blocked, id=31032, stack(0x000000092ce00000,0x000000092cf00000)]
  0x0000019130e36800 JavaThread "jar transforms Thread 206" [_thread_blocked, id=29732, stack(0x000000092cf00000,0x000000092d000000)]
  0x0000019130e37000 JavaThread "jar transforms Thread 207" [_thread_blocked, id=21532, stack(0x000000092d000000,0x000000092d100000)]
  0x0000019130e35800 JavaThread "jar transforms Thread 208" [_thread_blocked, id=24472, stack(0x000000092d100000,0x000000092d200000)]
  0x0000019130e34800 JavaThread "jar transforms Thread 209" [_thread_blocked, id=36332, stack(0x000000092d200000,0x000000092d300000)]
  0x00000191320f4800 JavaThread "jar transforms Thread 210" [_thread_blocked, id=36788, stack(0x000000092d300000,0x000000092d400000)]
  0x000001913259e800 JavaThread "jar transforms Thread 211" [_thread_blocked, id=31408, stack(0x000000092d400000,0x000000092d500000)]
  0x000001913259f800 JavaThread "jar transforms Thread 212" [_thread_blocked, id=33492, stack(0x000000092d500000,0x000000092d600000)]
  0x00000191325a0000 JavaThread "jar transforms Thread 213" [_thread_blocked, id=26200, stack(0x000000092d600000,0x000000092d700000)]
  0x00000191325a2800 JavaThread "jar transforms Thread 214" [_thread_blocked, id=8204, stack(0x000000092d700000,0x000000092d800000)]
  0x000001913259d800 JavaThread "jar transforms Thread 215" [_thread_blocked, id=6092, stack(0x000000092da00000,0x000000092db00000)]
  0x00000191325a3800 JavaThread "jar transforms Thread 216" [_thread_blocked, id=18216, stack(0x000000092db00000,0x000000092dc00000)]
  0x00000191325a4000 JavaThread "jar transforms Thread 217" [_thread_blocked, id=24712, stack(0x000000092dc00000,0x000000092dd00000)]
  0x00000191325a5000 JavaThread "jar transforms Thread 218" [_thread_blocked, id=33544, stack(0x000000092dd00000,0x000000092de00000)]
  0x00000191325a6000 JavaThread "jar transforms Thread 219" [_thread_blocked, id=9332, stack(0x000000092de00000,0x000000092df00000)]
  0x00000191325a1000 JavaThread "jar transforms Thread 220" [_thread_blocked, id=28132, stack(0x000000092df00000,0x000000092e000000)]
  0x00000191325a6800 JavaThread "jar transforms Thread 221" [_thread_blocked, id=11068, stack(0x000000092e000000,0x000000092e100000)]
  0x00000191325a7800 JavaThread "jar transforms Thread 222" [_thread_blocked, id=34480, stack(0x000000092e100000,0x000000092e200000)]
  0x00000191325a2000 JavaThread "jar transforms Thread 223" [_thread_blocked, id=33644, stack(0x000000092e200000,0x000000092e300000)]
  0x00000191325ab800 JavaThread "jar transforms Thread 224" [_thread_blocked, id=26396, stack(0x000000092e300000,0x000000092e400000)]
  0x00000191325a8800 JavaThread "jar transforms Thread 225" [_thread_blocked, id=27876, stack(0x000000092e400000,0x000000092e500000)]
  0x00000191325aa000 JavaThread "jar transforms Thread 226" [_thread_blocked, id=33996, stack(0x000000092e500000,0x000000092e600000)]
  0x00000191325a9000 JavaThread "jar transforms Thread 227" [_thread_blocked, id=34048, stack(0x000000092e600000,0x000000092e700000)]
  0x00000191325ab000 JavaThread "jar transforms Thread 228" [_thread_blocked, id=15312, stack(0x000000092e700000,0x000000092e800000)]
  0x00000191325ac800 JavaThread "jar transforms Thread 229" [_thread_blocked, id=26552, stack(0x000000092e800000,0x000000092e900000)]
  0x0000019134250800 JavaThread "jar transforms Thread 230" [_thread_blocked, id=36420, stack(0x000000092e900000,0x000000092ea00000)]
  0x0000019134251800 JavaThread "jar transforms Thread 231" [_thread_blocked, id=36472, stack(0x000000092ea00000,0x000000092eb00000)]
  0x0000019134252000 JavaThread "jar transforms Thread 232" [_thread_blocked, id=30312, stack(0x000000092eb00000,0x000000092ec00000)]
  0x0000019134253000 JavaThread "jar transforms Thread 233" [_thread_blocked, id=34840, stack(0x000000092ec00000,0x000000092ed00000)]
  0x000001913424d800 JavaThread "jar transforms Thread 234" [_thread_blocked, id=30144, stack(0x000000092ed00000,0x000000092ee00000)]
  0x0000019134254000 JavaThread "jar transforms Thread 235" [_thread_blocked, id=36588, stack(0x000000092ee00000,0x000000092ef00000)]
  0x000001913424f000 JavaThread "jar transforms Thread 236" [_thread_blocked, id=36436, stack(0x000000092ef00000,0x000000092f000000)]
  0x000001913424e000 JavaThread "jar transforms Thread 237" [_thread_blocked, id=35644, stack(0x000000092f000000,0x000000092f100000)]
  0x0000019134254800 JavaThread "jar transforms Thread 238" [_thread_blocked, id=36144, stack(0x000000092f100000,0x000000092f200000)]
  0x000001913424f800 JavaThread "jar transforms Thread 239" [_thread_blocked, id=14712, stack(0x000000092f200000,0x000000092f300000)]
  0x0000019134255800 JavaThread "jar transforms Thread 240" [_thread_blocked, id=35700, stack(0x000000092f300000,0x000000092f400000)]
  0x000001913425a800 JavaThread "jar transforms Thread 241" [_thread_blocked, id=32116, stack(0x000000092f400000,0x000000092f500000)]
  0x0000019134259800 JavaThread "jar transforms Thread 242" [_thread_blocked, id=36100, stack(0x000000092f500000,0x000000092f600000)]
  0x000001913425b000 JavaThread "jar transforms Thread 243" [_thread_blocked, id=32660, stack(0x000000092f600000,0x000000092f700000)]
  0x0000019134256800 JavaThread "jar transforms Thread 244" [_thread_blocked, id=14484, stack(0x000000092f700000,0x000000092f800000)]
  0x0000019134258000 JavaThread "jar transforms Thread 245" [_thread_blocked, id=36616, stack(0x000000092f800000,0x000000092f900000)]
  0x0000019134258800 JavaThread "jar transforms Thread 246" [_thread_blocked, id=32988, stack(0x000000092f900000,0x000000092fa00000)]
  0x000001913425c000 JavaThread "jar transforms Thread 247" [_thread_blocked, id=28176, stack(0x000000092fa00000,0x000000092fb00000)]
  0x0000019134257000 JavaThread "jar transforms Thread 248" [_thread_blocked, id=34496, stack(0x000000092fb00000,0x000000092fc00000)]
  0x000001913996c000 JavaThread "jar transforms Thread 249" [_thread_blocked, id=36284, stack(0x000000092fc00000,0x000000092fd00000)]
  0x0000019139971000 JavaThread "jar transforms Thread 250" [_thread_blocked, id=27204, stack(0x000000092fd00000,0x000000092fe00000)]
  0x000001913996c800 JavaThread "jar transforms Thread 251" [_thread_blocked, id=34568, stack(0x000000092fe00000,0x000000092ff00000)]
  0x0000019139971800 JavaThread "jar transforms Thread 252" [_thread_blocked, id=28932, stack(0x000000092ff00000,0x0000000930000000)]
  0x000001913996e800 JavaThread "jar transforms Thread 253" [_thread_blocked, id=36660, stack(0x0000000930000000,0x0000000930100000)]
  0x0000019139972800 JavaThread "jar transforms Thread 254" [_thread_blocked, id=4212, stack(0x0000000930100000,0x0000000930200000)]
  0x000001913996d800 JavaThread "jar transforms Thread 255" [_thread_blocked, id=30836, stack(0x0000000930200000,0x0000000930300000)]
  0x000001913996f000 JavaThread "jar transforms Thread 256" [_thread_blocked, id=28648, stack(0x0000000930300000,0x0000000930400000)]
  0x0000019139970000 JavaThread "jar transforms Thread 257" [_thread_blocked, id=30132, stack(0x0000000930400000,0x0000000930500000)]
  0x000001913097f800 JavaThread "jar transforms Thread 258" [_thread_blocked, id=26884, stack(0x0000000930500000,0x0000000930600000)]
  0x000001913097e000 JavaThread "jar transforms Thread 259" [_thread_blocked, id=27644, stack(0x0000000930600000,0x0000000930700000)]
  0x000001913097d000 JavaThread "jar transforms Thread 260" [_thread_blocked, id=31588, stack(0x0000000930700000,0x0000000930800000)]
  0x000001913097e800 JavaThread "jar transforms Thread 261" [_thread_blocked, id=29104, stack(0x0000000930800000,0x0000000930900000)]
  0x000001913097b800 JavaThread "jar transforms Thread 262" [_thread_blocked, id=10260, stack(0x0000000930900000,0x0000000930a00000)]
  0x0000019130980800 JavaThread "jar transforms Thread 263" [_thread_blocked, id=31900, stack(0x0000000930a00000,0x0000000930b00000)]
  0x000001913097a800 JavaThread "jar transforms Thread 264" [_thread_blocked, id=30172, stack(0x0000000930b00000,0x0000000930c00000)]
  0x000001913097c000 JavaThread "jar transforms Thread 265" [_thread_blocked, id=25732, stack(0x0000000930c00000,0x0000000930d00000)]
  0x0000019130981000 JavaThread "jar transforms Thread 266" [_thread_blocked, id=32544, stack(0x0000000930d00000,0x0000000930e00000)]
  0x0000019130982800 JavaThread "jar transforms Thread 267" [_thread_blocked, id=33960, stack(0x0000000930e00000,0x0000000930f00000)]
  0x0000019130983800 JavaThread "jar transforms Thread 268" [_thread_blocked, id=35396, stack(0x0000000930f00000,0x0000000931000000)]
  0x0000019130987800 JavaThread "jar transforms Thread 269" [_thread_blocked, id=33616, stack(0x0000000931000000,0x0000000931100000)]
  0x0000019130984800 JavaThread "jar transforms Thread 270" [_thread_blocked, id=32160, stack(0x0000000931100000,0x0000000931200000)]
  0x0000019130985000 JavaThread "jar transforms Thread 271" [_thread_blocked, id=1308, stack(0x0000000931200000,0x0000000931300000)]
  0x0000019130986000 JavaThread "jar transforms Thread 272" [_thread_blocked, id=15992, stack(0x0000000931300000,0x0000000931400000)]
  0x0000019130987000 JavaThread "jar transforms Thread 273" [_thread_blocked, id=4148, stack(0x0000000931400000,0x0000000931500000)]
  0x0000019130982000 JavaThread "jar transforms Thread 274" [_thread_blocked, id=19992, stack(0x0000000931500000,0x0000000931600000)]
  0x0000019130988800 JavaThread "jar transforms Thread 275" [_thread_blocked, id=34248, stack(0x0000000931600000,0x0000000931700000)]
  0x0000019130989800 JavaThread "jar transforms Thread 276" [_thread_blocked, id=34368, stack(0x0000000931700000,0x0000000931800000)]
  0x0000019130d3a000 JavaThread "jar transforms Thread 277" [_thread_blocked, id=30412, stack(0x0000000931800000,0x0000000931900000)]
  0x0000019130d39000 JavaThread "jar transforms Thread 278" [_thread_blocked, id=27728, stack(0x0000000931900000,0x0000000931a00000)]
  0x0000019130d37800 JavaThread "jar transforms Thread 279" [_thread_blocked, id=21824, stack(0x0000000931a00000,0x0000000931b00000)]
  0x0000019130d3a800 JavaThread "jar transforms Thread 280" [_thread_blocked, id=33156, stack(0x0000000931b00000,0x0000000931c00000)]
  0x0000019130d3b800 JavaThread "jar transforms Thread 281" [_thread_blocked, id=32632, stack(0x0000000931c00000,0x0000000931d00000)]
  0x0000019130d36800 JavaThread "jar transforms Thread 282" [_thread_blocked, id=34184, stack(0x0000000931d00000,0x0000000931e00000)]
  0x0000019130d38800 JavaThread "jar transforms Thread 283" [_thread_blocked, id=34932, stack(0x0000000931e00000,0x0000000931f00000)]
  0x0000019130d36000 JavaThread "jar transforms Thread 284" [_thread_blocked, id=29900, stack(0x0000000931f00000,0x0000000932000000)]
  0x0000019130d3d000 JavaThread "jar transforms Thread 285" [_thread_blocked, id=34012, stack(0x0000000932000000,0x0000000932100000)]
  0x0000019130d3f000 JavaThread "jar transforms Thread 286" [_thread_blocked, id=33580, stack(0x0000000932100000,0x0000000932200000)]
  0x0000019130d3f800 JavaThread "jar transforms Thread 287" [_thread_blocked, id=25256, stack(0x0000000932200000,0x0000000932300000)]
  0x0000019130d3e000 JavaThread "jar transforms Thread 288" [_thread_blocked, id=35624, stack(0x0000000932300000,0x0000000932400000)]
  0x0000019130d40800 JavaThread "jar transforms Thread 289" [_thread_blocked, id=12444, stack(0x0000000932400000,0x0000000932500000)]
  0x0000019130d41800 JavaThread "jar transforms Thread 290" [_thread_blocked, id=34712, stack(0x0000000932500000,0x0000000932600000)]
  0x0000019130d42000 JavaThread "jar transforms Thread 291" [_thread_blocked, id=34436, stack(0x0000000932600000,0x0000000932700000)]
  0x0000019130d43000 JavaThread "build event listener" [_thread_blocked, id=8324, stack(0x0000000932700000,0x0000000932800000)]
  0x0000019130d43800 JavaThread "build event listener" [_thread_blocked, id=30892, stack(0x0000000932800000,0x0000000932900000)]
  0x0000019130d44800 JavaThread "Execution worker for ':'" [_thread_blocked, id=24616, stack(0x0000000932900000,0x0000000932a00000)]
  0x0000019137fc1000 JavaThread "Execution worker for ':' Thread 2" [_thread_in_Java, id=33656, stack(0x0000000932a00000,0x0000000932b00000)]
  0x0000019137fc2000 JavaThread "Execution worker for ':' Thread 3" [_thread_blocked, id=33860, stack(0x0000000932b00000,0x0000000932c00000)]
  0x0000019137fbf800 JavaThread "Cache worker for execution history cache (C:\Users\hope\AndroidStudioProjects\TicTacToe\.gradle\6.7.1\executionHistory)" [_thread_blocked, id=24912, stack(0x0000000932d00000,0x0000000932e00000)]
  0x0000019137fc2800 JavaThread "WorkerExecutor Queue" [_thread_blocked, id=32168, stack(0x0000000932e00000,0x0000000932f00000)]
  0x0000019137fc0000 JavaThread "WorkerExecutor Queue Thread 2" [_thread_blocked, id=29524, stack(0x0000000932f00000,0x0000000933000000)]
  0x0000019137fbd800 JavaThread "WorkerExecutor Queue Thread 3" [_thread_blocked, id=34864, stack(0x0000000933100000,0x0000000933200000)]
  0x0000019137fc4000 JavaThread "WorkerExecutor Queue Thread 4" [_thread_blocked, id=33304, stack(0x0000000933200000,0x0000000933300000)]
  0x0000019137fbe800 JavaThread "Java2D Disposer" daemon [_thread_blocked, id=32356, stack(0x0000000933500000,0x0000000933600000)]

Other Threads:
  0x000001912fca9000 VMThread "VM Thread" [stack: 0x000000092a200000,0x000000092a300000] [id=6676]
  0x00000191307b6800 WatcherThread [stack: 0x000000092ac00000,0x000000092ad00000] [id=34608]
  0x00000191142f4800 GCTaskThread "GC Thread#0" [stack: 0x0000000929d00000,0x0000000929e00000] [id=27672]
  0x0000019130a6a800 GCTaskThread "GC Thread#1" [stack: 0x000000092ad00000,0x000000092ae00000] [id=34576]
  0x0000019130a6b000 GCTaskThread "GC Thread#2" [stack: 0x000000092ae00000,0x000000092af00000] [id=36172]
  0x0000019132d57000 GCTaskThread "GC Thread#3" [stack: 0x000000092bb00000,0x000000092bc00000] [id=29796]
  0x0000019114324800 ConcurrentGCThread "G1 Main Marker" [stack: 0x0000000929e00000,0x0000000929f00000] [id=4464]
  0x0000019114327000 ConcurrentGCThread "G1 Conc#0" [stack: 0x0000000929f00000,0x000000092a000000] [id=10940]
  0x00000191143b6000 ConcurrentGCThread "G1 Refine#0" [stack: 0x000000092a000000,0x000000092a100000] [id=34372]
  0x0000019134080800 ConcurrentGCThread "G1 Refine#1" [stack: 0x0000000929900000,0x0000000929a00000] [id=31984]
  0x00000191143b7000 ConcurrentGCThread "G1 Young RemSet Sampling" [stack: 0x000000092a100000,0x000000092a200000] [id=30396]

Threads with active compile tasks:
C2 CompilerThread06241872 18568       4       sun.reflect.generics.parser.SignatureParser::parsePackageNameAndSimpleClassTypeSignature (119 bytes)

VM state:not at safepoint (normal execution)

VM Mutex/Monitor currently owned by a thread: None

Heap address: 0x0000000080000000, size: 2048 MB, Compressed Oops mode: 32-bit
Narrow klass base: 0x0000000000000000, Narrow klass shift: 3
Compressed class space size: 1073741824 Address: 0x0000000100000000

Heap:
 garbage-first heap   total 256000K, used 150618K [0x0000000080000000, 0x0000000100000000)
  region size 1024K, 51 young (52224K), 1 survivors (1024K)
 Metaspace       used 122168K, capacity 124931K, committed 125516K, reserved 1159168K
  class space    used 14782K, capacity 15739K, committed 15948K, reserved 1048576K
Heap Regions: E=young(eden), S=young(survivor), O=old, HS=humongous(starts), HC=humongous(continues), CS=collection set, F=free, A=archive, TAMS=top-at-mark-start (previous, next)
|   0|0x0000000080000000, 0x0000000080100000, 0x0000000080100000|100%| O|  |TAMS 0x0000000080100000, 0x0000000080000000| Untracked 
|   1|0x0000000080100000, 0x0000000080200000, 0x0000000080200000|100%| O|  |TAMS 0x0000000080200000, 0x0000000080100000| Untracked 
|   2|0x0000000080200000, 0x0000000080300000, 0x0000000080300000|100%| O|  |TAMS 0x0000000080300000, 0x0000000080200000| Untracked 
|   3|0x0000000080300000, 0x0000000080400000, 0x0000000080400000|100%|HS|  |TAMS 0x0000000080400000, 0x0000000080300000| Complete 
|   4|0x0000000080400000, 0x0000000080500000, 0x0000000080500000|100%|HC|  |TAMS 0x0000000080500000, 0x0000000080400000| Complete 
|   5|0x0000000080500000, 0x0000000080600000, 0x0000000080600000|100%|HC|  |TAMS 0x0000000080600000, 0x0000000080500000| Complete 
|   6|0x0000000080600000, 0x0000000080700000, 0x0000000080700000|100%| O|  |TAMS 0x0000000080700000, 0x0000000080600000| Untracked 
|   7|0x0000000080700000, 0x0000000080800000, 0x0000000080800000|100%| O|  |TAMS 0x0000000080800000, 0x0000000080700000| Untracked 
|   8|0x0000000080800000, 0x0000000080900000, 0x0000000080900000|100%| O|  |TAMS 0x0000000080900000, 0x0000000080800000| Untracked 
|   9|0x0000000080900000, 0x0000000080a00000, 0x0000000080a00000|100%| O|  |TAMS 0x0000000080a00000, 0x0000000080900000| Untracked 
|  10|0x0000000080a00000, 0x0000000080b00000, 0x0000000080b00000|100%| O|  |TAMS 0x0000000080b00000, 0x0000000080a00000| Untracked 
|  11|0x0000000080b00000, 0x0000000080c00000, 0x0000000080c00000|100%| O|  |TAMS 0x0000000080c00000, 0x0000000080b00000| Untracked 
|  12|0x0000000080c00000, 0x0000000080d00000, 0x0000000080d00000|100%| O|  |TAMS 0x0000000080d00000, 0x0000000080c00000| Untracked 
|  13|0x0000000080d00000, 0x0000000080e00000, 0x0000000080e00000|100%| O|  |TAMS 0x0000000080e00000, 0x0000000080d00000| Untracked 
|  14|0x0000000080e00000, 0x0000000080f00000, 0x0000000080f00000|100%| O|  |TAMS 0x0000000080f00000, 0x0000000080e00000| Untracked 
|  15|0x0000000080f00000, 0x0000000081000000, 0x0000000081000000|100%|HS|  |TAMS 0x0000000081000000, 0x0000000080f00000| Complete 
|  16|0x0000000081000000, 0x0000000081100000, 0x0000000081100000|100%|HC|  |TAMS 0x0000000081100000, 0x0000000081000000| Complete 
|  17|0x0000000081100000, 0x0000000081200000, 0x0000000081200000|100%|HS|  |TAMS 0x0000000081200000, 0x0000000081100000| Complete 
|  18|0x0000000081200000, 0x0000000081300000, 0x0000000081300000|100%|HC|  |TAMS 0x0000000081300000, 0x0000000081200000| Complete 
|  19|0x0000000081300000, 0x0000000081400000, 0x0000000081400000|100%|HC|  |TAMS 0x0000000081400000, 0x0000000081300000| Complete 
|  20|0x0000000081400000, 0x0000000081500000, 0x0000000081500000|100%|HS|  |TAMS 0x0000000081500000, 0x0000000081400000| Complete 
|  21|0x0000000081500000, 0x0000000081600000, 0x0000000081600000|100%|HC|  |TAMS 0x0000000081600000, 0x0000000081500000| Complete 
|  22|0x0000000081600000, 0x0000000081700000, 0x0000000081700000|100%|HC|  |TAMS 0x0000000081700000, 0x0000000081600000| Complete 
|  23|0x0000000081700000, 0x0000000081800000, 0x0000000081800000|100%|HC|  |TAMS 0x0000000081800000, 0x0000000081700000| Complete 
|  24|0x0000000081800000, 0x0000000081900000, 0x0000000081900000|100%| O|  |TAMS 0x0000000081900000, 0x0000000081800000| Untracked 
|  25|0x0000000081900000, 0x0000000081a00000, 0x0000000081a00000|100%| O|  |TAMS 0x0000000081a00000, 0x0000000081900000| Untracked 
|  26|0x0000000081a00000, 0x0000000081b00000, 0x0000000081b00000|100%| O|  |TAMS 0x0000000081b00000, 0x0000000081a00000| Untracked 
|  27|0x0000000081b00000, 0x0000000081c00000, 0x0000000081c00000|100%| O|  |TAMS 0x0000000081c00000, 0x0000000081b00000| Untracked 
|  28|0x0000000081c00000, 0x0000000081d00000, 0x0000000081d00000|100%| O|  |TAMS 0x0000000081d00000, 0x0000000081c00000| Untracked 
|  29|0x0000000081d00000, 0x0000000081e00000, 0x0000000081e00000|100%| O|  |TAMS 0x0000000081e00000, 0x0000000081d00000| Untracked 
|  30|0x0000000081e00000, 0x0000000081e00000, 0x0000000081f00000|  0%| F|  |TAMS 0x0000000081e00000, 0x0000000081e00000| Untracked 
|  31|0x0000000081f00000, 0x0000000082000000, 0x0000000082000000|100%| O|  |TAMS 0x0000000082000000, 0x0000000081f00000| Untracked 
|  32|0x0000000082000000, 0x0000000082100000, 0x0000000082100000|100%| O|  |TAMS 0x0000000082100000, 0x0000000082000000| Untracked 
|  33|0x0000000082100000, 0x0000000082200000, 0x0000000082200000|100%|HS|  |TAMS 0x0000000082200000, 0x0000000082100000| Complete 
|  34|0x0000000082200000, 0x0000000082300000, 0x0000000082300000|100%|HC|  |TAMS 0x0000000082300000, 0x0000000082200000| Complete 
|  35|0x0000000082300000, 0x0000000082400000, 0x0000000082400000|100%|HC|  |TAMS 0x0000000082400000, 0x0000000082300000| Complete 
|  36|0x0000000082400000, 0x0000000082500000, 0x0000000082500000|100%|HC|  |TAMS 0x0000000082500000, 0x0000000082400000| Complete 
|  37|0x0000000082500000, 0x0000000082600000, 0x0000000082600000|100%|HS|  |TAMS 0x0000000082600000, 0x0000000082500000| Complete 
|  38|0x0000000082600000, 0x0000000082700000, 0x0000000082700000|100%|HC|  |TAMS 0x0000000082700000, 0x0000000082600000| Complete 
|  39|0x0000000082700000, 0x0000000082800000, 0x0000000082800000|100%|HC|  |TAMS 0x0000000082800000, 0x0000000082700000| Complete 
|  40|0x0000000082800000, 0x0000000082900000, 0x0000000082900000|100%| O|  |TAMS 0x0000000082800000, 0x0000000082800000| Untracked 
|  41|0x0000000082900000, 0x0000000082a00000, 0x0000000082a00000|100%| O|  |TAMS 0x0000000082a00000, 0x0000000082900000| Untracked 
|  42|0x0000000082a00000, 0x0000000082b00000, 0x0000000082b00000|100%| O|  |TAMS 0x0000000082b00000, 0x0000000082a00000| Untracked 
|  43|0x0000000082b00000, 0x0000000082b00000, 0x0000000082c00000|  0%| F|  |TAMS 0x0000000082b00000, 0x0000000082b00000| Untracked 
|  44|0x0000000082c00000, 0x0000000082d00000, 0x0000000082d00000|100%| O|  |TAMS 0x0000000082d00000, 0x0000000082c00000| Untracked 
|  45|0x0000000082d00000, 0x0000000082e00000, 0x0000000082e00000|100%| O|  |TAMS 0x0000000082e00000, 0x0000000082d00000| Untracked 
|  46|0x0000000082e00000, 0x0000000082e00000, 0x0000000082f00000|  0%| F|  |TAMS 0x0000000082e00000, 0x0000000082e00000| Untracked 
|  47|0x0000000082f00000, 0x0000000083000000, 0x0000000083000000|100%| O|  |TAMS 0x0000000083000000, 0x0000000082f00000| Untracked 
|  48|0x0000000083000000, 0x0000000083100000, 0x0000000083100000|100%| O|  |TAMS 0x0000000083100000, 0x0000000083000000| Untracked 
|  49|0x0000000083100000, 0x0000000083200000, 0x0000000083200000|100%|HS|  |TAMS 0x0000000083200000, 0x0000000083100000| Complete 
|  50|0x0000000083200000, 0x0000000083300000, 0x0000000083300000|100%|HS|  |TAMS 0x0000000083300000, 0x0000000083200000| Complete 
|  51|0x0000000083300000, 0x0000000083400000, 0x0000000083400000|100%|HC|  |TAMS 0x0000000083400000, 0x0000000083300000| Complete 
|  52|0x0000000083400000, 0x0000000083500000, 0x0000000083500000|100%| O|  |TAMS 0x0000000083500000, 0x0000000083400000| Untracked 
|  53|0x0000000083500000, 0x0000000083600000, 0x0000000083600000|100%| O|  |TAMS 0x0000000083600000, 0x0000000083500000| Untracked 
|  54|0x0000000083600000, 0x0000000083700000, 0x0000000083700000|100%| O|  |TAMS 0x0000000083700000, 0x0000000083600000| Untracked 
|  55|0x0000000083700000, 0x0000000083800000, 0x0000000083800000|100%| O|  |TAMS 0x0000000083800000, 0x0000000083700000| Untracked 
|  56|0x0000000083800000, 0x0000000083900000, 0x0000000083900000|100%| O|  |TAMS 0x0000000083900000, 0x0000000083800000| Untracked 
|  57|0x0000000083900000, 0x0000000083a00000, 0x0000000083a00000|100%| O|  |TAMS 0x0000000083a00000, 0x0000000083900000| Untracked 
|  58|0x0000000083a00000, 0x0000000083b00000, 0x0000000083b00000|100%| O|  |TAMS 0x0000000083b00000, 0x0000000083a00000| Untracked 
|  59|0x0000000083b00000, 0x0000000083c00000, 0x0000000083c00000|100%| O|  |TAMS 0x0000000083c00000, 0x0000000083b00000| Untracked 
|  60|0x0000000083c00000, 0x0000000083d00000, 0x0000000083d00000|100%| O|  |TAMS 0x0000000083d00000, 0x0000000083c00000| Untracked 
|  61|0x0000000083d00000, 0x0000000083e00000, 0x0000000083e00000|100%| O|  |TAMS 0x0000000083e00000, 0x0000000083d00000| Untracked 
|  62|0x0000000083e00000, 0x0000000083f00000, 0x0000000083f00000|100%| O|  |TAMS 0x0000000083f00000, 0x0000000083e00000| Untracked 
|  63|0x0000000083f00000, 0x0000000084000000, 0x0000000084000000|100%| O|  |TAMS 0x0000000084000000, 0x0000000083f00000| Untracked 
|  64|0x0000000084000000, 0x0000000084100000, 0x0000000084100000|100%| O|  |TAMS 0x0000000084100000, 0x0000000084000000| Untracked 
|  65|0x0000000084100000, 0x0000000084200000, 0x0000000084200000|100%| O|  |TAMS 0x0000000084200000, 0x0000000084100000| Untracked 
|  66|0x0000000084200000, 0x0000000084300000, 0x0000000084300000|100%| O|  |TAMS 0x0000000084300000, 0x0000000084200000| Untracked 
|  67|0x0000000084300000, 0x0000000084400000, 0x0000000084400000|100%| O|  |TAMS 0x0000000084400000, 0x0000000084300000| Untracked 
|  68|0x0000000084400000, 0x0000000084400000, 0x0000000084500000|  0%| F|  |TAMS 0x0000000084400000, 0x0000000084400000| Untracked 
|  69|0x0000000084500000, 0x0000000084500000, 0x0000000084600000|  0%| F|  |TAMS 0x0000000084500000, 0x0000000084500000| Untracked 
|  70|0x0000000084600000, 0x0000000084600000, 0x0000000084700000|  0%| F|  |TAMS 0x0000000084600000, 0x0000000084600000| Untracked 
|  71|0x0000000084700000, 0x0000000084800000, 0x0000000084800000|100%| O|  |TAMS 0x0000000084800000, 0x0000000084700000| Untracked 
|  72|0x0000000084800000, 0x0000000084900000, 0x0000000084900000|100%| O|  |TAMS 0x0000000084900000, 0x0000000084800000| Untracked 
|  73|0x0000000084900000, 0x0000000084a00000, 0x0000000084a00000|100%| O|  |TAMS 0x0000000084a00000, 0x0000000084900000| Untracked 
|  74|0x0000000084a00000, 0x0000000084b00000, 0x0000000084b00000|100%| O|  |TAMS 0x0000000084b00000, 0x0000000084a00000| Untracked 
|  75|0x0000000084b00000, 0x0000000084c00000, 0x0000000084c00000|100%| O|  |TAMS 0x0000000084c00000, 0x0000000084b00000| Untracked 
|  76|0x0000000084c00000, 0x0000000084d00000, 0x0000000084d00000|100%| O|  |TAMS 0x0000000084d00000, 0x0000000084c00000| Untracked 
|  77|0x0000000084d00000, 0x0000000084d00000, 0x0000000084e00000|  0%| F|  |TAMS 0x0000000084d00000, 0x0000000084d00000| Untracked 
|  78|0x0000000084e00000, 0x0000000084f00000, 0x0000000084f00000|100%| O|  |TAMS 0x0000000084f00000, 0x0000000084e00000| Untracked 
|  79|0x0000000084f00000, 0x0000000085000000, 0x0000000085000000|100%| O|  |TAMS 0x0000000085000000, 0x0000000084f00000| Untracked 
|  80|0x0000000085000000, 0x0000000085100000, 0x0000000085100000|100%| O|  |TAMS 0x0000000085100000, 0x0000000085000000| Untracked 
|  81|0x0000000085100000, 0x0000000085200000, 0x0000000085200000|100%| O|  |TAMS 0x0000000085200000, 0x0000000085100000| Untracked 
|  82|0x0000000085200000, 0x0000000085300000, 0x0000000085300000|100%| O|  |TAMS 0x0000000085300000, 0x0000000085200000| Untracked 
|  83|0x0000000085300000, 0x0000000085400000, 0x0000000085400000|100%| O|  |TAMS 0x0000000085400000, 0x0000000085300000| Untracked 
|  84|0x0000000085400000, 0x0000000085500000, 0x0000000085500000|100%| O|  |TAMS 0x0000000085400000, 0x0000000085400000| Untracked 
|  85|0x0000000085500000, 0x0000000085600000, 0x0000000085600000|100%| O|  |TAMS 0x0000000085500000, 0x0000000085500000| Untracked 
|  86|0x0000000085600000, 0x0000000085700000, 0x0000000085700000|100%| O|  |TAMS 0x0000000085700000, 0x0000000085600000| Untracked 
|  87|0x0000000085700000, 0x0000000085758400, 0x0000000085800000| 34%| O|  |TAMS 0x0000000085700000, 0x0000000085700000| Untracked 
|  88|0x0000000085800000, 0x0000000085900000, 0x0000000085900000|100%| O|  |TAMS 0x0000000085900000, 0x0000000085800000| Untracked 
|  89|0x0000000085900000, 0x0000000085a00000, 0x0000000085a00000|100%| O|  |TAMS 0x0000000085a00000, 0x0000000085900000| Untracked 
|  90|0x0000000085a00000, 0x0000000085a00000, 0x0000000085b00000|  0%| F|  |TAMS 0x0000000085a00000, 0x0000000085a00000| Untracked 
|  91|0x0000000085b00000, 0x0000000085b00000, 0x0000000085c00000|  0%| F|  |TAMS 0x0000000085b00000, 0x0000000085b00000| Untracked 
|  92|0x0000000085c00000, 0x0000000085c00000, 0x0000000085d00000|  0%| F|  |TAMS 0x0000000085c00000, 0x0000000085c00000| Untracked 
|  93|0x0000000085d00000, 0x0000000085d00000, 0x0000000085e00000|  0%| F|  |TAMS 0x0000000085d00000, 0x0000000085d00000| Untracked 
|  94|0x0000000085e00000, 0x0000000085e00000, 0x0000000085f00000|  0%| F|  |TAMS 0x0000000085e00000, 0x0000000085e00000| Untracked 
|  95|0x0000000085f00000, 0x0000000085f00000, 0x0000000086000000|  0%| F|  |TAMS 0x0000000085f00000, 0x0000000085f00000| Untracked 
|  96|0x0000000086000000, 0x0000000086000000, 0x0000000086100000|  0%| F|  |TAMS 0x0000000086000000, 0x0000000086000000| Untracked 
|  97|0x0000000086100000, 0x0000000086100000, 0x0000000086200000|  0%| F|  |TAMS 0x0000000086100000, 0x0000000086100000| Untracked 
|  98|0x0000000086200000, 0x0000000086300000, 0x0000000086300000|100%| O|  |TAMS 0x0000000086300000, 0x0000000086200000| Untracked 
|  99|0x0000000086300000, 0x0000000086300000, 0x0000000086400000|  0%| F|  |TAMS 0x0000000086300000, 0x0000000086300000| Untracked 
| 100|0x0000000086400000, 0x0000000086500000, 0x0000000086500000|100%| O|  |TAMS 0x0000000086500000, 0x0000000086400000| Untracked 
| 101|0x0000000086500000, 0x0000000086500000, 0x0000000086600000|  0%| F|  |TAMS 0x0000000086500000, 0x0000000086500000| Untracked 
| 102|0x0000000086600000, 0x0000000086700000, 0x0000000086700000|100%| O|  |TAMS 0x0000000086700000, 0x0000000086600000| Untracked 
| 103|0x0000000086700000, 0x0000000086800000, 0x0000000086800000|100%| O|  |TAMS 0x0000000086800000, 0x0000000086700000| Untracked 
| 104|0x0000000086800000, 0x0000000086900000, 0x0000000086900000|100%| O|  |TAMS 0x0000000086900000, 0x0000000086800000| Untracked 
| 105|0x0000000086900000, 0x0000000086900000, 0x0000000086a00000|  0%| F|  |TAMS 0x0000000086900000, 0x0000000086900000| Untracked 
| 106|0x0000000086a00000, 0x0000000086b00000, 0x0000000086b00000|100%| O|  |TAMS 0x0000000086b00000, 0x0000000086a00000| Untracked 
| 107|0x0000000086b00000, 0x0000000086c00000, 0x0000000086c00000|100%| O|  |TAMS 0x0000000086c00000, 0x0000000086b00000| Untracked 
| 108|0x0000000086c00000, 0x0000000086d00000, 0x0000000086d00000|100%| O|  |TAMS 0x0000000086d00000, 0x0000000086c00000| Untracked 
| 109|0x0000000086d00000, 0x0000000086e00000, 0x0000000086e00000|100%| O|  |TAMS 0x0000000086e00000, 0x0000000086d00000| Untracked 
| 110|0x0000000086e00000, 0x0000000086f00000, 0x0000000086f00000|100%| O|  |TAMS 0x0000000086f00000, 0x0000000086e00000| Untracked 
| 111|0x0000000086f00000, 0x0000000087000000, 0x0000000087000000|100%| O|  |TAMS 0x0000000087000000, 0x0000000086f00000| Untracked 
| 112|0x0000000087000000, 0x0000000087100000, 0x0000000087100000|100%| O|  |TAMS 0x0000000087100000, 0x0000000087000000| Untracked 
| 113|0x0000000087100000, 0x0000000087200000, 0x0000000087200000|100%| O|  |TAMS 0x0000000087200000, 0x0000000087100000| Untracked 
| 114|0x0000000087200000, 0x0000000087300000, 0x0000000087300000|100%| O|  |TAMS 0x0000000087300000, 0x0000000087200000| Untracked 
| 115|0x0000000087300000, 0x0000000087400000, 0x0000000087400000|100%| O|  |TAMS 0x0000000087353200, 0x0000000087300000| Untracked 
| 116|0x0000000087400000, 0x0000000087400000, 0x0000000087500000|  0%| F|  |TAMS 0x0000000087400000, 0x0000000087400000| Untracked 
| 117|0x0000000087500000, 0x0000000087500000, 0x0000000087600000|  0%| F|  |TAMS 0x0000000087500000, 0x0000000087500000| Untracked 
| 118|0x0000000087600000, 0x0000000087600000, 0x0000000087700000|  0%| F|  |TAMS 0x0000000087600000, 0x0000000087600000| Untracked 
| 119|0x0000000087700000, 0x0000000087700000, 0x0000000087800000|  0%| F|  |TAMS 0x0000000087700000, 0x0000000087700000| Untracked 
| 120|0x0000000087800000, 0x0000000087800000, 0x0000000087900000|  0%| F|  |TAMS 0x0000000087800000, 0x0000000087800000| Untracked 
| 121|0x0000000087900000, 0x0000000087900000, 0x0000000087a00000|  0%| F|  |TAMS 0x0000000087900000, 0x0000000087900000| Untracked 
| 122|0x0000000087a00000, 0x0000000087a00000, 0x0000000087b00000|  0%| F|  |TAMS 0x0000000087a00000, 0x0000000087a00000| Untracked 
| 123|0x0000000087b00000, 0x0000000087b00000, 0x0000000087c00000|  0%| F|  |TAMS 0x0000000087b00000, 0x0000000087b00000| Untracked 
| 124|0x0000000087c00000, 0x0000000087c00000, 0x0000000087d00000|  0%| F|  |TAMS 0x0000000087c00000, 0x0000000087c00000| Untracked 
| 125|0x0000000087d00000, 0x0000000087d00000, 0x0000000087e00000|  0%| F|  |TAMS 0x0000000087d00000, 0x0000000087d00000| Untracked 
| 126|0x0000000087e00000, 0x0000000087e00000, 0x0000000087f00000|  0%| F|  |TAMS 0x0000000087e00000, 0x0000000087e00000| Untracked 
| 127|0x0000000087f00000, 0x0000000088000000, 0x0000000088000000|100%| O|  |TAMS 0x0000000088000000, 0x0000000087f00000| Untracked 
| 128|0x0000000088000000, 0x0000000088000000, 0x0000000088100000|  0%| F|  |TAMS 0x0000000088000000, 0x0000000088000000| Untracked 
| 129|0x0000000088100000, 0x0000000088100000, 0x0000000088200000|  0%| F|  |TAMS 0x0000000088100000, 0x0000000088100000| Untracked 
| 130|0x0000000088200000, 0x0000000088200000, 0x0000000088300000|  0%| F|  |TAMS 0x0000000088200000, 0x0000000088200000| Untracked 
| 131|0x0000000088300000, 0x0000000088300000, 0x0000000088400000|  0%| F|  |TAMS 0x0000000088300000, 0x0000000088300000| Untracked 
| 132|0x0000000088400000, 0x0000000088400000, 0x0000000088500000|  0%| F|  |TAMS 0x0000000088400000, 0x0000000088400000| Untracked 
| 133|0x0000000088500000, 0x0000000088500000, 0x0000000088600000|  0%| F|  |TAMS 0x0000000088500000, 0x0000000088500000| Untracked 
| 134|0x0000000088600000, 0x0000000088600000, 0x0000000088700000|  0%| F|  |TAMS 0x0000000088600000, 0x0000000088600000| Untracked 
| 135|0x0000000088700000, 0x0000000088700000, 0x0000000088800000|  0%| F|  |TAMS 0x0000000088700000, 0x0000000088700000| Untracked 
| 136|0x0000000088800000, 0x0000000088800000, 0x0000000088900000|  0%| F|  |TAMS 0x0000000088800000, 0x0000000088800000| Untracked 
| 137|0x0000000088900000, 0x0000000088900000, 0x0000000088a00000|  0%| F|  |TAMS 0x0000000088900000, 0x0000000088900000| Untracked 
| 138|0x0000000088a00000, 0x0000000088a00000, 0x0000000088b00000|  0%| F|  |TAMS 0x0000000088a00000, 0x0000000088a00000| Untracked 
| 139|0x0000000088b00000, 0x0000000088b00000, 0x0000000088c00000|  0%| F|  |TAMS 0x0000000088b00000, 0x0000000088b00000| Untracked 
| 140|0x0000000088c00000, 0x0000000088c00000, 0x0000000088d00000|  0%| F|  |TAMS 0x0000000088c00000, 0x0000000088c00000| Untracked 
| 141|0x0000000088d00000, 0x0000000088d00000, 0x0000000088e00000|  0%| F|  |TAMS 0x0000000088d00000, 0x0000000088d00000| Untracked 
| 142|0x0000000088e00000, 0x0000000088e00000, 0x0000000088f00000|  0%| F|  |TAMS 0x0000000088e00000, 0x0000000088e00000| Untracked 
| 143|0x0000000088f00000, 0x0000000088f00000, 0x0000000089000000|  0%| F|  |TAMS 0x0000000088f00000, 0x0000000088f00000| Untracked 
| 144|0x0000000089000000, 0x0000000089000000, 0x0000000089100000|  0%| F|  |TAMS 0x0000000089000000, 0x0000000089000000| Untracked 
| 145|0x0000000089100000, 0x0000000089100000, 0x0000000089200000|  0%| F|  |TAMS 0x0000000089100000, 0x0000000089100000| Untracked 
| 146|0x0000000089200000, 0x0000000089200000, 0x0000000089300000|  0%| F|  |TAMS 0x0000000089200000, 0x0000000089200000| Untracked 
| 147|0x0000000089300000, 0x0000000089300000, 0x0000000089400000|  0%| F|  |TAMS 0x0000000089300000, 0x0000000089300000| Untracked 
| 148|0x0000000089400000, 0x0000000089400000, 0x0000000089500000|  0%| F|  |TAMS 0x0000000089400000, 0x0000000089400000| Untracked 
| 149|0x0000000089500000, 0x0000000089500000, 0x0000000089600000|  0%| F|  |TAMS 0x0000000089500000, 0x0000000089500000| Untracked 
| 150|0x0000000089600000, 0x0000000089600000, 0x0000000089700000|  0%| F|  |TAMS 0x0000000089600000, 0x0000000089600000| Untracked 
| 151|0x0000000089700000, 0x0000000089700000, 0x0000000089800000|  0%| F|  |TAMS 0x0000000089700000, 0x0000000089700000| Untracked 
| 152|0x0000000089800000, 0x0000000089800000, 0x0000000089900000|  0%| F|  |TAMS 0x0000000089800000, 0x0000000089800000| Untracked 
| 153|0x0000000089900000, 0x0000000089900000, 0x0000000089a00000|  0%| F|  |TAMS 0x0000000089900000, 0x0000000089900000| Untracked 
| 154|0x0000000089a00000, 0x0000000089a00000, 0x0000000089b00000|  0%| F|  |TAMS 0x0000000089a00000, 0x0000000089a00000| Untracked 
| 155|0x0000000089b00000, 0x0000000089b00000, 0x0000000089c00000|  0%| F|  |TAMS 0x0000000089b00000, 0x0000000089b00000| Untracked 
| 156|0x0000000089c00000, 0x0000000089c00000, 0x0000000089d00000|  0%| F|  |TAMS 0x0000000089c00000, 0x0000000089c00000| Untracked 
| 157|0x0000000089d00000, 0x0000000089d00000, 0x0000000089e00000|  0%| F|  |TAMS 0x0000000089d00000, 0x0000000089d00000| Untracked 
| 158|0x0000000089e00000, 0x0000000089e00000, 0x0000000089f00000|  0%| F|  |TAMS 0x0000000089e00000, 0x0000000089e00000| Untracked 
| 159|0x0000000089f00000, 0x0000000089f00000, 0x000000008a000000|  0%| F|  |TAMS 0x0000000089f00000, 0x0000000089f00000| Untracked 
| 160|0x000000008a000000, 0x000000008a000000, 0x000000008a100000|  0%| F|  |TAMS 0x000000008a000000, 0x000000008a000000| Untracked 
| 161|0x000000008a100000, 0x000000008a100000, 0x000000008a200000|  0%| F|  |TAMS 0x000000008a100000, 0x000000008a100000| Untracked 
| 162|0x000000008a200000, 0x000000008a200000, 0x000000008a300000|  0%| F|  |TAMS 0x000000008a200000, 0x000000008a200000| Untracked 
| 163|0x000000008a300000, 0x000000008a300000, 0x000000008a400000|  0%| F|  |TAMS 0x000000008a300000, 0x000000008a300000| Untracked 
| 164|0x000000008a400000, 0x000000008a400000, 0x000000008a500000|  0%| F|  |TAMS 0x000000008a400000, 0x000000008a400000| Untracked 
| 165|0x000000008a500000, 0x000000008a500000, 0x000000008a600000|  0%| F|  |TAMS 0x000000008a500000, 0x000000008a500000| Untracked 
| 166|0x000000008a600000, 0x000000008a600000, 0x000000008a700000|  0%| F|  |TAMS 0x000000008a600000, 0x000000008a600000| Untracked 
| 167|0x000000008a700000, 0x000000008a700000, 0x000000008a800000|  0%| F|  |TAMS 0x000000008a700000, 0x000000008a700000| Untracked 
| 168|0x000000008a800000, 0x000000008a800000, 0x000000008a900000|  0%| F|  |TAMS 0x000000008a800000, 0x000000008a800000| Untracked 
| 169|0x000000008a900000, 0x000000008a900000, 0x000000008aa00000|  0%| F|  |TAMS 0x000000008a900000, 0x000000008a900000| Untracked 
| 170|0x000000008aa00000, 0x000000008aa00000, 0x000000008ab00000|  0%| F|  |TAMS 0x000000008aa00000, 0x000000008aa00000| Untracked 
| 171|0x000000008ab00000, 0x000000008ab00000, 0x000000008ac00000|  0%| F|  |TAMS 0x000000008ab00000, 0x000000008ab00000| Untracked 
| 172|0x000000008ac00000, 0x000000008ac00000, 0x000000008ad00000|  0%| F|  |TAMS 0x000000008ac00000, 0x000000008ac00000| Untracked 
| 173|0x000000008ad00000, 0x000000008ad00000, 0x000000008ae00000|  0%| F|  |TAMS 0x000000008ad00000, 0x000000008ad00000| Untracked 
| 174|0x000000008ae00000, 0x000000008ae00000, 0x000000008af00000|  0%| F|  |TAMS 0x000000008ae00000, 0x000000008ae00000| Untracked 
| 175|0x000000008af00000, 0x000000008af00000, 0x000000008b000000|  0%| F|  |TAMS 0x000000008af00000, 0x000000008af00000| Untracked 
| 176|0x000000008b000000, 0x000000008b000000, 0x000000008b100000|  0%| F|  |TAMS 0x000000008b000000, 0x000000008b000000| Untracked 
| 177|0x000000008b100000, 0x000000008b100000, 0x000000008b200000|  0%| F|  |TAMS 0x000000008b100000, 0x000000008b100000| Untracked 
| 178|0x000000008b200000, 0x000000008b200000, 0x000000008b300000|  0%| F|  |TAMS 0x000000008b200000, 0x000000008b200000| Untracked 
| 179|0x000000008b300000, 0x000000008b300000, 0x000000008b400000|  0%| F|  |TAMS 0x000000008b300000, 0x000000008b300000| Untracked 
| 180|0x000000008b400000, 0x000000008b400000, 0x000000008b500000|  0%| F|  |TAMS 0x000000008b400000, 0x000000008b400000| Untracked 
| 181|0x000000008b500000, 0x000000008b500000, 0x000000008b600000|  0%| F|  |TAMS 0x000000008b500000, 0x000000008b500000| Untracked 
| 182|0x000000008b600000, 0x000000008b600000, 0x000000008b700000|  0%| F|  |TAMS 0x000000008b600000, 0x000000008b600000| Untracked 
| 183|0x000000008b700000, 0x000000008b700000, 0x000000008b800000|  0%| F|  |TAMS 0x000000008b700000, 0x000000008b700000| Untracked 
| 184|0x000000008b800000, 0x000000008b800000, 0x000000008b900000|  0%| F|  |TAMS 0x000000008b800000, 0x000000008b800000| Untracked 
| 185|0x000000008b900000, 0x000000008b900000, 0x000000008ba00000|  0%| F|  |TAMS 0x000000008b900000, 0x000000008b900000| Untracked 
| 186|0x000000008ba00000, 0x000000008ba00000, 0x000000008bb00000|  0%| F|  |TAMS 0x000000008ba00000, 0x000000008ba00000| Untracked 
| 187|0x000000008bb00000, 0x000000008bb00000, 0x000000008bc00000|  0%| F|  |TAMS 0x000000008bb00000, 0x000000008bb00000| Untracked 
| 188|0x000000008bc00000, 0x000000008bc00000, 0x000000008bd00000|  0%| F|  |TAMS 0x000000008bc00000, 0x000000008bc00000| Untracked 
| 189|0x000000008bd00000, 0x000000008bd00000, 0x000000008be00000|  0%| F|  |TAMS 0x000000008bd00000, 0x000000008bd00000| Untracked 
| 190|0x000000008be00000, 0x000000008be00000, 0x000000008bf00000|  0%| F|  |TAMS 0x000000008be00000, 0x000000008be00000| Untracked 
| 191|0x000000008bf00000, 0x000000008bf00000, 0x000000008c000000|  0%| F|  |TAMS 0x000000008bf00000, 0x000000008bf00000| Untracked 
| 192|0x000000008c000000, 0x000000008c000000, 0x000000008c100000|  0%| F|  |TAMS 0x000000008c000000, 0x000000008c000000| Untracked 
| 193|0x000000008c100000, 0x000000008c100000, 0x000000008c200000|  0%| F|  |TAMS 0x000000008c100000, 0x000000008c100000| Untracked 
| 194|0x000000008c200000, 0x000000008c200000, 0x000000008c300000|  0%| F|  |TAMS 0x000000008c200000, 0x000000008c200000| Untracked 
| 195|0x000000008c300000, 0x000000008c300000, 0x000000008c400000|  0%| F|  |TAMS 0x000000008c300000, 0x000000008c300000| Untracked 
| 196|0x000000008c400000, 0x000000008c400000, 0x000000008c500000|  0%| F|  |TAMS 0x000000008c400000, 0x000000008c400000| Untracked 
| 197|0x000000008c500000, 0x000000008c500000, 0x000000008c600000|  0%| F|  |TAMS 0x000000008c500000, 0x000000008c500000| Untracked 
| 198|0x000000008c600000, 0x000000008c600000, 0x000000008c700000|  0%| F|  |TAMS 0x000000008c600000, 0x000000008c600000| Untracked 
| 199|0x000000008c700000, 0x000000008c7e3bf0, 0x000000008c800000| 88%| E|  |TAMS 0x000000008c700000, 0x000000008c700000| Complete 
| 200|0x000000008c800000, 0x000000008c900000, 0x000000008c900000|100%| E|CS|TAMS 0x000000008c800000, 0x000000008c800000| Complete 
| 201|0x000000008c900000, 0x000000008ca00000, 0x000000008ca00000|100%| E|CS|TAMS 0x000000008c900000, 0x000000008c900000| Complete 
| 202|0x000000008ca00000, 0x000000008cb00000, 0x000000008cb00000|100%| E|CS|TAMS 0x000000008ca00000, 0x000000008ca00000| Complete 
| 203|0x000000008cb00000, 0x000000008cc00000, 0x000000008cc00000|100%| E|CS|TAMS 0x000000008cb00000, 0x000000008cb00000| Complete 
| 204|0x000000008cc00000, 0x000000008cd00000, 0x000000008cd00000|100%| E|CS|TAMS 0x000000008cc00000, 0x000000008cc00000| Complete 
| 205|0x000000008cd00000, 0x000000008ce00000, 0x000000008ce00000|100%| E|CS|TAMS 0x000000008cd00000, 0x000000008cd00000| Complete 
| 206|0x000000008ce00000, 0x000000008cf00000, 0x000000008cf00000|100%| E|CS|TAMS 0x000000008ce00000, 0x000000008ce00000| Complete 
| 207|0x000000008cf00000, 0x000000008d000000, 0x000000008d000000|100%| E|CS|TAMS 0x000000008cf00000, 0x000000008cf00000| Complete 
| 208|0x000000008d000000, 0x000000008d100000, 0x000000008d100000|100%| E|CS|TAMS 0x000000008d000000, 0x000000008d000000| Complete 
| 209|0x000000008d100000, 0x000000008d200000, 0x000000008d200000|100%| E|CS|TAMS 0x000000008d100000, 0x000000008d100000| Complete 
| 210|0x000000008d200000, 0x000000008d300000, 0x000000008d300000|100%| E|CS|TAMS 0x000000008d200000, 0x000000008d200000| Complete 
| 211|0x000000008d300000, 0x000000008d400000, 0x000000008d400000|100%| E|CS|TAMS 0x000000008d300000, 0x000000008d300000| Complete 
| 212|0x000000008d400000, 0x000000008d500000, 0x000000008d500000|100%| E|  |TAMS 0x000000008d400000, 0x000000008d400000| Complete 
| 213|0x000000008d500000, 0x000000008d600000, 0x000000008d600000|100%| E|CS|TAMS 0x000000008d500000, 0x000000008d500000| Complete 
| 214|0x000000008d600000, 0x000000008d700000, 0x000000008d700000|100%| E|CS|TAMS 0x000000008d600000, 0x000000008d600000| Complete 
| 215|0x000000008d700000, 0x000000008d800000, 0x000000008d800000|100%| E|CS|TAMS 0x000000008d700000, 0x000000008d700000| Complete 
| 216|0x000000008d800000, 0x000000008d900000, 0x000000008d900000|100%| E|CS|TAMS 0x000000008d800000, 0x000000008d800000| Complete 
| 217|0x000000008d900000, 0x000000008da00000, 0x000000008da00000|100%| E|CS|TAMS 0x000000008d900000, 0x000000008d900000| Complete 
| 218|0x000000008da00000, 0x000000008db00000, 0x000000008db00000|100%| E|CS|TAMS 0x000000008da00000, 0x000000008da00000| Complete 
| 219|0x000000008db00000, 0x000000008dc00000, 0x000000008dc00000|100%| E|CS|TAMS 0x000000008db00000, 0x000000008db00000| Complete 
| 220|0x000000008dc00000, 0x000000008dd00000, 0x000000008dd00000|100%| E|CS|TAMS 0x000000008dc00000, 0x000000008dc00000| Complete 
| 221|0x000000008dd00000, 0x000000008de00000, 0x000000008de00000|100%| E|CS|TAMS 0x000000008dd00000, 0x000000008dd00000| Complete 
| 222|0x000000008de00000, 0x000000008df00000, 0x000000008df00000|100%| E|CS|TAMS 0x000000008de00000, 0x000000008de00000| Complete 
| 223|0x000000008df00000, 0x000000008e000000, 0x000000008e000000|100%| E|CS|TAMS 0x000000008df00000, 0x000000008df00000| Complete 
| 224|0x000000008e000000, 0x000000008e100000, 0x000000008e100000|100%| E|CS|TAMS 0x000000008e000000, 0x000000008e000000| Complete 
| 225|0x000000008e100000, 0x000000008e200000, 0x000000008e200000|100%| E|CS|TAMS 0x000000008e100000, 0x000000008e100000| Complete 
| 226|0x000000008e200000, 0x000000008e300000, 0x000000008e300000|100%| E|CS|TAMS 0x000000008e200000, 0x000000008e200000| Complete 
| 227|0x000000008e300000, 0x000000008e400000, 0x000000008e400000|100%| E|CS|TAMS 0x000000008e300000, 0x000000008e300000| Complete 
| 228|0x000000008e400000, 0x000000008e500000, 0x000000008e500000|100%| E|CS|TAMS 0x000000008e400000, 0x000000008e400000| Complete 
| 229|0x000000008e500000, 0x000000008e600000, 0x000000008e600000|100%| E|CS|TAMS 0x000000008e500000, 0x000000008e500000| Complete 
| 230|0x000000008e600000, 0x000000008e700000, 0x000000008e700000|100%| E|CS|TAMS 0x000000008e600000, 0x000000008e600000| Complete 
| 231|0x000000008e700000, 0x000000008e800000, 0x000000008e800000|100%| E|CS|TAMS 0x000000008e700000, 0x000000008e700000| Complete 
| 232|0x000000008e800000, 0x000000008e900000, 0x000000008e900000|100%| E|CS|TAMS 0x000000008e800000, 0x000000008e800000| Complete 
| 233|0x000000008e900000, 0x000000008ea00000, 0x000000008ea00000|100%| E|CS|TAMS 0x000000008e900000, 0x000000008e900000| Complete 
| 234|0x000000008ea00000, 0x000000008eb00000, 0x000000008eb00000|100%| E|CS|TAMS 0x000000008ea00000, 0x000000008ea00000| Complete 
| 235|0x000000008eb00000, 0x000000008ec00000, 0x000000008ec00000|100%| E|CS|TAMS 0x000000008eb00000, 0x000000008eb00000| Complete 
| 236|0x000000008ec00000, 0x000000008ed00000, 0x000000008ed00000|100%| E|CS|TAMS 0x000000008ec00000, 0x000000008ec00000| Complete 
| 237|0x000000008ed00000, 0x000000008ee00000, 0x000000008ee00000|100%| E|CS|TAMS 0x000000008ed00000, 0x000000008ed00000| Complete 
| 238|0x000000008ee00000, 0x000000008eebe770, 0x000000008ef00000| 74%| S|CS|TAMS 0x000000008ee00000, 0x000000008ee00000| Complete 
| 239|0x000000008ef00000, 0x000000008f000000, 0x000000008f000000|100%| E|CS|TAMS 0x000000008ef00000, 0x000000008ef00000| Complete 
| 240|0x000000008f000000, 0x000000008f100000, 0x000000008f100000|100%| E|CS|TAMS 0x000000008f000000, 0x000000008f000000| Complete 
| 241|0x000000008f100000, 0x000000008f200000, 0x000000008f200000|100%| E|CS|TAMS 0x000000008f100000, 0x000000008f100000| Complete 
| 242|0x000000008f200000, 0x000000008f300000, 0x000000008f300000|100%| E|CS|TAMS 0x000000008f200000, 0x000000008f200000| Complete 
| 243|0x000000008f300000, 0x000000008f400000, 0x000000008f400000|100%| E|CS|TAMS 0x000000008f300000, 0x000000008f300000| Complete 
| 244|0x000000008f400000, 0x000000008f500000, 0x000000008f500000|100%| E|CS|TAMS 0x000000008f400000, 0x000000008f400000| Complete 
| 245|0x000000008f500000, 0x000000008f600000, 0x000000008f600000|100%| E|CS|TAMS 0x000000008f500000, 0x000000008f500000| Complete 
| 246|0x000000008f600000, 0x000000008f700000, 0x000000008f700000|100%| E|CS|TAMS 0x000000008f600000, 0x000000008f600000| Complete 
| 247|0x000000008f700000, 0x000000008f800000, 0x000000008f800000|100%| E|CS|TAMS 0x000000008f700000, 0x000000008f700000| Complete 
| 248|0x000000008f800000, 0x000000008f900000, 0x000000008f900000|100%| E|CS|TAMS 0x000000008f800000, 0x000000008f800000| Complete 
| 249|0x000000008f900000, 0x000000008fa00000, 0x000000008fa00000|100%| E|CS|TAMS 0x000000008f900000, 0x000000008f900000| Complete 

Card table byte_map: [0x0000019128e70000,0x0000019129270000] _byte_map_base: 0x0000019128a70000

Marking Bits (Prev, Next): (CMBitMap*) 0x000001911431ba90, (CMBitMap*) 0x000001911431ba58
 Prev Bits: [0x000001912b670000, 0x000001912d670000)
 Next Bits: [0x0000019129670000, 0x000001912b670000)

Polling page: 0x00000191143c0000

Metaspace:

Usage:
  Non-class:    106.63 MB capacity,   104.88 MB ( 98%) used,     1.46 MB (  1%) free+waste,   301.94 KB ( <1%) overhead. 
      Class:     15.37 MB capacity,    14.44 MB ( 94%) used,   823.99 KB (  5%) free+waste,   131.94 KB ( <1%) overhead. 
       Both:    122.00 MB capacity,   119.32 MB ( 98%) used,     2.26 MB (  2%) free+waste,   433.88 KB ( <1%) overhead. 

Virtual space:
  Non-class space:      108.00 MB reserved,     107.00 MB (>99%) committed 
      Class space:        1.00 GB reserved,      15.57 MB (  2%) committed 
             Both:        1.11 GB reserved,     122.57 MB ( 11%) committed 

Chunk freelists:
   Non-Class:  248.00 KB
       Class:  101.00 KB
        Both:  349.00 KB

MaxMetaspaceSize: 17179869184.00 GB
CompressedClassSpaceSize: 1.00 GB

CodeHeap 'non-profiled nmethods': size=120064Kb used=10656Kb max_used=10656Kb free=109407Kb
 bounds [0x0000019120ef0000, 0x0000019121960000, 0x0000019128430000]
CodeHeap 'profiled nmethods': size=120000Kb used=35523Kb max_used=35523Kb free=84476Kb
 bounds [0x00000191199c0000, 0x000001911bc90000, 0x0000019120ef0000]
CodeHeap 'non-nmethods': size=5696Kb used=2427Kb max_used=2469Kb free=3268Kb
 bounds [0x0000019119430000, 0x00000191196a0000, 0x00000191199c0000]
 total_blobs=17489 nmethods=16404 adapters=995
 compilation: enabled
              stopped_count=0, restarted_count=0
 full_count=0

Compilation events (20 events):
Event: 6241.496 Thread 0x000001912fcce000 nmethod 18558 0x0000019121959d10 code [0x0000019121959ec0, 0x0000019121959f78]
Event: 6241.502 Thread 0x000001912fcce000 18559       3       kotlin.reflect.jvm.internal.impl.metadata.ProtoBuf$Type::initFields (79 bytes)
Event: 6241.503 Thread 0x000001912fcce000 nmethod 18559 0x000001911bc6ee90 code [0x000001911bc6f080, 0x000001911bc6f4f8]
Event: 6241.503 Thread 0x000001912fcce000 18563   !   3       kotlin.reflect.jvm.internal.impl.metadata.ProtoBuf$Type::<init> (875 bytes)
Event: 6241.516 Thread 0x000001912fcce000 nmethod 18563 0x000001911bc6f610 code [0x000001911bc6fec0, 0x000001911bc76118]
Event: 6241.516 Thread 0x000001912fcce000 18564       3       kotlin.reflect.jvm.internal.impl.metadata.ProtoBuf$Type::isInitialized (145 bytes)
Event: 6241.518 Thread 0x000001912fcce000 nmethod 18564 0x000001911bc78490 code [0x000001911bc78720, 0x000001911bc793a8]
Event: 6241.518 Thread 0x000001912fcce000 18560       3       kotlin.reflect.jvm.internal.impl.metadata.ProtoBuf$Type$1::parsePartialFrom (7 bytes)
Event: 6241.518 Thread 0x000001912fcce000 nmethod 18560 0x000001911bc79710 code [0x000001911bc798e0, 0x000001911bc79b48]
Event: 6241.519 Thread 0x000001912fcce000 18561       3       kotlin.reflect.jvm.internal.impl.metadata.ProtoBuf$Type$1::parsePartialFrom (11 bytes)
Event: 6241.519 Thread 0x000001912fcce000 nmethod 18561 0x000001911bc79c90 code [0x000001911bc79e60, 0x000001911bc7a068]
Event: 6241.519 Thread 0x000001912fcce000 18562       3       kotlin.reflect.jvm.internal.impl.metadata.ProtoBuf$Type::<init> (7 bytes)
Event: 6241.519 Thread 0x000001912fcce000 nmethod 18562 0x000001911bc7a190 code [0x000001911bc7a340, 0x000001911bc7a468]
Event: 6241.521 Thread 0x000001912fcce000 18565       3       kotlin.reflect.jvm.internal.impl.metadata.jvm.deserialization.JvmNameResolver::<init> (236 bytes)
Event: 6241.524 Thread 0x000001912fcce000 nmethod 18565 0x000001911bc7a510 code [0x000001911bc7a880, 0x000001911bc7bf48]
Event: 6241.526 Thread 0x000001912fcce000 18566       3       kotlin.reflect.jvm.internal.impl.metadata.ProtoBuf$Class::getSupertype (14 bytes)
Event: 6241.527 Thread 0x000001912fcce000 nmethod 18566 0x000001911bc7c910 code [0x000001911bc7cae0, 0x000001911bc7cd88]
Event: 6241.529 Thread 0x000001912fcce000 18567       1       kotlin.reflect.jvm.internal.impl.metadata.ProtoBuf$Type$Argument::getType (5 bytes)
Event: 6241.530 Thread 0x000001912fcce000 nmethod 18567 0x000001912195a010 code [0x000001912195a1c0, 0x000001912195a278]
Event: 6241.550 Thread 0x000001912fcc9000 18568       4       sun.reflect.generics.parser.SignatureParser::parsePackageNameAndSimpleClassTypeSignature (119 bytes)

GC Heap History (20 events):
Event: 6221.160 GC heap before
{Heap before GC invocations=71 (full 0):
 garbage-first heap   total 157696K, used 132544K [0x0000000080000000, 0x0000000100000000)
  region size 1024K, 18 young (18432K), 2 survivors (2048K)
 Metaspace       used 114394K, capacity 117090K, committed 117836K, reserved 1153024K
  class space    used 14033K, capacity 14974K, committed 15180K, reserved 1048576K
}
Event: 6221.176 GC heap after
{Heap after GC invocations=72 (full 0):
 garbage-first heap   total 157696K, used 111166K [0x0000000080000000, 0x0000000100000000)
  region size 1024K, 3 young (3072K), 3 survivors (3072K)
 Metaspace       used 114394K, capacity 117090K, committed 117836K, reserved 1153024K
  class space    used 14033K, capacity 14974K, committed 15180K, reserved 1048576K
}
Event: 6221.692 GC heap before
{Heap before GC invocations=72 (full 0):
 garbage-first heap   total 157696K, used 115262K [0x0000000080000000, 0x0000000100000000)
  region size 1024K, 7 young (7168K), 3 survivors (3072K)
 Metaspace       used 114399K, capacity 117090K, committed 117836K, reserved 1153024K
  class space    used 14033K, capacity 14974K, committed 15180K, reserved 1048576K
}
Event: 6221.709 GC heap after
{Heap after GC invocations=73 (full 0):
 garbage-first heap   total 157696K, used 111332K [0x0000000080000000, 0x0000000100000000)
  region size 1024K, 1 young (1024K), 1 survivors (1024K)
 Metaspace       used 114399K, capacity 117090K, committed 117836K, reserved 1153024K
  class space    used 14033K, capacity 14974K, committed 15180K, reserved 1048576K
}
Event: 6223.046 GC heap before
{Heap before GC invocations=73 (full 0):
 garbage-first heap   total 157696K, used 126692K [0x0000000080000000, 0x0000000100000000)
  region size 1024K, 16 young (16384K), 1 survivors (1024K)
 Metaspace       used 114480K, capacity 117164K, committed 117836K, reserved 1153024K
  class space    used 14038K, capacity 14977K, committed 15180K, reserved 1048576K
}
Event: 6223.062 GC heap after
{Heap after GC invocations=74 (full 0):
 garbage-first heap   total 157696K, used 114163K [0x0000000080000000, 0x0000000100000000)
  region size 1024K, 2 young (2048K), 2 survivors (2048K)
 Metaspace       used 114480K, capacity 117164K, committed 117836K, reserved 1153024K
  class space    used 14038K, capacity 14977K, committed 15180K, reserved 1048576K
}
Event: 6223.180 GC heap before
{Heap before GC invocations=74 (full 0):
 garbage-first heap   total 157696K, used 115187K [0x0000000080000000, 0x0000000100000000)
  region size 1024K, 5 young (5120K), 2 survivors (2048K)
 Metaspace       used 114483K, capacity 117164K, committed 117836K, reserved 1153024K
  class space    used 14038K, capacity 14977K, committed 15180K, reserved 1048576K
}
Event: 6223.201 GC heap after
{Heap after GC invocations=75 (full 0):
 garbage-first heap   total 157696K, used 116558K [0x0000000080000000, 0x0000000100000000)
  region size 1024K, 2 young (2048K), 2 survivors (2048K)
 Metaspace       used 114483K, capacity 117164K, committed 117836K, reserved 1153024K
  class space    used 14038K, capacity 14977K, committed 15180K, reserved 1048576K
}
Event: 6223.781 GC heap before
{Heap before GC invocations=75 (full 0):
 garbage-first heap   total 157696K, used 140110K [0x0000000080000000, 0x0000000100000000)
  region size 1024K, 12 young (12288K), 2 survivors (2048K)
 Metaspace       used 114714K, capacity 117435K, committed 118092K, reserved 1153024K
  class space    used 14054K, capacity 15016K, committed 15180K, reserved 1048576K
}
Event: 6223.793 GC heap after
{Heap after GC invocations=76 (full 0):
 garbage-first heap   total 189440K, used 116664K [0x0000000080000000, 0x0000000100000000)
  region size 1024K, 2 young (2048K), 2 survivors (2048K)
 Metaspace       used 114714K, capacity 117435K, committed 118092K, reserved 1153024K
  class space    used 14054K, capacity 15016K, committed 15180K, reserved 1048576K
}
Event: 6224.517 GC heap before
{Heap before GC invocations=77 (full 0):
 garbage-first heap   total 189440K, used 137144K [0x0000000080000000, 0x0000000100000000)
  region size 1024K, 23 young (23552K), 2 survivors (2048K)
 Metaspace       used 117334K, capacity 120001K, committed 120652K, reserved 1155072K
  class space    used 14272K, capacity 15210K, committed 15436K, reserved 1048576K
}
Event: 6224.530 GC heap after
{Heap after GC invocations=78 (full 0):
 garbage-first heap   total 189440K, used 119101K [0x0000000080000000, 0x0000000100000000)
  region size 1024K, 3 young (3072K), 3 survivors (3072K)
 Metaspace       used 117334K, capacity 120001K, committed 120652K, reserved 1155072K
  class space    used 14272K, capacity 15210K, committed 15436K, reserved 1048576K
}
Event: 6225.217 GC heap before
{Heap before GC invocations=78 (full 0):
 garbage-first heap   total 189440K, used 140605K [0x0000000080000000, 0x0000000100000000)
  region size 1024K, 25 young (25600K), 3 survivors (3072K)
 Metaspace       used 117789K, capacity 120481K, committed 121164K, reserved 1155072K
  class space    used 14291K, capacity 15242K, committed 15436K, reserved 1048576K
}
Event: 6225.240 GC heap after
{Heap after GC invocations=79 (full 0):
 garbage-first heap   total 189440K, used 121164K [0x0000000080000000, 0x0000000100000000)
  region size 1024K, 2 young (2048K), 2 survivors (2048K)
 Metaspace       used 117789K, capacity 120481K, committed 121164K, reserved 1155072K
  class space    used 14291K, capacity 15242K, committed 15436K, reserved 1048576K
}
Event: 6225.700 GC heap before
{Heap before GC invocations=79 (full 0):
 garbage-first heap   total 189440K, used 137548K [0x0000000080000000, 0x0000000100000000)
  region size 1024K, 25 young (25600K), 2 survivors (2048K)
 Metaspace       used 118116K, capacity 120833K, committed 121420K, reserved 1155072K
  class space    used 14314K, capacity 15274K, committed 15436K, reserved 1048576K
}
Event: 6225.780 GC heap after
{Heap after GC invocations=80 (full 0):
 garbage-first heap   total 189440K, used 117567K [0x0000000080000000, 0x0000000100000000)
  region size 1024K, 4 young (4096K), 4 survivors (4096K)
 Metaspace       used 118116K, capacity 120833K, committed 121420K, reserved 1155072K
  class space    used 14314K, capacity 15274K, committed 15436K, reserved 1048576K
}
Event: 6226.847 GC heap before
{Heap before GC invocations=81 (full 0):
 garbage-first heap   total 189440K, used 142143K [0x0000000080000000, 0x0000000100000000)
  region size 1024K, 29 young (29696K), 4 survivors (4096K)
 Metaspace       used 118729K, capacity 121453K, committed 121932K, reserved 1155072K
  class space    used 14355K, capacity 15308K, committed 15436K, reserved 1048576K
}
Event: 6227.017 GC heap after
{Heap after GC invocations=82 (full 0):
 garbage-first heap   total 256000K, used 115803K [0x0000000080000000, 0x0000000100000000)
  region size 1024K, 1 young (1024K), 1 survivors (1024K)
 Metaspace       used 118729K, capacity 121453K, committed 121932K, reserved 1155072K
  class space    used 14355K, capacity 15308K, committed 15436K, reserved 1048576K
}
Event: 6228.377 GC heap before
{Heap before GC invocations=82 (full 0):
 garbage-first heap   total 256000K, used 126043K [0x0000000080000000, 0x0000000100000000)
  region size 1024K, 12 young (12288K), 1 survivors (1024K)
 Metaspace       used 119074K, capacity 121754K, committed 122316K, reserved 1157120K
  class space    used 14397K, capacity 15344K, committed 15564K, reserved 1048576K
}
Event: 6228.393 GC heap after
{Heap after GC invocations=83 (full 0):
 garbage-first heap   total 256000K, used 101466K [0x0000000080000000, 0x0000000100000000)
  region size 1024K, 1 young (1024K), 1 survivors (1024K)
 Metaspace       used 119074K, capacity 121754K, committed 122316K, reserved 1157120K
  class space    used 14397K, capacity 15344K, committed 15564K, reserved 1048576K
}

Deoptimization events (20 events):
Event: 6233.141 Thread 0x00000191343a1000 Uncommon trap: trap_request=0xffffff4d fr.pc=0x0000019121634564 relative=0x0000000000000124
Event: 6233.141 Thread 0x00000191343a1000 Uncommon trap: reason=unstable_if action=reinterpret pc=0x0000019121634564 method=org.gradle.internal.time.DefaultCountdownTimer.hasExpired()Z @ 6 c2
Event: 6233.141 Thread 0x00000191343a1000 DEOPT PACKING pc=0x0000019121634564 sp=0x000000092b7fecb0
Event: 6233.142 Thread 0x00000191343a1000 DEOPT UNPACKING pc=0x00000191194574af sp=0x000000092b7fec80 mode 2
Event: 6236.263 Thread 0x0000019137fc1000 Uncommon trap: trap_request=0xffffffc6 fr.pc=0x0000019121762040 relative=0x0000000000000080
Event: 6236.263 Thread 0x0000019137fc1000 Uncommon trap: reason=bimorphic_or_optimized_type_check action=maybe_recompile pc=0x0000019121762040 method=java.io.FilterInputStream.read([BII)I @ 7 c2
Event: 6236.263 Thread 0x0000019137fc1000 DEOPT PACKING pc=0x0000019121762040 sp=0x0000000932af9210
Event: 6236.263 Thread 0x0000019137fc1000 DEOPT UNPACKING pc=0x00000191194574af sp=0x0000000932af9198 mode 2
Event: 6238.879 Thread 0x0000019137fc1000 Uncommon trap: trap_request=0xffffffc6 fr.pc=0x0000019121762040 relative=0x0000000000000080
Event: 6238.879 Thread 0x0000019137fc1000 Uncommon trap: reason=bimorphic_or_optimized_type_check action=maybe_recompile pc=0x0000019121762040 method=java.io.FilterInputStream.read([BII)I @ 7 c2
Event: 6238.879 Thread 0x0000019137fc1000 DEOPT PACKING pc=0x0000019121762040 sp=0x0000000932af9350
Event: 6238.879 Thread 0x0000019137fc1000 DEOPT UNPACKING pc=0x00000191194574af sp=0x0000000932af92d8 mode 2
Event: 6239.009 Thread 0x0000019137fc1000 Uncommon trap: trap_request=0xffffffc6 fr.pc=0x0000019121762040 relative=0x0000000000000080
Event: 6239.009 Thread 0x0000019137fc1000 Uncommon trap: reason=bimorphic_or_optimized_type_check action=maybe_recompile pc=0x0000019121762040 method=java.io.FilterInputStream.read([BII)I @ 7 c2
Event: 6239.009 Thread 0x0000019137fc1000 DEOPT PACKING pc=0x0000019121762040 sp=0x0000000932af9350
Event: 6239.009 Thread 0x0000019137fc1000 DEOPT UNPACKING pc=0x00000191194574af sp=0x0000000932af92d8 mode 2
Event: 6239.068 Thread 0x0000019137fc1000 Uncommon trap: trap_request=0xffffffc6 fr.pc=0x0000019121762040 relative=0x0000000000000080
Event: 6239.068 Thread 0x0000019137fc1000 Uncommon trap: reason=bimorphic_or_optimized_type_check action=maybe_recompile pc=0x0000019121762040 method=java.io.FilterInputStream.read([BII)I @ 7 c2
Event: 6239.068 Thread 0x0000019137fc1000 DEOPT PACKING pc=0x0000019121762040 sp=0x0000000932af9350
Event: 6239.068 Thread 0x0000019137fc1000 DEOPT UNPACKING pc=0x00000191194574af sp=0x0000000932af92d8 mode 2

Classes redefined (0 events):
No events

Internal exceptions (20 events):
Event: 6218.820 Thread 0x0000019137fc2000 Exception <a 'java/lang/NoSuchMethodError'{0x00000000887ce950}: <clinit>> (0x00000000887ce950) thrown at [./src/hotspot/share/prims/jni.cpp, line 1362]
Event: 6218.823 Thread 0x0000019137fc2000 Exception <a 'java/lang/NoSuchMethodError'{0x00000000887ed188}: <clinit>> (0x00000000887ed188) thrown at [./src/hotspot/share/prims/jni.cpp, line 1362]
Event: 6218.825 Thread 0x0000019137fc2000 Exception <a 'java/lang/NoSuchMethodError'{0x00000000887fe178}: <clinit>> (0x00000000887fe178) thrown at [./src/hotspot/share/prims/jni.cpp, line 1362]
Event: 6218.879 Thread 0x0000019137fc2000 Exception <a 'java/lang/NoSuchMethodError'{0x00000000885a07f0}: <clinit>> (0x00000000885a07f0) thrown at [./src/hotspot/share/prims/jni.cpp, line 1362]
Event: 6219.087 Thread 0x0000019137fc2800 Exception <a 'java/lang/ClassNotFoundException'{0x000000008818fe38}: sun/awt/resources/spi/awtProvider> (0x000000008818fe38) thrown at [./src/hotspot/share/classfile/systemDictionary.cpp, line 231]
Event: 6219.153 Thread 0x0000019137fc2800 Exception <a 'java/io/FileNotFoundException'{0x00000000898015d8}> (0x00000000898015d8) thrown at [./src/hotspot/share/prims/jni.cpp, line 615]
Event: 6219.171 Thread 0x0000019137fc2800 Exception <a 'java/lang/NoSuchMethodError'{0x0000000089863c80}: 'java.lang.Object java.lang.invoke.DelegatingMethodHandle$Holder.reinvoke_L(java.lang.Object, int, int, java.lang.Object, java.lang.Object, java.lang.Object)'> (0x0000000089863c80) thrown at [./src/hotspot/share/interpreter/linkResolver.cpp, line 773]
Event: 6219.180 Thread 0x0000019137fc2800 Exception <a 'java/io/FileNotFoundException'{0x00000000898787c8}> (0x00000000898787c8) thrown at [./src/hotspot/share/prims/jni.cpp, line 615]
Event: 6219.293 Thread 0x0000019137fc2000 Implicit null exception at 0x000001912146630f to 0x00000191214667c4
Event: 6223.132 Thread 0x0000019137fc2000 Implicit null exception at 0x0000019121879156 to 0x000001912187ea8c
Event: 6223.132 Thread 0x0000019137fc2000 Implicit null exception at 0x0000019121879156 to 0x000001912187ea8c
Event: 6223.325 Thread 0x0000019137fc2000 Implicit null exception at 0x0000019121879156 to 0x000001912187ea8c
Event: 6223.566 Thread 0x0000019137fc2000 Exception <a 'java/lang/NoSuchMethodError'{0x00000000898f8ee8}: <clinit>> (0x00000000898f8ee8) thrown at [./src/hotspot/share/prims/jni.cpp, line 1362]
Event: 6226.501 Thread 0x0000019137fc1000 Exception <a 'java/lang/NoSuchMethodError'{0x000000008a2c2ca8}: <clinit>> (0x000000008a2c2ca8) thrown at [./src/hotspot/share/prims/jni.cpp, line 1362]
Event: 6228.082 Thread 0x0000019137fc1000 Exception <a 'sun/nio/fs/WindowsException'{0x000000008f1032b0}> (0x000000008f1032b0) thrown at [./src/hotspot/share/prims/jni.cpp, line 615]
Event: 6228.083 Thread 0x0000019137fc1000 Exception <a 'sun/nio/fs/WindowsException'{0x000000008f104120}> (0x000000008f104120) thrown at [./src/hotspot/share/prims/jni.cpp, line 615]
Event: 6228.084 Thread 0x0000019137fc1000 Exception <a 'sun/nio/fs/WindowsException'{0x000000008f104680}> (0x000000008f104680) thrown at [./src/hotspot/share/prims/jni.cpp, line 615]
Event: 6228.084 Thread 0x0000019137fc1000 Exception <a 'sun/nio/fs/WindowsException'{0x000000008f105520}> (0x000000008f105520) thrown at [./src/hotspot/share/prims/jni.cpp, line 615]
Event: 6228.085 Thread 0x0000019137fc1000 Exception <a 'sun/nio/fs/WindowsException'{0x000000008f1057f8}> (0x000000008f1057f8) thrown at [./src/hotspot/share/prims/jni.cpp, line 615]
Event: 6228.085 Thread 0x0000019137fc1000 Exception <a 'sun/nio/fs/WindowsException'{0x000000008f106640}> (0x000000008f106640) thrown at [./src/hotspot/share/prims/jni.cpp, line 615]

Events (20 events):
Event: 6238.976 loading class kotlin/reflect/jvm/internal/impl/serialization/deserialization/descriptors/DeserializedMemberScope$properties$1
Event: 6238.976 loading class kotlin/reflect/jvm/internal/impl/serialization/deserialization/descriptors/DeserializedMemberScope$properties$1 done
Event: 6238.979 loading class kotlin/reflect/jvm/internal/impl/serialization/deserialization/descriptors/DeserializedMemberScope$typeAliasByName$1
Event: 6238.979 loading class kotlin/reflect/jvm/internal/impl/serialization/deserialization/descriptors/DeserializedMemberScope$typeAliasByName$1 done
Event: 6238.981 loading class kotlin/reflect/jvm/internal/impl/serialization/deserialization/descriptors/DeserializedMemberScope$functionNamesLazy$2
Event: 6238.981 loading class kotlin/reflect/jvm/internal/impl/serialization/deserialization/descriptors/DeserializedMemberScope$functionNamesLazy$2 done
Event: 6238.983 loading class kotlin/reflect/jvm/internal/impl/serialization/deserialization/descriptors/DeserializedMemberScope$variableNamesLazy$2
Event: 6238.983 loading class kotlin/reflect/jvm/internal/impl/serialization/deserialization/descriptors/DeserializedMemberScope$variableNamesLazy$2 done
Event: 6238.987 loading class kotlin/reflect/jvm/internal/impl/serialization/deserialization/descriptors/DeserializedMemberScope$classNames$2
Event: 6238.987 loading class kotlin/reflect/jvm/internal/impl/serialization/deserialization/descriptors/DeserializedMemberScope$classNames$2 done
Event: 6238.991 loading class kotlin/reflect/jvm/internal/impl/serialization/deserialization/descriptors/DeserializedClassDescriptor$DeserializedClassMemberScope$allDescriptors$1
Event: 6238.991 loading class kotlin/reflect/jvm/internal/impl/serialization/deserialization/descriptors/DeserializedClassDescriptor$DeserializedClassMemberScope$allDescriptors$1 done
Event: 6238.993 loading class kotlin/reflect/jvm/internal/impl/serialization/deserialization/descriptors/DeserializedClassDescriptor$DeserializedClassMemberScope$refinedSupertypes$1
Event: 6238.993 loading class kotlin/reflect/jvm/internal/impl/serialization/deserialization/descriptors/DeserializedClassDescriptor$DeserializedClassMemberScope$refinedSupertypes$1 done
Event: 6240.350 loading class com/android/build/api/artifact/ArtifactType$PUBLIC_ANDROID_RESOURCES_LIST
Event: 6240.350 loading class com/android/build/api/artifact/ArtifactType$PUBLIC_ANDROID_RESOURCES_LIST done
Event: 6240.637 loading class kotlin/reflect/jvm/internal/UtilKt
Event: 6240.637 loading class kotlin/reflect/jvm/internal/UtilKt done
Event: 6240.725 loading class kotlin/reflect/jvm/internal/impl/resolve/scopes/InnerClassesScopeWrapper
Event: 6240.725 loading class kotlin/reflect/jvm/internal/impl/resolve/scopes/InnerClassesScopeWrapper done


Dynamic libraries:
0x00007ff68ef80000 - 0x00007ff68ef8a000 	C:\Program Files\Android\Android Studio\jre\bin\java.exe
0x00007ff8688f0000 - 0x00007ff868ae5000 	C:\WINDOWS\SYSTEM32\ntdll.dll
0x00007ff866ce0000 - 0x00007ff866d9d000 	C:\WINDOWS\System32\KERNEL32.DLL
0x00007ff8663b0000 - 0x00007ff866678000 	C:\WINDOWS\System32\KERNELBASE.dll
0x00007ff866860000 - 0x00007ff866960000 	C:\WINDOWS\System32\ucrtbase.dll
0x00007ff8594f0000 - 0x00007ff859509000 	C:\Program Files\Android\Android Studio\jre\bin\jli.dll
0x00007ff868400000 - 0x00007ff8685a0000 	C:\WINDOWS\System32\USER32.dll
0x00007ff84e250000 - 0x00007ff84e267000 	C:\Program Files\Android\Android Studio\jre\bin\VCRUNTIME140.dll
0x00007ff866060000 - 0x00007ff866082000 	C:\WINDOWS\System32\win32u.dll
0x00007ff8682a0000 - 0x00007ff8682ca000 	C:\WINDOWS\System32\GDI32.dll
0x00007ff866090000 - 0x00007ff86619b000 	C:\WINDOWS\System32\gdi32full.dll
0x00007ff8667c0000 - 0x00007ff86685d000 	C:\WINDOWS\System32\msvcp_win.dll
0x00007ff848c40000 - 0x00007ff848eda000 	C:\WINDOWS\WinSxS\amd64_microsoft.windows.common-controls_6595b64144ccf1df_6.0.19041.1052_none_60b8f8fd71f5e8cb\COMCTL32.dll
0x00007ff866b60000 - 0x00007ff866bfe000 	C:\WINDOWS\System32\msvcrt.dll
0x00007ff868870000 - 0x00007ff8688a0000 	C:\WINDOWS\System32\IMM32.DLL
0x00007ff847e40000 - 0x00007ff847edd000 	C:\Program Files\Android\Android Studio\jre\bin\msvcp140.dll
0x00007ffffd4d0000 - 0x00007ffffdf8c000 	C:\Program Files\Android\Android Studio\jre\bin\server\jvm.dll
0x00007ff8685a0000 - 0x00007ff86864c000 	C:\WINDOWS\System32\ADVAPI32.dll
0x00007ff868660000 - 0x00007ff8686fb000 	C:\WINDOWS\System32\sechost.dll
0x00007ff8682d0000 - 0x00007ff8683fb000 	C:\WINDOWS\System32\RPCRT4.dll
0x00007ff868650000 - 0x00007ff868658000 	C:\WINDOWS\System32\PSAPI.DLL
0x00007ff853520000 - 0x00007ff853529000 	C:\WINDOWS\SYSTEM32\WSOCK32.dll
0x00007ff867a00000 - 0x00007ff867a6b000 	C:\WINDOWS\System32\WS2_32.dll
0x00007ff856db0000 - 0x00007ff856dd7000 	C:\WINDOWS\SYSTEM32\WINMM.dll
0x00007ff856b80000 - 0x00007ff856b8a000 	C:\WINDOWS\SYSTEM32\VERSION.dll
0x00007ff863ea0000 - 0x00007ff863eb2000 	C:\WINDOWS\SYSTEM32\kernel.appcore.dll
0x00007ff8505b0000 - 0x00007ff8505c1000 	C:\Program Files\Android\Android Studio\jre\bin\verify.dll
0x00007ff84fd40000 - 0x00007ff84ff24000 	C:\WINDOWS\SYSTEM32\DBGHELP.DLL
0x00007ff84fd10000 - 0x00007ff84fd3c000 	C:\WINDOWS\SYSTEM32\dbgcore.DLL
0x00007ff866730000 - 0x00007ff8667b3000 	C:\WINDOWS\System32\bcryptPrimitives.dll
0x00007ff84d590000 - 0x00007ff84d5b9000 	C:\Program Files\Android\Android Studio\jre\bin\java.dll
0x00007ff8507d0000 - 0x00007ff8507db000 	C:\Program Files\Android\Android Studio\jre\bin\jimage.dll
0x00007ff8501a0000 - 0x00007ff8501b8000 	C:\Program Files\Android\Android Studio\jre\bin\zip.dll
0x00007ff867220000 - 0x00007ff86795f000 	C:\WINDOWS\System32\SHELL32.dll
0x00007ff864180000 - 0x00007ff864910000 	C:\WINDOWS\SYSTEM32\windows.storage.dll
0x00007ff866ec0000 - 0x00007ff867215000 	C:\WINDOWS\System32\combase.dll
0x00007ff8659d0000 - 0x00007ff8659fc000 	C:\WINDOWS\SYSTEM32\Wldp.dll
0x00007ff868700000 - 0x00007ff8687ae000 	C:\WINDOWS\System32\SHCORE.dll
0x00007ff868810000 - 0x00007ff868865000 	C:\WINDOWS\System32\shlwapi.dll
0x00007ff865f70000 - 0x00007ff865f8f000 	C:\WINDOWS\SYSTEM32\profapi.dll
0x00007ff849fd0000 - 0x00007ff849fea000 	C:\Program Files\Android\Android Studio\jre\bin\net.dll
0x00007ff8600f0000 - 0x00007ff8601fb000 	C:\WINDOWS\SYSTEM32\WINHTTP.dll
0x00007ff865740000 - 0x00007ff8657aa000 	C:\WINDOWS\system32\mswsock.dll
0x00007ff849fb0000 - 0x00007ff849fc4000 	C:\Program Files\Android\Android Studio\jre\bin\nio.dll
0x00007ff838100000 - 0x00007ff838127000 	C:\Users\hope\.gradle\native\fdc75f09e3144964f2cf3f50f0aa648679c211496f362492102eb8c894070792\windows-amd64\native-platform.dll
0x00007ff8172e0000 - 0x00007ff817476000 	C:\Users\hope\.gradle\native\12488b8bf47d2d4c9fbf2f6322a914ad602e24e48041cd04a747c6da556b65c4\windows-amd64\native-platform-file-events.dll
0x00007ff84e230000 - 0x00007ff84e23a000 	C:\Program Files\Android\Android Studio\jre\bin\management.dll
0x00007ff84de70000 - 0x00007ff84de7c000 	C:\Program Files\Android\Android Studio\jre\bin\management_ext.dll
0x00007ff865920000 - 0x00007ff865938000 	C:\WINDOWS\SYSTEM32\CRYPTSP.dll
0x00007ff8650e0000 - 0x00007ff865114000 	C:\WINDOWS\system32\rsaenh.dll
0x00007ff866030000 - 0x00007ff866057000 	C:\WINDOWS\System32\bcrypt.dll
0x00007ff865f30000 - 0x00007ff865f5e000 	C:\WINDOWS\SYSTEM32\USERENV.dll
0x00007ff865910000 - 0x00007ff86591c000 	C:\WINDOWS\SYSTEM32\CRYPTBASE.dll
0x00007ff865430000 - 0x00007ff86546b000 	C:\WINDOWS\SYSTEM32\IPHLPAPI.DLL
0x00007ff8688a0000 - 0x00007ff8688a8000 	C:\WINDOWS\System32\NSI.dll
0x00007ff85be10000 - 0x00007ff85be27000 	C:\WINDOWS\SYSTEM32\dhcpcsvc6.DLL
0x00007ff85c190000 - 0x00007ff85c1ad000 	C:\WINDOWS\SYSTEM32\dhcpcsvc.DLL
0x00007ff865470000 - 0x00007ff86553c000 	C:\WINDOWS\SYSTEM32\DNSAPI.dll
0x00007ff85d3a0000 - 0x00007ff85d3ab000 	C:\WINDOWS\SYSTEM32\WINNSI.DLL
0x00007ff83ae70000 - 0x00007ff83ae97000 	C:\Program Files\Android\Android Studio\jre\bin\sunec.dll
0x00007ff85b500000 - 0x00007ff85b50a000 	C:\Windows\System32\rasadhlp.dll
0x00007ff85b520000 - 0x00007ff85b59f000 	C:\WINDOWS\System32\fwpuclnt.dll
0x00007ff800620000 - 0x00007ff8007c2000 	C:\Program Files\Android\Android Studio\jre\bin\awt.dll
0x00007ff866960000 - 0x00007ff866a2d000 	C:\WINDOWS\System32\OLEAUT32.dll
0x00007ff863e70000 - 0x00007ff863e9f000 	C:\WINDOWS\SYSTEM32\dwmapi.dll
0x00007ff8639d0000 - 0x00007ff863a60000 	C:\WINDOWS\SYSTEM32\apphelp.dll
0x00007ff863ac0000 - 0x00007ff863b5e000 	C:\WINDOWS\system32\uxtheme.dll

dbghelp: loaded successfully - version: 4.0.5 - missing functions: none
symbol engine: initialized successfully - sym options: 0x614 - pdb path: .;C:\Program Files\Android\Android Studio\jre\bin;C:\WINDOWS\SYSTEM32;C:\WINDOWS\WinSxS\amd64_microsoft.windows.common-controls_6595b64144ccf1df_6.0.19041.1052_none_60b8f8fd71f5e8cb;C:\Program Files\Android\Android Studio\jre\bin\server;C:\Users\hope\.gradle\native\fdc75f09e3144964f2cf3f50f0aa648679c211496f362492102eb8c894070792\windows-amd64;C:\Users\hope\.gradle\native\12488b8bf47d2d4c9fbf2f6322a914ad602e24e48041cd04a747c6da556b65c4\windows-amd64

VM Arguments:
jvm_args: --add-opens=java.base/java.util=ALL-UNNAMED --add-opens=java.base/java.lang=ALL-UNNAMED --add-opens=java.base/java.lang.invoke=ALL-UNNAMED --add-opens=java.prefs/java.util.prefs=ALL-UNNAMED -Xmx2048m -Dfile.encoding=UTF-8 -Duser.country=US -Duser.language=en -Duser.variant 
java_command: org.gradle.launcher.daemon.bootstrap.GradleDaemon 6.7.1
java_class_path (initial): C:\Users\hope\.gradle\wrapper\dists\gradle-6.7.1-bin\bwlcbys1h7rz3272sye1xwiv6\gradle-6.7.1\lib\gradle-launcher-6.7.1.jar
Launcher Type: SUN_STANDARD

[Global flags]
     intx CICompilerCount                          = 3                                         {product} {ergonomic}
     uint ConcGCThreads                            = 1                                         {product} {ergonomic}
     uint G1ConcRefinementThreads                  = 4                                         {product} {ergonomic}
   size_t G1HeapRegionSize                         = 1048576                                   {product} {ergonomic}
    uintx GCDrainStackTargetSize                   = 64                                        {product} {ergonomic}
   size_t InitialHeapSize                          = 134217728                                 {product} {ergonomic}
   size_t MarkStackSize                            = 4194304                                   {product} {ergonomic}
   size_t MaxHeapSize                              = 2147483648                                {product} {command line}
   size_t MaxNewSize                               = 1287651328                                {product} {ergonomic}
   size_t MinHeapDeltaBytes                        = 1048576                                   {product} {ergonomic}
    uintx NonNMethodCodeHeapSize                   = 5830732                                {pd product} {ergonomic}
    uintx NonProfiledCodeHeapSize                  = 122913754                              {pd product} {ergonomic}
    uintx ProfiledCodeHeapSize                     = 122913754                              {pd product} {ergonomic}
    uintx ReservedCodeCacheSize                    = 251658240                              {pd product} {ergonomic}
     bool SegmentedCodeCache                       = true                                      {product} {ergonomic}
     bool UseCompressedClassPointers               = true                                 {lp64_product} {ergonomic}
     bool UseCompressedOops                        = true                                 {lp64_product} {ergonomic}
     bool UseG1GC                                  = true                                      {product} {ergonomic}
     bool UseLargePagesIndividualAllocation        = false                                  {pd product} {ergonomic}

Logging:
Log output configuration:
 #0: stdout all=warning uptime,level,tags
 #1: stderr all=off uptime,level,tags

Environment Variables:
PATH=C:\Program Files (x86)\Common Files\Oracle\Java\javapath;C:\Program Files (x86)\Intel\iCLS Client\;C:\Program Files\Intel\iCLS Client\;C:\WINDOWS\system32;C:\WINDOWS;C:\WINDOWS\System32\Wbem;C:\WINDOWS\System32\WindowsPowerShell\v1.0\;C:\Program Files (x86)\Skype\Phone\;C:\Program Files (x86)\Intel\Intel(R) Management Engine Components\DAL;C:\Program Files\Intel\Intel(R) Management Engine Components\DAL;C:\Program Files (x86)\Intel\Intel(R) Management Engine Components\IPT;C:\Program Files\Intel\Intel(R) Management Engine Components\IPT;C:\WINDOWS\System32\OpenSSH\;C:\Program Files\Intel\WiFi\bin\;C:\Program Files\Common Files\Intel\WirelessCommon\;C:\Program Files (x86)\Brackets\command;C:\Program Files\Git\cmd;C:\Users\hope\AppData\Local\Microsoft\WindowsApps;
USERNAME=hope
OS=Windows_NT
PROCESSOR_IDENTIFIER=Intel64 Family 6 Model 78 Stepping 3, GenuineIntel



---------------  S Y S T E M  ---------------

OS: Windows 10 , 64 bit Build 19041 (10.0.19041.1023)
OS uptime: 17 days 0:27 hours

CPU:total 4 (initial active 4) (2 cores per cpu, 2 threads per core) family 6 model 78 stepping 3, cmov, cx8, fxsr, mmx, sse, sse2, sse3, ssse3, sse4.1, sse4.2, popcnt, avx, avx2, aes, clmul, erms, 3dnowpref, lzcnt, ht, tsc, tscinvbit, bmi1, bmi2, adx, fma

Memory: 4k page, system-wide physical 8103M (254M free)
TotalPageFile size 32679M (AvailPageFile size 2M)
current process WorkingSet (physical memory assigned to process): 126M, peak: 437M
current process commit charge ("private bytes"): 584M, peak: 606M

vm_info: OpenJDK 64-Bit Server VM (11.0.8+10-b944.6842174) for windows-amd64 JRE (11.0.8+10-b944.6842174), built on Sep 19 2020 01:11:42 by "builder" with MS VC++ 14.0 (VS2015)

END.
